[ 2016-12-26T13:53:22+08:00 ] 127.0.0.1 /smile/Public/bs/fonts/glyphicons-halflings-regular.woff
INFO: [ app_init ] --START--
INFO: Run Behavior\BuildLiteBehavior [ RunTime:0.000038s ]
INFO: [ app_init ] --END-- [ RunTime:0.001220s ]
INFO: [ app_begin ] --START--
INFO: Run Behavior\ReadHtmlCacheBehavior [ RunTime:0.002777s ]
INFO: [ app_begin ] --END-- [ RunTime:0.003038s ]
ERR: 无法加载控制器:Public

[ 2016-12-26T13:53:22+08:00 ] 127.0.0.1 /smile/Public/bs/fonts/glyphicons-halflings-regular.ttf
INFO: [ app_init ] --START--
INFO: Run Behavior\BuildLiteBehavior [ RunTime:0.000057s ]
INFO: [ app_init ] --END-- [ RunTime:0.001437s ]
INFO: [ app_begin ] --START--
INFO: Run Behavior\ReadHtmlCacheBehavior [ RunTime:0.002397s ]
INFO: [ app_begin ] --END-- [ RunTime:0.002580s ]
ERR: 无法加载控制器:Public

[ 2016-12-26T13:53:41+08:00 ] 127.0.0.1 /smile/Public/bs/fonts/glyphicons-halflings-regular.woff
INFO: [ app_init ] --START--
INFO: Run Behavior\BuildLiteBehavior [ RunTime:0.000045s ]
INFO: [ app_init ] --END-- [ RunTime:0.002464s ]
INFO: [ app_begin ] --START--
INFO: Run Behavior\ReadHtmlCacheBehavior [ RunTime:0.003199s ]
INFO: [ app_begin ] --END-- [ RunTime:0.003473s ]
ERR: 无法加载控制器:Public

[ 2016-12-26T13:53:42+08:00 ] 127.0.0.1 /smile/Public/bs/fonts/glyphicons-halflings-regular.ttf
INFO: [ app_init ] --START--
INFO: Run Behavior\BuildLiteBehavior [ RunTime:0.000035s ]
INFO: [ app_init ] --END-- [ RunTime:0.001158s ]
INFO: [ app_begin ] --START--
INFO: Run Behavior\ReadHtmlCacheBehavior [ RunTime:0.003567s ]
INFO: [ app_begin ] --END-- [ RunTime:0.003938s ]
ERR: 无法加载控制器:Public

[ 2016-12-26T14:02:25+08:00 ] 127.0.0.1 /smile/Public/bs/fonts/glyphicons-halflings-regular.woff
INFO: [ app_init ] --START--
INFO: Run Behavior\BuildLiteBehavior [ RunTime:0.000045s ]
INFO: [ app_init ] --END-- [ RunTime:0.001902s ]
INFO: [ app_begin ] --START--
INFO: Run Behavior\ReadHtmlCacheBehavior [ RunTime:0.002151s ]
INFO: [ app_begin ] --END-- [ RunTime:0.002337s ]
ERR: 无法加载控制器:Public

[ 2016-12-26T14:02:26+08:00 ] 127.0.0.1 /smile/Public/bs/fonts/glyphicons-halflings-regular.ttf
INFO: [ app_init ] --START--
INFO: Run Behavior\BuildLiteBehavior [ RunTime:0.000043s ]
INFO: [ app_init ] --END-- [ RunTime:0.001301s ]
INFO: [ app_begin ] --START--
INFO: Run Behavior\ReadHtmlCacheBehavior [ RunTime:0.002002s ]
INFO: [ app_begin ] --END-- [ RunTime:0.002180s ]
ERR: 无法加载控制器:Public

[ 2016-12-26T14:04:17+08:00 ] 127.0.0.1 /smile/Public/bs/fonts/glyphicons-halflings-regular.woff
INFO: [ app_init ] --START--
INFO: Run Behavior\BuildLiteBehavior [ RunTime:0.000590s ]
INFO: [ app_init ] --END-- [ RunTime:0.003230s ]
INFO: [ app_begin ] --START--
INFO: Run Behavior\ReadHtmlCacheBehavior [ RunTime:0.004031s ]
INFO: [ app_begin ] --END-- [ RunTime:0.004247s ]
ERR: 无法加载控制器:Public

[ 2016-12-26T14:04:17+08:00 ] 127.0.0.1 /smile/Public/bs/fonts/glyphicons-halflings-regular.ttf
INFO: [ app_init ] --START--
INFO: Run Behavior\BuildLiteBehavior [ RunTime:0.000036s ]
INFO: [ app_init ] --END-- [ RunTime:0.001446s ]
INFO: [ app_begin ] --START--
INFO: Run Behavior\ReadHtmlCacheBehavior [ RunTime:0.002436s ]
INFO: [ app_begin ] --END-- [ RunTime:0.002824s ]
ERR: 无法加载控制器:Public

[ 2016-12-26T14:04:45+08:00 ] 127.0.0.1 /smile/Public/bs/fonts/glyphicons-halflings-regular.woff
INFO: [ app_init ] --START--
INFO: Run Behavior\BuildLiteBehavior [ RunTime:0.000079s ]
INFO: [ app_init ] --END-- [ RunTime:0.001384s ]
INFO: [ app_begin ] --START--
INFO: Run Behavior\ReadHtmlCacheBehavior [ RunTime:0.003068s ]
INFO: [ app_begin ] --END-- [ RunTime:0.003289s ]
ERR: 无法加载控制器:Public

[ 2016-12-26T14:04:45+08:00 ] 127.0.0.1 /smile/Public/bs/fonts/glyphicons-halflings-regular.ttf
INFO: [ app_init ] --START--
INFO: Run Behavior\BuildLiteBehavior [ RunTime:0.000039s ]
INFO: [ app_init ] --END-- [ RunTime:0.001316s ]
INFO: [ app_begin ] --START--
INFO: Run Behavior\ReadHtmlCacheBehavior [ RunTime:0.007359s ]
INFO: [ app_begin ] --END-- [ RunTime:0.007701s ]
ERR: 无法加载控制器:Public

[ 2016-12-26T14:07:02+08:00 ] 127.0.0.1 /smile/Public/bs/fonts/glyphicons-halflings-regular.woff
INFO: [ app_init ] --START--
INFO: Run Behavior\BuildLiteBehavior [ RunTime:0.000038s ]
INFO: [ app_init ] --END-- [ RunTime:0.001557s ]
INFO: [ app_begin ] --START--
INFO: Run Behavior\ReadHtmlCacheBehavior [ RunTime:0.005628s ]
INFO: [ app_begin ] --END-- [ RunTime:0.005858s ]
ERR: 无法加载控制器:Public

[ 2016-12-26T14:07:02+08:00 ] 127.0.0.1 /smile/Public/bs/fonts/glyphicons-halflings-regular.ttf
INFO: [ app_init ] --START--
INFO: Run Behavior\BuildLiteBehavior [ RunTime:0.000035s ]
INFO: [ app_init ] --END-- [ RunTime:0.001119s ]
INFO: [ app_begin ] --START--
INFO: Run Behavior\ReadHtmlCacheBehavior [ RunTime:0.009977s ]
INFO: [ app_begin ] --END-- [ RunTime:0.011907s ]
ERR: 无法加载控制器:Public

[ 2016-12-26T14:07:06+08:00 ] 127.0.0.1 /smile/Public/bs/fonts/glyphicons-halflings-regular.woff
INFO: [ app_init ] --START--
INFO: Run Behavior\BuildLiteBehavior [ RunTime:0.000442s ]
INFO: [ app_init ] --END-- [ RunTime:0.006120s ]
INFO: [ app_begin ] --START--
INFO: Run Behavior\ReadHtmlCacheBehavior [ RunTime:0.007588s ]
INFO: [ app_begin ] --END-- [ RunTime:0.008148s ]
ERR: 无法加载控制器:Public

[ 2016-12-26T14:07:06+08:00 ] 127.0.0.1 /smile/Public/bs/fonts/glyphicons-halflings-regular.ttf
INFO: [ app_init ] --START--
INFO: Run Behavior\BuildLiteBehavior [ RunTime:0.000039s ]
INFO: [ app_init ] --END-- [ RunTime:0.001401s ]
INFO: [ app_begin ] --START--
INFO: Run Behavior\ReadHtmlCacheBehavior [ RunTime:0.002332s ]
INFO: [ app_begin ] --END-- [ RunTime:0.002527s ]
ERR: 无法加载控制器:Public

[ 2016-12-26T14:07:10+08:00 ] 127.0.0.1 /smile/Public/bs/fonts/glyphicons-halflings-regular.woff
INFO: [ app_init ] --START--
INFO: Run Behavior\BuildLiteBehavior [ RunTime:0.000041s ]
INFO: [ app_init ] --END-- [ RunTime:0.001238s ]
INFO: [ app_begin ] --START--
INFO: Run Behavior\ReadHtmlCacheBehavior [ RunTime:0.004350s ]
INFO: [ app_begin ] --END-- [ RunTime:0.004536s ]
ERR: 无法加载控制器:Public

[ 2016-12-26T14:07:10+08:00 ] 127.0.0.1 /smile/Public/bs/fonts/glyphicons-halflings-regular.ttf
INFO: [ app_init ] --START--
INFO: Run Behavior\BuildLiteBehavior [ RunTime:0.000041s ]
INFO: [ app_init ] --END-- [ RunTime:0.001530s ]
INFO: [ app_begin ] --START--
INFO: Run Behavior\ReadHtmlCacheBehavior [ RunTime:0.006328s ]
INFO: [ app_begin ] --END-- [ RunTime:0.009631s ]
ERR: 无法加载控制器:Public

[ 2016-12-26T14:07:25+08:00 ] 127.0.0.1 /smile/Public/bs/fonts/glyphicons-halflings-regular.woff
INFO: [ app_init ] --START--
INFO: Run Behavior\BuildLiteBehavior [ RunTime:0.000038s ]
INFO: [ app_init ] --END-- [ RunTime:0.001096s ]
INFO: [ app_begin ] --START--
INFO: Run Behavior\ReadHtmlCacheBehavior [ RunTime:0.002238s ]
INFO: [ app_begin ] --END-- [ RunTime:0.002459s ]
ERR: 无法加载控制器:Public

[ 2016-12-26T14:07:25+08:00 ] 127.0.0.1 /smile/Public/bs/fonts/glyphicons-halflings-regular.ttf
INFO: [ app_init ] --START--
INFO: Run Behavior\BuildLiteBehavior [ RunTime:0.002151s ]
INFO: [ app_init ] --END-- [ RunTime:0.003806s ]
INFO: [ app_begin ] --START--
INFO: Run Behavior\ReadHtmlCacheBehavior [ RunTime:0.001401s ]
INFO: [ app_begin ] --END-- [ RunTime:0.001584s ]
ERR: 无法加载控制器:Public

[ 2016-12-26T14:09:03+08:00 ] 127.0.0.1 /smile/Public/bs/fonts/glyphicons-halflings-regular.woff
INFO: [ app_init ] --START--
INFO: Run Behavior\BuildLiteBehavior [ RunTime:0.000038s ]
INFO: [ app_init ] --END-- [ RunTime:0.001477s ]
INFO: [ app_begin ] --START--
INFO: Run Behavior\ReadHtmlCacheBehavior [ RunTime:0.002233s ]
INFO: [ app_begin ] --END-- [ RunTime:0.002420s ]
ERR: 无法加载控制器:Public

[ 2016-12-26T14:09:03+08:00 ] 127.0.0.1 /smile/Public/bs/fonts/glyphicons-halflings-regular.ttf
INFO: [ app_init ] --START--
INFO: Run Behavior\BuildLiteBehavior [ RunTime:0.000126s ]
INFO: [ app_init ] --END-- [ RunTime:0.007288s ]
INFO: [ app_begin ] --START--
INFO: Run Behavior\ReadHtmlCacheBehavior [ RunTime:0.002210s ]
INFO: [ app_begin ] --END-- [ RunTime:0.003077s ]
ERR: 无法加载控制器:Public

[ 2016-12-26T15:03:13+08:00 ] 127.0.0.1 /smile/Public/bs/fonts/glyphicons-halflings-regular.woff
INFO: [ app_init ] --START--
INFO: Run Behavior\BuildLiteBehavior [ RunTime:0.000059s ]
INFO: [ app_init ] --END-- [ RunTime:0.002261s ]
INFO: [ app_begin ] --START--
INFO: Run Behavior\ReadHtmlCacheBehavior [ RunTime:0.002855s ]
INFO: [ app_begin ] --END-- [ RunTime:0.003312s ]
ERR: 无法加载控制器:Public

[ 2016-12-26T15:03:14+08:00 ] 127.0.0.1 /smile/Public/bs/fonts/glyphicons-halflings-regular.ttf
INFO: [ app_init ] --START--
INFO: Run Behavior\BuildLiteBehavior [ RunTime:0.000043s ]
INFO: [ app_init ] --END-- [ RunTime:0.001223s ]
INFO: [ app_begin ] --START--
INFO: Run Behavior\ReadHtmlCacheBehavior [ RunTime:0.003215s ]
INFO: [ app_begin ] --END-- [ RunTime:0.003453s ]
ERR: 无法加载控制器:Public

[ 2016-12-26T15:19:49+08:00 ] 127.0.0.1 /smile/Public/bs/fonts/glyphicons-halflings-regular.woff
INFO: [ app_init ] --START--
INFO: Run Behavior\BuildLiteBehavior [ RunTime:0.000075s ]
INFO: [ app_init ] --END-- [ RunTime:0.005010s ]
INFO: [ app_begin ] --START--
INFO: Run Behavior\ReadHtmlCacheBehavior [ RunTime:0.003222s ]
INFO: [ app_begin ] --END-- [ RunTime:0.003701s ]
ERR: 无法加载控制器:Public

[ 2016-12-26T15:19:49+08:00 ] 127.0.0.1 /smile/Public/bs/fonts/glyphicons-halflings-regular.ttf
INFO: [ app_init ] --START--
INFO: Run Behavior\BuildLiteBehavior [ RunTime:0.000036s ]
INFO: [ app_init ] --END-- [ RunTime:0.001022s ]
INFO: [ app_begin ] --START--
INFO: Run Behavior\ReadHtmlCacheBehavior [ RunTime:0.006187s ]
INFO: [ app_begin ] --END-- [ RunTime:0.006614s ]
ERR: 无法加载控制器:Public

[ 2016-12-26T15:20:02+08:00 ] 127.0.0.1 /smile/Public/bs/fonts/glyphicons-halflings-regular.woff
INFO: [ app_init ] --START--
INFO: Run Behavior\BuildLiteBehavior [ RunTime:0.000039s ]
INFO: [ app_init ] --END-- [ RunTime:0.011915s ]
INFO: [ app_begin ] --START--
INFO: Run Behavior\ReadHtmlCacheBehavior [ RunTime:0.007181s ]
INFO: [ app_begin ] --END-- [ RunTime:0.009239s ]
ERR: 无法加载控制器:Public

[ 2016-12-26T15:20:02+08:00 ] 127.0.0.1 /smile/Public/bs/fonts/glyphicons-halflings-regular.ttf
INFO: [ app_init ] --START--
INFO: Run Behavior\BuildLiteBehavior [ RunTime:0.000040s ]
INFO: [ app_init ] --END-- [ RunTime:0.001364s ]
INFO: [ app_begin ] --START--
INFO: Run Behavior\ReadHtmlCacheBehavior [ RunTime:0.002169s ]
INFO: [ app_begin ] --END-- [ RunTime:0.002447s ]
ERR: 无法加载控制器:Public

[ 2016-12-26T15:23:36+08:00 ] 127.0.0.1 /smile/Public/bs/fonts/glyphicons-halflings-regular.woff
INFO: [ app_init ] --START--
INFO: Run Behavior\BuildLiteBehavior [ RunTime:0.000037s ]
INFO: [ app_init ] --END-- [ RunTime:0.001214s ]
INFO: [ app_begin ] --START--
INFO: Run Behavior\ReadHtmlCacheBehavior [ RunTime:0.002992s ]
INFO: [ app_begin ] --END-- [ RunTime:0.003217s ]
ERR: 无法加载控制器:Public

[ 2016-12-26T15:23:36+08:00 ] 127.0.0.1 /smile/Public/bs/fonts/glyphicons-halflings-regular.ttf
INFO: [ app_init ] --START--
INFO: Run Behavior\BuildLiteBehavior [ RunTime:0.000037s ]
INFO: [ app_init ] --END-- [ RunTime:0.000999s ]
INFO: [ app_begin ] --START--
INFO: Run Behavior\ReadHtmlCacheBehavior [ RunTime:0.001302s ]
INFO: [ app_begin ] --END-- [ RunTime:0.001827s ]
ERR: 无法加载控制器:Public

[ 2016-12-26T15:24:19+08:00 ] 127.0.0.1 /smile/Public/bs/fonts/glyphicons-halflings-regular.woff
INFO: [ app_init ] --START--
INFO: Run Behavior\BuildLiteBehavior [ RunTime:0.000083s ]
INFO: [ app_init ] --END-- [ RunTime:0.001270s ]
INFO: [ app_begin ] --START--
INFO: Run Behavior\ReadHtmlCacheBehavior [ RunTime:0.001467s ]
INFO: [ app_begin ] --END-- [ RunTime:0.001657s ]
ERR: 无法加载控制器:Public

[ 2016-12-26T15:24:19+08:00 ] 127.0.0.1 /smile/Public/bs/fonts/glyphicons-halflings-regular.ttf
INFO: [ app_init ] --START--
INFO: Run Behavior\BuildLiteBehavior [ RunTime:0.000037s ]
INFO: [ app_init ] --END-- [ RunTime:0.001002s ]
INFO: [ app_begin ] --START--
INFO: Run Behavior\ReadHtmlCacheBehavior [ RunTime:0.001449s ]
INFO: [ app_begin ] --END-- [ RunTime:0.001642s ]
ERR: 无法加载控制器:Public

[ 2016-12-26T15:24:49+08:00 ] 127.0.0.1 /smile/Public/bs/fonts/glyphicons-halflings-regular.woff
INFO: [ app_init ] --START--
INFO: Run Behavior\BuildLiteBehavior [ RunTime:0.000036s ]
INFO: [ app_init ] --END-- [ RunTime:0.001147s ]
INFO: [ app_begin ] --START--
INFO: Run Behavior\ReadHtmlCacheBehavior [ RunTime:0.001645s ]
INFO: [ app_begin ] --END-- [ RunTime:0.001894s ]
ERR: 无法加载控制器:Public

[ 2016-12-26T15:24:49+08:00 ] 127.0.0.1 /smile/Public/bs/fonts/glyphicons-halflings-regular.ttf
INFO: [ app_init ] --START--
INFO: Run Behavior\BuildLiteBehavior [ RunTime:0.000052s ]
INFO: [ app_init ] --END-- [ RunTime:0.001355s ]
INFO: [ app_begin ] --START--
INFO: Run Behavior\ReadHtmlCacheBehavior [ RunTime:0.001305s ]
INFO: [ app_begin ] --END-- [ RunTime:0.001476s ]
ERR: 无法加载控制器:Public

[ 2016-12-26T15:28:55+08:00 ] 127.0.0.1 /smile/Public/bs/fonts/glyphicons-halflings-regular.woff
INFO: [ app_init ] --START--
INFO: Run Behavior\BuildLiteBehavior [ RunTime:0.000039s ]
INFO: [ app_init ] --END-- [ RunTime:0.004680s ]
INFO: [ app_begin ] --START--
INFO: Run Behavior\ReadHtmlCacheBehavior [ RunTime:0.002156s ]
INFO: [ app_begin ] --END-- [ RunTime:0.002353s ]
ERR: 无法加载控制器:Public

[ 2016-12-26T15:28:55+08:00 ] 127.0.0.1 /smile/Public/bs/fonts/glyphicons-halflings-regular.ttf
INFO: [ app_init ] --START--
INFO: Run Behavior\BuildLiteBehavior [ RunTime:0.000035s ]
INFO: [ app_init ] --END-- [ RunTime:0.001104s ]
INFO: [ app_begin ] --START--
INFO: Run Behavior\ReadHtmlCacheBehavior [ RunTime:0.001264s ]
INFO: [ app_begin ] --END-- [ RunTime:0.001461s ]
ERR: 无法加载控制器:Public

[ 2016-12-26T15:29:02+08:00 ] 127.0.0.1 /smile/Public/bs/fonts/glyphicons-halflings-regular.woff
INFO: [ app_init ] --START--
INFO: Run Behavior\BuildLiteBehavior [ RunTime:0.000207s ]
INFO: [ app_init ] --END-- [ RunTime:0.006003s ]
INFO: [ app_begin ] --START--
INFO: Run Behavior\ReadHtmlCacheBehavior [ RunTime:0.001346s ]
INFO: [ app_begin ] --END-- [ RunTime:0.001654s ]
ERR: 无法加载控制器:Public

[ 2016-12-26T15:29:02+08:00 ] 127.0.0.1 /smile/Public/bs/fonts/glyphicons-halflings-regular.ttf
INFO: [ app_init ] --START--
INFO: Run Behavior\BuildLiteBehavior [ RunTime:0.000041s ]
INFO: [ app_init ] --END-- [ RunTime:0.002664s ]
INFO: [ app_begin ] --START--
INFO: Run Behavior\ReadHtmlCacheBehavior [ RunTime:0.001578s ]
INFO: [ app_begin ] --END-- [ RunTime:0.001810s ]
ERR: 无法加载控制器:Public

[ 2016-12-26T15:29:05+08:00 ] 127.0.0.1 /smile/Public/bs/fonts/glyphicons-halflings-regular.woff
INFO: [ app_init ] --START--
INFO: Run Behavior\BuildLiteBehavior [ RunTime:0.000037s ]
INFO: [ app_init ] --END-- [ RunTime:0.001038s ]
INFO: [ app_begin ] --START--
INFO: Run Behavior\ReadHtmlCacheBehavior [ RunTime:0.001273s ]
INFO: [ app_begin ] --END-- [ RunTime:0.001457s ]
ERR: 无法加载控制器:Public

[ 2016-12-26T15:29:05+08:00 ] 127.0.0.1 /smile/Public/bs/fonts/glyphicons-halflings-regular.ttf
INFO: [ app_init ] --START--
INFO: Run Behavior\BuildLiteBehavior [ RunTime:0.000045s ]
INFO: [ app_init ] --END-- [ RunTime:0.004670s ]
INFO: [ app_begin ] --START--
INFO: Run Behavior\ReadHtmlCacheBehavior [ RunTime:0.003044s ]
INFO: [ app_begin ] --END-- [ RunTime:0.003760s ]
ERR: 无法加载控制器:Public

[ 2016-12-26T15:29:12+08:00 ] 127.0.0.1 /smile/Public/bs/fonts/glyphicons-halflings-regular.woff
INFO: [ app_init ] --START--
INFO: Run Behavior\BuildLiteBehavior [ RunTime:0.000038s ]
INFO: [ app_init ] --END-- [ RunTime:0.001455s ]
INFO: [ app_begin ] --START--
INFO: Run Behavior\ReadHtmlCacheBehavior [ RunTime:0.002061s ]
INFO: [ app_begin ] --END-- [ RunTime:0.002405s ]
ERR: 无法加载控制器:Public

[ 2016-12-26T15:29:12+08:00 ] 127.0.0.1 /smile/Public/bs/fonts/glyphicons-halflings-regular.ttf
INFO: [ app_init ] --START--
INFO: Run Behavior\BuildLiteBehavior [ RunTime:0.000056s ]
INFO: [ app_init ] --END-- [ RunTime:0.001232s ]
INFO: [ app_begin ] --START--
INFO: Run Behavior\ReadHtmlCacheBehavior [ RunTime:0.002896s ]
INFO: [ app_begin ] --END-- [ RunTime:0.003089s ]
ERR: 无法加载控制器:Public

[ 2016-12-26T15:31:11+08:00 ] 127.0.0.1 /smile/Public/bs/fonts/glyphicons-halflings-regular.woff
INFO: [ app_init ] --START--
INFO: Run Behavior\BuildLiteBehavior [ RunTime:0.000042s ]
INFO: [ app_init ] --END-- [ RunTime:0.002435s ]
INFO: [ app_begin ] --START--
INFO: Run Behavior\ReadHtmlCacheBehavior [ RunTime:0.002613s ]
INFO: [ app_begin ] --END-- [ RunTime:0.002845s ]
ERR: 无法加载控制器:Public

[ 2016-12-26T15:31:11+08:00 ] 127.0.0.1 /smile/Public/bs/fonts/glyphicons-halflings-regular.ttf
INFO: [ app_init ] --START--
INFO: Run Behavior\BuildLiteBehavior [ RunTime:0.000036s ]
INFO: [ app_init ] --END-- [ RunTime:0.002372s ]
INFO: [ app_begin ] --START--
INFO: Run Behavior\ReadHtmlCacheBehavior [ RunTime:0.014959s ]
INFO: [ app_begin ] --END-- [ RunTime:0.016939s ]
ERR: 无法加载控制器:Public

[ 2016-12-26T15:33:11+08:00 ] 127.0.0.1 /smile/Public/bs/fonts/glyphicons-halflings-regular.woff
INFO: [ app_init ] --START--
INFO: Run Behavior\BuildLiteBehavior [ RunTime:0.000038s ]
INFO: [ app_init ] --END-- [ RunTime:0.001049s ]
INFO: [ app_begin ] --START--
INFO: Run Behavior\ReadHtmlCacheBehavior [ RunTime:0.001327s ]
INFO: [ app_begin ] --END-- [ RunTime:0.001514s ]
ERR: 无法加载控制器:Public

[ 2016-12-26T15:33:11+08:00 ] 127.0.0.1 /smile/Public/bs/fonts/glyphicons-halflings-regular.ttf
INFO: [ app_init ] --START--
INFO: Run Behavior\BuildLiteBehavior [ RunTime:0.000041s ]
INFO: [ app_init ] --END-- [ RunTime:0.001354s ]
INFO: [ app_begin ] --START--
INFO: Run Behavior\ReadHtmlCacheBehavior [ RunTime:0.003550s ]
INFO: [ app_begin ] --END-- [ RunTime:0.003856s ]
ERR: 无法加载控制器:Public

[ 2016-12-26T15:33:51+08:00 ] 127.0.0.1 /smile/Public/bs/fonts/glyphicons-halflings-regular.woff
INFO: [ app_init ] --START--
INFO: Run Behavior\BuildLiteBehavior [ RunTime:0.000041s ]
INFO: [ app_init ] --END-- [ RunTime:0.003953s ]
INFO: [ app_begin ] --START--
INFO: Run Behavior\ReadHtmlCacheBehavior [ RunTime:0.001869s ]
INFO: [ app_begin ] --END-- [ RunTime:0.002274s ]
ERR: 无法加载控制器:Public

[ 2016-12-26T15:33:51+08:00 ] 127.0.0.1 /smile/Public/bs/fonts/glyphicons-halflings-regular.ttf
INFO: [ app_init ] --START--
INFO: Run Behavior\BuildLiteBehavior [ RunTime:0.000036s ]
INFO: [ app_init ] --END-- [ RunTime:0.001122s ]
INFO: [ app_begin ] --START--
INFO: Run Behavior\ReadHtmlCacheBehavior [ RunTime:0.001378s ]
INFO: [ app_begin ] --END-- [ RunTime:0.001552s ]
ERR: 无法加载控制器:Public

[ 2016-12-26T15:34:15+08:00 ] 127.0.0.1 /smile/Public/bs/fonts/glyphicons-halflings-regular.woff
INFO: [ app_init ] --START--
INFO: Run Behavior\BuildLiteBehavior [ RunTime:0.000040s ]
INFO: [ app_init ] --END-- [ RunTime:0.001221s ]
INFO: [ app_begin ] --START--
INFO: Run Behavior\ReadHtmlCacheBehavior [ RunTime:0.001984s ]
INFO: [ app_begin ] --END-- [ RunTime:0.002521s ]
ERR: 无法加载控制器:Public

[ 2016-12-26T15:34:16+08:00 ] 127.0.0.1 /smile/Public/bs/fonts/glyphicons-halflings-regular.ttf
INFO: [ app_init ] --START--
INFO: Run Behavior\BuildLiteBehavior [ RunTime:0.000047s ]
INFO: [ app_init ] --END-- [ RunTime:0.001806s ]
INFO: [ app_begin ] --START--
INFO: Run Behavior\ReadHtmlCacheBehavior [ RunTime:0.002312s ]
INFO: [ app_begin ] --END-- [ RunTime:0.002579s ]
ERR: 无法加载控制器:Public

[ 2016-12-26T15:34:39+08:00 ] 127.0.0.1 /smile/Public/bs/fonts/glyphicons-halflings-regular.woff
INFO: [ app_init ] --START--
INFO: Run Behavior\BuildLiteBehavior [ RunTime:0.000038s ]
INFO: [ app_init ] --END-- [ RunTime:0.001290s ]
INFO: [ app_begin ] --START--
INFO: Run Behavior\ReadHtmlCacheBehavior [ RunTime:0.002093s ]
INFO: [ app_begin ] --END-- [ RunTime:0.002355s ]
ERR: 无法加载控制器:Public

[ 2016-12-26T15:34:39+08:00 ] 127.0.0.1 /smile/Public/bs/fonts/glyphicons-halflings-regular.ttf
INFO: [ app_init ] --START--
INFO: Run Behavior\BuildLiteBehavior [ RunTime:0.000036s ]
INFO: [ app_init ] --END-- [ RunTime:0.001565s ]
INFO: [ app_begin ] --START--
INFO: Run Behavior\ReadHtmlCacheBehavior [ RunTime:0.001456s ]
INFO: [ app_begin ] --END-- [ RunTime:0.001655s ]
ERR: 无法加载控制器:Public

[ 2016-12-26T15:35:21+08:00 ] 127.0.0.1 /smile/Public/bs/fonts/glyphicons-halflings-regular.woff
INFO: [ app_init ] --START--
INFO: Run Behavior\BuildLiteBehavior [ RunTime:0.000069s ]
INFO: [ app_init ] --END-- [ RunTime:0.003514s ]
INFO: [ app_begin ] --START--
INFO: Run Behavior\ReadHtmlCacheBehavior [ RunTime:0.001294s ]
INFO: [ app_begin ] --END-- [ RunTime:0.001620s ]
ERR: 无法加载控制器:Public

[ 2016-12-26T15:35:21+08:00 ] 127.0.0.1 /smile/Public/bs/fonts/glyphicons-halflings-regular.ttf
INFO: [ app_init ] --START--
INFO: Run Behavior\BuildLiteBehavior [ RunTime:0.000039s ]
INFO: [ app_init ] --END-- [ RunTime:0.001155s ]
INFO: [ app_begin ] --START--
INFO: Run Behavior\ReadHtmlCacheBehavior [ RunTime:0.002277s ]
INFO: [ app_begin ] --END-- [ RunTime:0.002776s ]
ERR: 无法加载控制器:Public

[ 2016-12-26T15:36:36+08:00 ] 127.0.0.1 /smile/Public/bs/fonts/glyphicons-halflings-regular.woff
INFO: [ app_init ] --START--
INFO: Run Behavior\BuildLiteBehavior [ RunTime:0.000048s ]
INFO: [ app_init ] --END-- [ RunTime:0.002001s ]
INFO: [ app_begin ] --START--
INFO: Run Behavior\ReadHtmlCacheBehavior [ RunTime:0.002700s ]
INFO: [ app_begin ] --END-- [ RunTime:0.002979s ]
ERR: 无法加载控制器:Public

[ 2016-12-26T15:36:36+08:00 ] 127.0.0.1 /smile/Public/bs/fonts/glyphicons-halflings-regular.ttf
INFO: [ app_init ] --START--
INFO: Run Behavior\BuildLiteBehavior [ RunTime:0.000038s ]
INFO: [ app_init ] --END-- [ RunTime:0.001667s ]
INFO: [ app_begin ] --START--
INFO: Run Behavior\ReadHtmlCacheBehavior [ RunTime:0.003362s ]
INFO: [ app_begin ] --END-- [ RunTime:0.003651s ]
ERR: 无法加载控制器:Public

[ 2016-12-26T15:36:47+08:00 ] 127.0.0.1 /smile/Public/bs/fonts/glyphicons-halflings-regular.woff
INFO: [ app_init ] --START--
INFO: Run Behavior\BuildLiteBehavior [ RunTime:0.000063s ]
INFO: [ app_init ] --END-- [ RunTime:0.003660s ]
INFO: [ app_begin ] --START--
INFO: Run Behavior\ReadHtmlCacheBehavior [ RunTime:0.005328s ]
INFO: [ app_begin ] --END-- [ RunTime:0.005563s ]
ERR: 无法加载控制器:Public

[ 2016-12-26T15:36:47+08:00 ] 127.0.0.1 /smile/Public/bs/fonts/glyphicons-halflings-regular.ttf
INFO: [ app_init ] --START--
INFO: Run Behavior\BuildLiteBehavior [ RunTime:0.000037s ]
INFO: [ app_init ] --END-- [ RunTime:0.001293s ]
INFO: [ app_begin ] --START--
INFO: Run Behavior\ReadHtmlCacheBehavior [ RunTime:0.002723s ]
INFO: [ app_begin ] --END-- [ RunTime:0.002925s ]
ERR: 无法加载控制器:Public

[ 2016-12-26T15:37:12+08:00 ] 127.0.0.1 /smile/Public/bs/fonts/glyphicons-halflings-regular.woff
INFO: [ app_init ] --START--
INFO: Run Behavior\BuildLiteBehavior [ RunTime:0.000039s ]
INFO: [ app_init ] --END-- [ RunTime:0.004179s ]
INFO: [ app_begin ] --START--
INFO: Run Behavior\ReadHtmlCacheBehavior [ RunTime:0.018935s ]
INFO: [ app_begin ] --END-- [ RunTime:0.019368s ]
ERR: 无法加载控制器:Public

[ 2016-12-26T15:37:12+08:00 ] 127.0.0.1 /smile/Public/bs/fonts/glyphicons-halflings-regular.ttf
INFO: [ app_init ] --START--
INFO: Run Behavior\BuildLiteBehavior [ RunTime:0.000036s ]
INFO: [ app_init ] --END-- [ RunTime:0.001151s ]
INFO: [ app_begin ] --START--
INFO: Run Behavior\ReadHtmlCacheBehavior [ RunTime:0.001227s ]
INFO: [ app_begin ] --END-- [ RunTime:0.001424s ]
ERR: 无法加载控制器:Public

[ 2016-12-26T15:37:51+08:00 ] 127.0.0.1 /smile/Public/bs/fonts/glyphicons-halflings-regular.woff
INFO: [ app_init ] --START--
INFO: Run Behavior\BuildLiteBehavior [ RunTime:0.000037s ]
INFO: [ app_init ] --END-- [ RunTime:0.001146s ]
INFO: [ app_begin ] --START--
INFO: Run Behavior\ReadHtmlCacheBehavior [ RunTime:0.003720s ]
INFO: [ app_begin ] --END-- [ RunTime:0.007789s ]
ERR: 无法加载控制器:Public

[ 2016-12-26T15:37:51+08:00 ] 127.0.0.1 /smile/Public/bs/fonts/glyphicons-halflings-regular.ttf
INFO: [ app_init ] --START--
INFO: Run Behavior\BuildLiteBehavior [ RunTime:0.000039s ]
INFO: [ app_init ] --END-- [ RunTime:0.001250s ]
INFO: [ app_begin ] --START--
INFO: Run Behavior\ReadHtmlCacheBehavior [ RunTime:0.001364s ]
INFO: [ app_begin ] --END-- [ RunTime:0.001543s ]
ERR: 无法加载控制器:Public

[ 2016-12-26T15:38:24+08:00 ] 127.0.0.1 /smile/Public/bs/fonts/glyphicons-halflings-regular.woff
INFO: [ app_init ] --START--
INFO: Run Behavior\BuildLiteBehavior [ RunTime:0.000039s ]
INFO: [ app_init ] --END-- [ RunTime:0.004044s ]
INFO: [ app_begin ] --START--
INFO: Run Behavior\ReadHtmlCacheBehavior [ RunTime:0.001587s ]
INFO: [ app_begin ] --END-- [ RunTime:0.002840s ]
ERR: 无法加载控制器:Public

[ 2016-12-26T15:38:24+08:00 ] 127.0.0.1 /smile/Public/bs/fonts/glyphicons-halflings-regular.ttf
INFO: [ app_init ] --START--
INFO: Run Behavior\BuildLiteBehavior [ RunTime:0.000037s ]
INFO: [ app_init ] --END-- [ RunTime:0.001160s ]
INFO: [ app_begin ] --START--
INFO: Run Behavior\ReadHtmlCacheBehavior [ RunTime:0.001846s ]
INFO: [ app_begin ] --END-- [ RunTime:0.002065s ]
ERR: 无法加载控制器:Public

[ 2016-12-26T15:54:26+08:00 ] 127.0.0.1 /smile/Public/bs/fonts/glyphicons-halflings-regular.woff
INFO: [ app_init ] --START--
INFO: Run Behavior\BuildLiteBehavior [ RunTime:0.000037s ]
INFO: [ app_init ] --END-- [ RunTime:0.001035s ]
INFO: [ app_begin ] --START--
INFO: Run Behavior\ReadHtmlCacheBehavior [ RunTime:0.001227s ]
INFO: [ app_begin ] --END-- [ RunTime:0.001398s ]
ERR: 无法加载控制器:Public

[ 2016-12-26T15:54:26+08:00 ] 127.0.0.1 /smile/Public/bs/fonts/glyphicons-halflings-regular.ttf
INFO: [ app_init ] --START--
INFO: Run Behavior\BuildLiteBehavior [ RunTime:0.000039s ]
INFO: [ app_init ] --END-- [ RunTime:0.001350s ]
INFO: [ app_begin ] --START--
INFO: Run Behavior\ReadHtmlCacheBehavior [ RunTime:0.002316s ]
INFO: [ app_begin ] --END-- [ RunTime:0.002756s ]
ERR: 无法加载控制器:Public

[ 2016-12-26T15:55:17+08:00 ] 127.0.0.1 /smile/Public/bs/fonts/glyphicons-halflings-regular.woff
INFO: [ app_init ] --START--
INFO: Run Behavior\BuildLiteBehavior [ RunTime:0.000038s ]
INFO: [ app_init ] --END-- [ RunTime:0.001470s ]
INFO: [ app_begin ] --START--
INFO: Run Behavior\ReadHtmlCacheBehavior [ RunTime:0.007781s ]
INFO: [ app_begin ] --END-- [ RunTime:0.007995s ]
ERR: 无法加载控制器:Public

[ 2016-12-26T15:55:17+08:00 ] 127.0.0.1 /smile/Public/bs/fonts/glyphicons-halflings-regular.ttf
INFO: [ app_init ] --START--
INFO: Run Behavior\BuildLiteBehavior [ RunTime:0.000040s ]
INFO: [ app_init ] --END-- [ RunTime:0.001291s ]
INFO: [ app_begin ] --START--
INFO: Run Behavior\ReadHtmlCacheBehavior [ RunTime:0.001382s ]
INFO: [ app_begin ] --END-- [ RunTime:0.001549s ]
ERR: 无法加载控制器:Public

[ 2016-12-26T15:55:27+08:00 ] 127.0.0.1 /smile/Public/bs/fonts/glyphicons-halflings-regular.woff
INFO: [ app_init ] --START--
INFO: Run Behavior\BuildLiteBehavior [ RunTime:0.000055s ]
INFO: [ app_init ] --END-- [ RunTime:0.003695s ]
INFO: [ app_begin ] --START--
INFO: Run Behavior\ReadHtmlCacheBehavior [ RunTime:0.002385s ]
INFO: [ app_begin ] --END-- [ RunTime:0.002577s ]
ERR: 无法加载控制器:Public

[ 2016-12-26T15:55:28+08:00 ] 127.0.0.1 /smile/Public/bs/fonts/glyphicons-halflings-regular.ttf
INFO: [ app_init ] --START--
INFO: Run Behavior\BuildLiteBehavior [ RunTime:0.000044s ]
INFO: [ app_init ] --END-- [ RunTime:0.001355s ]
INFO: [ app_begin ] --START--
INFO: Run Behavior\ReadHtmlCacheBehavior [ RunTime:0.004506s ]
INFO: [ app_begin ] --END-- [ RunTime:0.004930s ]
ERR: 无法加载控制器:Public

[ 2016-12-26T15:55:30+08:00 ] 127.0.0.1 /smile/Public/bs/fonts/glyphicons-halflings-regular.woff
INFO: [ app_init ] --START--
INFO: Run Behavior\BuildLiteBehavior [ RunTime:0.000039s ]
INFO: [ app_init ] --END-- [ RunTime:0.001178s ]
INFO: [ app_begin ] --START--
INFO: Run Behavior\ReadHtmlCacheBehavior [ RunTime:0.001393s ]
INFO: [ app_begin ] --END-- [ RunTime:0.001566s ]
ERR: 无法加载控制器:Public

[ 2016-12-26T15:55:31+08:00 ] 127.0.0.1 /smile/Public/bs/fonts/glyphicons-halflings-regular.ttf
INFO: [ app_init ] --START--
INFO: Run Behavior\BuildLiteBehavior [ RunTime:0.000040s ]
INFO: [ app_init ] --END-- [ RunTime:0.000991s ]
INFO: [ app_begin ] --START--
INFO: Run Behavior\ReadHtmlCacheBehavior [ RunTime:0.001417s ]
INFO: [ app_begin ] --END-- [ RunTime:0.001598s ]
ERR: 无法加载控制器:Public

[ 2016-12-26T15:55:41+08:00 ] 127.0.0.1 /smile/Public/bs/fonts/glyphicons-halflings-regular.woff
INFO: [ app_init ] --START--
INFO: Run Behavior\BuildLiteBehavior [ RunTime:0.000038s ]
INFO: [ app_init ] --END-- [ RunTime:0.001053s ]
INFO: [ app_begin ] --START--
INFO: Run Behavior\ReadHtmlCacheBehavior [ RunTime:0.002097s ]
INFO: [ app_begin ] --END-- [ RunTime:0.004255s ]
ERR: 无法加载控制器:Public

[ 2016-12-26T15:55:41+08:00 ] 127.0.0.1 /smile/Public/bs/fonts/glyphicons-halflings-regular.ttf
INFO: [ app_init ] --START--
INFO: Run Behavior\BuildLiteBehavior [ RunTime:0.000037s ]
INFO: [ app_init ] --END-- [ RunTime:0.001035s ]
INFO: [ app_begin ] --START--
INFO: Run Behavior\ReadHtmlCacheBehavior [ RunTime:0.001439s ]
INFO: [ app_begin ] --END-- [ RunTime:0.001635s ]
ERR: 无法加载控制器:Public

[ 2016-12-26T15:56:43+08:00 ] 127.0.0.1 /smile/Public/bs/fonts/glyphicons-halflings-regular.woff
INFO: [ app_init ] --START--
INFO: Run Behavior\BuildLiteBehavior [ RunTime:0.000038s ]
INFO: [ app_init ] --END-- [ RunTime:0.001411s ]
INFO: [ app_begin ] --START--
INFO: Run Behavior\ReadHtmlCacheBehavior [ RunTime:0.002235s ]
INFO: [ app_begin ] --END-- [ RunTime:0.002418s ]
ERR: 无法加载控制器:Public

[ 2016-12-26T15:56:43+08:00 ] 127.0.0.1 /smile/Public/bs/fonts/glyphicons-halflings-regular.ttf
INFO: [ app_init ] --START--
INFO: Run Behavior\BuildLiteBehavior [ RunTime:0.000050s ]
INFO: [ app_init ] --END-- [ RunTime:0.001726s ]
INFO: [ app_begin ] --START--
INFO: Run Behavior\ReadHtmlCacheBehavior [ RunTime:0.001388s ]
INFO: [ app_begin ] --END-- [ RunTime:0.001571s ]
ERR: 无法加载控制器:Public

[ 2016-12-26T16:09:21+08:00 ] 127.0.0.1 /smile/Public/bs/fonts/glyphicons-halflings-regular.woff
INFO: [ app_init ] --START--
INFO: Run Behavior\BuildLiteBehavior [ RunTime:0.000038s ]
INFO: [ app_init ] --END-- [ RunTime:0.001432s ]
INFO: [ app_begin ] --START--
INFO: Run Behavior\ReadHtmlCacheBehavior [ RunTime:0.001955s ]
INFO: [ app_begin ] --END-- [ RunTime:0.002157s ]
ERR: 无法加载控制器:Public

[ 2016-12-26T16:09:21+08:00 ] 127.0.0.1 /smile/Public/bs/fonts/glyphicons-halflings-regular.ttf
INFO: [ app_init ] --START--
INFO: Run Behavior\BuildLiteBehavior [ RunTime:0.000041s ]
INFO: [ app_init ] --END-- [ RunTime:0.005529s ]
INFO: [ app_begin ] --START--
INFO: Run Behavior\ReadHtmlCacheBehavior [ RunTime:0.002124s ]
INFO: [ app_begin ] --END-- [ RunTime:0.002364s ]
ERR: 无法加载控制器:Public

[ 2016-12-26T16:09:26+08:00 ] 127.0.0.1 /smile/Public/bs/fonts/glyphicons-halflings-regular.woff
INFO: [ app_init ] --START--
INFO: Run Behavior\BuildLiteBehavior [ RunTime:0.000121s ]
INFO: [ app_init ] --END-- [ RunTime:0.002319s ]
INFO: [ app_begin ] --START--
INFO: Run Behavior\ReadHtmlCacheBehavior [ RunTime:0.001313s ]
INFO: [ app_begin ] --END-- [ RunTime:0.001487s ]
ERR: 无法加载控制器:Public

[ 2016-12-26T16:09:26+08:00 ] 127.0.0.1 /smile/Public/bs/fonts/glyphicons-halflings-regular.ttf
INFO: [ app_init ] --START--
INFO: Run Behavior\BuildLiteBehavior [ RunTime:0.000038s ]
INFO: [ app_init ] --END-- [ RunTime:0.001330s ]
INFO: [ app_begin ] --START--
INFO: Run Behavior\ReadHtmlCacheBehavior [ RunTime:0.001418s ]
INFO: [ app_begin ] --END-- [ RunTime:0.001602s ]
ERR: 无法加载控制器:Public

[ 2016-12-26T16:19:22+08:00 ] 127.0.0.1 /smile/Public/bs/fonts/glyphicons-halflings-regular.woff
INFO: [ app_init ] --START--
INFO: Run Behavior\BuildLiteBehavior [ RunTime:0.000037s ]
INFO: [ app_init ] --END-- [ RunTime:0.001078s ]
INFO: [ app_begin ] --START--
INFO: Run Behavior\ReadHtmlCacheBehavior [ RunTime:0.001464s ]
INFO: [ app_begin ] --END-- [ RunTime:0.001647s ]
ERR: 无法加载控制器:Public

[ 2016-12-26T16:19:22+08:00 ] 127.0.0.1 /smile/Public/bs/fonts/glyphicons-halflings-regular.ttf
INFO: [ app_init ] --START--
INFO: Run Behavior\BuildLiteBehavior [ RunTime:0.000088s ]
INFO: [ app_init ] --END-- [ RunTime:0.001614s ]
INFO: [ app_begin ] --START--
INFO: Run Behavior\ReadHtmlCacheBehavior [ RunTime:0.001471s ]
INFO: [ app_begin ] --END-- [ RunTime:0.001658s ]
ERR: 无法加载控制器:Public

[ 2016-12-26T16:19:32+08:00 ] ::1 /smile/Public/uploads/2016-11-25/image4.jpg
INFO: [ app_init ] --START--
INFO: Run Behavior\BuildLiteBehavior [ RunTime:0.000036s ]
INFO: [ app_init ] --END-- [ RunTime:0.001224s ]

[ 2016-12-26T16:19:32+08:00 ] 127.0.0.1 /smile/Public/bs/fonts/glyphicons-halflings-regular.woff
INFO: [ app_init ] --START--
INFO: Run Behavior\BuildLiteBehavior [ RunTime:0.000036s ]
INFO: [ app_init ] --END-- [ RunTime:0.000951s ]
INFO: [ app_begin ] --START--
INFO: Run Behavior\ReadHtmlCacheBehavior [ RunTime:0.002435s ]
INFO: [ app_begin ] --END-- [ RunTime:0.002701s ]
ERR: 无法加载控制器:Public

[ 2016-12-26T16:19:33+08:00 ] 127.0.0.1 /smile/Public/bs/fonts/glyphicons-halflings-regular.ttf
INFO: [ app_init ] --START--
INFO: Run Behavior\BuildLiteBehavior [ RunTime:0.000037s ]
INFO: [ app_init ] --END-- [ RunTime:0.001203s ]
INFO: [ app_begin ] --START--
INFO: Run Behavior\ReadHtmlCacheBehavior [ RunTime:0.002938s ]
INFO: [ app_begin ] --END-- [ RunTime:0.003299s ]
ERR: 无法加载控制器:Public

[ 2016-12-26T16:19:44+08:00 ] 127.0.0.1 /smile/Public/uploads/2016-12-18/1002-148203008733442.jpg
INFO: [ app_init ] --START--
INFO: Run Behavior\BuildLiteBehavior [ RunTime:0.000039s ]
INFO: [ app_init ] --END-- [ RunTime:0.001127s ]

[ 2016-12-26T16:19:44+08:00 ] 127.0.0.1 /smile/Public/uploads/2016-12-16/1002-148188057293627.png
INFO: [ app_init ] --START--
INFO: Run Behavior\BuildLiteBehavior [ RunTime:0.000036s ]
INFO: [ app_init ] --END-- [ RunTime:0.000994s ]

[ 2016-12-26T16:19:44+08:00 ] 127.0.0.1 /smile/Public/uploads/2016-12-16/1002-148187990250860.png
INFO: [ app_init ] --START--
INFO: Run Behavior\BuildLiteBehavior [ RunTime:0.000038s ]
INFO: [ app_init ] --END-- [ RunTime:0.001525s ]

[ 2016-12-26T16:19:44+08:00 ] ::1 /smile/Public/uploads/2016-11-25/image4.jpg
INFO: [ app_init ] --START--
INFO: Run Behavior\BuildLiteBehavior [ RunTime:0.000042s ]
INFO: [ app_init ] --END-- [ RunTime:0.001371s ]

[ 2016-12-26T16:19:45+08:00 ] 127.0.0.1 /smile/Public/bs/fonts/glyphicons-halflings-regular.woff
INFO: [ app_init ] --START--
INFO: Run Behavior\BuildLiteBehavior [ RunTime:0.000046s ]
INFO: [ app_init ] --END-- [ RunTime:0.001134s ]
INFO: [ app_begin ] --START--
INFO: Run Behavior\ReadHtmlCacheBehavior [ RunTime:0.002664s ]
INFO: [ app_begin ] --END-- [ RunTime:0.002860s ]
ERR: 无法加载控制器:Public

[ 2016-12-26T16:19:45+08:00 ] 127.0.0.1 /smile/Public/bs/fonts/glyphicons-halflings-regular.ttf
INFO: [ app_init ] --START--
INFO: Run Behavior\BuildLiteBehavior [ RunTime:0.000039s ]
INFO: [ app_init ] --END-- [ RunTime:0.001148s ]
INFO: [ app_begin ] --START--
INFO: Run Behavior\ReadHtmlCacheBehavior [ RunTime:0.003039s ]
INFO: [ app_begin ] --END-- [ RunTime:0.003270s ]
ERR: 无法加载控制器:Public

[ 2016-12-26T16:20:31+08:00 ] ::1 /smile/Public/uploads/2016-11-25/image4.jpg
INFO: [ app_init ] --START--
INFO: Run Behavior\BuildLiteBehavior [ RunTime:0.000040s ]
INFO: [ app_init ] --END-- [ RunTime:0.001128s ]

[ 2016-12-26T16:20:32+08:00 ] 127.0.0.1 /smile/Public/bs/fonts/glyphicons-halflings-regular.woff
INFO: [ app_init ] --START--
INFO: Run Behavior\BuildLiteBehavior [ RunTime:0.000038s ]
INFO: [ app_init ] --END-- [ RunTime:0.001168s ]
INFO: [ app_begin ] --START--
INFO: Run Behavior\ReadHtmlCacheBehavior [ RunTime:0.002560s ]
INFO: [ app_begin ] --END-- [ RunTime:0.002757s ]
ERR: 无法加载控制器:Public

[ 2016-12-26T16:20:32+08:00 ] 127.0.0.1 /smile/Public/bs/fonts/glyphicons-halflings-regular.ttf
INFO: [ app_init ] --START--
INFO: Run Behavior\BuildLiteBehavior [ RunTime:0.000039s ]
INFO: [ app_init ] --END-- [ RunTime:0.001290s ]
INFO: [ app_begin ] --START--
INFO: Run Behavior\ReadHtmlCacheBehavior [ RunTime:0.004633s ]
INFO: [ app_begin ] --END-- [ RunTime:0.004888s ]
ERR: 无法加载控制器:Public

[ 2016-12-26T16:26:27+08:00 ] 127.0.0.1 /smile/Public/bs/fonts/glyphicons-halflings-regular.woff
INFO: [ app_init ] --START--
INFO: Run Behavior\BuildLiteBehavior [ RunTime:0.000051s ]
INFO: [ app_init ] --END-- [ RunTime:0.002513s ]
INFO: [ app_begin ] --START--
INFO: Run Behavior\ReadHtmlCacheBehavior [ RunTime:0.002664s ]
INFO: [ app_begin ] --END-- [ RunTime:0.002916s ]
ERR: 无法加载控制器:Public

[ 2016-12-26T16:26:27+08:00 ] 127.0.0.1 /smile/Public/bs/fonts/glyphicons-halflings-regular.ttf
INFO: [ app_init ] --START--
INFO: Run Behavior\BuildLiteBehavior [ RunTime:0.000039s ]
INFO: [ app_init ] --END-- [ RunTime:0.002771s ]
INFO: [ app_begin ] --START--
INFO: Run Behavior\ReadHtmlCacheBehavior [ RunTime:0.003747s ]
INFO: [ app_begin ] --END-- [ RunTime:0.003958s ]
ERR: 无法加载控制器:Public

[ 2016-12-26T16:28:49+08:00 ] 127.0.0.1 /smile/Public/bs/fonts/glyphicons-halflings-regular.woff
INFO: [ app_init ] --START--
INFO: Run Behavior\BuildLiteBehavior [ RunTime:0.000038s ]
INFO: [ app_init ] --END-- [ RunTime:0.001110s ]
INFO: [ app_begin ] --START--
INFO: Run Behavior\ReadHtmlCacheBehavior [ RunTime:0.005914s ]
INFO: [ app_begin ] --END-- [ RunTime:0.006129s ]
ERR: 无法加载控制器:Public

[ 2016-12-26T16:28:50+08:00 ] 127.0.0.1 /smile/Public/bs/fonts/glyphicons-halflings-regular.ttf
INFO: [ app_init ] --START--
INFO: Run Behavior\BuildLiteBehavior [ RunTime:0.000039s ]
INFO: [ app_init ] --END-- [ RunTime:0.001086s ]
INFO: [ app_begin ] --START--
INFO: Run Behavior\ReadHtmlCacheBehavior [ RunTime:0.002938s ]
INFO: [ app_begin ] --END-- [ RunTime:0.003162s ]
ERR: 无法加载控制器:Public

[ 2016-12-26T16:28:53+08:00 ] 127.0.0.1 /smile/Public/bs/fonts/glyphicons-halflings-regular.woff
INFO: [ app_init ] --START--
INFO: Run Behavior\BuildLiteBehavior [ RunTime:0.000125s ]
INFO: [ app_init ] --END-- [ RunTime:0.002289s ]
INFO: [ app_begin ] --START--
INFO: Run Behavior\ReadHtmlCacheBehavior [ RunTime:0.002566s ]
INFO: [ app_begin ] --END-- [ RunTime:0.002757s ]
ERR: 无法加载控制器:Public

[ 2016-12-26T16:28:54+08:00 ] 127.0.0.1 /smile/Public/bs/fonts/glyphicons-halflings-regular.ttf
INFO: [ app_init ] --START--
INFO: Run Behavior\BuildLiteBehavior [ RunTime:0.000037s ]
INFO: [ app_init ] --END-- [ RunTime:0.001107s ]
INFO: [ app_begin ] --START--
INFO: Run Behavior\ReadHtmlCacheBehavior [ RunTime:0.002361s ]
INFO: [ app_begin ] --END-- [ RunTime:0.002537s ]
ERR: 无法加载控制器:Public

[ 2016-12-26T16:29:45+08:00 ] 127.0.0.1 /smile/Public/bs/fonts/glyphicons-halflings-regular.woff
INFO: [ app_init ] --START--
INFO: Run Behavior\BuildLiteBehavior [ RunTime:0.000040s ]
INFO: [ app_init ] --END-- [ RunTime:0.001218s ]
INFO: [ app_begin ] --START--
INFO: Run Behavior\ReadHtmlCacheBehavior [ RunTime:0.002957s ]
INFO: [ app_begin ] --END-- [ RunTime:0.003152s ]
ERR: 无法加载控制器:Public

[ 2016-12-26T16:29:46+08:00 ] 127.0.0.1 /smile/Public/bs/fonts/glyphicons-halflings-regular.ttf
INFO: [ app_init ] --START--
INFO: Run Behavior\BuildLiteBehavior [ RunTime:0.000080s ]
INFO: [ app_init ] --END-- [ RunTime:0.001674s ]
INFO: [ app_begin ] --START--
INFO: Run Behavior\ReadHtmlCacheBehavior [ RunTime:0.001465s ]
INFO: [ app_begin ] --END-- [ RunTime:0.001780s ]
ERR: 无法加载控制器:Public

[ 2016-12-26T16:31:27+08:00 ] 127.0.0.1 /smile/Public/bs/fonts/glyphicons-halflings-regular.woff
INFO: [ app_init ] --START--
INFO: Run Behavior\BuildLiteBehavior [ RunTime:0.000041s ]
INFO: [ app_init ] --END-- [ RunTime:0.001465s ]
INFO: [ app_begin ] --START--
INFO: Run Behavior\ReadHtmlCacheBehavior [ RunTime:0.001576s ]
INFO: [ app_begin ] --END-- [ RunTime:0.001767s ]
ERR: 无法加载控制器:Public

[ 2016-12-26T16:31:27+08:00 ] 127.0.0.1 /smile/Public/bs/fonts/glyphicons-halflings-regular.ttf
INFO: [ app_init ] --START--
INFO: Run Behavior\BuildLiteBehavior [ RunTime:0.000104s ]
INFO: [ app_init ] --END-- [ RunTime:0.003622s ]
INFO: [ app_begin ] --START--
INFO: Run Behavior\ReadHtmlCacheBehavior [ RunTime:0.001577s ]
INFO: [ app_begin ] --END-- [ RunTime:0.001774s ]
ERR: 无法加载控制器:Public

[ 2016-12-26T16:32:35+08:00 ] 127.0.0.1 /smile/Public/bs/fonts/glyphicons-halflings-regular.woff
INFO: [ app_init ] --START--
INFO: Run Behavior\BuildLiteBehavior [ RunTime:0.000041s ]
INFO: [ app_init ] --END-- [ RunTime:0.001475s ]
INFO: [ app_begin ] --START--
INFO: Run Behavior\ReadHtmlCacheBehavior [ RunTime:0.001452s ]
INFO: [ app_begin ] --END-- [ RunTime:0.001643s ]
ERR: 无法加载控制器:Public

[ 2016-12-26T16:32:36+08:00 ] 127.0.0.1 /smile/Public/bs/fonts/glyphicons-halflings-regular.ttf
INFO: [ app_init ] --START--
INFO: Run Behavior\BuildLiteBehavior [ RunTime:0.000040s ]
INFO: [ app_init ] --END-- [ RunTime:0.001216s ]
INFO: [ app_begin ] --START--
INFO: Run Behavior\ReadHtmlCacheBehavior [ RunTime:0.001490s ]
INFO: [ app_begin ] --END-- [ RunTime:0.001720s ]
ERR: 无法加载控制器:Public

[ 2016-12-26T16:32:57+08:00 ] 127.0.0.1 /smile/Public/bs/fonts/glyphicons-halflings-regular.woff
INFO: [ app_init ] --START--
INFO: Run Behavior\BuildLiteBehavior [ RunTime:0.000041s ]
INFO: [ app_init ] --END-- [ RunTime:0.001425s ]
INFO: [ app_begin ] --START--
INFO: Run Behavior\ReadHtmlCacheBehavior [ RunTime:0.001596s ]
INFO: [ app_begin ] --END-- [ RunTime:0.001813s ]
ERR: 无法加载控制器:Public

[ 2016-12-26T16:32:57+08:00 ] 127.0.0.1 /smile/Public/bs/fonts/glyphicons-halflings-regular.ttf
INFO: [ app_init ] --START--
INFO: Run Behavior\BuildLiteBehavior [ RunTime:0.000038s ]
INFO: [ app_init ] --END-- [ RunTime:0.001144s ]
INFO: [ app_begin ] --START--
INFO: Run Behavior\ReadHtmlCacheBehavior [ RunTime:0.001651s ]
INFO: [ app_begin ] --END-- [ RunTime:0.001865s ]
ERR: 无法加载控制器:Public

[ 2016-12-26T16:33:24+08:00 ] 127.0.0.1 /smile/Public/bs/fonts/glyphicons-halflings-regular.woff
INFO: [ app_init ] --START--
INFO: Run Behavior\BuildLiteBehavior [ RunTime:0.000037s ]
INFO: [ app_init ] --END-- [ RunTime:0.001096s ]
INFO: [ app_begin ] --START--
INFO: Run Behavior\ReadHtmlCacheBehavior [ RunTime:0.001240s ]
INFO: [ app_begin ] --END-- [ RunTime:0.001404s ]
ERR: 无法加载控制器:Public

[ 2016-12-26T16:33:24+08:00 ] 127.0.0.1 /smile/Public/bs/fonts/glyphicons-halflings-regular.ttf
INFO: [ app_init ] --START--
INFO: Run Behavior\BuildLiteBehavior [ RunTime:0.000038s ]
INFO: [ app_init ] --END-- [ RunTime:0.001271s ]
INFO: [ app_begin ] --START--
INFO: Run Behavior\ReadHtmlCacheBehavior [ RunTime:0.001569s ]
INFO: [ app_begin ] --END-- [ RunTime:0.001779s ]
ERR: 无法加载控制器:Public

[ 2016-12-26T16:34:10+08:00 ] 127.0.0.1 /smile/Public/bs/fonts/glyphicons-halflings-regular.woff
INFO: [ app_init ] --START--
INFO: Run Behavior\BuildLiteBehavior [ RunTime:0.000060s ]
INFO: [ app_init ] --END-- [ RunTime:0.001325s ]
INFO: [ app_begin ] --START--
INFO: Run Behavior\ReadHtmlCacheBehavior [ RunTime:0.002826s ]
INFO: [ app_begin ] --END-- [ RunTime:0.003063s ]
ERR: 无法加载控制器:Public

[ 2016-12-26T16:34:10+08:00 ] 127.0.0.1 /smile/Public/bs/fonts/glyphicons-halflings-regular.ttf
INFO: [ app_init ] --START--
INFO: Run Behavior\BuildLiteBehavior [ RunTime:0.000036s ]
INFO: [ app_init ] --END-- [ RunTime:0.001102s ]
INFO: [ app_begin ] --START--
INFO: Run Behavior\ReadHtmlCacheBehavior [ RunTime:0.001918s ]
INFO: [ app_begin ] --END-- [ RunTime:0.002194s ]
ERR: 无法加载控制器:Public

[ 2016-12-26T16:35:03+08:00 ] 127.0.0.1 /smile/Public/bs/fonts/glyphicons-halflings-regular.woff
INFO: [ app_init ] --START--
INFO: Run Behavior\BuildLiteBehavior [ RunTime:0.000041s ]
INFO: [ app_init ] --END-- [ RunTime:0.001485s ]
INFO: [ app_begin ] --START--
INFO: Run Behavior\ReadHtmlCacheBehavior [ RunTime:0.001341s ]
INFO: [ app_begin ] --END-- [ RunTime:0.001530s ]
ERR: 无法加载控制器:Public

[ 2016-12-26T16:35:03+08:00 ] 127.0.0.1 /smile/Public/bs/fonts/glyphicons-halflings-regular.ttf
INFO: [ app_init ] --START--
INFO: Run Behavior\BuildLiteBehavior [ RunTime:0.000040s ]
INFO: [ app_init ] --END-- [ RunTime:0.001217s ]
INFO: [ app_begin ] --START--
INFO: Run Behavior\ReadHtmlCacheBehavior [ RunTime:0.002442s ]
INFO: [ app_begin ] --END-- [ RunTime:0.002646s ]
ERR: 无法加载控制器:Public

[ 2016-12-26T16:35:25+08:00 ] 127.0.0.1 /smile/Public/bs/fonts/glyphicons-halflings-regular.woff
INFO: [ app_init ] --START--
INFO: Run Behavior\BuildLiteBehavior [ RunTime:0.000056s ]
INFO: [ app_init ] --END-- [ RunTime:0.001346s ]
INFO: [ app_begin ] --START--
INFO: Run Behavior\ReadHtmlCacheBehavior [ RunTime:0.001688s ]
INFO: [ app_begin ] --END-- [ RunTime:0.001954s ]
ERR: 无法加载控制器:Public

[ 2016-12-26T16:35:25+08:00 ] 127.0.0.1 /smile/Public/bs/fonts/glyphicons-halflings-regular.ttf
INFO: [ app_init ] --START--
INFO: Run Behavior\BuildLiteBehavior [ RunTime:0.000040s ]
INFO: [ app_init ] --END-- [ RunTime:0.001401s ]
INFO: [ app_begin ] --START--
INFO: Run Behavior\ReadHtmlCacheBehavior [ RunTime:0.001428s ]
INFO: [ app_begin ] --END-- [ RunTime:0.001620s ]
ERR: 无法加载控制器:Public

[ 2016-12-26T16:35:45+08:00 ] 127.0.0.1 /smile/Public/bs/fonts/glyphicons-halflings-regular.woff
INFO: [ app_init ] --START--
INFO: Run Behavior\BuildLiteBehavior [ RunTime:0.000046s ]
INFO: [ app_init ] --END-- [ RunTime:0.001106s ]
INFO: [ app_begin ] --START--
INFO: Run Behavior\ReadHtmlCacheBehavior [ RunTime:0.001407s ]
INFO: [ app_begin ] --END-- [ RunTime:0.001605s ]
ERR: 无法加载控制器:Public

[ 2016-12-26T16:35:45+08:00 ] 127.0.0.1 /smile/Public/bs/fonts/glyphicons-halflings-regular.ttf
INFO: [ app_init ] --START--
INFO: Run Behavior\BuildLiteBehavior [ RunTime:0.000037s ]
INFO: [ app_init ] --END-- [ RunTime:0.001124s ]
INFO: [ app_begin ] --START--
INFO: Run Behavior\ReadHtmlCacheBehavior [ RunTime:0.001787s ]
INFO: [ app_begin ] --END-- [ RunTime:0.002007s ]
ERR: 无法加载控制器:Public

[ 2016-12-26T16:45:57+08:00 ] 127.0.0.1 /smile/Public/bs/fonts/glyphicons-halflings-regular.woff
INFO: [ app_init ] --START--
INFO: Run Behavior\BuildLiteBehavior [ RunTime:0.000036s ]
INFO: [ app_init ] --END-- [ RunTime:0.001086s ]
INFO: [ app_begin ] --START--
INFO: Run Behavior\ReadHtmlCacheBehavior [ RunTime:0.002161s ]
INFO: [ app_begin ] --END-- [ RunTime:0.002333s ]
ERR: 无法加载控制器:Public

[ 2016-12-26T16:45:58+08:00 ] 127.0.0.1 /smile/Public/bs/fonts/glyphicons-halflings-regular.ttf
INFO: [ app_init ] --START--
INFO: Run Behavior\BuildLiteBehavior [ RunTime:0.000036s ]
INFO: [ app_init ] --END-- [ RunTime:0.001073s ]
INFO: [ app_begin ] --START--
INFO: Run Behavior\ReadHtmlCacheBehavior [ RunTime:0.002301s ]
INFO: [ app_begin ] --END-- [ RunTime:0.002485s ]
ERR: 无法加载控制器:Public

[ 2016-12-26T16:47:56+08:00 ] 127.0.0.1 /smile/Public/bs/fonts/glyphicons-halflings-regular.woff
INFO: [ app_init ] --START--
INFO: Run Behavior\BuildLiteBehavior [ RunTime:0.000041s ]
INFO: [ app_init ] --END-- [ RunTime:0.001142s ]
INFO: [ app_begin ] --START--
INFO: Run Behavior\ReadHtmlCacheBehavior [ RunTime:0.004169s ]
INFO: [ app_begin ] --END-- [ RunTime:0.004404s ]
ERR: 无法加载控制器:Public

[ 2016-12-26T16:47:56+08:00 ] 127.0.0.1 /smile/Public/bs/fonts/glyphicons-halflings-regular.ttf
INFO: [ app_init ] --START--
INFO: Run Behavior\BuildLiteBehavior [ RunTime:0.000036s ]
INFO: [ app_init ] --END-- [ RunTime:0.001203s ]
INFO: [ app_begin ] --START--
INFO: Run Behavior\ReadHtmlCacheBehavior [ RunTime:0.002627s ]
INFO: [ app_begin ] --END-- [ RunTime:0.002814s ]
ERR: 无法加载控制器:Public

[ 2016-12-26T16:49:21+08:00 ] 127.0.0.1 /smile/Public/bs/fonts/glyphicons-halflings-regular.woff
INFO: [ app_init ] --START--
INFO: Run Behavior\BuildLiteBehavior [ RunTime:0.000037s ]
INFO: [ app_init ] --END-- [ RunTime:0.001086s ]
INFO: [ app_begin ] --START--
INFO: Run Behavior\ReadHtmlCacheBehavior [ RunTime:0.002279s ]
INFO: [ app_begin ] --END-- [ RunTime:0.002454s ]
ERR: 无法加载控制器:Public

[ 2016-12-26T16:49:21+08:00 ] 127.0.0.1 /smile/Public/bs/fonts/glyphicons-halflings-regular.ttf
INFO: [ app_init ] --START--
INFO: Run Behavior\BuildLiteBehavior [ RunTime:0.000038s ]
INFO: [ app_init ] --END-- [ RunTime:0.001151s ]
INFO: [ app_begin ] --START--
INFO: Run Behavior\ReadHtmlCacheBehavior [ RunTime:0.002219s ]
INFO: [ app_begin ] --END-- [ RunTime:0.002396s ]
ERR: 无法加载控制器:Public

[ 2016-12-26T16:49:34+08:00 ] 127.0.0.1 /smile/Public/bs/fonts/glyphicons-halflings-regular.woff
INFO: [ app_init ] --START--
INFO: Run Behavior\BuildLiteBehavior [ RunTime:0.000039s ]
INFO: [ app_init ] --END-- [ RunTime:0.001340s ]
INFO: [ app_begin ] --START--
INFO: Run Behavior\ReadHtmlCacheBehavior [ RunTime:0.002322s ]
INFO: [ app_begin ] --END-- [ RunTime:0.002503s ]
ERR: 无法加载控制器:Public

[ 2016-12-26T16:49:35+08:00 ] 127.0.0.1 /smile/Public/bs/fonts/glyphicons-halflings-regular.ttf
INFO: [ app_init ] --START--
INFO: Run Behavior\BuildLiteBehavior [ RunTime:0.000162s ]
INFO: [ app_init ] --END-- [ RunTime:0.001669s ]
INFO: [ app_begin ] --START--
INFO: Run Behavior\ReadHtmlCacheBehavior [ RunTime:0.002147s ]
INFO: [ app_begin ] --END-- [ RunTime:0.002329s ]
ERR: 无法加载控制器:Public

[ 2016-12-26T17:17:31+08:00 ] 127.0.0.1 /smile/Public/bs/fonts/glyphicons-halflings-regular.woff
INFO: [ app_init ] --START--
INFO: Run Behavior\BuildLiteBehavior [ RunTime:0.000039s ]
INFO: [ app_init ] --END-- [ RunTime:0.001583s ]
INFO: [ app_begin ] --START--
INFO: Run Behavior\ReadHtmlCacheBehavior [ RunTime:0.002833s ]
INFO: [ app_begin ] --END-- [ RunTime:0.003009s ]
ERR: 无法加载控制器:Public

[ 2016-12-26T17:17:32+08:00 ] 127.0.0.1 /smile/Public/bs/fonts/glyphicons-halflings-regular.ttf
INFO: [ app_init ] --START--
INFO: Run Behavior\BuildLiteBehavior [ RunTime:0.000037s ]
INFO: [ app_init ] --END-- [ RunTime:0.001942s ]
INFO: [ app_begin ] --START--
INFO: Run Behavior\ReadHtmlCacheBehavior [ RunTime:0.008179s ]
INFO: [ app_begin ] --END-- [ RunTime:0.008378s ]
ERR: 无法加载控制器:Public

[ 2016-12-26T17:17:36+08:00 ] 127.0.0.1 /smile/Public/bs/fonts/glyphicons-halflings-regular.woff
INFO: [ app_init ] --START--
INFO: Run Behavior\BuildLiteBehavior [ RunTime:0.000037s ]
INFO: [ app_init ] --END-- [ RunTime:0.001592s ]
INFO: [ app_begin ] --START--
INFO: Run Behavior\ReadHtmlCacheBehavior [ RunTime:0.004430s ]
INFO: [ app_begin ] --END-- [ RunTime:0.004690s ]
ERR: 无法加载控制器:Public

[ 2016-12-26T17:17:37+08:00 ] 127.0.0.1 /smile/Public/bs/fonts/glyphicons-halflings-regular.ttf
INFO: [ app_init ] --START--
INFO: Run Behavior\BuildLiteBehavior [ RunTime:0.000055s ]
INFO: [ app_init ] --END-- [ RunTime:0.005856s ]
INFO: [ app_begin ] --START--
INFO: Run Behavior\ReadHtmlCacheBehavior [ RunTime:0.003337s ]
INFO: [ app_begin ] --END-- [ RunTime:0.003517s ]
ERR: 无法加载控制器:Public

[ 2016-12-26T17:17:41+08:00 ] 127.0.0.1 /smile/Public/bs/fonts/glyphicons-halflings-regular.woff
INFO: [ app_init ] --START--
INFO: Run Behavior\BuildLiteBehavior [ RunTime:0.000040s ]
INFO: [ app_init ] --END-- [ RunTime:0.002097s ]
INFO: [ app_begin ] --START--
INFO: Run Behavior\ReadHtmlCacheBehavior [ RunTime:0.005576s ]
INFO: [ app_begin ] --END-- [ RunTime:0.005839s ]
ERR: 无法加载控制器:Public

[ 2016-12-26T17:17:42+08:00 ] 127.0.0.1 /smile/Public/bs/fonts/glyphicons-halflings-regular.ttf
INFO: [ app_init ] --START--
INFO: Run Behavior\BuildLiteBehavior [ RunTime:0.000036s ]
INFO: [ app_init ] --END-- [ RunTime:0.001388s ]
INFO: [ app_begin ] --START--
INFO: Run Behavior\ReadHtmlCacheBehavior [ RunTime:0.006143s ]
INFO: [ app_begin ] --END-- [ RunTime:0.006438s ]
ERR: 无法加载控制器:Public

[ 2016-12-26T17:17:47+08:00 ] 127.0.0.1 /smile/Public/bs/fonts/glyphicons-halflings-regular.woff
INFO: [ app_init ] --START--
INFO: Run Behavior\BuildLiteBehavior [ RunTime:0.000040s ]
INFO: [ app_init ] --END-- [ RunTime:0.001959s ]
INFO: [ app_begin ] --START--
INFO: Run Behavior\ReadHtmlCacheBehavior [ RunTime:0.002698s ]
INFO: [ app_begin ] --END-- [ RunTime:0.002883s ]
ERR: 无法加载控制器:Public

[ 2016-12-26T17:17:47+08:00 ] 127.0.0.1 /smile/Public/bs/fonts/glyphicons-halflings-regular.ttf
INFO: [ app_init ] --START--
INFO: Run Behavior\BuildLiteBehavior [ RunTime:0.000040s ]
INFO: [ app_init ] --END-- [ RunTime:0.002957s ]
INFO: [ app_begin ] --START--
INFO: Run Behavior\ReadHtmlCacheBehavior [ RunTime:0.005125s ]
INFO: [ app_begin ] --END-- [ RunTime:0.005508s ]
ERR: 无法加载控制器:Public

[ 2016-12-26T17:17:58+08:00 ] ::1 /smile/Public/uploads/2016-11-25/image4.jpg
INFO: [ app_init ] --START--
INFO: Run Behavior\BuildLiteBehavior [ RunTime:0.000039s ]
INFO: [ app_init ] --END-- [ RunTime:0.001950s ]

[ 2016-12-26T17:17:59+08:00 ] 127.0.0.1 /smile/Public/bs/fonts/glyphicons-halflings-regular.woff
INFO: [ app_init ] --START--
INFO: Run Behavior\BuildLiteBehavior [ RunTime:0.000067s ]
INFO: [ app_init ] --END-- [ RunTime:0.001251s ]
INFO: [ app_begin ] --START--
INFO: Run Behavior\ReadHtmlCacheBehavior [ RunTime:0.002459s ]
INFO: [ app_begin ] --END-- [ RunTime:0.002674s ]
ERR: 无法加载控制器:Public

[ 2016-12-26T17:17:59+08:00 ] 127.0.0.1 /smile/Public/bs/fonts/glyphicons-halflings-regular.ttf
INFO: [ app_init ] --START--
INFO: Run Behavior\BuildLiteBehavior [ RunTime:0.000038s ]
INFO: [ app_init ] --END-- [ RunTime:0.001170s ]
INFO: [ app_begin ] --START--
INFO: Run Behavior\ReadHtmlCacheBehavior [ RunTime:0.003726s ]
INFO: [ app_begin ] --END-- [ RunTime:0.003922s ]
ERR: 无法加载控制器:Public

[ 2016-12-26T17:21:05+08:00 ] ::1 /smile/Public/uploads/2016-11-25/image4.jpg
INFO: [ app_init ] --START--
INFO: Run Behavior\BuildLiteBehavior [ RunTime:0.000049s ]
INFO: [ app_init ] --END-- [ RunTime:0.002056s ]

[ 2016-12-26T17:21:06+08:00 ] 127.0.0.1 /smile/Public/bs/fonts/glyphicons-halflings-regular.woff
INFO: [ app_init ] --START--
INFO: Run Behavior\BuildLiteBehavior [ RunTime:0.000072s ]
INFO: [ app_init ] --END-- [ RunTime:0.001590s ]
INFO: [ app_begin ] --START--
INFO: Run Behavior\ReadHtmlCacheBehavior [ RunTime:0.002523s ]
INFO: [ app_begin ] --END-- [ RunTime:0.002709s ]
ERR: 无法加载控制器:Public

[ 2016-12-26T17:21:06+08:00 ] 127.0.0.1 /smile/Public/bs/fonts/glyphicons-halflings-regular.ttf
INFO: [ app_init ] --START--
INFO: Run Behavior\BuildLiteBehavior [ RunTime:0.000042s ]
INFO: [ app_init ] --END-- [ RunTime:0.001559s ]
INFO: [ app_begin ] --START--
INFO: Run Behavior\ReadHtmlCacheBehavior [ RunTime:0.002575s ]
INFO: [ app_begin ] --END-- [ RunTime:0.002770s ]
ERR: 无法加载控制器:Public

[ 2016-12-26T17:22:42+08:00 ] ::1 /smile/Public/uploads/2016-11-25/image4.jpg
INFO: [ app_init ] --START--
INFO: Run Behavior\BuildLiteBehavior [ RunTime:0.000037s ]
INFO: [ app_init ] --END-- [ RunTime:0.001150s ]

[ 2016-12-26T17:22:57+08:00 ] ::1 /smile/Public/uploads/2016-11-25/image4.jpg
INFO: [ app_init ] --START--
INFO: Run Behavior\BuildLiteBehavior [ RunTime:0.000109s ]
INFO: [ app_init ] --END-- [ RunTime:0.003172s ]

[ 2016-12-26T17:23:32+08:00 ] ::1 /smile/Public/uploads/2016-11-25/image4.jpg
INFO: [ app_init ] --START--
INFO: Run Behavior\BuildLiteBehavior [ RunTime:0.000037s ]
INFO: [ app_init ] --END-- [ RunTime:0.001342s ]

[ 2016-12-26T17:28:58+08:00 ] 127.0.0.1 /smile/Public/uploads/2016-12-18/1002-148203008733442.jpg
INFO: [ app_init ] --START--
INFO: Run Behavior\BuildLiteBehavior [ RunTime:0.000035s ]
INFO: [ app_init ] --END-- [ RunTime:0.001052s ]

[ 2016-12-26T17:28:58+08:00 ] ::1 /smile/Public/uploads/2016-11-25/image4.jpg
INFO: [ app_init ] --START--
INFO: Run Behavior\BuildLiteBehavior [ RunTime:0.000035s ]
INFO: [ app_init ] --END-- [ RunTime:0.014722s ]

[ 2016-12-26T17:28:58+08:00 ] 127.0.0.1 /smile/Public/uploads/2016-12-16/1002-148188057293627.png
INFO: [ app_init ] --START--
INFO: Run Behavior\BuildLiteBehavior [ RunTime:0.000038s ]
INFO: [ app_init ] --END-- [ RunTime:0.013728s ]

[ 2016-12-26T17:28:58+08:00 ] 127.0.0.1 /smile/Public/uploads/2016-12-16/1002-148187990250860.png
INFO: [ app_init ] --START--
INFO: Run Behavior\BuildLiteBehavior [ RunTime:0.000040s ]
INFO: [ app_init ] --END-- [ RunTime:0.001484s ]

[ 2016-12-26T17:30:58+08:00 ] 127.0.0.1 /smile/Public/uploads/2016-12-18/1002-148203008733442.jpg
INFO: [ app_init ] --START--
INFO: Run Behavior\BuildLiteBehavior [ RunTime:0.000080s ]
INFO: [ app_init ] --END-- [ RunTime:0.002309s ]

[ 2016-12-26T17:30:58+08:00 ] 127.0.0.1 /smile/Public/uploads/2016-12-16/1002-148187990250860.png
INFO: [ app_init ] --START--
INFO: Run Behavior\BuildLiteBehavior [ RunTime:0.000046s ]
INFO: [ app_init ] --END-- [ RunTime:0.001072s ]

[ 2016-12-26T17:30:58+08:00 ] 127.0.0.1 /smile/Public/uploads/2016-12-16/1002-148188057293627.png
INFO: [ app_init ] --START--
INFO: Run Behavior\BuildLiteBehavior [ RunTime:0.000038s ]
INFO: [ app_init ] --END-- [ RunTime:0.001370s ]

[ 2016-12-26T17:30:58+08:00 ] ::1 /smile/Public/uploads/2016-11-25/image4.jpg
INFO: [ app_init ] --START--
INFO: Run Behavior\BuildLiteBehavior [ RunTime:0.000037s ]
INFO: [ app_init ] --END-- [ RunTime:0.001424s ]

[ 2016-12-26T17:32:06+08:00 ] ::1 /smile/Public/uploads/2016-11-25/image4.jpg
INFO: [ app_init ] --START--
INFO: Run Behavior\BuildLiteBehavior [ RunTime:0.000048s ]
INFO: [ app_init ] --END-- [ RunTime:0.003446s ]

[ 2016-12-26T17:32:33+08:00 ] ::1 /smile/Public/uploads/2016-11-25/image4.jpg
INFO: [ app_init ] --START--
INFO: Run Behavior\BuildLiteBehavior [ RunTime:0.000180s ]
INFO: [ app_init ] --END-- [ RunTime:0.003419s ]

[ 2016-12-26T17:33:37+08:00 ] ::1 /smile/Public/uploads/2016-11-25/image4.jpg
INFO: [ app_init ] --START--
INFO: Run Behavior\BuildLiteBehavior [ RunTime:0.000037s ]
INFO: [ app_init ] --END-- [ RunTime:0.001466s ]

[ 2016-12-26T17:34:05+08:00 ] ::1 /smile/Public/uploads/2016-11-25/image4.jpg
INFO: [ app_init ] --START--
INFO: Run Behavior\BuildLiteBehavior [ RunTime:0.000036s ]
INFO: [ app_init ] --END-- [ RunTime:0.001176s ]

[ 2016-12-26T17:34:35+08:00 ] ::1 /smile/Public/uploads/2016-11-25/image4.jpg
INFO: [ app_init ] --START--
INFO: Run Behavior\BuildLiteBehavior [ RunTime:0.000037s ]
INFO: [ app_init ] --END-- [ RunTime:0.001346s ]

[ 2016-12-26T17:35:13+08:00 ] ::1 /smile/Public/uploads/2016-11-25/image4.jpg
INFO: [ app_init ] --START--
INFO: Run Behavior\BuildLiteBehavior [ RunTime:0.000036s ]
INFO: [ app_init ] --END-- [ RunTime:0.001059s ]

[ 2016-12-26T17:35:48+08:00 ] ::1 /smile/Public/uploads/2016-11-25/image4.jpg
INFO: [ app_init ] --START--
INFO: Run Behavior\BuildLiteBehavior [ RunTime:0.000038s ]
INFO: [ app_init ] --END-- [ RunTime:0.001388s ]

[ 2016-12-26T17:36:22+08:00 ] ::1 /smile/Public/uploads/2016-11-25/image4.jpg
INFO: [ app_init ] --START--
INFO: Run Behavior\BuildLiteBehavior [ RunTime:0.000038s ]
INFO: [ app_init ] --END-- [ RunTime:0.001180s ]

[ 2016-12-26T17:38:04+08:00 ] ::1 /smile/Public/uploads/2016-11-25/image4.jpg
INFO: [ app_init ] --START--
INFO: Run Behavior\BuildLiteBehavior [ RunTime:0.000037s ]
INFO: [ app_init ] --END-- [ RunTime:0.001436s ]

[ 2016-12-26T17:38:39+08:00 ] ::1 /smile/Public/uploads/2016-11-25/image4.jpg
INFO: [ app_init ] --START--
INFO: Run Behavior\BuildLiteBehavior [ RunTime:0.000047s ]
INFO: [ app_init ] --END-- [ RunTime:0.001167s ]

[ 2016-12-26T17:39:01+08:00 ] ::1 /smile/Public/uploads/2016-11-25/image4.jpg
INFO: [ app_init ] --START--
INFO: Run Behavior\BuildLiteBehavior [ RunTime:0.000048s ]
INFO: [ app_init ] --END-- [ RunTime:0.001027s ]

[ 2016-12-26T17:39:28+08:00 ] ::1 /smile/Public/uploads/2016-11-25/image4.jpg
INFO: [ app_init ] --START--
INFO: Run Behavior\BuildLiteBehavior [ RunTime:0.000038s ]
INFO: [ app_init ] --END-- [ RunTime:0.001471s ]

[ 2016-12-26T17:39:56+08:00 ] ::1 /smile/Public/uploads/2016-11-25/image4.jpg
INFO: [ app_init ] --START--
INFO: Run Behavior\BuildLiteBehavior [ RunTime:0.000038s ]
INFO: [ app_init ] --END-- [ RunTime:0.001471s ]

[ 2016-12-26T17:40:06+08:00 ] ::1 /smile/Public/uploads/2016-11-25/image4.jpg
INFO: [ app_init ] --START--
INFO: Run Behavior\BuildLiteBehavior [ RunTime:0.000040s ]
INFO: [ app_init ] --END-- [ RunTime:0.001497s ]

[ 2016-12-26T17:40:21+08:00 ] ::1 /smile/Public/uploads/2016-11-25/image4.jpg
INFO: [ app_init ] --START--
INFO: Run Behavior\BuildLiteBehavior [ RunTime:0.000037s ]
INFO: [ app_init ] --END-- [ RunTime:0.001367s ]

[ 2016-12-26T17:40:45+08:00 ] ::1 /smile/Public/uploads/2016-11-25/image4.jpg
INFO: [ app_init ] --START--
INFO: Run Behavior\BuildLiteBehavior [ RunTime:0.000038s ]
INFO: [ app_init ] --END-- [ RunTime:0.001256s ]

[ 2016-12-26T17:40:56+08:00 ] ::1 /smile/Public/uploads/2016-11-25/image4.jpg
INFO: [ app_init ] --START--
INFO: Run Behavior\BuildLiteBehavior [ RunTime:0.000038s ]
INFO: [ app_init ] --END-- [ RunTime:0.001433s ]

[ 2016-12-26T17:41:35+08:00 ] ::1 /smile/Public/uploads/2016-11-25/image4.jpg
INFO: [ app_init ] --START--
INFO: Run Behavior\BuildLiteBehavior [ RunTime:0.000036s ]
INFO: [ app_init ] --END-- [ RunTime:0.001408s ]

[ 2016-12-26T17:41:57+08:00 ] ::1 /smile/Public/uploads/2016-11-25/image4.jpg
INFO: [ app_init ] --START--
INFO: Run Behavior\BuildLiteBehavior [ RunTime:0.000038s ]
INFO: [ app_init ] --END-- [ RunTime:0.001485s ]

[ 2016-12-26T17:42:32+08:00 ] ::1 /smile/Public/uploads/2016-11-25/image4.jpg
INFO: [ app_init ] --START--
INFO: Run Behavior\BuildLiteBehavior [ RunTime:0.000040s ]
INFO: [ app_init ] --END-- [ RunTime:0.001474s ]

[ 2016-12-26T17:42:51+08:00 ] ::1 /smile/Public/uploads/2016-11-25/image4.jpg
INFO: [ app_init ] --START--
INFO: Run Behavior\BuildLiteBehavior [ RunTime:0.000097s ]
INFO: [ app_init ] --END-- [ RunTime:0.002932s ]

[ 2016-12-26T17:44:27+08:00 ] ::1 /smile/Public/uploads/2016-11-25/image4.jpg
INFO: [ app_init ] --START--
INFO: Run Behavior\BuildLiteBehavior [ RunTime:0.000038s ]
INFO: [ app_init ] --END-- [ RunTime:0.001183s ]

[ 2016-12-26T17:44:54+08:00 ] ::1 /smile/Public/uploads/2016-11-25/image4.jpg
INFO: [ app_init ] --START--
INFO: Run Behavior\BuildLiteBehavior [ RunTime:0.000035s ]
INFO: [ app_init ] --END-- [ RunTime:0.001392s ]

[ 2016-12-26T17:45:04+08:00 ] ::1 /smile/Public/uploads/2016-11-25/image4.jpg
INFO: [ app_init ] --START--
INFO: Run Behavior\BuildLiteBehavior [ RunTime:0.000039s ]
INFO: [ app_init ] --END-- [ RunTime:0.001838s ]

[ 2016-12-26T17:45:13+08:00 ] ::1 /smile/Public/uploads/2016-11-25/image4.jpg
INFO: [ app_init ] --START--
INFO: Run Behavior\BuildLiteBehavior [ RunTime:0.000040s ]
INFO: [ app_init ] --END-- [ RunTime:0.011362s ]

[ 2016-12-26T17:45:26+08:00 ] ::1 /smile/Public/uploads/2016-11-25/image4.jpg
INFO: [ app_init ] --START--
INFO: Run Behavior\BuildLiteBehavior [ RunTime:0.000037s ]
INFO: [ app_init ] --END-- [ RunTime:0.001044s ]

[ 2016-12-26T17:46:21+08:00 ] ::1 /smile/Public/uploads/2016-11-25/image4.jpg
INFO: [ app_init ] --START--
INFO: Run Behavior\BuildLiteBehavior [ RunTime:0.000038s ]
INFO: [ app_init ] --END-- [ RunTime:0.001497s ]

[ 2016-12-26T17:46:30+08:00 ] ::1 /smile/Public/uploads/2016-11-25/image4.jpg
INFO: [ app_init ] --START--
INFO: Run Behavior\BuildLiteBehavior [ RunTime:0.000038s ]
INFO: [ app_init ] --END-- [ RunTime:0.001412s ]

[ 2016-12-26T17:46:44+08:00 ] ::1 /smile/Public/uploads/2016-11-25/image4.jpg
INFO: [ app_init ] --START--
INFO: Run Behavior\BuildLiteBehavior [ RunTime:0.000035s ]
INFO: [ app_init ] --END-- [ RunTime:0.001382s ]

[ 2016-12-26T17:47:12+08:00 ] ::1 /smile/Public/uploads/2016-11-25/image4.jpg
INFO: [ app_init ] --START--
INFO: Run Behavior\BuildLiteBehavior [ RunTime:0.000038s ]
INFO: [ app_init ] --END-- [ RunTime:0.001596s ]

[ 2016-12-26T17:48:00+08:00 ] ::1 /smile/Public/uploads/2016-11-25/image4.jpg
INFO: [ app_init ] --START--
INFO: Run Behavior\BuildLiteBehavior [ RunTime:0.000037s ]
INFO: [ app_init ] --END-- [ RunTime:0.001142s ]

[ 2016-12-26T17:48:11+08:00 ] ::1 /smile/Public/uploads/2016-11-25/image4.jpg
INFO: [ app_init ] --START--
INFO: Run Behavior\BuildLiteBehavior [ RunTime:0.000039s ]
INFO: [ app_init ] --END-- [ RunTime:0.001486s ]

[ 2016-12-26T17:49:25+08:00 ] ::1 /smile/Public/uploads/2016-11-25/image4.jpg
INFO: [ app_init ] --START--
INFO: Run Behavior\BuildLiteBehavior [ RunTime:0.000040s ]
INFO: [ app_init ] --END-- [ RunTime:0.001614s ]

[ 2016-12-26T17:49:38+08:00 ] ::1 /smile/Public/uploads/2016-11-25/image4.jpg
INFO: [ app_init ] --START--
INFO: Run Behavior\BuildLiteBehavior [ RunTime:0.000043s ]
INFO: [ app_init ] --END-- [ RunTime:0.002669s ]

[ 2016-12-26T17:49:56+08:00 ] ::1 /smile/Public/uploads/2016-11-25/image4.jpg
INFO: [ app_init ] --START--
INFO: Run Behavior\BuildLiteBehavior [ RunTime:0.000040s ]
INFO: [ app_init ] --END-- [ RunTime:0.001446s ]

[ 2016-12-26T17:50:39+08:00 ] ::1 /smile/Public/uploads/2016-11-25/image4.jpg
INFO: [ app_init ] --START--
INFO: Run Behavior\BuildLiteBehavior [ RunTime:0.000040s ]
INFO: [ app_init ] --END-- [ RunTime:0.001116s ]

[ 2016-12-26T17:51:09+08:00 ] ::1 /smile/Public/uploads/2016-11-25/image4.jpg
INFO: [ app_init ] --START--
INFO: Run Behavior\BuildLiteBehavior [ RunTime:0.000036s ]
INFO: [ app_init ] --END-- [ RunTime:0.001379s ]

[ 2016-12-26T17:52:54+08:00 ] ::1 /smile/Public/uploads/2016-11-25/image4.jpg
INFO: [ app_init ] --START--
INFO: Run Behavior\BuildLiteBehavior [ RunTime:0.000035s ]
INFO: [ app_init ] --END-- [ RunTime:0.001496s ]

[ 2016-12-26T17:53:04+08:00 ] ::1 /smile/Public/uploads/2016-11-25/image4.jpg
INFO: [ app_init ] --START--
INFO: Run Behavior\BuildLiteBehavior [ RunTime:0.000038s ]
INFO: [ app_init ] --END-- [ RunTime:0.001017s ]

[ 2016-12-26T17:53:05+08:00 ] ::1 /smile/Public/uploads/2016-11-25/image4.jpg
INFO: [ app_init ] --START--
INFO: Run Behavior\BuildLiteBehavior [ RunTime:0.000038s ]
INFO: [ app_init ] --END-- [ RunTime:0.001235s ]

[ 2016-12-26T17:55:15+08:00 ] ::1 /smile/Public/uploads/2016-11-25/image4.jpg
INFO: [ app_init ] --START--
INFO: Run Behavior\BuildLiteBehavior [ RunTime:0.000040s ]
INFO: [ app_init ] --END-- [ RunTime:0.001279s ]

[ 2016-12-26T17:55:16+08:00 ] ::1 /smile/Public/uploads/2016-11-25/image4.jpg
INFO: [ app_init ] --START--
INFO: Run Behavior\BuildLiteBehavior [ RunTime:0.000038s ]
INFO: [ app_init ] --END-- [ RunTime:0.001111s ]

[ 2016-12-26T17:56:25+08:00 ] ::1 /smile/Public/uploads/2016-11-25/image4.jpg
INFO: [ app_init ] --START--
INFO: Run Behavior\BuildLiteBehavior [ RunTime:0.000040s ]
INFO: [ app_init ] --END-- [ RunTime:0.005069s ]

[ 2016-12-26T17:56:26+08:00 ] ::1 /smile/Public/uploads/2016-11-25/image4.jpg
INFO: [ app_init ] --START--
INFO: Run Behavior\BuildLiteBehavior [ RunTime:0.000037s ]
INFO: [ app_init ] --END-- [ RunTime:0.001078s ]

[ 2016-12-26T17:58:17+08:00 ] ::1 /smile/Public/uploads/2016-11-25/image4.jpg
INFO: [ app_init ] --START--
INFO: Run Behavior\BuildLiteBehavior [ RunTime:0.000037s ]
INFO: [ app_init ] --END-- [ RunTime:0.001446s ]

[ 2016-12-26T17:58:18+08:00 ] ::1 /smile/Public/uploads/2016-11-25/image4.jpg
INFO: [ app_init ] --START--
INFO: Run Behavior\BuildLiteBehavior [ RunTime:0.000036s ]
INFO: [ app_init ] --END-- [ RunTime:0.001655s ]

[ 2016-12-26T18:01:47+08:00 ] ::1 /smile/Public/uploads/2016-11-25/image4.jpg
INFO: [ app_init ] --START--
INFO: Run Behavior\BuildLiteBehavior [ RunTime:0.000037s ]
INFO: [ app_init ] --END-- [ RunTime:0.001349s ]

[ 2016-12-26T18:01:48+08:00 ] ::1 /smile/Public/uploads/2016-11-25/image4.jpg
INFO: [ app_init ] --START--
INFO: Run Behavior\BuildLiteBehavior [ RunTime:0.000035s ]
INFO: [ app_init ] --END-- [ RunTime:0.001094s ]

[ 2016-12-26T18:04:21+08:00 ] ::1 /smile/Public/uploads/2016-11-25/image4.jpg
INFO: [ app_init ] --START--
INFO: Run Behavior\BuildLiteBehavior [ RunTime:0.000041s ]
INFO: [ app_init ] --END-- [ RunTime:0.001272s ]

[ 2016-12-26T18:04:22+08:00 ] ::1 /smile/Public/uploads/2016-11-25/image4.jpg
INFO: [ app_init ] --START--
INFO: Run Behavior\BuildLiteBehavior [ RunTime:0.000034s ]
INFO: [ app_init ] --END-- [ RunTime:0.001017s ]

[ 2016-12-26T18:04:42+08:00 ] 127.0.0.1 /smile/Public/uploads/2016-12-16/1002-148188057293627.png
INFO: [ app_init ] --START--
INFO: Run Behavior\BuildLiteBehavior [ RunTime:0.000038s ]
INFO: [ app_init ] --END-- [ RunTime:0.001177s ]

[ 2016-12-26T18:04:42+08:00 ] 127.0.0.1 /smile/Public/uploads/2016-12-16/1002-148187990250860.png
INFO: [ app_init ] --START--
INFO: Run Behavior\BuildLiteBehavior [ RunTime:0.000040s ]
INFO: [ app_init ] --END-- [ RunTime:0.005644s ]

[ 2016-12-26T18:04:43+08:00 ] 127.0.0.1 /smile/Public/uploads/2016-12-16/1002-148188057293627.png
INFO: [ app_init ] --START--
INFO: Run Behavior\BuildLiteBehavior [ RunTime:0.000041s ]
INFO: [ app_init ] --END-- [ RunTime:0.001204s ]

[ 2016-12-26T18:04:43+08:00 ] 127.0.0.1 /smile/Public/uploads/2016-12-16/1002-148187990250860.png
INFO: [ app_init ] --START--
INFO: Run Behavior\BuildLiteBehavior [ RunTime:0.000047s ]
INFO: [ app_init ] --END-- [ RunTime:0.001270s ]

[ 2016-12-26T18:05:17+08:00 ] 127.0.0.1 /smile/Public/uploads/2016-12-18/1002-148203008733442.jpg
INFO: [ app_init ] --START--
INFO: Run Behavior\BuildLiteBehavior [ RunTime:0.000035s ]
INFO: [ app_init ] --END-- [ RunTime:0.001098s ]

[ 2016-12-26T18:05:17+08:00 ] 127.0.0.1 /smile/Public/uploads/2016-12-16/1002-148188057293627.png
INFO: [ app_init ] --START--
INFO: Run Behavior\BuildLiteBehavior [ RunTime:0.000041s ]
INFO: [ app_init ] --END-- [ RunTime:0.001282s ]

[ 2016-12-26T18:05:17+08:00 ] ::1 /smile/Public/uploads/2016-11-25/image4.jpg
INFO: [ app_init ] --START--
INFO: Run Behavior\BuildLiteBehavior [ RunTime:0.000039s ]
INFO: [ app_init ] --END-- [ RunTime:0.001176s ]

[ 2016-12-26T18:05:17+08:00 ] 127.0.0.1 /smile/Public/uploads/2016-12-16/1002-148187990250860.png
INFO: [ app_init ] --START--
INFO: Run Behavior\BuildLiteBehavior [ RunTime:0.000038s ]
INFO: [ app_init ] --END-- [ RunTime:0.001470s ]

[ 2016-12-26T18:05:17+08:00 ] 127.0.0.1 /smile/Public/uploads/2016-12-16/1002-148188057293627.png
INFO: [ app_init ] --START--
INFO: Run Behavior\BuildLiteBehavior [ RunTime:0.000036s ]
INFO: [ app_init ] --END-- [ RunTime:0.000962s ]

[ 2016-12-26T18:05:17+08:00 ] ::1 /smile/Public/uploads/2016-11-25/image4.jpg
INFO: [ app_init ] --START--
INFO: Run Behavior\BuildLiteBehavior [ RunTime:0.000035s ]
INFO: [ app_init ] --END-- [ RunTime:0.000982s ]

[ 2016-12-26T18:05:17+08:00 ] 127.0.0.1 /smile/Public/uploads/2016-12-18/1002-148203008733442.jpg
INFO: [ app_init ] --START--
INFO: Run Behavior\BuildLiteBehavior [ RunTime:0.000067s ]
INFO: [ app_init ] --END-- [ RunTime:0.003852s ]

[ 2016-12-26T18:05:17+08:00 ] 127.0.0.1 /smile/Public/uploads/2016-12-16/1002-148187990250860.png
INFO: [ app_init ] --START--
INFO: Run Behavior\BuildLiteBehavior [ RunTime:0.000039s ]
INFO: [ app_init ] --END-- [ RunTime:0.001174s ]

[ 2016-12-26T18:05:18+08:00 ] ::1 /smile/Public/uploads/2016-11-25/1002-148177303531670.png
INFO: [ app_init ] --START--
INFO: Run Behavior\BuildLiteBehavior [ RunTime:0.000040s ]
INFO: [ app_init ] --END-- [ RunTime:0.001463s ]

[ 2016-12-26T18:05:18+08:00 ] ::1 /smile/Public/uploads/2016-11-25/1003-148178503186387.png
INFO: [ app_init ] --START--
INFO: Run Behavior\BuildLiteBehavior [ RunTime:0.000051s ]
INFO: [ app_init ] --END-- [ RunTime:0.001998s ]

[ 2016-12-26T18:05:19+08:00 ] ::1 /smile/Public/uploads/2016-11-25/1002-148177272772830.png
INFO: [ app_init ] --START--
INFO: Run Behavior\BuildLiteBehavior [ RunTime:0.000108s ]
INFO: [ app_init ] --END-- [ RunTime:0.001876s ]

[ 2016-12-26T18:05:59+08:00 ] 127.0.0.1 /smile/Public/uploads/2016-12-18/1002-148203008733442.jpg
INFO: [ app_init ] --START--
INFO: Run Behavior\BuildLiteBehavior [ RunTime:0.000043s ]
INFO: [ app_init ] --END-- [ RunTime:0.001293s ]

[ 2016-12-26T18:05:59+08:00 ] ::1 /smile/Public/uploads/2016-11-25/image4.jpg
INFO: [ app_init ] --START--
INFO: Run Behavior\BuildLiteBehavior [ RunTime:0.000083s ]
INFO: [ app_init ] --END-- [ RunTime:0.001492s ]

Time:0.001223s ]

[ 2016-12-26T18:05:59+08:00 ] 127.0.0.1 /smile/Public/uploads/2016-12-16/1002-148187990250860.png
INFO: [ app_init ] --START--
INFO: Run Behavior\BuildLiteBehavior [ RunTime:0.000041s ]
INFO: [ app_init ] --END-- [ RunTime:0.001128s ]

[ 2016-12-26T18:05:59+08:00 ] ::1 /smile/Public/uploads/2016-11-25/1002-148177272772830.png
INFO: [ app_init ] --START--
INFO: Run Behavior\BuildLiteBehavior [ RunTime:0.000036s ]
INFO: [ app_init ] --END-- [ RunTime:0.001274s ]

[ 2016-12-26T18:05:59+08:00 ] ::1 /smile/Public/uploads/2016-11-25/1003-148178503186387.png
INFO: [ app_init ] --START--
INFO: Run Behavior\BuildLiteBehavior [ RunTime:0.000035s ]
INFO: [ app_init ] --END-- [ RunTime:0.001042s ]

[ 2016-12-26T18:05:59+08:00 ] ::1 /smile/Public/uploads/2016-11-25/1002-148177303531670.png
INFO: [ app_init ] --START--
INFO: Run Behavior\BuildLiteBehavior [ RunTime:0.000035s ]
INFO: [ app_init ] --END-- [ RunTime:0.001074s ]

[ 2016-12-26T18:05:59+08:00 ] 127.0.0.1 /smile/Public/uploads/2016-12-18/1002-148203008733442.jpg
INFO: [ app_init ] --START--
INFO: Run Behavior\BuildLiteBehavior [ RunTime:0.000046s ]
INFO: [ app_init ] --END-- [ RunTime:0.001585s ]

[ 2016-12-26T18:05:59+08:00 ] 127.0.0.1 /smile/Public/uploads/2016-12-16/1002-148188057293627.png
INFO: [ app_init ] --START--
INFO: Run Behavior\BuildLiteBehavior [ RunTime:0.000041s ]
INFO: [ app_init ] --END-- [ RunTime:0.001156s ]

[ 2016-12-26T18:06:00+08:00 ] ::1 /smile/Public/uploads/2016-11-25/1002-148177303531670.png
INFO: [ app_init ] --START--
INFO: Run Behavior\BuildLiteBehavior [ RunTime:0.001366s ]
INFO: [ app_init ] --END-- [ RunTime:0.003497s ]

[ 2016-12-26T18:06:00+08:00 ] 127.0.0.1 /smile/Public/uploads/2016-12-16/1002-148187990250860.png
INFO: [ app_init ] --START--
INFO: Run Behavior\BuildLiteBehavior [ RunTime:0.000043s ]
INFO: [ app_init ] --END-- [ RunTime:0.001353s ]

[ 2016-12-26T18:06:00+08:00 ] ::1 /smile/Public/uploads/2016-11-25/1003-148178503186387.png
INFO: [ app_init ] --START--
INFO: Run Behavior\BuildLiteBehavior [ RunTime:0.000040s ]
INFO: [ app_init ] --END-- [ RunTime:0.001966s ]

[ 2016-12-26T18:06:00+08:00 ] ::1 /smile/Public/uploads/2016-11-25/image4.jpg
INFO: [ app_init ] --START--
INFO: Run Behavior\BuildLiteBehavior [ RunTime:0.000039s ]
INFO: [ app_init ] --END-- [ RunTime:0.001611s ]

[ 2016-12-26T18:06:00+08:00 ] ::1 /smile/Public/uploads/2016-11-25/1002-148177272772830.png
INFO: [ app_init ] --START--
INFO: Run Behavior\BuildLiteBehavior [ RunTime:0.000039s ]
INFO: [ app_init ] --END-- [ RunTime:0.001152s ]

[ 2016-12-26T18:06:07+08:00 ] ::1 /smile/Public/uploads/2016-11-25/image4.jpg
INFO: [ app_init ] --START--
INFO: Run Behavior\BuildLiteBehavior [ RunTime:0.000279s ]
INFO: [ app_init ] --END-- [ RunTime:0.003284s ]

[ 2016-12-26T18:06:08+08:00 ] 127.0.0.1 /smile/Public/bs/fonts/glyphicons-halflings-regular.woff
INFO: [ app_init ] --START--
INFO: Run Behavior\BuildLiteBehavior [ RunTime:0.000042s ]
INFO: [ app_init ] --END-- [ RunTime:0.001359s ]
INFO: [ app_begin ] --START--
INFO: Run Behavior\ReadHtmlCacheBehavior [ RunTime:0.003445s ]
INFO: [ app_begin ] --END-- [ RunTime:0.003625s ]
ERR: 无法加载控制器:Public

[ 2016-12-26T18:06:08+08:00 ] 127.0.0.1 /smile/Public/bs/fonts/glyphicons-halflings-regular.ttf
INFO: [ app_init ] --START--
INFO: Run Behavior\BuildLiteBehavior [ RunTime:0.000039s ]
INFO: [ app_init ] --END-- [ RunTime:0.001314s ]
INFO: [ app_begin ] --START--
INFO: Run Behavior\ReadHtmlCacheBehavior [ RunTime:0.004276s ]
INFO: [ app_begin ] --END-- [ RunTime:0.004454s ]
ERR: 无法加载控制器:Public

[ 2016-12-26T18:06:12+08:00 ] 127.0.0.1 /smile/Public/bs/fonts/glyphicons-halflings-regular.woff
INFO: [ app_init ] --START--
INFO: Run Behavior\BuildLiteBehavior [ RunTime:0.000039s ]
INFO: [ app_init ] --END-- [ RunTime:0.001335s ]
INFO: [ app_begin ] --START--
INFO: Run Behavior\ReadHtmlCacheBehavior [ RunTime:0.005433s ]
INFO: [ app_begin ] --END-- [ RunTime:0.005657s ]
ERR: 无法加载控制器:Public

[ 2016-12-26T18:06:13+08:00 ] 127.0.0.1 /smile/Public/bs/fonts/glyphicons-halflings-regular.ttf
INFO: [ app_init ] --START--
INFO: Run Behavior\BuildLiteBehavior [ RunTime:0.000036s ]
INFO: [ app_init ] --END-- [ RunTime:0.001177s ]
INFO: [ app_begin ] --START--
INFO: Run Behavior\ReadHtmlCacheBehavior [ RunTime:0.003687s ]
INFO: [ app_begin ] --END-- [ RunTime:0.003883s ]
ERR: 无法加载控制器:Public

[ 2016-12-26T18:06:18+08:00 ] ::1 /smile/Public/uploads/2016-11-25/image4.jpg
INFO: [ app_init ] --START--
INFO: Run Behavior\BuildLiteBehavior [ RunTime:0.000034s ]
INFO: [ app_init ] --END-- [ RunTime:0.001020s ]

[ 2016-12-26T18:06:18+08:00 ] ::1 /smile/Public/uploads/2016-11-25/1002-148177272772830.png
INFO: [ app_init ] --START--
INFO: Run Behavior\BuildLiteBehavior [ RunTime:0.000039s ]
INFO: [ app_init ] --END-- [ RunTime:0.001169s ]

[ 2016-12-26T18:06:18+08:00 ] ::1 /smile/Public/uploads/2016-11-25/1003-148178503186387.png
INFO: [ app_init ] --START--
INFO: Run Behavior\BuildLiteBehavior [ RunTime:0.000036s ]
INFO: [ app_init ] --END-- [ RunTime:0.001046s ]

[ 2016-12-26T18:06:18+08:00 ] ::1 /smile/Public/uploads/2016-11-25/1002-148177303531670.png
INFO: [ app_init ] --START--
INFO: Run Behavior\BuildLiteBehavior [ RunTime:0.000037s ]
INFO: [ app_init ] --END-- [ RunTime:0.001572s ]

[ 2016-12-26T18:06:18+08:00 ] ::1 /smile/Public/uploads/2016-11-25/1002-148177272772830.png
INFO: [ app_init ] --START--
INFO: Run Behavior\BuildLiteBehavior [ RunTime:0.000036s ]
INFO: [ app_init ] --END-- [ RunTime:0.001102s ]

[ 2016-12-26T18:06:18+08:00 ] ::1 /smile/Public/uploads/2016-11-25/1003-148178503186387.png
INFO: [ app_init ] --START--
INFO: Run Behavior\BuildLiteBehavior [ RunTime:0.000037s ]
INFO: [ app_init ] --END-- [ RunTime:0.001029s ]

[ 2016-12-26T18:06:18+08:00 ] ::1 /smile/Public/uploads/2016-11-25/1002-148177303531670.png
INFO: [ app_init ] --START--
INFO: Run Behavior\BuildLiteBehavior [ RunTime:0.000039s ]
INFO: [ app_init ] --END-- [ RunTime:0.001117s ]

[ 2016-12-26T18:06:18+08:00 ] ::1 /smile/Public/uploads/2016-11-25/image4.jpg
INFO: [ app_init ] --START--
INFO: Run Behavior\BuildLiteBehavior [ RunTime:0.000040s ]
INFO: [ app_init ] --END-- [ RunTime:0.001955s ]

[ 2016-12-26T18:06:36+08:00 ] ::1 /smile/Public/uploads/2016-11-25/image4.jpg
INFO: [ app_init ] --START--
INFO: Run Behavior\BuildLiteBehavior [ RunTime:0.000125s ]
INFO: [ app_init ] --END-- [ RunTime:0.002139s ]

[ 2016-12-26T18:06:36+08:00 ] ::1 /smile/Public/uploads/2016-11-25/1003-148178503186387.png
INFO: [ app_init ] --START--
INFO: Run Behavior\BuildLiteBehavior [ RunTime:0.000037s ]
INFO: [ app_init ] --END-- [ RunTime:0.001337s ]

[ 2016-12-26T18:06:36+08:00 ] ::1 /smile/Public/uploads/2016-11-25/1002-148177303531670.png
INFO: [ app_init ] --START--
INFO: Run Behavior\BuildLiteBehavior [ RunTime:0.000039s ]
INFO: [ app_init ] --END-- [ RunTime:0.001377s ]

[ 2016-12-26T18:06:36+08:00 ] ::1 /smile/Public/uploads/2016-11-25/1002-148177272772830.png
INFO: [ app_init ] --START--
INFO: Run Behavior\BuildLiteBehavior [ RunTime:0.000037s ]
INFO: [ app_init ] --END-- [ RunTime:0.003866s ]

[ 2016-12-26T18:06:36+08:00 ] ::1 /smile/Public/uploads/2016-11-25/1002-148177272772830.png
INFO: [ app_init ] --START--
INFO: Run Behavior\BuildLiteBehavior [ RunTime:0.000038s ]
INFO: [ app_init ] --END-- [ RunTime:0.001091s ]

[ 2016-12-26T18:06:36+08:00 ] ::1 /smile/Public/uploads/2016-11-25/1003-148178503186387.png
INFO: [ app_init ] --START--
INFO: Run Behavior\BuildLiteBehavior [ RunTime:0.000035s ]
INFO: [ app_init ] --END-- [ RunTime:0.001309s ]

[ 2016-12-26T18:06:36+08:00 ] ::1 /smile/Public/uploads/2016-11-25/image4.jpg
INFO: [ app_init ] --START--
INFO: Run Behavior\BuildLiteBehavior [ RunTime:0.000035s ]
INFO: [ app_init ] --END-- [ RunTime:0.001231s ]

[ 2016-12-26T18:06:36+08:00 ] ::1 /smile/Public/uploads/2016-11-25/1002-148177303531670.png
INFO: [ app_init ] --START--
INFO: Run Behavior\BuildLiteBehavior [ RunTime:0.000038s ]
INFO: [ app_init ] --END-- [ RunTime:0.001225s ]

[ 2016-12-26T18:09:22+08:00 ] ::1 /smile/Public/uploads/2016-11-25/image4.jpg
INFO: [ app_init ] --START--
INFO: Run Behavior\BuildLiteBehavior [ RunTime:0.000036s ]
INFO: [ app_init ] --END-- [ RunTime:0.001659s ]

[ 2016-12-26T18:09:22+08:00 ] ::1 /smile/Public/uploads/2016-11-25/1003-148178503186387.png
INFO: [ app_init ] --START--
INFO: Run Behavior\BuildLiteBehavior [ RunTime:0.000041s ]
INFO: [ app_init ] --END-- [ RunTime:0.001411s ]

[ 2016-12-26T18:09:22+08:00 ] ::1 /smile/Public/uploads/2016-11-25/1002-148177272772830.png
INFO: [ app_init ] --START--
INFO: Run Behavior\BuildLiteBehavior [ RunTime:0.000040s ]
INFO: [ app_init ] --END-- [ RunTime:0.001691s ]

[ 2016-12-26T18:09:22+08:00 ] ::1 /smile/Public/uploads/2016-11-25/1002-148177303531670.png
INFO: [ app_init ] --START--
INFO: Run Behavior\BuildLiteBehavior [ RunTime:0.000040s ]
INFO: [ app_init ] --END-- [ RunTime:0.001508s ]

[ 2016-12-26T18:09:23+08:00 ] ::1 /smile/Public/uploads/2016-11-25/1003-148178503186387.png
INFO: [ app_init ] --START--
INFO: Run Behavior\BuildLiteBehavior [ RunTime:0.000036s ]
INFO: [ app_init ] --END-- [ RunTime:0.000998s ]

[ 2016-12-26T18:09:23+08:00 ] ::1 /smile/Public/uploads/2016-11-25/1002-148177272772830.png
INFO: [ app_init ] --START--
INFO: Run Behavior\BuildLiteBehavior [ RunTime:0.000036s ]
INFO: [ app_init ] --END-- [ RunTime:0.000994s ]

[ 2016-12-26T18:09:23+08:00 ] ::1 /smile/Public/uploads/2016-11-25/1002-148177303531670.png
INFO: [ app_init ] --START--
INFO: Run Behavior\BuildLiteBehavior [ RunTime:0.000036s ]
INFO: [ app_init ] --END-- [ RunTime:0.001496s ]

[ 2016-12-26T18:09:23+08:00 ] ::1 /smile/Public/uploads/2016-11-25/image4.jpg
INFO: [ app_init ] --START--
INFO: Run Behavior\BuildLiteBehavior [ RunTime:0.000038s ]
INFO: [ app_init ] --END-- [ RunTime:0.001200s ]

[ 2016-12-26T18:10:29+08:00 ] ::1 /smile/Public/uploads/2016-11-25/image4.jpg
INFO: [ app_init ] --START--
INFO: Run Behavior\BuildLiteBehavior [ RunTime:0.000035s ]
INFO: [ app_init ] --END-- [ RunTime:0.001142s ]

[ 2016-12-26T18:10:29+08:00 ] ::1 /smile/Public/uploads/2016-11-25/1002-148177272772830.png
INFO: [ app_init ] --START--
INFO: Run Behavior\BuildLiteBehavior [ RunTime:0.000037s ]
INFO: [ app_init ] --END-- [ RunTime:0.000991s ]

[ 2016-12-26T18:10:29+08:00 ] ::1 /smile/Public/uploads/2016-11-25/1003-148178503186387.png
INFO: [ app_init ] --START--
INFO: Run Behavior\BuildLiteBehavior [ RunTime:0.000043s ]
INFO: [ app_init ] --END-- [ RunTime:0.001442s ]

[ 2016-12-26T18:10:29+08:00 ] ::1 /smile/Public/uploads/2016-11-25/1002-148177303531670.png
INFO: [ app_init ] --START--
INFO: Run Behavior\BuildLiteBehavior [ RunTime:0.000038s ]
INFO: [ app_init ] --END-- [ RunTime:0.001205s ]

[ 2016-12-26T18:10:30+08:00 ] ::1 /smile/Public/uploads/2016-11-25/image4.jpg
INFO: [ app_init ] --START--
INFO: Run Behavior\BuildLiteBehavior [ RunTime:0.000037s ]
INFO: [ app_init ] --END-- [ RunTime:0.000984s ]

[ 2016-12-26T18:10:30+08:00 ] ::1 /smile/Public/uploads/2016-11-25/1002-148177303531670.png
INFO: [ app_init ] --START--
INFO: Run Behavior\BuildLiteBehavior [ RunTime:0.000039s ]
INFO: [ app_init ] --END-- [ RunTime:0.001869s ]

[ 2016-12-26T18:10:30+08:00 ] ::1 /smile/Public/uploads/2016-11-25/1002-148177272772830.png
INFO: [ app_init ] --START--
INFO: Run Behavior\BuildLiteBehavior [ RunTime:0.000035s ]
INFO: [ app_init ] --END-- [ RunTime:0.000942s ]

[ 2016-12-26T18:10:30+08:00 ] ::1 /smile/Public/uploads/2016-11-25/1003-148178503186387.png
INFO: [ app_init ] --START--
INFO: Run Behavior\BuildLiteBehavior [ RunTime:0.000037s ]
INFO: [ app_init ] --END-- [ RunTime:0.002619s ]

[ 2016-12-26T18:14:10+08:00 ] ::1 /smile/Public/uploads/2016-11-25/1002-148177272772830.png
INFO: [ app_init ] --START--
INFO: Run Behavior\BuildLiteBehavior [ RunTime:0.000040s ]
INFO: [ app_init ] --END-- [ RunTime:0.001650s ]

[ 2016-12-26T18:14:10+08:00 ] ::1 /smile/Public/uploads/2016-11-25/1003-148178503186387.png
INFO: [ app_init ] --START--
INFO: Run Behavior\BuildLiteBehavior [ RunTime:0.000037s ]
INFO: [ app_init ] --END-- [ RunTime:0.001262s ]

[ 2016-12-26T18:14:10+08:00 ] ::1 /smile/Public/uploads/2016-11-25/image4.jpg
INFO: [ app_init ] --START--
INFO: Run Behavior\BuildLiteBehavior [ RunTime:0.000034s ]
INFO: [ app_init ] --END-- [ RunTime:0.001397s ]

[ 2016-12-26T18:14:10+08:00 ] ::1 /smile/Public/uploads/2016-11-25/1002-148177303531670.png
INFO: [ app_init ] --START--
INFO: Run Behavior\BuildLiteBehavior [ RunTime:0.000038s ]
INFO: [ app_init ] --END-- [ RunTime:0.001761s ]

[ 2016-12-26T18:14:11+08:00 ] ::1 /smile/Public/uploads/2016-11-25/image4.jpg
INFO: [ app_init ] --START--
INFO: Run Behavior\BuildLiteBehavior [ RunTime:0.000038s ]
INFO: [ app_init ] --END-- [ RunTime:0.001141s ]

[ 2016-12-26T18:14:11+08:00 ] ::1 /smile/Public/uploads/2016-11-25/1003-148178503186387.png
INFO: [ app_init ] --START--
INFO: Run Behavior\BuildLiteBehavior [ RunTime:0.000036s ]
INFO: [ app_init ] --END-- [ RunTime:0.001189s ]

[ 2016-12-26T18:14:11+08:00 ] ::1 /smile/Public/uploads/2016-11-25/1002-148177303531670.png
INFO: [ app_init ] --START--
INFO: Run Behavior\BuildLiteBehavior [ RunTime:0.000039s ]
INFO: [ app_init ] --END-- [ RunTime:0.002864s ]

[ 2016-12-26T18:14:11+08:00 ] ::1 /smile/Public/uploads/2016-11-25/1002-148177272772830.png
INFO: [ app_init ] --START--
INFO: Run Behavior\BuildLiteBehavior [ RunTime:0.000039s ]
INFO: [ app_init ] --END-- [ RunTime:0.001195s ]

[ 2016-12-26T18:15:30+08:00 ] 127.0.0.1 /smile/Public/uploads/2016-12-16/1002-148187990250860.png
INFO: [ app_init ] --START--
INFO: Run Behavior\BuildLiteBehavior [ RunTime:0.000037s ]
INFO: [ app_init ] --END-- [ RunTime:0.000997s ]

[ 2016-12-26T18:15:30+08:00 ] ::1 /smile/Public/uploads/2016-11-25/image4.jpg
INFO: [ app_init ] --START--
INFO: Run Behavior\BuildLiteBehavior [ RunTime:0.000039s ]
INFO: [ app_init ] --END-- [ RunTime:0.001993s ]

[ 2016-12-26T18:15:31+08:00 ] 127.0.0.1 /smile/Public/uploads/2016-12-16/1002-148187990250860.png
INFO: [ app_init ] --START--
INFO: Run Behavior\BuildLiteBehavior [ RunTime:0.000036s ]
INFO: [ app_init ] --END-- [ RunTime:0.001002s ]

[ 2016-12-26T18:15:31+08:00 ] ::1 /smile/Public/uploads/2016-11-25/image4.jpg
INFO: [ app_init ] --START--
INFO: Run Behavior\BuildLiteBehavior [ RunTime:0.000043s ]
INFO: [ app_init ] --END-- [ RunTime:0.002427s ]

[ 2016-12-26T18:15:46+08:00 ] ::1 /smile/Public/uploads/2016-11-25/1002-148177272772830.png
INFO: [ app_init ] --START--
INFO: Run Behavior\BuildLiteBehavior [ RunTime:0.000037s ]
INFO: [ app_init ] --END-- [ RunTime:0.001020s ]

[ 2016-12-26T18:15:46+08:00 ] ::1 /smile/Public/uploads/2016-11-25/1002-148177272772830.png
INFO: [ app_init ] --START--
INFO: Run Behavior\BuildLiteBehavior [ RunTime:0.000108s ]
INFO: [ app_init ] --END-- [ RunTime:0.001457s ]

[ 2016-12-26T18:15:53+08:00 ] ::1 /smile/Public/uploads/2016-11-25/1003-148178503186387.png
INFO: [ app_init ] --START--
INFO: Run Behavior\BuildLiteBehavior [ RunTime:0.000039s ]
INFO: [ app_init ] --END-- [ RunTime:0.001307s ]

[ 2016-12-26T18:15:54+08:00 ] ::1 /smile/Public/uploads/2016-11-25/1002-148177303531670.png
INFO: [ app_init ] --START--
INFO: Run Behavior\BuildLiteBehavior [ RunTime:0.000038s ]
INFO: [ app_init ] --END-- [ RunTime:0.001217s ]

[ 2016-12-26T18:15:54+08:00 ] ::1 /smile/Public/uploads/2016-11-25/image4.jpg
INFO: [ app_init ] --START--
INFO: Run Behavior\BuildLiteBehavior [ RunTime:0.000037s ]
INFO: [ app_init ] --END-- [ RunTime:0.001460s ]

[ 2016-12-26T18:15:54+08:00 ] ::1 /smile/Public/uploads/2016-11-25/1002-148177272772830.png
INFO: [ app_init ] --START--
INFO: Run Behavior\BuildLiteBehavior [ RunTime:0.000035s ]
INFO: [ app_init ] --END-- [ RunTime:0.001007s ]

[ 2016-12-26T18:15:54+08:00 ] ::1 /smile/Public/uploads/2016-11-25/1002-148177303531670.png
INFO: [ app_init ] --START--
INFO: Run Behavior\BuildLiteBehavior [ RunTime:0.000040s ]
INFO: [ app_init ] --END-- [ RunTime:0.001163s ]

[ 2016-12-26T18:15:54+08:00 ] ::1 /smile/Public/uploads/2016-11-25/image4.jpg
INFO: [ app_init ] --START--
INFO: Run Behavior\BuildLiteBehavior [ RunTime:0.000036s ]
INFO: [ app_init ] --END-- [ RunTime:0.000917s ]

[ 2016-12-26T18:15:54+08:00 ] ::1 /smile/Public/uploads/2016-11-25/1002-148177272772830.png
INFO: [ app_init ] --START--
INFO: Run Behavior\BuildLiteBehavior [ RunTime:0.000036s ]
INFO: [ app_init ] --END-- [ RunTime:0.001321s ]

[ 2016-12-26T18:15:54+08:00 ] ::1 /smile/Public/uploads/2016-11-25/1003-148178503186387.png
INFO: [ app_init ] --START--
INFO: Run Behavior\BuildLiteBehavior [ RunTime:0.000040s ]
INFO: [ app_init ] --END-- [ RunTime:0.001682s ]

[ 2016-12-26T18:16:19+08:00 ] 127.0.0.1 /smile/Public/bs/fonts/glyphicons-halflings-regular.woff
INFO: [ app_init ] --START--
INFO: Run Behavior\BuildLiteBehavior [ RunTime:0.000039s ]
INFO: [ app_init ] --END-- [ RunTime:0.001071s ]
INFO: [ app_begin ] --START--
INFO: Run Behavior\ReadHtmlCacheBehavior [ RunTime:0.001697s ]
INFO: [ app_begin ] --END-- [ RunTime:0.001902s ]
ERR: 无法加载控制器:Public

[ 2016-12-26T18:16:20+08:00 ] 127.0.0.1 /smile/Public/bs/fonts/glyphicons-halflings-regular.ttf
INFO: [ app_init ] --START--
INFO: Run Behavior\BuildLiteBehavior [ RunTime:0.000040s ]
INFO: [ app_init ] --END-- [ RunTime:0.001229s ]
INFO: [ app_begin ] --START--
INFO: Run Behavior\ReadHtmlCacheBehavior [ RunTime:0.001655s ]
INFO: [ app_begin ] --END-- [ RunTime:0.001907s ]
ERR: 无法加载控制器:Public

[ 2016-12-26T18:17:16+08:00 ] 127.0.0.1 /smile/Public/bs/fonts/glyphicons-halflings-regular.woff
INFO: [ app_init ] --START--
INFO: Run Behavior\BuildLiteBehavior [ RunTime:0.000039s ]
INFO: [ app_init ] --END-- [ RunTime:0.001082s ]
INFO: [ app_begin ] --START--
INFO: Run Behavior\ReadHtmlCacheBehavior [ RunTime:0.002271s ]
INFO: [ app_begin ] --END-- [ RunTime:0.002455s ]
ERR: 无法加载控制器:Public

[ 2016-12-26T18:17:16+08:00 ] 127.0.0.1 /smile/Public/bs/fonts/glyphicons-halflings-regular.ttf
INFO: [ app_init ] --START--
INFO: Run Behavior\BuildLiteBehavior [ RunTime:0.000038s ]
INFO: [ app_init ] --END-- [ RunTime:0.001340s ]
INFO: [ app_begin ] --START--
INFO: Run Behavior\ReadHtmlCacheBehavior [ RunTime:0.001294s ]
INFO: [ app_begin ] --END-- [ RunTime:0.001472s ]
ERR: 无法加载控制器:Public

