[ 2017-01-12T14:08:12+08:00 ] 127.0.0.1 /smile/
INFO: [ app_init ] --START--
INFO: Run Behavior\BuildLiteBehavior [ RunTime:0.000034s ]
INFO: [ app_init ] --END-- [ RunTime:0.001638s ]
INFO: [ app_begin ] --START--
INFO: Run Behavior\ReadHtmlCacheBehavior [ RunTime:0.002084s ]
INFO: [ app_begin ] --END-- [ RunTime:0.002243s ]
SQL: SHOW COLUMNS FROM `sml_setup` [ RunTime:0.2274s ]
SQL: SELECT * FROM `sml_setup` WHERE ( id=1 ) LIMIT 1   [ RunTime:0.0781s ]
SQL: SHOW COLUMNS FROM `sml_article` [ RunTime:0.0761s ]
SQL: SHOW COLUMNS FROM `sml_article` [ RunTime:0.0224s ]
SQL: SELECT `id`,`title`,`pic`,`indeximg` FROM `sml_article` WHERE ( isdel = 0 and indeximg = 1 ) ORDER BY sort asc  [ RunTime:0.1271s ]
SQL: SHOW COLUMNS FROM `sml_assets` [ RunTime:0.0189s ]
SQL: SHOW COLUMNS FROM `sml_assets` [ RunTime:0.0101s ]
SQL: SELECT `id`,`domain`,`savepath`,`savename` FROM `sml_assets` WHERE (  id in (23) and IsDel = 0  )  [ RunTime:0.0008s ]
SQL: SHOW COLUMNS FROM `sml_cate` [ RunTime:0.0106s ]
NOTIC: [8] Undefined index: cid E:\xampp\htdocs\smile\Application\Home\Model\ArticleModel.class.php 第 19 行.
SQL: SELECT `name` FROM `sml_cate` WHERE ( id = ''  ) LIMIT 1   [ RunTime:0.0181s ]
SQL: SHOW COLUMNS FROM `sml_users` [ RunTime:0.0249s ]
NOTIC: [8] Undefined index: uid E:\xampp\htdocs\smile\Application\Home\Model\ArticleModel.class.php 第 20 行.
SQL: SELECT `contact` FROM `sml_users` WHERE ( id='' ) LIMIT 1   [ RunTime:0.0009s ]
SQL: SELECT `id`,`domain`,`savepath`,`savename` FROM `sml_assets` WHERE (  id in (4) and IsDel = 0  )  [ RunTime:0.0008s ]
NOTIC: [8] Undefined index: cid E:\xampp\htdocs\smile\Application\Home\Model\ArticleModel.class.php 第 19 行.
SQL: SELECT `name` FROM `sml_cate` WHERE ( id = ''  ) LIMIT 1   [ RunTime:0.0007s ]
NOTIC: [8] Undefined index: uid E:\xampp\htdocs\smile\Application\Home\Model\ArticleModel.class.php 第 20 行.
SQL: SELECT `contact` FROM `sml_users` WHERE ( id='' ) LIMIT 1   [ RunTime:0.0008s ]
SQL: SELECT `id`,`domain`,`savepath`,`savename` FROM `sml_assets` WHERE (  id in (9) and IsDel = 0  )  [ RunTime:0.0008s ]
NOTIC: [8] Undefined index: cid E:\xampp\htdocs\smile\Application\Home\Model\ArticleModel.class.php 第 19 行.
SQL: SELECT `name` FROM `sml_cate` WHERE ( id = ''  ) LIMIT 1   [ RunTime:0.0006s ]
NOTIC: [8] Undefined index: uid E:\xampp\htdocs\smile\Application\Home\Model\ArticleModel.class.php 第 20 行.
SQL: SELECT `contact` FROM `sml_users` WHERE ( id='' ) LIMIT 1   [ RunTime:0.0013s ]
SQL: SELECT `id`,`domain`,`savepath`,`savename` FROM `sml_assets` WHERE (  id in (7) and IsDel = 0  )  [ RunTime:0.0011s ]
NOTIC: [8] Undefined index: cid E:\xampp\htdocs\smile\Application\Home\Model\ArticleModel.class.php 第 19 行.
SQL: SELECT `name` FROM `sml_cate` WHERE ( id = ''  ) LIMIT 1   [ RunTime:0.0008s ]
NOTIC: [8] Undefined index: uid E:\xampp\htdocs\smile\Application\Home\Model\ArticleModel.class.php 第 20 行.
SQL: SELECT `contact` FROM `sml_users` WHERE ( id='' ) LIMIT 1   [ RunTime:0.0007s ]
SQL: SELECT `id`,`domain`,`savepath`,`savename` FROM `sml_assets` WHERE (  id in (1) and IsDel = 0  )  [ RunTime:0.0008s ]
NOTIC: [8] Undefined index: cid E:\xampp\htdocs\smile\Application\Home\Model\ArticleModel.class.php 第 19 行.
SQL: SELECT `name` FROM `sml_cate` WHERE ( id = ''  ) LIMIT 1   [ RunTime:0.0007s ]
NOTIC: [8] Undefined index: uid E:\xampp\htdocs\smile\Application\Home\Model\ArticleModel.class.php 第 20 行.
SQL: SELECT `contact` FROM `sml_users` WHERE ( id='' ) LIMIT 1   [ RunTime:0.0008s ]
SQL: SELECT * FROM `sml_cate` WHERE ( isdel = 0 )  [ RunTime:0.0010s ]
SQL: SELECT COUNT(*) AS tp_count FROM `sml_article` WHERE ( cid = '1'  ) LIMIT 1   [ RunTime:0.0120s ]
SQL: SELECT COUNT(*) AS tp_count FROM `sml_article` WHERE ( cid = '2'  ) LIMIT 1   [ RunTime:0.0007s ]
SQL: SELECT COUNT(*) AS tp_count FROM `sml_article` WHERE ( cid = '3'  ) LIMIT 1   [ RunTime:0.0008s ]
SQL: SELECT COUNT(*) AS tp_count FROM `sml_article` WHERE ( cid = '4'  ) LIMIT 1   [ RunTime:0.0008s ]
SQL: SELECT COUNT(*) AS tp_count FROM `sml_article` WHERE ( cid = '5'  ) LIMIT 1   [ RunTime:0.0007s ]
SQL: SELECT COUNT(*) AS tp_count FROM `sml_article` WHERE ( cid = '6'  ) LIMIT 1   [ RunTime:0.0007s ]
SQL: SELECT COUNT(*) AS tp_count FROM `sml_article` WHERE ( cid = '7'  ) LIMIT 1   [ RunTime:0.0009s ]
SQL: SELECT COUNT(*) AS tp_count FROM `sml_article` WHERE ( cid = '8'  ) LIMIT 1   [ RunTime:0.0015s ]
SQL: SELECT COUNT(*) AS tp_count FROM `sml_article` WHERE ( cid = '9'  ) LIMIT 1   [ RunTime:0.0010s ]
SQL: SELECT COUNT(*) AS tp_count FROM `sml_article` WHERE ( cid = '10'  ) LIMIT 1   [ RunTime:0.0011s ]
SQL: SELECT COUNT(*) AS tp_count FROM `sml_article` WHERE ( cid = '11'  ) LIMIT 1   [ RunTime:0.0008s ]
SQL: SELECT `id`,`title`,`pic`,`viewnum`,`createtime` FROM `sml_article` WHERE ( isdel=0 ) ORDER BY createtime desc LIMIT 3   [ RunTime:0.0018s ]
SQL: SELECT `id`,`domain`,`savepath`,`savename` FROM `sml_assets` WHERE (  id in (13) and IsDel = 0  )  [ RunTime:0.0888s ]
NOTIC: [8] Undefined index: cid E:\xampp\htdocs\smile\Application\Home\Model\ArticleModel.class.php 第 19 行.
SQL: SELECT `name` FROM `sml_cate` WHERE ( id = ''  ) LIMIT 1   [ RunTime:0.0010s ]
NOTIC: [8] Undefined index: uid E:\xampp\htdocs\smile\Application\Home\Model\ArticleModel.class.php 第 20 行.
SQL: SELECT `contact` FROM `sml_users` WHERE ( id='' ) LIMIT 1   [ RunTime:0.0007s ]
SQL: SELECT `id`,`domain`,`savepath`,`savename` FROM `sml_assets` WHERE (  id in (15) and IsDel = 0  )  [ RunTime:0.0053s ]
NOTIC: [8] Undefined index: cid E:\xampp\htdocs\smile\Application\Home\Model\ArticleModel.class.php 第 19 行.
SQL: SELECT `name` FROM `sml_cate` WHERE ( id = ''  ) LIMIT 1   [ RunTime:0.0007s ]
NOTIC: [8] Undefined index: uid E:\xampp\htdocs\smile\Application\Home\Model\ArticleModel.class.php 第 20 行.
SQL: SELECT `contact` FROM `sml_users` WHERE ( id='' ) LIMIT 1   [ RunTime:0.0006s ]
SQL: SELECT `id`,`domain`,`savepath`,`savename` FROM `sml_assets` WHERE (  id in (12) and IsDel = 0  )  [ RunTime:0.0008s ]
NOTIC: [8] Undefined index: cid E:\xampp\htdocs\smile\Application\Home\Model\ArticleModel.class.php 第 19 行.
SQL: SELECT `name` FROM `sml_cate` WHERE ( id = ''  ) LIMIT 1   [ RunTime:0.0009s ]
NOTIC: [8] Undefined index: uid E:\xampp\htdocs\smile\Application\Home\Model\ArticleModel.class.php 第 20 行.
SQL: SELECT `contact` FROM `sml_users` WHERE ( id='' ) LIMIT 1   [ RunTime:0.0007s ]
SQL: SELECT * FROM `sml_article` WHERE ( isdel = 0 AND viewnum > 100  ) ORDER BY rand() LIMIT 4   [ RunTime:0.1124s ]
SQL: SELECT `id`,`domain`,`savepath`,`savename` FROM `sml_assets` WHERE (  id in (1) and IsDel = 0  )  [ RunTime:0.0006s ]
SQL: SELECT `name` FROM `sml_cate` WHERE ( id = '6'  ) LIMIT 1   [ RunTime:0.0005s ]
SQL: SELECT `contact` FROM `sml_users` WHERE ( id='1002' ) LIMIT 1   [ RunTime:0.0005s ]
SQL: SELECT `id`,`domain`,`savepath`,`savename` FROM `sml_assets` WHERE (  id in (7) and IsDel = 0  )  [ RunTime:0.0006s ]
SQL: SELECT `name` FROM `sml_cate` WHERE ( id = '11'  ) LIMIT 1   [ RunTime:0.0005s ]
SQL: SELECT `contact` FROM `sml_users` WHERE ( id='1002' ) LIMIT 1   [ RunTime:0.0005s ]
SQL: SELECT `id`,`domain`,`savepath`,`savename` FROM `sml_assets` WHERE (  id in (3) and IsDel = 0  )  [ RunTime:0.0005s ]
SQL: SELECT `name` FROM `sml_cate` WHERE ( id = '5'  ) LIMIT 1   [ RunTime:0.0006s ]
SQL: SELECT `contact` FROM `sml_users` WHERE ( id='1002' ) LIMIT 1   [ RunTime:0.0017s ]
SQL: SELECT `id`,`domain`,`savepath`,`savename` FROM `sml_assets` WHERE (  id in (4) and IsDel = 0  )  [ RunTime:0.0008s ]
SQL: SELECT `name` FROM `sml_cate` WHERE ( id = '2'  ) LIMIT 1   [ RunTime:0.0006s ]
SQL: SELECT `contact` FROM `sml_users` WHERE ( id='1002' ) LIMIT 1   [ RunTime:0.0007s ]
SQL: SHOW COLUMNS FROM `sml_frilink` [ RunTime:0.0092s ]
SQL: SELECT * FROM `sml_frilink` ORDER BY sort asc  [ RunTime:0.0009s ]
SQL: SHOW COLUMNS FROM `sml_cate` [ RunTime:0.0106s ]
SQL: SELECT `name` FROM `sml_cate` WHERE ( url like '%Index%'  ) LIMIT 1   [ RunTime:0.0015s ]
SQL: SELECT COUNT(*) AS tp_count FROM `sml_article` WHERE ( isdel=0 ) LIMIT 1   [ RunTime:0.0006s ]
SQL: SELECT * FROM `sml_article` WHERE ( isdel=0 ) ORDER BY istop desc LIMIT 0,8   [ RunTime:0.0215s ]
SQL: SELECT `id`,`domain`,`savepath`,`savename` FROM `sml_assets` WHERE (  id in (3) and IsDel = 0  )  [ RunTime:0.0008s ]
SQL: SELECT `name` FROM `sml_cate` WHERE ( id = '5'  ) LIMIT 1   [ RunTime:0.0008s ]
SQL: SELECT `contact` FROM `sml_users` WHERE ( id='1002' ) LIMIT 1   [ RunTime:0.0008s ]
SQL: SELECT `id`,`domain`,`savepath`,`savename` FROM `sml_assets` WHERE (  id in (1) and IsDel = 0  )  [ RunTime:0.0007s ]
SQL: SELECT `name` FROM `sml_cate` WHERE ( id = '6'  ) LIMIT 1   [ RunTime:0.0005s ]
SQL: SELECT `contact` FROM `sml_users` WHERE ( id='1002' ) LIMIT 1   [ RunTime:0.0006s ]
SQL: SELECT `id`,`domain`,`savepath`,`savename` FROM `sml_assets` WHERE (  id in (10) and IsDel = 0  )  [ RunTime:0.0006s ]
SQL: SELECT `name` FROM `sml_cate` WHERE ( id = '2'  ) LIMIT 1   [ RunTime:0.0006s ]
SQL: SELECT `contact` FROM `sml_users` WHERE ( id='1002' ) LIMIT 1   [ RunTime:0.0005s ]
SQL: SELECT `id`,`domain`,`savepath`,`savename` FROM `sml_assets` WHERE (  id in (23) and IsDel = 0  )  [ RunTime:0.0005s ]
SQL: SELECT `name` FROM `sml_cate` WHERE ( id = '8'  ) LIMIT 1   [ RunTime:0.0005s ]
SQL: SELECT `contact` FROM `sml_users` WHERE ( id='1001' ) LIMIT 1   [ RunTime:0.0005s ]
SQL: SELECT `id`,`domain`,`savepath`,`savename` FROM `sml_assets` WHERE (  id in (6) and IsDel = 0  )  [ RunTime:0.0005s ]
SQL: SELECT `name` FROM `sml_cate` WHERE ( id = '1'  ) LIMIT 1   [ RunTime:0.0005s ]
SQL: SELECT `contact` FROM `sml_users` WHERE ( id='1002' ) LIMIT 1   [ RunTime:0.0006s ]
SQL: SELECT `id`,`domain`,`savepath`,`savename` FROM `sml_assets` WHERE (  id in (4) and IsDel = 0  )  [ RunTime:0.0006s ]
SQL: SELECT `name` FROM `sml_cate` WHERE ( id = '2'  ) LIMIT 1   [ RunTime:0.0011s ]
SQL: SELECT `contact` FROM `sml_users` WHERE ( id='1002' ) LIMIT 1   [ RunTime:0.0010s ]
SQL: SELECT `id`,`domain`,`savepath`,`savename` FROM `sml_assets` WHERE (  id in (9) and IsDel = 0  )  [ RunTime:0.0009s ]
SQL: SELECT `name` FROM `sml_cate` WHERE ( id = '10'  ) LIMIT 1   [ RunTime:0.0006s ]
SQL: SELECT `contact` FROM `sml_users` WHERE ( id='1002' ) LIMIT 1   [ RunTime:0.0006s ]
SQL: SELECT `id`,`domain`,`savepath`,`savename` FROM `sml_assets` WHERE (  id in (7) and IsDel = 0  )  [ RunTime:0.0006s ]
SQL: SELECT `name` FROM `sml_cate` WHERE ( id = '11'  ) LIMIT 1   [ RunTime:0.0005s ]
SQL: SELECT `contact` FROM `sml_users` WHERE ( id='1002' ) LIMIT 1   [ RunTime:0.0005s ]
INFO: [ view_parse ] --START--
INFO: [ template_filter ] --START--
INFO: Run Behavior\ContentReplaceBehavior [ RunTime:0.000414s ]
INFO: [ template_filter ] --END-- [ RunTime:0.000557s ]
NOTIC: [8] Undefined index: child E:\xampp\htdocs\smile\Application\Runtime\Cache\Home\2a94b8bda04ff446dcedd42276fc99ee.php 第 69 行.
NOTIC: [8] Undefined index: child E:\xampp\htdocs\smile\Application\Runtime\Cache\Home\2a94b8bda04ff446dcedd42276fc99ee.php 第 70 行.
NOTIC: [8] Undefined index: child E:\xampp\htdocs\smile\Application\Runtime\Cache\Home\2a94b8bda04ff446dcedd42276fc99ee.php 第 72 行.
NOTIC: [8] Undefined index: child E:\xampp\htdocs\smile\Application\Runtime\Cache\Home\2a94b8bda04ff446dcedd42276fc99ee.php 第 69 行.
NOTIC: [8] Undefined index: child E:\xampp\htdocs\smile\Application\Runtime\Cache\Home\2a94b8bda04ff446dcedd42276fc99ee.php 第 70 行.
NOTIC: [8] Undefined index: child E:\xampp\htdocs\smile\Application\Runtime\Cache\Home\2a94b8bda04ff446dcedd42276fc99ee.php 第 72 行.
NOTIC: [8] Undefined index: child E:\xampp\htdocs\smile\Application\Runtime\Cache\Home\2a94b8bda04ff446dcedd42276fc99ee.php 第 69 行.
NOTIC: [8] Undefined index: child E:\xampp\htdocs\smile\Application\Runtime\Cache\Home\2a94b8bda04ff446dcedd42276fc99ee.php 第 70 行.
NOTIC: [8] Undefined index: child E:\xampp\htdocs\smile\Application\Runtime\Cache\Home\2a94b8bda04ff446dcedd42276fc99ee.php 第 72 行.
NOTIC: [8] Undefined index: user E:\xampp\htdocs\smile\Application\Runtime\Cache\Home\2a94b8bda04ff446dcedd42276fc99ee.php 第 86 行.
INFO: Run Behavior\ParseTemplateBehavior [ RunTime:0.742649s ]
INFO: [ view_parse ] --END-- [ RunTime:0.742800s ]
INFO: [ view_filter ] --START--
INFO: Run Behavior\WriteHtmlCacheBehavior [ RunTime:0.021126s ]
INFO: [ view_filter ] --END-- [ RunTime:0.021382s ]
INFO: [ app_end ] --START--
INFO: Run Behavior\ShowPageTraceBehavior [ RunTime:0.003338s ]
INFO: [ app_end ] --END-- [ RunTime:0.004169s ]

[ 2017-01-12T14:08:15+08:00 ] 127.0.0.1 /smile/Public/Home/jb.js
INFO: [ app_init ] --START--
INFO: Run Behavior\BuildLiteBehavior [ RunTime:0.000037s ]
INFO: [ app_init ] --END-- [ RunTime:0.001273s ]
INFO: [ app_begin ] --START--
INFO: Run Behavior\ReadHtmlCacheBehavior [ RunTime:0.002411s ]
INFO: [ app_begin ] --END-- [ RunTime:0.002619s ]
ERR: 无法加载控制器:Http:

[ 2017-01-12T14:08:31+08:00 ] 127.0.0.1 /smile/index.php?m=Home&c=Index&a=Search
INFO: [ app_init ] --START--
INFO: Run Behavior\BuildLiteBehavior [ RunTime:0.000036s ]
INFO: [ app_init ] --END-- [ RunTime:0.001188s ]
INFO: [ app_begin ] --START--
INFO: Run Behavior\ReadHtmlCacheBehavior [ RunTime:0.001967s ]
INFO: [ app_begin ] --END-- [ RunTime:0.002257s ]
SQL: SHOW COLUMNS FROM `sml_setup` [ RunTime:0.0111s ]
SQL: SHOW COLUMNS FROM `sml_article` [ RunTime:0.0410s ]
SQL: SHOW COLUMNS FROM `sml_article` [ RunTime:0.0115s ]
SQL: SELECT `id`,`title`,`pic`,`indeximg` FROM `sml_article` WHERE ( isdel = 0 and indeximg = 1 ) ORDER BY sort asc  [ RunTime:0.0010s ]
SQL: SHOW COLUMNS FROM `sml_assets` [ RunTime:0.0434s ]
SQL: SHOW COLUMNS FROM `sml_assets` [ RunTime:0.0120s ]
SQL: SELECT `id`,`domain`,`savepath`,`savename` FROM `sml_assets` WHERE (  id in (23) and IsDel = 0  )  [ RunTime:0.0009s ]
SQL: SHOW COLUMNS FROM `sml_cate` [ RunTime:0.0115s ]
NOTIC: [8] Undefined index: cid E:\xampp\htdocs\smile\Application\Home\Model\ArticleModel.class.php 第 19 行.
SQL: SELECT `name` FROM `sml_cate` WHERE ( id = ''  ) LIMIT 1   [ RunTime:0.0007s ]
SQL: SHOW COLUMNS FROM `sml_users` [ RunTime:0.0155s ]
NOTIC: [8] Undefined index: uid E:\xampp\htdocs\smile\Application\Home\Model\ArticleModel.class.php 第 20 行.
SQL: SELECT `contact` FROM `sml_users` WHERE ( id='' ) LIMIT 1   [ RunTime:0.0007s ]
SQL: SELECT `id`,`domain`,`savepath`,`savename` FROM `sml_assets` WHERE (  id in (4) and IsDel = 0  )  [ RunTime:0.0011s ]
NOTIC: [8] Undefined index: cid E:\xampp\htdocs\smile\Application\Home\Model\ArticleModel.class.php 第 19 行.
SQL: SELECT `name` FROM `sml_cate` WHERE ( id = ''  ) LIMIT 1   [ RunTime:0.0008s ]
NOTIC: [8] Undefined index: uid E:\xampp\htdocs\smile\Application\Home\Model\ArticleModel.class.php 第 20 行.
SQL: SELECT `contact` FROM `sml_users` WHERE ( id='' ) LIMIT 1   [ RunTime:0.0006s ]
SQL: SELECT `id`,`domain`,`savepath`,`savename` FROM `sml_assets` WHERE (  id in (9) and IsDel = 0  )  [ RunTime:0.0011s ]
NOTIC: [8] Undefined index: cid E:\xampp\htdocs\smile\Application\Home\Model\ArticleModel.class.php 第 19 行.
SQL: SELECT `name` FROM `sml_cate` WHERE ( id = ''  ) LIMIT 1   [ RunTime:0.0008s ]
NOTIC: [8] Undefined index: uid E:\xampp\htdocs\smile\Application\Home\Model\ArticleModel.class.php 第 20 行.
SQL: SELECT `contact` FROM `sml_users` WHERE ( id='' ) LIMIT 1   [ RunTime:0.0007s ]
SQL: SELECT `id`,`domain`,`savepath`,`savename` FROM `sml_assets` WHERE (  id in (7) and IsDel = 0  )  [ RunTime:0.0008s ]
NOTIC: [8] Undefined index: cid E:\xampp\htdocs\smile\Application\Home\Model\ArticleModel.class.php 第 19 行.
SQL: SELECT `name` FROM `sml_cate` WHERE ( id = ''  ) LIMIT 1   [ RunTime:0.0007s ]
NOTIC: [8] Undefined index: uid E:\xampp\htdocs\smile\Application\Home\Model\ArticleModel.class.php 第 20 行.
SQL: SELECT `contact` FROM `sml_users` WHERE ( id='' ) LIMIT 1   [ RunTime:0.0007s ]
SQL: SELECT `id`,`domain`,`savepath`,`savename` FROM `sml_assets` WHERE (  id in (1) and IsDel = 0  )  [ RunTime:0.0008s ]
NOTIC: [8] Undefined index: cid E:\xampp\htdocs\smile\Application\Home\Model\ArticleModel.class.php 第 19 行.
SQL: SELECT `name` FROM `sml_cate` WHERE ( id = ''  ) LIMIT 1   [ RunTime:0.0007s ]
NOTIC: [8] Undefined index: uid E:\xampp\htdocs\smile\Application\Home\Model\ArticleModel.class.php 第 20 行.
SQL: SELECT `contact` FROM `sml_users` WHERE ( id='' ) LIMIT 1   [ RunTime:0.0007s ]
SQL: SELECT * FROM `sml_cate` WHERE ( isdel = 0 )  [ RunTime:0.0010s ]
SQL: SELECT COUNT(*) AS tp_count FROM `sml_article` WHERE ( cid = '1'  ) LIMIT 1   [ RunTime:0.0008s ]
SQL: SELECT COUNT(*) AS tp_count FROM `sml_article` WHERE ( cid = '2'  ) LIMIT 1   [ RunTime:0.0007s ]
SQL: SELECT COUNT(*) AS tp_count FROM `sml_article` WHERE ( cid = '3'  ) LIMIT 1   [ RunTime:0.0008s ]
SQL: SELECT COUNT(*) AS tp_count FROM `sml_article` WHERE ( cid = '4'  ) LIMIT 1   [ RunTime:0.0008s ]
SQL: SELECT COUNT(*) AS tp_count FROM `sml_article` WHERE ( cid = '5'  ) LIMIT 1   [ RunTime:0.0007s ]
SQL: SELECT COUNT(*) AS tp_count FROM `sml_article` WHERE ( cid = '6'  ) LIMIT 1   [ RunTime:0.0011s ]
SQL: SELECT COUNT(*) AS tp_count FROM `sml_article` WHERE ( cid = '7'  ) LIMIT 1   [ RunTime:0.0011s ]
SQL: SELECT COUNT(*) AS tp_count FROM `sml_article` WHERE ( cid = '8'  ) LIMIT 1   [ RunTime:0.0010s ]
SQL: SELECT COUNT(*) AS tp_count FROM `sml_article` WHERE ( cid = '9'  ) LIMIT 1   [ RunTime:0.0008s ]
SQL: SELECT COUNT(*) AS tp_count FROM `sml_article` WHERE ( cid = '10'  ) LIMIT 1   [ RunTime:0.0007s ]
SQL: SELECT COUNT(*) AS tp_count FROM `sml_article` WHERE ( cid = '11'  ) LIMIT 1   [ RunTime:0.0006s ]
SQL: SELECT `id`,`title`,`pic`,`viewnum`,`createtime` FROM `sml_article` WHERE ( isdel=0 ) ORDER BY createtime desc LIMIT 3   [ RunTime:0.0008s ]
SQL: SELECT `id`,`domain`,`savepath`,`savename` FROM `sml_assets` WHERE (  id in (13) and IsDel = 0  )  [ RunTime:0.0006s ]
NOTIC: [8] Undefined index: cid E:\xampp\htdocs\smile\Application\Home\Model\ArticleModel.class.php 第 19 行.
SQL: SELECT `name` FROM `sml_cate` WHERE ( id = ''  ) LIMIT 1   [ RunTime:0.0005s ]
NOTIC: [8] Undefined index: uid E:\xampp\htdocs\smile\Application\Home\Model\ArticleModel.class.php 第 20 行.
SQL: SELECT `contact` FROM `sml_users` WHERE ( id='' ) LIMIT 1   [ RunTime:0.0005s ]
SQL: SELECT `id`,`domain`,`savepath`,`savename` FROM `sml_assets` WHERE (  id in (15) and IsDel = 0  )  [ RunTime:0.0008s ]
NOTIC: [8] Undefined index: cid E:\xampp\htdocs\smile\Application\Home\Model\ArticleModel.class.php 第 19 行.
SQL: SELECT `name` FROM `sml_cate` WHERE ( id = ''  ) LIMIT 1   [ RunTime:0.0009s ]
NOTIC: [8] Undefined index: uid E:\xampp\htdocs\smile\Application\Home\Model\ArticleModel.class.php 第 20 行.
SQL: SELECT `contact` FROM `sml_users` WHERE ( id='' ) LIMIT 1   [ RunTime:0.0008s ]
SQL: SELECT `id`,`domain`,`savepath`,`savename` FROM `sml_assets` WHERE (  id in (12) and IsDel = 0  )  [ RunTime:0.0030s ]
NOTIC: [8] Undefined index: cid E:\xampp\htdocs\smile\Application\Home\Model\ArticleModel.class.php 第 19 行.
SQL: SELECT `name` FROM `sml_cate` WHERE ( id = ''  ) LIMIT 1   [ RunTime:0.0007s ]
NOTIC: [8] Undefined index: uid E:\xampp\htdocs\smile\Application\Home\Model\ArticleModel.class.php 第 20 行.
SQL: SELECT `contact` FROM `sml_users` WHERE ( id='' ) LIMIT 1   [ RunTime:0.0006s ]
SQL: SELECT * FROM `sml_article` WHERE ( isdel = 0 AND viewnum > 100  ) ORDER BY rand() LIMIT 4   [ RunTime:0.0117s ]
SQL: SELECT `id`,`domain`,`savepath`,`savename` FROM `sml_assets` WHERE (  id in (4) and IsDel = 0  )  [ RunTime:0.0025s ]
SQL: SELECT `name` FROM `sml_cate` WHERE ( id = '2'  ) LIMIT 1   [ RunTime:0.0007s ]
SQL: SELECT `contact` FROM `sml_users` WHERE ( id='1002' ) LIMIT 1   [ RunTime:0.0007s ]
SQL: SELECT `id`,`domain`,`savepath`,`savename` FROM `sml_assets` WHERE (  id in (7) and IsDel = 0  )  [ RunTime:0.0007s ]
SQL: SELECT `name` FROM `sml_cate` WHERE ( id = '11'  ) LIMIT 1   [ RunTime:0.0006s ]
SQL: SELECT `contact` FROM `sml_users` WHERE ( id='1002' ) LIMIT 1   [ RunTime:0.0006s ]
SQL: SELECT `id`,`domain`,`savepath`,`savename` FROM `sml_assets` WHERE (  id in (10) and IsDel = 0  )  [ RunTime:0.0013s ]
SQL: SELECT `name` FROM `sml_cate` WHERE ( id = '2'  ) LIMIT 1   [ RunTime:0.0019s ]
SQL: SELECT `contact` FROM `sml_users` WHERE ( id='1002' ) LIMIT 1   [ RunTime:0.0006s ]
SQL: SELECT `id`,`domain`,`savepath`,`savename` FROM `sml_assets` WHERE (  id in (3) and IsDel = 0  )  [ RunTime:0.0007s ]
SQL: SELECT `name` FROM `sml_cate` WHERE ( id = '5'  ) LIMIT 1   [ RunTime:0.0006s ]
SQL: SELECT `contact` FROM `sml_users` WHERE ( id='1002' ) LIMIT 1   [ RunTime:0.0006s ]
SQL: SHOW COLUMNS FROM `sml_frilink` [ RunTime:0.0472s ]
SQL: SHOW COLUMNS FROM `sml_cate` [ RunTime:0.0119s ]
SQL: SELECT `name` FROM `sml_cate` WHERE ( url like '%Index%'  ) LIMIT 1   [ RunTime:0.0008s ]

[ 2017-01-12T23:49:43+08:00 ] 127.0.0.1 /smile/index.php/Hmin/Index/index
INFO: [ app_init ] --START--
INFO: Run Behavior\BuildLiteBehavior [ RunTime:0.000034s ]
INFO: [ app_init ] --END-- [ RunTime:0.022426s ]
INFO: [ app_begin ] --START--
INFO: Run Behavior\ReadHtmlCacheBehavior [ RunTime:0.002575s ]
INFO: [ app_begin ] --END-- [ RunTime:0.014623s ]
ERR: 无法加载控制器:Hmin

[ 2017-01-12T23:49:54+08:00 ] 127.0.0.1 /smile/index.php
INFO: [ app_init ] --START--
INFO: Run Behavior\BuildLiteBehavior [ RunTime:0.000039s ]
INFO: [ app_init ] --END-- [ RunTime:0.001472s ]
INFO: [ app_begin ] --START--
INFO: Run Behavior\ReadHtmlCacheBehavior [ RunTime:0.004095s ]
INFO: [ app_begin ] --END-- [ RunTime:0.004282s ]
ERR: SQLSTATE[HY000] [1049] Unknown database 'bolg'

