[ 2017-01-11T23:10:29+08:00 ] ::1 /smile/index.php?m=Home&c=Index&a=Search
INFO: [ app_init ] --START--
INFO: Run Behavior\BuildLiteBehavior [ RunTime:0.000077s ]
INFO: [ app_init ] --END-- [ RunTime:0.003236s ]
INFO: [ app_begin ] --START--
INFO: Run Behavior\ReadHtmlCacheBehavior [ RunTime:0.001325s ]
INFO: [ app_begin ] --END-- [ RunTime:0.001498s ]
SQL: SHOW COLUMNS FROM `blog_setup` [ RunTime:0.0241s ]
SQL: SHOW COLUMNS FROM `blog_article` [ RunTime:0.0107s ]
SQL: SHOW COLUMNS FROM `blog_article` [ RunTime:0.0092s ]
SQL: SELECT `id`,`title`,`pic`,`indeximg` FROM `blog_article` WHERE ( isdel = 0 and indeximg = 1 ) ORDER BY sort asc  [ RunTime:0.0012s ]
SQL: SHOW COLUMNS FROM `blog_assets` [ RunTime:0.0113s ]
SQL: SHOW COLUMNS FROM `blog_assets` [ RunTime:0.0120s ]
SQL: SELECT `id`,`domain`,`savepath`,`savename` FROM `blog_assets` WHERE (  id in (23) and IsDel = 0  )  [ RunTime:0.0009s ]
SQL: SHOW COLUMNS FROM `blog_cate` [ RunTime:0.0116s ]
NOTIC: [8] Undefined index: cid E:\xampp\htdocs\smile\Application\Home\Model\ArticleModel.class.php 第 19 行.
SQL: SELECT `name` FROM `blog_cate` WHERE ( id = ''  ) LIMIT 1   [ RunTime:0.0007s ]
SQL: SHOW COLUMNS FROM `blog_users` [ RunTime:0.0101s ]
NOTIC: [8] Undefined index: uid E:\xampp\htdocs\smile\Application\Home\Model\ArticleModel.class.php 第 20 行.
SQL: SELECT `contact` FROM `blog_users` WHERE ( id='' ) LIMIT 1   [ RunTime:0.0009s ]
SQL: SELECT `id`,`domain`,`savepath`,`savename` FROM `blog_assets` WHERE (  id in (4) and IsDel = 0  )  [ RunTime:0.0009s ]
NOTIC: [8] Undefined index: cid E:\xampp\htdocs\smile\Application\Home\Model\ArticleModel.class.php 第 19 行.
SQL: SELECT `name` FROM `blog_cate` WHERE ( id = ''  ) LIMIT 1   [ RunTime:0.0008s ]
NOTIC: [8] Undefined index: uid E:\xampp\htdocs\smile\Application\Home\Model\ArticleModel.class.php 第 20 行.
SQL: SELECT `contact` FROM `blog_users` WHERE ( id='' ) LIMIT 1   [ RunTime:0.0007s ]
SQL: SELECT `id`,`domain`,`savepath`,`savename` FROM `blog_assets` WHERE (  id in (9) and IsDel = 0  )  [ RunTime:0.0008s ]
NOTIC: [8] Undefined index: cid E:\xampp\htdocs\smile\Application\Home\Model\ArticleModel.class.php 第 19 行.
SQL: SELECT `name` FROM `blog_cate` WHERE ( id = ''  ) LIMIT 1   [ RunTime:0.0005s ]
NOTIC: [8] Undefined index: uid E:\xampp\htdocs\smile\Application\Home\Model\ArticleModel.class.php 第 20 行.
SQL: SELECT `contact` FROM `blog_users` WHERE ( id='' ) LIMIT 1   [ RunTime:0.0005s ]
SQL: SELECT `id`,`domain`,`savepath`,`savename` FROM `blog_assets` WHERE (  id in (7) and IsDel = 0  )  [ RunTime:0.0008s ]
NOTIC: [8] Undefined index: cid E:\xampp\htdocs\smile\Application\Home\Model\ArticleModel.class.php 第 19 行.
SQL: SELECT `name` FROM `blog_cate` WHERE ( id = ''  ) LIMIT 1   [ RunTime:0.0006s ]
NOTIC: [8] Undefined index: uid E:\xampp\htdocs\smile\Application\Home\Model\ArticleModel.class.php 第 20 行.
SQL: SELECT `contact` FROM `blog_users` WHERE ( id='' ) LIMIT 1   [ RunTime:0.0006s ]
SQL: SELECT `id`,`domain`,`savepath`,`savename` FROM `blog_assets` WHERE (  id in (25) and IsDel = 0  )  [ RunTime:0.0007s ]
NOTIC: [8] Undefined index: cid E:\xampp\htdocs\smile\Application\Home\Model\ArticleModel.class.php 第 19 行.
SQL: SELECT `name` FROM `blog_cate` WHERE ( id = ''  ) LIMIT 1   [ RunTime:0.0007s ]
NOTIC: [8] Undefined index: uid E:\xampp\htdocs\smile\Application\Home\Model\ArticleModel.class.php 第 20 行.
SQL: SELECT `contact` FROM `blog_users` WHERE ( id='' ) LIMIT 1   [ RunTime:0.0008s ]
SQL: SELECT * FROM `blog_cate` WHERE ( isdel = 0 )  [ RunTime:0.0011s ]
SQL: SELECT COUNT(*) AS tp_count FROM `blog_article` WHERE ( cid = '1'  ) LIMIT 1   [ RunTime:0.0008s ]
SQL: SELECT COUNT(*) AS tp_count FROM `blog_article` WHERE ( cid = '2'  ) LIMIT 1   [ RunTime:0.0007s ]
SQL: SELECT COUNT(*) AS tp_count FROM `blog_article` WHERE ( cid = '3'  ) LIMIT 1   [ RunTime:0.0007s ]
SQL: SELECT COUNT(*) AS tp_count FROM `blog_article` WHERE ( cid = '4'  ) LIMIT 1   [ RunTime:0.0007s ]
SQL: SELECT COUNT(*) AS tp_count FROM `blog_article` WHERE ( cid = '5'  ) LIMIT 1   [ RunTime:0.0007s ]
SQL: SELECT COUNT(*) AS tp_count FROM `blog_article` WHERE ( cid = '6'  ) LIMIT 1   [ RunTime:0.0007s ]
SQL: SELECT COUNT(*) AS tp_count FROM `blog_article` WHERE ( cid = '7'  ) LIMIT 1   [ RunTime:0.0007s ]
SQL: SELECT COUNT(*) AS tp_count FROM `blog_article` WHERE ( cid = '8'  ) LIMIT 1   [ RunTime:0.0006s ]
SQL: SELECT COUNT(*) AS tp_count FROM `blog_article` WHERE ( cid = '9'  ) LIMIT 1   [ RunTime:0.0006s ]
SQL: SELECT COUNT(*) AS tp_count FROM `blog_article` WHERE ( cid = '10'  ) LIMIT 1   [ RunTime:0.0006s ]
SQL: SELECT COUNT(*) AS tp_count FROM `blog_article` WHERE ( cid = '11'  ) LIMIT 1   [ RunTime:0.0005s ]
SQL: SELECT `id`,`title`,`pic`,`viewnum`,`createtime` FROM `blog_article` WHERE ( isdel=0 ) ORDER BY createtime desc LIMIT 3   [ RunTime:0.0011s ]
SQL: SELECT `id`,`domain`,`savepath`,`savename` FROM `blog_assets` WHERE (  id in (13) and IsDel = 0  )  [ RunTime:0.0008s ]
NOTIC: [8] Undefined index: cid E:\xampp\htdocs\smile\Application\Home\Model\ArticleModel.class.php 第 19 行.
SQL: SELECT `name` FROM `blog_cate` WHERE ( id = ''  ) LIMIT 1   [ RunTime:0.0006s ]
NOTIC: [8] Undefined index: uid E:\xampp\htdocs\smile\Application\Home\Model\ArticleModel.class.php 第 20 行.
SQL: SELECT `contact` FROM `blog_users` WHERE ( id='' ) LIMIT 1   [ RunTime:0.0006s ]
SQL: SELECT `id`,`domain`,`savepath`,`savename` FROM `blog_assets` WHERE (  id in (15) and IsDel = 0  )  [ RunTime:0.0007s ]
NOTIC: [8] Undefined index: cid E:\xampp\htdocs\smile\Application\Home\Model\ArticleModel.class.php 第 19 行.
SQL: SELECT `name` FROM `blog_cate` WHERE ( id = ''  ) LIMIT 1   [ RunTime:0.0008s ]
NOTIC: [8] Undefined index: uid E:\xampp\htdocs\smile\Application\Home\Model\ArticleModel.class.php 第 20 行.
SQL: SELECT `contact` FROM `blog_users` WHERE ( id='' ) LIMIT 1   [ RunTime:0.0008s ]
SQL: SELECT `id`,`domain`,`savepath`,`savename` FROM `blog_assets` WHERE (  id in (12) and IsDel = 0  )  [ RunTime:0.0008s ]
NOTIC: [8] Undefined index: cid E:\xampp\htdocs\smile\Application\Home\Model\ArticleModel.class.php 第 19 行.
SQL: SELECT `name` FROM `blog_cate` WHERE ( id = ''  ) LIMIT 1   [ RunTime:0.0007s ]
NOTIC: [8] Undefined index: uid E:\xampp\htdocs\smile\Application\Home\Model\ArticleModel.class.php 第 20 行.
SQL: SELECT `contact` FROM `blog_users` WHERE ( id='' ) LIMIT 1   [ RunTime:0.0006s ]
SQL: SELECT * FROM `blog_article` WHERE ( isdel = 0 AND viewnum > 100  ) ORDER BY rand() LIMIT 4   [ RunTime:0.0128s ]
SQL: SELECT `id`,`domain`,`savepath`,`savename` FROM `blog_assets` WHERE (  id in (25) and IsDel = 0  )  [ RunTime:0.0008s ]
SQL: SELECT `name` FROM `blog_cate` WHERE ( id = '6'  ) LIMIT 1   [ RunTime:0.0007s ]
SQL: SELECT `contact` FROM `blog_users` WHERE ( id='1001' ) LIMIT 1   [ RunTime:0.0006s ]
SQL: SELECT `id`,`domain`,`savepath`,`savename` FROM `blog_assets` WHERE (  id in (3) and IsDel = 0  )  [ RunTime:0.0008s ]
SQL: SELECT `name` FROM `blog_cate` WHERE ( id = '5'  ) LIMIT 1   [ RunTime:0.0007s ]
SQL: SELECT `contact` FROM `blog_users` WHERE ( id='1002' ) LIMIT 1   [ RunTime:0.0006s ]
SQL: SELECT `id`,`domain`,`savepath`,`savename` FROM `blog_assets` WHERE (  id in (7) and IsDel = 0  )  [ RunTime:0.0006s ]
SQL: SELECT `name` FROM `blog_cate` WHERE ( id = '11'  ) LIMIT 1   [ RunTime:0.0011s ]
SQL: SELECT `contact` FROM `blog_users` WHERE ( id='1002' ) LIMIT 1   [ RunTime:0.0011s ]
SQL: SELECT `id`,`domain`,`savepath`,`savename` FROM `blog_assets` WHERE (  id in (10) and IsDel = 0  )  [ RunTime:0.0007s ]
SQL: SELECT `name` FROM `blog_cate` WHERE ( id = '2'  ) LIMIT 1   [ RunTime:0.0006s ]
SQL: SELECT `contact` FROM `blog_users` WHERE ( id='1002' ) LIMIT 1   [ RunTime:0.0006s ]
SQL: SHOW COLUMNS FROM `blog_frilink` [ RunTime:0.0093s ]
SQL: SHOW COLUMNS FROM `blog_cate` [ RunTime:0.0113s ]
SQL: SELECT `name` FROM `blog_cate` WHERE ( url like '%Index%'  ) LIMIT 1   [ RunTime:0.0008s ]
SQL: select version() as ver [ RunTime:0.0006s ]
SQL: SHOW TABLE STATUS FROM Smile LIKE 'blog_%' [ RunTime:0.0042s ]

[ 2017-01-11T23:10:56+08:00 ] ::1 /smile/index.php?m=Home&c=Index&a=Search
INFO: [ app_init ] --START--
INFO: Run Behavior\BuildLiteBehavior [ RunTime:0.000038s ]
INFO: [ app_init ] --END-- [ RunTime:0.001462s ]
INFO: [ app_begin ] --START--
INFO: Run Behavior\ReadHtmlCacheBehavior [ RunTime:0.002020s ]
INFO: [ app_begin ] --END-- [ RunTime:0.002213s ]
SQL: SHOW COLUMNS FROM `blog_setup` [ RunTime:0.0465s ]
SQL: SHOW COLUMNS FROM `blog_article` [ RunTime:0.0115s ]
SQL: SHOW COLUMNS FROM `blog_article` [ RunTime:0.0140s ]
SQL: SELECT `id`,`title`,`pic`,`indeximg` FROM `blog_article` WHERE ( isdel = 0 and indeximg = 1 ) ORDER BY sort asc  [ RunTime:0.0012s ]
SQL: SHOW COLUMNS FROM `blog_assets` [ RunTime:0.0150s ]
SQL: SHOW COLUMNS FROM `blog_assets` [ RunTime:0.0114s ]
SQL: SELECT `id`,`domain`,`savepath`,`savename` FROM `blog_assets` WHERE (  id in (23) and IsDel = 0  )  [ RunTime:0.0008s ]
SQL: SHOW COLUMNS FROM `blog_cate` [ RunTime:0.0132s ]
NOTIC: [8] Undefined index: cid E:\xampp\htdocs\smile\Application\Home\Model\ArticleModel.class.php 第 19 行.
SQL: SELECT `name` FROM `blog_cate` WHERE ( id = ''  ) LIMIT 1   [ RunTime:0.0008s ]
SQL: SHOW COLUMNS FROM `blog_users` [ RunTime:0.0133s ]
NOTIC: [8] Undefined index: uid E:\xampp\htdocs\smile\Application\Home\Model\ArticleModel.class.php 第 20 行.
SQL: SELECT `contact` FROM `blog_users` WHERE ( id='' ) LIMIT 1   [ RunTime:0.0007s ]
SQL: SELECT `id`,`domain`,`savepath`,`savename` FROM `blog_assets` WHERE (  id in (4) and IsDel = 0  )  [ RunTime:0.0008s ]
NOTIC: [8] Undefined index: cid E:\xampp\htdocs\smile\Application\Home\Model\ArticleModel.class.php 第 19 行.
SQL: SELECT `name` FROM `blog_cate` WHERE ( id = ''  ) LIMIT 1   [ RunTime:0.0007s ]
NOTIC: [8] Undefined index: uid E:\xampp\htdocs\smile\Application\Home\Model\ArticleModel.class.php 第 20 行.
SQL: SELECT `contact` FROM `blog_users` WHERE ( id='' ) LIMIT 1   [ RunTime:0.0008s ]
SQL: SELECT `id`,`domain`,`savepath`,`savename` FROM `blog_assets` WHERE (  id in (9) and IsDel = 0  )  [ RunTime:0.0007s ]
NOTIC: [8] Undefined index: cid E:\xampp\htdocs\smile\Application\Home\Model\ArticleModel.class.php 第 19 行.
SQL: SELECT `name` FROM `blog_cate` WHERE ( id = ''  ) LIMIT 1   [ RunTime:0.0006s ]
NOTIC: [8] Undefined index: uid E:\xampp\htdocs\smile\Application\Home\Model\ArticleModel.class.php 第 20 行.
SQL: SELECT `contact` FROM `blog_users` WHERE ( id='' ) LIMIT 1   [ RunTime:0.0012s ]
SQL: SELECT `id`,`domain`,`savepath`,`savename` FROM `blog_assets` WHERE (  id in (7) and IsDel = 0  )  [ RunTime:0.0008s ]
NOTIC: [8] Undefined index: cid E:\xampp\htdocs\smile\Application\Home\Model\ArticleModel.class.php 第 19 行.
SQL: SELECT `name` FROM `blog_cate` WHERE ( id = ''  ) LIMIT 1   [ RunTime:0.0009s ]
NOTIC: [8] Undefined index: uid E:\xampp\htdocs\smile\Application\Home\Model\ArticleModel.class.php 第 20 行.
SQL: SELECT `contact` FROM `blog_users` WHERE ( id='' ) LIMIT 1   [ RunTime:0.0007s ]
SQL: SELECT `id`,`domain`,`savepath`,`savename` FROM `blog_assets` WHERE (  id in (25) and IsDel = 0  )  [ RunTime:0.0008s ]
NOTIC: [8] Undefined index: cid E:\xampp\htdocs\smile\Application\Home\Model\ArticleModel.class.php 第 19 行.
SQL: SELECT `name` FROM `blog_cate` WHERE ( id = ''  ) LIMIT 1   [ RunTime:0.0007s ]
NOTIC: [8] Undefined index: uid E:\xampp\htdocs\smile\Application\Home\Model\ArticleModel.class.php 第 20 行.
SQL: SELECT `contact` FROM `blog_users` WHERE ( id='' ) LIMIT 1   [ RunTime:0.0007s ]
SQL: SELECT * FROM `blog_cate` WHERE ( isdel = 0 )  [ RunTime:0.0009s ]
SQL: SELECT COUNT(*) AS tp_count FROM `blog_article` WHERE ( cid = '1'  ) LIMIT 1   [ RunTime:0.0008s ]
SQL: SELECT COUNT(*) AS tp_count FROM `blog_article` WHERE ( cid = '2'  ) LIMIT 1   [ RunTime:0.0007s ]
SQL: SELECT COUNT(*) AS tp_count FROM `blog_article` WHERE ( cid = '3'  ) LIMIT 1   [ RunTime:0.0008s ]
SQL: SELECT COUNT(*) AS tp_count FROM `blog_article` WHERE ( cid = '4'  ) LIMIT 1   [ RunTime:0.0014s ]
SQL: SELECT COUNT(*) AS tp_count FROM `blog_article` WHERE ( cid = '5'  ) LIMIT 1   [ RunTime:0.0009s ]
SQL: SELECT COUNT(*) AS tp_count FROM `blog_article` WHERE ( cid = '6'  ) LIMIT 1   [ RunTime:0.0010s ]
SQL: SELECT COUNT(*) AS tp_count FROM `blog_article` WHERE ( cid = '7'  ) LIMIT 1   [ RunTime:0.0011s ]
SQL: SELECT COUNT(*) AS tp_count FROM `blog_article` WHERE ( cid = '8'  ) LIMIT 1   [ RunTime:0.0009s ]
SQL: SELECT COUNT(*) AS tp_count FROM `blog_article` WHERE ( cid = '9'  ) LIMIT 1   [ RunTime:0.0007s ]
SQL: SELECT COUNT(*) AS tp_count FROM `blog_article` WHERE ( cid = '10'  ) LIMIT 1   [ RunTime:0.0007s ]
SQL: SELECT COUNT(*) AS tp_count FROM `blog_article` WHERE ( cid = '11'  ) LIMIT 1   [ RunTime:0.0007s ]
SQL: SELECT `id`,`title`,`pic`,`viewnum`,`createtime` FROM `blog_article` WHERE ( isdel=0 ) ORDER BY createtime desc LIMIT 3   [ RunTime:0.0009s ]
SQL: SELECT `id`,`domain`,`savepath`,`savename` FROM `blog_assets` WHERE (  id in (13) and IsDel = 0  )  [ RunTime:0.0008s ]
NOTIC: [8] Undefined index: cid E:\xampp\htdocs\smile\Application\Home\Model\ArticleModel.class.php 第 19 行.
SQL: SELECT `name` FROM `blog_cate` WHERE ( id = ''  ) LIMIT 1   [ RunTime:0.0006s ]
NOTIC: [8] Undefined index: uid E:\xampp\htdocs\smile\Application\Home\Model\ArticleModel.class.php 第 20 行.
SQL: SELECT `contact` FROM `blog_users` WHERE ( id='' ) LIMIT 1   [ RunTime:0.0016s ]
SQL: SELECT `id`,`domain`,`savepath`,`savename` FROM `blog_assets` WHERE (  id in (15) and IsDel = 0  )  [ RunTime:0.0014s ]
NOTIC: [8] Undefined index: cid E:\xampp\htdocs\smile\Application\Home\Model\ArticleModel.class.php 第 19 行.
SQL: SELECT `name` FROM `blog_cate` WHERE ( id = ''  ) LIMIT 1   [ RunTime:0.0009s ]
NOTIC: [8] Undefined index: uid E:\xampp\htdocs\smile\Application\Home\Model\ArticleModel.class.php 第 20 行.
SQL: SELECT `contact` FROM `blog_users` WHERE ( id='' ) LIMIT 1   [ RunTime:0.0007s ]
SQL: SELECT `id`,`domain`,`savepath`,`savename` FROM `blog_assets` WHERE (  id in (12) and IsDel = 0  )  [ RunTime:0.0008s ]
NOTIC: [8] Undefined index: cid E:\xampp\htdocs\smile\Application\Home\Model\ArticleModel.class.php 第 19 行.
SQL: SELECT `name` FROM `blog_cate` WHERE ( id = ''  ) LIMIT 1   [ RunTime:0.0006s ]
NOTIC: [8] Undefined index: uid E:\xampp\htdocs\smile\Application\Home\Model\ArticleModel.class.php 第 20 行.
SQL: SELECT `contact` FROM `blog_users` WHERE ( id='' ) LIMIT 1   [ RunTime:0.0007s ]
SQL: SELECT * FROM `blog_article` WHERE ( isdel = 0 AND viewnum > 100  ) ORDER BY rand() LIMIT 4   [ RunTime:0.0100s ]
SQL: SELECT `id`,`domain`,`savepath`,`savename` FROM `blog_assets` WHERE (  id in (3) and IsDel = 0  )  [ RunTime:0.0009s ]
SQL: SELECT `name` FROM `blog_cate` WHERE ( id = '5'  ) LIMIT 1   [ RunTime:0.0009s ]
SQL: SELECT `contact` FROM `blog_users` WHERE ( id='1002' ) LIMIT 1   [ RunTime:0.0008s ]
SQL: SELECT `id`,`domain`,`savepath`,`savename` FROM `blog_assets` WHERE (  id in (10) and IsDel = 0  )  [ RunTime:0.0007s ]
SQL: SELECT `name` FROM `blog_cate` WHERE ( id = '2'  ) LIMIT 1   [ RunTime:0.0008s ]
SQL: SELECT `contact` FROM `blog_users` WHERE ( id='1002' ) LIMIT 1   [ RunTime:0.0008s ]
SQL: SELECT `id`,`domain`,`savepath`,`savename` FROM `blog_assets` WHERE (  id in (9) and IsDel = 0  )  [ RunTime:0.0008s ]
SQL: SELECT `name` FROM `blog_cate` WHERE ( id = '10'  ) LIMIT 1   [ RunTime:0.0008s ]
SQL: SELECT `contact` FROM `blog_users` WHERE ( id='1002' ) LIMIT 1   [ RunTime:0.0007s ]
SQL: SELECT `id`,`domain`,`savepath`,`savename` FROM `blog_assets` WHERE (  id in (7) and IsDel = 0  )  [ RunTime:0.0012s ]
SQL: SELECT `name` FROM `blog_cate` WHERE ( id = '11'  ) LIMIT 1   [ RunTime:0.0008s ]
SQL: SELECT `contact` FROM `blog_users` WHERE ( id='1002' ) LIMIT 1   [ RunTime:0.0007s ]
SQL: SHOW COLUMNS FROM `blog_frilink` [ RunTime:0.0100s ]
SQL: SHOW COLUMNS FROM `blog_cate` [ RunTime:0.0116s ]
SQL: SELECT `name` FROM `blog_cate` WHERE ( url like '%Index%'  ) LIMIT 1   [ RunTime:0.0008s ]
SQL: select version() as ver [ RunTime:0.0010s ]
SQL: SHOW TABLE STATUS FROM Smile LIKE 'blog_%' [ RunTime:0.0029s ]

[ 2017-01-11T23:11:12+08:00 ] ::1 /smile/index.php?m=Home&c=Index&a=Search
INFO: [ app_init ] --START--
INFO: Run Behavior\BuildLiteBehavior [ RunTime:0.000036s ]
INFO: [ app_init ] --END-- [ RunTime:0.001100s ]
INFO: [ app_begin ] --START--
INFO: Run Behavior\ReadHtmlCacheBehavior [ RunTime:0.004008s ]
INFO: [ app_begin ] --END-- [ RunTime:0.004576s ]
SQL: SHOW COLUMNS FROM `blog_setup` [ RunTime:0.0157s ]
SQL: SHOW COLUMNS FROM `blog_article` [ RunTime:0.0102s ]
SQL: SHOW COLUMNS FROM `blog_article` [ RunTime:0.0138s ]
SQL: SELECT `id`,`title`,`pic`,`indeximg` FROM `blog_article` WHERE ( isdel = 0 and indeximg = 1 ) ORDER BY sort asc  [ RunTime:0.0018s ]
SQL: SHOW COLUMNS FROM `blog_assets` [ RunTime:0.0117s ]
SQL: SHOW COLUMNS FROM `blog_assets` [ RunTime:0.0107s ]
SQL: SELECT `id`,`domain`,`savepath`,`savename` FROM `blog_assets` WHERE (  id in (23) and IsDel = 0  )  [ RunTime:0.0010s ]
SQL: SHOW COLUMNS FROM `blog_cate` [ RunTime:0.0129s ]
NOTIC: [8] Undefined index: cid E:\xampp\htdocs\smile\Application\Home\Model\ArticleModel.class.php 第 19 行.
SQL: SELECT `name` FROM `blog_cate` WHERE ( id = ''  ) LIMIT 1   [ RunTime:0.0008s ]
SQL: SHOW COLUMNS FROM `blog_users` [ RunTime:0.0116s ]
NOTIC: [8] Undefined index: uid E:\xampp\htdocs\smile\Application\Home\Model\ArticleModel.class.php 第 20 行.
SQL: SELECT `contact` FROM `blog_users` WHERE ( id='' ) LIMIT 1   [ RunTime:0.0009s ]
SQL: SELECT `id`,`domain`,`savepath`,`savename` FROM `blog_assets` WHERE (  id in (4) and IsDel = 0  )  [ RunTime:0.0009s ]
NOTIC: [8] Undefined index: cid E:\xampp\htdocs\smile\Application\Home\Model\ArticleModel.class.php 第 19 行.
SQL: SELECT `name` FROM `blog_cate` WHERE ( id = ''  ) LIMIT 1   [ RunTime:0.0007s ]
NOTIC: [8] Undefined index: uid E:\xampp\htdocs\smile\Application\Home\Model\ArticleModel.class.php 第 20 行.
SQL: SELECT `contact` FROM `blog_users` WHERE ( id='' ) LIMIT 1   [ RunTime:0.0006s ]
SQL: SELECT `id`,`domain`,`savepath`,`savename` FROM `blog_assets` WHERE (  id in (9) and IsDel = 0  )  [ RunTime:0.0007s ]
NOTIC: [8] Undefined index: cid E:\xampp\htdocs\smile\Application\Home\Model\ArticleModel.class.php 第 19 行.
SQL: SELECT `name` FROM `blog_cate` WHERE ( id = ''  ) LIMIT 1   [ RunTime:0.0013s ]
NOTIC: [8] Undefined index: uid E:\xampp\htdocs\smile\Application\Home\Model\ArticleModel.class.php 第 20 行.
SQL: SELECT `contact` FROM `blog_users` WHERE ( id='' ) LIMIT 1   [ RunTime:0.0009s ]
SQL: SELECT `id`,`domain`,`savepath`,`savename` FROM `blog_assets` WHERE (  id in (7) and IsDel = 0  )  [ RunTime:0.0010s ]
NOTIC: [8] Undefined index: cid E:\xampp\htdocs\smile\Application\Home\Model\ArticleModel.class.php 第 19 行.
SQL: SELECT `name` FROM `blog_cate` WHERE ( id = ''  ) LIMIT 1   [ RunTime:0.0006s ]
NOTIC: [8] Undefined index: uid E:\xampp\htdocs\smile\Application\Home\Model\ArticleModel.class.php 第 20 行.
SQL: SELECT `contact` FROM `blog_users` WHERE ( id='' ) LIMIT 1   [ RunTime:0.0007s ]
SQL: SELECT `id`,`domain`,`savepath`,`savename` FROM `blog_assets` WHERE (  id in (25) and IsDel = 0  )  [ RunTime:0.0008s ]
NOTIC: [8] Undefined index: cid E:\xampp\htdocs\smile\Application\Home\Model\ArticleModel.class.php 第 19 行.
SQL: SELECT `name` FROM `blog_cate` WHERE ( id = ''  ) LIMIT 1   [ RunTime:0.0008s ]
NOTIC: [8] Undefined index: uid E:\xampp\htdocs\smile\Application\Home\Model\ArticleModel.class.php 第 20 行.
SQL: SELECT `contact` FROM `blog_users` WHERE ( id='' ) LIMIT 1   [ RunTime:0.0008s ]
SQL: SELECT * FROM `blog_cate` WHERE ( isdel = 0 )  [ RunTime:0.0010s ]
SQL: SELECT COUNT(*) AS tp_count FROM `blog_article` WHERE ( cid = '1'  ) LIMIT 1   [ RunTime:0.0009s ]
SQL: SELECT COUNT(*) AS tp_count FROM `blog_article` WHERE ( cid = '2'  ) LIMIT 1   [ RunTime:0.0008s ]
SQL: SELECT COUNT(*) AS tp_count FROM `blog_article` WHERE ( cid = '3'  ) LIMIT 1   [ RunTime:0.0009s ]
SQL: SELECT COUNT(*) AS tp_count FROM `blog_article` WHERE ( cid = '4'  ) LIMIT 1   [ RunTime:0.0008s ]
SQL: SELECT COUNT(*) AS tp_count FROM `blog_article` WHERE ( cid = '5'  ) LIMIT 1   [ RunTime:0.0008s ]
SQL: SELECT COUNT(*) AS tp_count FROM `blog_article` WHERE ( cid = '6'  ) LIMIT 1   [ RunTime:0.0008s ]
SQL: SELECT COUNT(*) AS tp_count FROM `blog_article` WHERE ( cid = '7'  ) LIMIT 1   [ RunTime:0.0011s ]
SQL: SELECT COUNT(*) AS tp_count FROM `blog_article` WHERE ( cid = '8'  ) LIMIT 1   [ RunTime:0.0013s ]
SQL: SELECT COUNT(*) AS tp_count FROM `blog_article` WHERE ( cid = '9'  ) LIMIT 1   [ RunTime:0.0010s ]
SQL: SELECT COUNT(*) AS tp_count FROM `blog_article` WHERE ( cid = '10'  ) LIMIT 1   [ RunTime:0.0013s ]
SQL: SELECT COUNT(*) AS tp_count FROM `blog_article` WHERE ( cid = '11'  ) LIMIT 1   [ RunTime:0.0009s ]
SQL: SELECT `id`,`title`,`pic`,`viewnum`,`createtime` FROM `blog_article` WHERE ( isdel=0 ) ORDER BY createtime desc LIMIT 3   [ RunTime:0.0011s ]
SQL: SELECT `id`,`domain`,`savepath`,`savename` FROM `blog_assets` WHERE (  id in (13) and IsDel = 0  )  [ RunTime:0.0008s ]
NOTIC: [8] Undefined index: cid E:\xampp\htdocs\smile\Application\Home\Model\ArticleModel.class.php 第 19 行.
SQL: SELECT `name` FROM `blog_cate` WHERE ( id = ''  ) LIMIT 1   [ RunTime:0.0009s ]
NOTIC: [8] Undefined index: uid E:\xampp\htdocs\smile\Application\Home\Model\ArticleModel.class.php 第 20 行.
SQL: SELECT `contact` FROM `blog_users` WHERE ( id='' ) LIMIT 1   [ RunTime:0.0008s ]
SQL: SELECT `id`,`domain`,`savepath`,`savename` FROM `blog_assets` WHERE (  id in (15) and IsDel = 0  )  [ RunTime:0.0009s ]
NOTIC: [8] Undefined index: cid E:\xampp\htdocs\smile\Application\Home\Model\ArticleModel.class.php 第 19 行.
SQL: SELECT `name` FROM `blog_cate` WHERE ( id = ''  ) LIMIT 1   [ RunTime:0.0007s ]
NOTIC: [8] Undefined index: uid E:\xampp\htdocs\smile\Application\Home\Model\ArticleModel.class.php 第 20 行.
SQL: SELECT `contact` FROM `blog_users` WHERE ( id='' ) LIMIT 1   [ RunTime:0.0007s ]
SQL: SELECT `id`,`domain`,`savepath`,`savename` FROM `blog_assets` WHERE (  id in (12) and IsDel = 0  )  [ RunTime:0.0010s ]
NOTIC: [8] Undefined index: cid E:\xampp\htdocs\smile\Application\Home\Model\ArticleModel.class.php 第 19 行.
SQL: SELECT `name` FROM `blog_cate` WHERE ( id = ''  ) LIMIT 1   [ RunTime:0.0007s ]
NOTIC: [8] Undefined index: uid E:\xampp\htdocs\smile\Application\Home\Model\ArticleModel.class.php 第 20 行.
SQL: SELECT `contact` FROM `blog_users` WHERE ( id='' ) LIMIT 1   [ RunTime:0.0007s ]
SQL: SELECT * FROM `blog_article` WHERE ( isdel = 0 AND viewnum > 100  ) ORDER BY rand() LIMIT 4   [ RunTime:0.0121s ]
SQL: SELECT `id`,`domain`,`savepath`,`savename` FROM `blog_assets` WHERE (  id in (4) and IsDel = 0  )  [ RunTime:0.0007s ]
SQL: SELECT `name` FROM `blog_cate` WHERE ( id = '2'  ) LIMIT 1   [ RunTime:0.0006s ]
SQL: SELECT `contact` FROM `blog_users` WHERE ( id='1002' ) LIMIT 1   [ RunTime:0.0006s ]
SQL: SELECT `id`,`domain`,`savepath`,`savename` FROM `blog_assets` WHERE (  id in (7) and IsDel = 0  )  [ RunTime:0.0006s ]
SQL: SELECT `name` FROM `blog_cate` WHERE ( id = '11'  ) LIMIT 1   [ RunTime:0.0007s ]
SQL: SELECT `contact` FROM `blog_users` WHERE ( id='1002' ) LIMIT 1   [ RunTime:0.0007s ]
SQL: SELECT `id`,`domain`,`savepath`,`savename` FROM `blog_assets` WHERE (  id in (25) and IsDel = 0  )  [ RunTime:0.0007s ]
SQL: SELECT `name` FROM `blog_cate` WHERE ( id = '6'  ) LIMIT 1   [ RunTime:0.0006s ]
SQL: SELECT `contact` FROM `blog_users` WHERE ( id='1001' ) LIMIT 1   [ RunTime:0.0006s ]
SQL: SELECT `id`,`domain`,`savepath`,`savename` FROM `blog_assets` WHERE (  id in (10) and IsDel = 0  )  [ RunTime:0.0009s ]
SQL: SELECT `name` FROM `blog_cate` WHERE ( id = '2'  ) LIMIT 1   [ RunTime:0.0009s ]
SQL: SELECT `contact` FROM `blog_users` WHERE ( id='1002' ) LIMIT 1   [ RunTime:0.0008s ]
SQL: SHOW COLUMNS FROM `blog_frilink` [ RunTime:0.0101s ]
SQL: SHOW COLUMNS FROM `blog_cate` [ RunTime:0.0098s ]
SQL: SELECT `name` FROM `blog_cate` WHERE ( url like '%Index%'  ) LIMIT 1   [ RunTime:0.0008s ]
SQL: select version() as ver [ RunTime:0.0006s ]
SQL: SHOW TABLE STATUS FROM Smile LIKE 'blog_%' [ RunTime:0.0044s ]

[ 2017-01-11T23:17:23+08:00 ] ::1 /smile/index.php?m=Home&c=Index&a=Search
INFO: [ app_init ] --START--
INFO: Run Behavior\BuildLiteBehavior [ RunTime:0.000038s ]
INFO: [ app_init ] --END-- [ RunTime:0.001289s ]
INFO: [ app_begin ] --START--
INFO: Run Behavior\ReadHtmlCacheBehavior [ RunTime:0.002165s ]
INFO: [ app_begin ] --END-- [ RunTime:0.002359s ]
SQL: SHOW COLUMNS FROM `blog_setup` [ RunTime:0.0107s ]
SQL: SHOW COLUMNS FROM `blog_article` [ RunTime:0.0104s ]
SQL: SHOW COLUMNS FROM `blog_article` [ RunTime:0.0110s ]
SQL: SELECT `id`,`title`,`pic`,`indeximg` FROM `blog_article` WHERE ( isdel = 0 and indeximg = 1 ) ORDER BY sort asc  [ RunTime:0.0011s ]
SQL: SHOW COLUMNS FROM `blog_assets` [ RunTime:0.0141s ]
SQL: SHOW COLUMNS FROM `blog_assets` [ RunTime:0.0154s ]
SQL: SELECT `id`,`domain`,`savepath`,`savename` FROM `blog_assets` WHERE (  id in (23) and IsDel = 0  )  [ RunTime:0.0009s ]
SQL: SHOW COLUMNS FROM `blog_cate` [ RunTime:0.0130s ]
NOTIC: [8] Undefined index: cid E:\xampp\htdocs\smile\Application\Home\Model\ArticleModel.class.php 第 19 行.
SQL: SELECT `name` FROM `blog_cate` WHERE ( id = ''  ) LIMIT 1   [ RunTime:0.0007s ]
SQL: SHOW COLUMNS FROM `blog_users` [ RunTime:0.0116s ]
NOTIC: [8] Undefined index: uid E:\xampp\htdocs\smile\Application\Home\Model\ArticleModel.class.php 第 20 行.
SQL: SELECT `contact` FROM `blog_users` WHERE ( id='' ) LIMIT 1   [ RunTime:0.0007s ]
SQL: SELECT `id`,`domain`,`savepath`,`savename` FROM `blog_assets` WHERE (  id in (4) and IsDel = 0  )  [ RunTime:0.0007s ]
NOTIC: [8] Undefined index: cid E:\xampp\htdocs\smile\Application\Home\Model\ArticleModel.class.php 第 19 行.
SQL: SELECT `name` FROM `blog_cate` WHERE ( id = ''  ) LIMIT 1   [ RunTime:0.0008s ]
NOTIC: [8] Undefined index: uid E:\xampp\htdocs\smile\Application\Home\Model\ArticleModel.class.php 第 20 行.
SQL: SELECT `contact` FROM `blog_users` WHERE ( id='' ) LIMIT 1   [ RunTime:0.0007s ]
SQL: SELECT `id`,`domain`,`savepath`,`savename` FROM `blog_assets` WHERE (  id in (9) and IsDel = 0  )  [ RunTime:0.0008s ]
NOTIC: [8] Undefined index: cid E:\xampp\htdocs\smile\Application\Home\Model\ArticleModel.class.php 第 19 行.
SQL: SELECT `name` FROM `blog_cate` WHERE ( id = ''  ) LIMIT 1   [ RunTime:0.0006s ]
NOTIC: [8] Undefined index: uid E:\xampp\htdocs\smile\Application\Home\Model\ArticleModel.class.php 第 20 行.
SQL: SELECT `contact` FROM `blog_users` WHERE ( id='' ) LIMIT 1   [ RunTime:0.0005s ]
SQL: SELECT `id`,`domain`,`savepath`,`savename` FROM `blog_assets` WHERE (  id in (7) and IsDel = 0  )  [ RunTime:0.0007s ]
NOTIC: [8] Undefined index: cid E:\xampp\htdocs\smile\Application\Home\Model\ArticleModel.class.php 第 19 行.
SQL: SELECT `name` FROM `blog_cate` WHERE ( id = ''  ) LIMIT 1   [ RunTime:0.0009s ]
NOTIC: [8] Undefined index: uid E:\xampp\htdocs\smile\Application\Home\Model\ArticleModel.class.php 第 20 行.
SQL: SELECT `contact` FROM `blog_users` WHERE ( id='' ) LIMIT 1   [ RunTime:0.0009s ]
SQL: SELECT `id`,`domain`,`savepath`,`savename` FROM `blog_assets` WHERE (  id in (25) and IsDel = 0  )  [ RunTime:0.0008s ]
NOTIC: [8] Undefined index: cid E:\xampp\htdocs\smile\Application\Home\Model\ArticleModel.class.php 第 19 行.
SQL: SELECT `name` FROM `blog_cate` WHERE ( id = ''  ) LIMIT 1   [ RunTime:0.0008s ]
NOTIC: [8] Undefined index: uid E:\xampp\htdocs\smile\Application\Home\Model\ArticleModel.class.php 第 20 行.
SQL: SELECT `contact` FROM `blog_users` WHERE ( id='' ) LIMIT 1   [ RunTime:0.0011s ]
SQL: SELECT * FROM `blog_cate` WHERE ( isdel = 0 )  [ RunTime:0.0008s ]
SQL: SELECT COUNT(*) AS tp_count FROM `blog_article` WHERE ( cid = '1'  ) LIMIT 1   [ RunTime:0.0007s ]
SQL: SELECT COUNT(*) AS tp_count FROM `blog_article` WHERE ( cid = '2'  ) LIMIT 1   [ RunTime:0.0007s ]
SQL: SELECT COUNT(*) AS tp_count FROM `blog_article` WHERE ( cid = '3'  ) LIMIT 1   [ RunTime:0.0008s ]
SQL: SELECT COUNT(*) AS tp_count FROM `blog_article` WHERE ( cid = '4'  ) LIMIT 1   [ RunTime:0.0007s ]
SQL: SELECT COUNT(*) AS tp_count FROM `blog_article` WHERE ( cid = '5'  ) LIMIT 1   [ RunTime:0.0007s ]
SQL: SELECT COUNT(*) AS tp_count FROM `blog_article` WHERE ( cid = '6'  ) LIMIT 1   [ RunTime:0.0007s ]
SQL: SELECT COUNT(*) AS tp_count FROM `blog_article` WHERE ( cid = '7'  ) LIMIT 1   [ RunTime:0.0009s ]
SQL: SELECT COUNT(*) AS tp_count FROM `blog_article` WHERE ( cid = '8'  ) LIMIT 1   [ RunTime:0.0010s ]
SQL: SELECT COUNT(*) AS tp_count FROM `blog_article` WHERE ( cid = '9'  ) LIMIT 1   [ RunTime:0.0009s ]
SQL: SELECT COUNT(*) AS tp_count FROM `blog_article` WHERE ( cid = '10'  ) LIMIT 1   [ RunTime:0.0009s ]
SQL: SELECT COUNT(*) AS tp_count FROM `blog_article` WHERE ( cid = '11'  ) LIMIT 1   [ RunTime:0.0009s ]
SQL: SELECT `id`,`title`,`pic`,`viewnum`,`createtime` FROM `blog_article` WHERE ( isdel=0 ) ORDER BY createtime desc LIMIT 3   [ RunTime:0.0010s ]
SQL: SELECT `id`,`domain`,`savepath`,`savename` FROM `blog_assets` WHERE (  id in (13) and IsDel = 0  )  [ RunTime:0.0008s ]
NOTIC: [8] Undefined index: cid E:\xampp\htdocs\smile\Application\Home\Model\ArticleModel.class.php 第 19 行.
SQL: SELECT `name` FROM `blog_cate` WHERE ( id = ''  ) LIMIT 1   [ RunTime:0.0007s ]
NOTIC: [8] Undefined index: uid E:\xampp\htdocs\smile\Application\Home\Model\ArticleModel.class.php 第 20 行.
SQL: SELECT `contact` FROM `blog_users` WHERE ( id='' ) LIMIT 1   [ RunTime:0.0006s ]
SQL: SELECT `id`,`domain`,`savepath`,`savename` FROM `blog_assets` WHERE (  id in (15) and IsDel = 0  )  [ RunTime:0.0006s ]
NOTIC: [8] Undefined index: cid E:\xampp\htdocs\smile\Application\Home\Model\ArticleModel.class.php 第 19 行.
SQL: SELECT `name` FROM `blog_cate` WHERE ( id = ''  ) LIMIT 1   [ RunTime:0.0004s ]
NOTIC: [8] Undefined index: uid E:\xampp\htdocs\smile\Application\Home\Model\ArticleModel.class.php 第 20 行.
SQL: SELECT `contact` FROM `blog_users` WHERE ( id='' ) LIMIT 1   [ RunTime:0.0004s ]
SQL: SELECT `id`,`domain`,`savepath`,`savename` FROM `blog_assets` WHERE (  id in (12) and IsDel = 0  )  [ RunTime:0.0006s ]
NOTIC: [8] Undefined index: cid E:\xampp\htdocs\smile\Application\Home\Model\ArticleModel.class.php 第 19 行.
SQL: SELECT `name` FROM `blog_cate` WHERE ( id = ''  ) LIMIT 1   [ RunTime:0.0005s ]
NOTIC: [8] Undefined index: uid E:\xampp\htdocs\smile\Application\Home\Model\ArticleModel.class.php 第 20 行.
SQL: SELECT `contact` FROM `blog_users` WHERE ( id='' ) LIMIT 1   [ RunTime:0.0012s ]
SQL: SELECT * FROM `blog_article` WHERE ( isdel = 0 AND viewnum > 100  ) ORDER BY rand() LIMIT 4   [ RunTime:0.0108s ]
SQL: SELECT `id`,`domain`,`savepath`,`savename` FROM `blog_assets` WHERE (  id in (7) and IsDel = 0  )  [ RunTime:0.0007s ]
SQL: SELECT `name` FROM `blog_cate` WHERE ( id = '11'  ) LIMIT 1   [ RunTime:0.0007s ]
SQL: SELECT `contact` FROM `blog_users` WHERE ( id='1002' ) LIMIT 1   [ RunTime:0.0006s ]
SQL: SELECT `id`,`domain`,`savepath`,`savename` FROM `blog_assets` WHERE (  id in (3) and IsDel = 0  )  [ RunTime:0.0006s ]
SQL: SELECT `name` FROM `blog_cate` WHERE ( id = '5'  ) LIMIT 1   [ RunTime:0.0007s ]
SQL: SELECT `contact` FROM `blog_users` WHERE ( id='1002' ) LIMIT 1   [ RunTime:0.0009s ]
SQL: SELECT `id`,`domain`,`savepath`,`savename` FROM `blog_assets` WHERE (  id in (25) and IsDel = 0  )  [ RunTime:0.0008s ]
SQL: SELECT `name` FROM `blog_cate` WHERE ( id = '6'  ) LIMIT 1   [ RunTime:0.0007s ]
SQL: SELECT `contact` FROM `blog_users` WHERE ( id='1001' ) LIMIT 1   [ RunTime:0.0008s ]
SQL: SELECT `id`,`domain`,`savepath`,`savename` FROM `blog_assets` WHERE (  id in (4) and IsDel = 0  )  [ RunTime:0.0008s ]
SQL: SELECT `name` FROM `blog_cate` WHERE ( id = '2'  ) LIMIT 1   [ RunTime:0.0006s ]
SQL: SELECT `contact` FROM `blog_users` WHERE ( id='1002' ) LIMIT 1   [ RunTime:0.0007s ]
SQL: SHOW COLUMNS FROM `blog_frilink` [ RunTime:0.0101s ]
SQL: SHOW COLUMNS FROM `blog_cate` [ RunTime:0.0116s ]
SQL: SELECT `name` FROM `blog_cate` WHERE ( url like '%Index%'  ) LIMIT 1   [ RunTime:0.0008s ]

[ 2017-01-11T23:20:09+08:00 ] ::1 /smile/index.php
INFO: [ app_init ] --START--
INFO: Run Behavior\BuildLiteBehavior [ RunTime:0.000041s ]
INFO: [ app_init ] --END-- [ RunTime:0.001500s ]
INFO: [ app_begin ] --START--
INFO: Run Behavior\ReadHtmlCacheBehavior [ RunTime:0.003355s ]
INFO: [ app_begin ] --END-- [ RunTime:0.003659s ]
SQL: SHOW COLUMNS FROM `blog_setup` [ RunTime:0.0097s ]
SQL: SHOW COLUMNS FROM `blog_article` [ RunTime:0.0096s ]
SQL: SHOW COLUMNS FROM `blog_article` [ RunTime:0.0105s ]
SQL: SELECT `id`,`title`,`pic`,`indeximg` FROM `blog_article` WHERE ( isdel = 0 and indeximg = 1 ) ORDER BY sort asc  [ RunTime:0.0010s ]
SQL: SHOW COLUMNS FROM `blog_assets` [ RunTime:0.0110s ]
SQL: SHOW COLUMNS FROM `blog_assets` [ RunTime:0.0123s ]
SQL: SELECT `id`,`domain`,`savepath`,`savename` FROM `blog_assets` WHERE (  id in (23) and IsDel = 0  )  [ RunTime:0.0009s ]
SQL: SHOW COLUMNS FROM `blog_cate` [ RunTime:0.0110s ]
NOTIC: [8] Undefined index: cid E:\xampp\htdocs\smile\Application\Home\Model\ArticleModel.class.php 第 19 行.
SQL: SELECT `name` FROM `blog_cate` WHERE ( id = ''  ) LIMIT 1   [ RunTime:0.0008s ]
SQL: SHOW COLUMNS FROM `blog_users` [ RunTime:0.0115s ]
NOTIC: [8] Undefined index: uid E:\xampp\htdocs\smile\Application\Home\Model\ArticleModel.class.php 第 20 行.
SQL: SELECT `contact` FROM `blog_users` WHERE ( id='' ) LIMIT 1   [ RunTime:0.0008s ]
SQL: SELECT `id`,`domain`,`savepath`,`savename` FROM `blog_assets` WHERE (  id in (4) and IsDel = 0  )  [ RunTime:0.0008s ]
NOTIC: [8] Undefined index: cid E:\xampp\htdocs\smile\Application\Home\Model\ArticleModel.class.php 第 19 行.
SQL: SELECT `name` FROM `blog_cate` WHERE ( id = ''  ) LIMIT 1   [ RunTime:0.0006s ]
NOTIC: [8] Undefined index: uid E:\xampp\htdocs\smile\Application\Home\Model\ArticleModel.class.php 第 20 行.
SQL: SELECT `contact` FROM `blog_users` WHERE ( id='' ) LIMIT 1   [ RunTime:0.0006s ]
SQL: SELECT `id`,`domain`,`savepath`,`savename` FROM `blog_assets` WHERE (  id in (9) and IsDel = 0  )  [ RunTime:0.0007s ]
NOTIC: [8] Undefined index: cid E:\xampp\htdocs\smile\Application\Home\Model\ArticleModel.class.php 第 19 行.
SQL: SELECT `name` FROM `blog_cate` WHERE ( id = ''  ) LIMIT 1   [ RunTime:0.0008s ]
NOTIC: [8] Undefined index: uid E:\xampp\htdocs\smile\Application\Home\Model\ArticleModel.class.php 第 20 行.
SQL: SELECT `contact` FROM `blog_users` WHERE ( id='' ) LIMIT 1   [ RunTime:0.0007s ]
SQL: SELECT `id`,`domain`,`savepath`,`savename` FROM `blog_assets` WHERE (  id in (7) and IsDel = 0  )  [ RunTime:0.0008s ]
NOTIC: [8] Undefined index: cid E:\xampp\htdocs\smile\Application\Home\Model\ArticleModel.class.php 第 19 行.
SQL: SELECT `name` FROM `blog_cate` WHERE ( id = ''  ) LIMIT 1   [ RunTime:0.0010s ]
NOTIC: [8] Undefined index: uid E:\xampp\htdocs\smile\Application\Home\Model\ArticleModel.class.php 第 20 行.
SQL: SELECT `contact` FROM `blog_users` WHERE ( id='' ) LIMIT 1   [ RunTime:0.0008s ]
SQL: SELECT `id`,`domain`,`savepath`,`savename` FROM `blog_assets` WHERE (  id in (25) and IsDel = 0  )  [ RunTime:0.0009s ]
NOTIC: [8] Undefined index: cid E:\xampp\htdocs\smile\Application\Home\Model\ArticleModel.class.php 第 19 行.
SQL: SELECT `name` FROM `blog_cate` WHERE ( id = ''  ) LIMIT 1   [ RunTime:0.0008s ]
NOTIC: [8] Undefined index: uid E:\xampp\htdocs\smile\Application\Home\Model\ArticleModel.class.php 第 20 行.
SQL: SELECT `contact` FROM `blog_users` WHERE ( id='' ) LIMIT 1   [ RunTime:0.0008s ]
SQL: SELECT * FROM `blog_cate` WHERE ( isdel = 0 )  [ RunTime:0.0010s ]
SQL: SELECT COUNT(*) AS tp_count FROM `blog_article` WHERE ( cid = '1'  ) LIMIT 1   [ RunTime:0.0008s ]
SQL: SELECT COUNT(*) AS tp_count FROM `blog_article` WHERE ( cid = '2'  ) LIMIT 1   [ RunTime:0.0007s ]
SQL: SELECT COUNT(*) AS tp_count FROM `blog_article` WHERE ( cid = '3'  ) LIMIT 1   [ RunTime:0.0007s ]
SQL: SELECT COUNT(*) AS tp_count FROM `blog_article` WHERE ( cid = '4'  ) LIMIT 1   [ RunTime:0.0008s ]
SQL: SELECT COUNT(*) AS tp_count FROM `blog_article` WHERE ( cid = '5'  ) LIMIT 1   [ RunTime:0.0008s ]
SQL: SELECT COUNT(*) AS tp_count FROM `blog_article` WHERE ( cid = '6'  ) LIMIT 1   [ RunTime:0.0008s ]
SQL: SELECT COUNT(*) AS tp_count FROM `blog_article` WHERE ( cid = '7'  ) LIMIT 1   [ RunTime:0.0007s ]
SQL: SELECT COUNT(*) AS tp_count FROM `blog_article` WHERE ( cid = '8'  ) LIMIT 1   [ RunTime:0.0007s ]
SQL: SELECT COUNT(*) AS tp_count FROM `blog_article` WHERE ( cid = '9'  ) LIMIT 1   [ RunTime:0.0006s ]
SQL: SELECT COUNT(*) AS tp_count FROM `blog_article` WHERE ( cid = '10'  ) LIMIT 1   [ RunTime:0.0011s ]
SQL: SELECT COUNT(*) AS tp_count FROM `blog_article` WHERE ( cid = '11'  ) LIMIT 1   [ RunTime:0.0008s ]
SQL: SELECT `id`,`title`,`pic`,`viewnum`,`createtime` FROM `blog_article` WHERE ( isdel=0 ) ORDER BY createtime desc LIMIT 3   [ RunTime:0.0016s ]
SQL: SELECT `id`,`domain`,`savepath`,`savename` FROM `blog_assets` WHERE (  id in (13) and IsDel = 0  )  [ RunTime:0.0010s ]
NOTIC: [8] Undefined index: cid E:\xampp\htdocs\smile\Application\Home\Model\ArticleModel.class.php 第 19 行.
SQL: SELECT `name` FROM `blog_cate` WHERE ( id = ''  ) LIMIT 1   [ RunTime:0.0007s ]
NOTIC: [8] Undefined index: uid E:\xampp\htdocs\smile\Application\Home\Model\ArticleModel.class.php 第 20 行.
SQL: SELECT `contact` FROM `blog_users` WHERE ( id='' ) LIMIT 1   [ RunTime:0.0006s ]
SQL: SELECT `id`,`domain`,`savepath`,`savename` FROM `blog_assets` WHERE (  id in (15) and IsDel = 0  )  [ RunTime:0.0007s ]
NOTIC: [8] Undefined index: cid E:\xampp\htdocs\smile\Application\Home\Model\ArticleModel.class.php 第 19 行.
SQL: SELECT `name` FROM `blog_cate` WHERE ( id = ''  ) LIMIT 1   [ RunTime:0.0007s ]
NOTIC: [8] Undefined index: uid E:\xampp\htdocs\smile\Application\Home\Model\ArticleModel.class.php 第 20 行.
SQL: SELECT `contact` FROM `blog_users` WHERE ( id='' ) LIMIT 1   [ RunTime:0.0007s ]
SQL: SELECT `id`,`domain`,`savepath`,`savename` FROM `blog_assets` WHERE (  id in (12) and IsDel = 0  )  [ RunTime:0.0008s ]
NOTIC: [8] Undefined index: cid E:\xampp\htdocs\smile\Application\Home\Model\ArticleModel.class.php 第 19 行.
SQL: SELECT `name` FROM `blog_cate` WHERE ( id = ''  ) LIMIT 1   [ RunTime:0.0007s ]
NOTIC: [8] Undefined index: uid E:\xampp\htdocs\smile\Application\Home\Model\ArticleModel.class.php 第 20 行.
SQL: SELECT `contact` FROM `blog_users` WHERE ( id='' ) LIMIT 1   [ RunTime:0.0006s ]
SQL: SELECT * FROM `blog_article` WHERE ( isdel = 0 AND viewnum > 100  ) ORDER BY rand() LIMIT 4   [ RunTime:0.0134s ]
SQL: SELECT `id`,`domain`,`savepath`,`savename` FROM `blog_assets` WHERE (  id in (10) and IsDel = 0  )  [ RunTime:0.0012s ]
SQL: SELECT `name` FROM `blog_cate` WHERE ( id = '2'  ) LIMIT 1   [ RunTime:0.0009s ]
SQL: SELECT `contact` FROM `blog_users` WHERE ( id='1002' ) LIMIT 1   [ RunTime:0.0008s ]
SQL: SELECT `id`,`domain`,`savepath`,`savename` FROM `blog_assets` WHERE (  id in (25) and IsDel = 0  )  [ RunTime:0.0008s ]
SQL: SELECT `name` FROM `blog_cate` WHERE ( id = '6'  ) LIMIT 1   [ RunTime:0.0009s ]
SQL: SELECT `contact` FROM `blog_users` WHERE ( id='1001' ) LIMIT 1   [ RunTime:0.0008s ]
SQL: SELECT `id`,`domain`,`savepath`,`savename` FROM `blog_assets` WHERE (  id in (9) and IsDel = 0  )  [ RunTime:0.0007s ]
SQL: SELECT `name` FROM `blog_cate` WHERE ( id = '10'  ) LIMIT 1   [ RunTime:0.0006s ]
SQL: SELECT `contact` FROM `blog_users` WHERE ( id='1002' ) LIMIT 1   [ RunTime:0.0007s ]
SQL: SELECT `id`,`domain`,`savepath`,`savename` FROM `blog_assets` WHERE (  id in (4) and IsDel = 0  )  [ RunTime:0.0007s ]
SQL: SELECT `name` FROM `blog_cate` WHERE ( id = '2'  ) LIMIT 1   [ RunTime:0.0006s ]
SQL: SELECT `contact` FROM `blog_users` WHERE ( id='1002' ) LIMIT 1   [ RunTime:0.0007s ]
SQL: SHOW COLUMNS FROM `blog_frilink` [ RunTime:0.0105s ]
SQL: SHOW COLUMNS FROM `blog_cate` [ RunTime:0.0100s ]
SQL: SELECT `name` FROM `blog_cate` WHERE ( url like '%Index%'  ) LIMIT 1   [ RunTime:0.0007s ]
SQL: SELECT COUNT(*) AS tp_count FROM `blog_article` WHERE ( isdel=0 ) LIMIT 1   [ RunTime:0.0007s ]
SQL: SELECT * FROM `blog_article` WHERE ( isdel=0 ) ORDER BY istop desc LIMIT 0,8   [ RunTime:0.0027s ]
SQL: SELECT `id`,`domain`,`savepath`,`savename` FROM `blog_assets` WHERE (  id in (3) and IsDel = 0  )  [ RunTime:0.0008s ]
SQL: SELECT `name` FROM `blog_cate` WHERE ( id = '5'  ) LIMIT 1   [ RunTime:0.0009s ]
SQL: SELECT `contact` FROM `blog_users` WHERE ( id='1002' ) LIMIT 1   [ RunTime:0.0008s ]
SQL: SELECT `id`,`domain`,`savepath`,`savename` FROM `blog_assets` WHERE (  id in (25) and IsDel = 0  )  [ RunTime:0.0016s ]
SQL: SELECT `name` FROM `blog_cate` WHERE ( id = '6'  ) LIMIT 1   [ RunTime:0.0010s ]
SQL: SELECT `contact` FROM `blog_users` WHERE ( id='1001' ) LIMIT 1   [ RunTime:0.0011s ]
SQL: SELECT `id`,`domain`,`savepath`,`savename` FROM `blog_assets` WHERE (  id in (10) and IsDel = 0  )  [ RunTime:0.0012s ]
SQL: SELECT `name` FROM `blog_cate` WHERE ( id = '2'  ) LIMIT 1   [ RunTime:0.0007s ]
SQL: SELECT `contact` FROM `blog_users` WHERE ( id='1002' ) LIMIT 1   [ RunTime:0.0007s ]
SQL: SELECT `id`,`domain`,`savepath`,`savename` FROM `blog_assets` WHERE (  id in (23) and IsDel = 0  )  [ RunTime:0.0008s ]
SQL: SELECT `name` FROM `blog_cate` WHERE ( id = '8'  ) LIMIT 1   [ RunTime:0.0007s ]
SQL: SELECT `contact` FROM `blog_users` WHERE ( id='1001' ) LIMIT 1   [ RunTime:0.0007s ]
SQL: SELECT `id`,`domain`,`savepath`,`savename` FROM `blog_assets` WHERE (  id in (6) and IsDel = 0  )  [ RunTime:0.0008s ]
SQL: SELECT `name` FROM `blog_cate` WHERE ( id = '1'  ) LIMIT 1   [ RunTime:0.0006s ]
SQL: SELECT `contact` FROM `blog_users` WHERE ( id='1002' ) LIMIT 1   [ RunTime:0.0006s ]
SQL: SELECT `id`,`domain`,`savepath`,`savename` FROM `blog_assets` WHERE (  id in (4) and IsDel = 0  )  [ RunTime:0.0008s ]
SQL: SELECT `name` FROM `blog_cate` WHERE ( id = '2'  ) LIMIT 1   [ RunTime:0.0007s ]
SQL: SELECT `contact` FROM `blog_users` WHERE ( id='1002' ) LIMIT 1   [ RunTime:0.0006s ]
SQL: SELECT `id`,`domain`,`savepath`,`savename` FROM `blog_assets` WHERE (  id in (9) and IsDel = 0  )  [ RunTime:0.0009s ]
SQL: SELECT `name` FROM `blog_cate` WHERE ( id = '10'  ) LIMIT 1   [ RunTime:0.0009s ]
SQL: SELECT `contact` FROM `blog_users` WHERE ( id='1002' ) LIMIT 1   [ RunTime:0.0007s ]
SQL: SELECT `id`,`domain`,`savepath`,`savename` FROM `blog_assets` WHERE (  id in (7) and IsDel = 0  )  [ RunTime:0.0007s ]
SQL: SELECT `name` FROM `blog_cate` WHERE ( id = '11'  ) LIMIT 1   [ RunTime:0.0007s ]
SQL: SELECT `contact` FROM `blog_users` WHERE ( id='1002' ) LIMIT 1   [ RunTime:0.0008s ]
INFO: [ view_parse ] --START--
INFO: [ template_filter ] --START--
INFO: Run Behavior\ContentReplaceBehavior [ RunTime:0.000518s ]
INFO: [ template_filter ] --END-- [ RunTime:0.000772s ]
NOTIC: [8] Undefined index: child E:\xampp\htdocs\smile\Application\Runtime\Cache\Home\2a94b8bda04ff446dcedd42276fc99ee.php 第 69 行.
NOTIC: [8] Undefined index: child E:\xampp\htdocs\smile\Application\Runtime\Cache\Home\2a94b8bda04ff446dcedd42276fc99ee.php 第 70 行.
NOTIC: [8] Undefined index: child E:\xampp\htdocs\smile\Application\Runtime\Cache\Home\2a94b8bda04ff446dcedd42276fc99ee.php 第 72 行.
NOTIC: [8] Undefined index: child E:\xampp\htdocs\smile\Application\Runtime\Cache\Home\2a94b8bda04ff446dcedd42276fc99ee.php 第 69 行.
NOTIC: [8] Undefined index: child E:\xampp\htdocs\smile\Application\Runtime\Cache\Home\2a94b8bda04ff446dcedd42276fc99ee.php 第 70 行.
NOTIC: [8] Undefined index: child E:\xampp\htdocs\smile\Application\Runtime\Cache\Home\2a94b8bda04ff446dcedd42276fc99ee.php 第 72 行.
NOTIC: [8] Undefined index: child E:\xampp\htdocs\smile\Application\Runtime\Cache\Home\2a94b8bda04ff446dcedd42276fc99ee.php 第 69 行.
NOTIC: [8] Undefined index: child E:\xampp\htdocs\smile\Application\Runtime\Cache\Home\2a94b8bda04ff446dcedd42276fc99ee.php 第 70 行.
NOTIC: [8] Undefined index: child E:\xampp\htdocs\smile\Application\Runtime\Cache\Home\2a94b8bda04ff446dcedd42276fc99ee.php 第 72 行.
NOTIC: [8] Undefined index: user E:\xampp\htdocs\smile\Application\Runtime\Cache\Home\2a94b8bda04ff446dcedd42276fc99ee.php 第 86 行.
INFO: Run Behavior\ParseTemplateBehavior [ RunTime:0.541398s ]
INFO: [ view_parse ] --END-- [ RunTime:0.541713s ]
INFO: [ view_filter ] --START--
INFO: Run Behavior\WriteHtmlCacheBehavior [ RunTime:0.002107s ]
INFO: [ view_filter ] --END-- [ RunTime:0.002322s ]
INFO: [ app_end ] --START--
INFO: Run Behavior\ShowPageTraceBehavior [ RunTime:0.002014s ]
INFO: [ app_end ] --END-- [ RunTime:0.002198s ]

[ 2017-01-11T23:20:10+08:00 ] ::1 /smile/Public/Home/jb.js
INFO: [ app_init ] --START--
INFO: Run Behavior\BuildLiteBehavior [ RunTime:0.000040s ]
INFO: [ app_init ] --END-- [ RunTime:0.001173s ]
INFO: [ app_begin ] --START--
INFO: Run Behavior\ReadHtmlCacheBehavior [ RunTime:0.002079s ]
INFO: [ app_begin ] --END-- [ RunTime:0.002301s ]
ERR: 无法加载控制器:Http:

[ 2017-01-11T23:20:14+08:00 ] ::1 /smile/index.php?m=Home&c=Index&a=Search
INFO: [ app_init ] --START--
INFO: Run Behavior\BuildLiteBehavior [ RunTime:0.000051s ]
INFO: [ app_init ] --END-- [ RunTime:0.002262s ]
INFO: [ app_begin ] --START--
INFO: Run Behavior\ReadHtmlCacheBehavior [ RunTime:0.001420s ]
INFO: [ app_begin ] --END-- [ RunTime:0.001625s ]
SQL: SHOW COLUMNS FROM `blog_setup` [ RunTime:0.0111s ]
SQL: SHOW COLUMNS FROM `blog_article` [ RunTime:0.0105s ]
SQL: SHOW COLUMNS FROM `blog_article` [ RunTime:0.0265s ]
SQL: SELECT `id`,`title`,`pic`,`indeximg` FROM `blog_article` WHERE ( isdel = 0 and indeximg = 1 ) ORDER BY sort asc  [ RunTime:0.0013s ]
SQL: SHOW COLUMNS FROM `blog_assets` [ RunTime:0.0128s ]
SQL: SHOW COLUMNS FROM `blog_assets` [ RunTime:0.0110s ]
SQL: SELECT `id`,`domain`,`savepath`,`savename` FROM `blog_assets` WHERE (  id in (23) and IsDel = 0  )  [ RunTime:0.0008s ]
SQL: SHOW COLUMNS FROM `blog_cate` [ RunTime:0.0101s ]
NOTIC: [8] Undefined index: cid E:\xampp\htdocs\smile\Application\Home\Model\ArticleModel.class.php 第 19 行.
SQL: SELECT `name` FROM `blog_cate` WHERE ( id = ''  ) LIMIT 1   [ RunTime:0.0009s ]
SQL: SHOW COLUMNS FROM `blog_users` [ RunTime:0.0108s ]
NOTIC: [8] Undefined index: uid E:\xampp\htdocs\smile\Application\Home\Model\ArticleModel.class.php 第 20 行.
SQL: SELECT `contact` FROM `blog_users` WHERE ( id='' ) LIMIT 1   [ RunTime:0.0009s ]
SQL: SELECT `id`,`domain`,`savepath`,`savename` FROM `blog_assets` WHERE (  id in (4) and IsDel = 0  )  [ RunTime:0.0010s ]
NOTIC: [8] Undefined index: cid E:\xampp\htdocs\smile\Application\Home\Model\ArticleModel.class.php 第 19 行.
SQL: SELECT `name` FROM `blog_cate` WHERE ( id = ''  ) LIMIT 1   [ RunTime:0.0008s ]
NOTIC: [8] Undefined index: uid E:\xampp\htdocs\smile\Application\Home\Model\ArticleModel.class.php 第 20 行.
SQL: SELECT `contact` FROM `blog_users` WHERE ( id='' ) LIMIT 1   [ RunTime:0.0008s ]
SQL: SELECT `id`,`domain`,`savepath`,`savename` FROM `blog_assets` WHERE (  id in (9) and IsDel = 0  )  [ RunTime:0.0008s ]
NOTIC: [8] Undefined index: cid E:\xampp\htdocs\smile\Application\Home\Model\ArticleModel.class.php 第 19 行.
SQL: SELECT `name` FROM `blog_cate` WHERE ( id = ''  ) LIMIT 1   [ RunTime:0.0008s ]
NOTIC: [8] Undefined index: uid E:\xampp\htdocs\smile\Application\Home\Model\ArticleModel.class.php 第 20 行.
SQL: SELECT `contact` FROM `blog_users` WHERE ( id='' ) LIMIT 1   [ RunTime:0.0008s ]
SQL: SELECT `id`,`domain`,`savepath`,`savename` FROM `blog_assets` WHERE (  id in (7) and IsDel = 0  )  [ RunTime:0.0009s ]
NOTIC: [8] Undefined index: cid E:\xampp\htdocs\smile\Application\Home\Model\ArticleModel.class.php 第 19 行.
SQL: SELECT `name` FROM `blog_cate` WHERE ( id = ''  ) LIMIT 1   [ RunTime:0.0010s ]
NOTIC: [8] Undefined index: uid E:\xampp\htdocs\smile\Application\Home\Model\ArticleModel.class.php 第 20 行.
SQL: SELECT `contact` FROM `blog_users` WHERE ( id='' ) LIMIT 1   [ RunTime:0.0008s ]
SQL: SELECT `id`,`domain`,`savepath`,`savename` FROM `blog_assets` WHERE (  id in (25) and IsDel = 0  )  [ RunTime:0.0008s ]
NOTIC: [8] Undefined index: cid E:\xampp\htdocs\smile\Application\Home\Model\ArticleModel.class.php 第 19 行.
SQL: SELECT `name` FROM `blog_cate` WHERE ( id = ''  ) LIMIT 1   [ RunTime:0.0006s ]
NOTIC: [8] Undefined index: uid E:\xampp\htdocs\smile\Application\Home\Model\ArticleModel.class.php 第 20 行.
SQL: SELECT `contact` FROM `blog_users` WHERE ( id='' ) LIMIT 1   [ RunTime:0.0005s ]
SQL: SELECT * FROM `blog_cate` WHERE ( isdel = 0 )  [ RunTime:0.0009s ]
SQL: SELECT COUNT(*) AS tp_count FROM `blog_article` WHERE ( cid = '1'  ) LIMIT 1   [ RunTime:0.0008s ]
SQL: SELECT COUNT(*) AS tp_count FROM `blog_article` WHERE ( cid = '2'  ) LIMIT 1   [ RunTime:0.0011s ]
SQL: SELECT COUNT(*) AS tp_count FROM `blog_article` WHERE ( cid = '3'  ) LIMIT 1   [ RunTime:0.0011s ]
SQL: SELECT COUNT(*) AS tp_count FROM `blog_article` WHERE ( cid = '4'  ) LIMIT 1   [ RunTime:0.0012s ]
SQL: SELECT COUNT(*) AS tp_count FROM `blog_article` WHERE ( cid = '5'  ) LIMIT 1   [ RunTime:0.0010s ]
SQL: SELECT COUNT(*) AS tp_count FROM `blog_article` WHERE ( cid = '6'  ) LIMIT 1   [ RunTime:0.0008s ]
SQL: SELECT COUNT(*) AS tp_count FROM `blog_article` WHERE ( cid = '7'  ) LIMIT 1   [ RunTime:0.0008s ]
SQL: SELECT COUNT(*) AS tp_count FROM `blog_article` WHERE ( cid = '8'  ) LIMIT 1   [ RunTime:0.0008s ]
SQL: SELECT COUNT(*) AS tp_count FROM `blog_article` WHERE ( cid = '9'  ) LIMIT 1   [ RunTime:0.0008s ]
SQL: SELECT COUNT(*) AS tp_count FROM `blog_article` WHERE ( cid = '10'  ) LIMIT 1   [ RunTime:0.0008s ]
SQL: SELECT COUNT(*) AS tp_count FROM `blog_article` WHERE ( cid = '11'  ) LIMIT 1   [ RunTime:0.0012s ]
SQL: SELECT `id`,`title`,`pic`,`viewnum`,`createtime` FROM `blog_article` WHERE ( isdel=0 ) ORDER BY createtime desc LIMIT 3   [ RunTime:0.0016s ]
SQL: SELECT `id`,`domain`,`savepath`,`savename` FROM `blog_assets` WHERE (  id in (13) and IsDel = 0  )  [ RunTime:0.0008s ]
NOTIC: [8] Undefined index: cid E:\xampp\htdocs\smile\Application\Home\Model\ArticleModel.class.php 第 19 行.
SQL: SELECT `name` FROM `blog_cate` WHERE ( id = ''  ) LIMIT 1   [ RunTime:0.0008s ]
NOTIC: [8] Undefined index: uid E:\xampp\htdocs\smile\Application\Home\Model\ArticleModel.class.php 第 20 行.
SQL: SELECT `contact` FROM `blog_users` WHERE ( id='' ) LIMIT 1   [ RunTime:0.0007s ]
SQL: SELECT `id`,`domain`,`savepath`,`savename` FROM `blog_assets` WHERE (  id in (15) and IsDel = 0  )  [ RunTime:0.0008s ]
NOTIC: [8] Undefined index: cid E:\xampp\htdocs\smile\Application\Home\Model\ArticleModel.class.php 第 19 行.
SQL: SELECT `name` FROM `blog_cate` WHERE ( id = ''  ) LIMIT 1   [ RunTime:0.0007s ]
NOTIC: [8] Undefined index: uid E:\xampp\htdocs\smile\Application\Home\Model\ArticleModel.class.php 第 20 行.
SQL: SELECT `contact` FROM `blog_users` WHERE ( id='' ) LIMIT 1   [ RunTime:0.0009s ]
SQL: SELECT `id`,`domain`,`savepath`,`savename` FROM `blog_assets` WHERE (  id in (12) and IsDel = 0  )  [ RunTime:0.0010s ]
NOTIC: [8] Undefined index: cid E:\xampp\htdocs\smile\Application\Home\Model\ArticleModel.class.php 第 19 行.
SQL: SELECT `name` FROM `blog_cate` WHERE ( id = ''  ) LIMIT 1   [ RunTime:0.0008s ]
NOTIC: [8] Undefined index: uid E:\xampp\htdocs\smile\Application\Home\Model\ArticleModel.class.php 第 20 行.
SQL: SELECT `contact` FROM `blog_users` WHERE ( id='' ) LIMIT 1   [ RunTime:0.0011s ]
SQL: SELECT * FROM `blog_article` WHERE ( isdel = 0 AND viewnum > 100  ) ORDER BY rand() LIMIT 4   [ RunTime:0.0217s ]
SQL: SELECT `id`,`domain`,`savepath`,`savename` FROM `blog_assets` WHERE (  id in (9) and IsDel = 0  )  [ RunTime:0.0008s ]
SQL: SELECT `name` FROM `blog_cate` WHERE ( id = '10'  ) LIMIT 1   [ RunTime:0.0006s ]
SQL: SELECT `contact` FROM `blog_users` WHERE ( id='1002' ) LIMIT 1   [ RunTime:0.0007s ]
SQL: SELECT `id`,`domain`,`savepath`,`savename` FROM `blog_assets` WHERE (  id in (3) and IsDel = 0  )  [ RunTime:0.0007s ]
SQL: SELECT `name` FROM `blog_cate` WHERE ( id = '5'  ) LIMIT 1   [ RunTime:0.0007s ]
SQL: SELECT `contact` FROM `blog_users` WHERE ( id='1002' ) LIMIT 1   [ RunTime:0.0013s ]
SQL: SELECT `id`,`domain`,`savepath`,`savename` FROM `blog_assets` WHERE (  id in (25) and IsDel = 0  )  [ RunTime:0.0008s ]
SQL: SELECT `name` FROM `blog_cate` WHERE ( id = '6'  ) LIMIT 1   [ RunTime:0.0008s ]
SQL: SELECT `contact` FROM `blog_users` WHERE ( id='1001' ) LIMIT 1   [ RunTime:0.0007s ]
SQL: SELECT `id`,`domain`,`savepath`,`savename` FROM `blog_assets` WHERE (  id in (7) and IsDel = 0  )  [ RunTime:0.0008s ]
SQL: SELECT `name` FROM `blog_cate` WHERE ( id = '11'  ) LIMIT 1   [ RunTime:0.0007s ]
SQL: SELECT `contact` FROM `blog_users` WHERE ( id='1002' ) LIMIT 1   [ RunTime:0.0006s ]
SQL: SHOW COLUMNS FROM `blog_frilink` [ RunTime:0.0091s ]
SQL: SHOW COLUMNS FROM `blog_cate` [ RunTime:0.0094s ]
SQL: SELECT `name` FROM `blog_cate` WHERE ( url like '%Index%'  ) LIMIT 1   [ RunTime:0.0008s ]
SQL: SHOW COLUMNS FROM `blog_article` [ RunTime:0.0113s ]
SQL: SELECT * FROM `blog_article` WHERE ( title like '%1%' ) ORDER BY id desc  [ RunTime:0.0703s ]
SQL: SELECT `id`,`domain`,`savepath`,`savename` FROM `blog_assets` WHERE (  id in (15) and IsDel = 0  )  [ RunTime:0.0010s ]
SQL: SELECT `contact` FROM `blog_users` WHERE ( id='1002' ) LIMIT 1   [ RunTime:0.0008s ]
SQL: SELECT `id`,`domain`,`savepath`,`savename` FROM `blog_assets` WHERE (  id in (6) and IsDel = 0  )  [ RunTime:0.0007s ]
SQL: SELECT `contact` FROM `blog_users` WHERE ( id='1002' ) LIMIT 1   [ RunTime:0.0007s ]
SQL: SELECT `id`,`domain`,`savepath`,`savename` FROM `blog_assets` WHERE (  id in (23) and IsDel = 0  )  [ RunTime:0.0008s ]
SQL: SELECT `contact` FROM `blog_users` WHERE ( id='1001' ) LIMIT 1   [ RunTime:0.0007s ]
SQL: SELECT `id`,`domain`,`savepath`,`savename` FROM `blog_assets` WHERE (  id in (3) and IsDel = 0  )  [ RunTime:0.0008s ]
SQL: SELECT `contact` FROM `blog_users` WHERE ( id='1002' ) LIMIT 1   [ RunTime:0.0007s ]
SQL: SELECT `id`,`domain`,`savepath`,`savename` FROM `blog_assets` WHERE (  id in (10) and IsDel = 0  )  [ RunTime:0.0007s ]
SQL: SELECT `contact` FROM `blog_users` WHERE ( id='1002' ) LIMIT 1   [ RunTime:0.0008s ]
INFO: [ view_parse ] --START--
INFO: [ template_filter ] --START--
INFO: Run Behavior\ContentReplaceBehavior [ RunTime:0.000250s ]
INFO: [ template_filter ] --END-- [ RunTime:0.000385s ]
NOTIC: [8] Undefined variable: ctitle E:\xampp\htdocs\smile\Application\Runtime\Cache\Home\5ff62f8010df336befcd4956bec1881f.php 第 58 行.
NOTIC: [8] Undefined variable: ctitle E:\xampp\htdocs\smile\Application\Runtime\Cache\Home\5ff62f8010df336befcd4956bec1881f.php 第 58 行.
NOTIC: [8] Undefined variable: ctitle E:\xampp\htdocs\smile\Application\Runtime\Cache\Home\5ff62f8010df336befcd4956bec1881f.php 第 58 行.
NOTIC: [8] Undefined variable: ctitle E:\xampp\htdocs\smile\Application\Runtime\Cache\Home\5ff62f8010df336befcd4956bec1881f.php 第 58 行.
NOTIC: [8] Undefined variable: ctitle E:\xampp\htdocs\smile\Application\Runtime\Cache\Home\5ff62f8010df336befcd4956bec1881f.php 第 58 行.
NOTIC: [8] Undefined variable: ctitle E:\xampp\htdocs\smile\Application\Runtime\Cache\Home\5ff62f8010df336befcd4956bec1881f.php 第 58 行.
NOTIC: [8] Undefined variable: ctitle E:\xampp\htdocs\smile\Application\Runtime\Cache\Home\5ff62f8010df336befcd4956bec1881f.php 第 61 行.
NOTIC: [8] Undefined variable: ctitle E:\xampp\htdocs\smile\Application\Runtime\Cache\Home\5ff62f8010df336befcd4956bec1881f.php 第 62 行.
NOTIC: [8] Undefined variable: ctitle E:\xampp\htdocs\smile\Application\Runtime\Cache\Home\5ff62f8010df336befcd4956bec1881f.php 第 63 行.
NOTIC: [8] Undefined variable: ctitle E:\xampp\htdocs\smile\Application\Runtime\Cache\Home\5ff62f8010df336befcd4956bec1881f.php 第 64 行.
NOTIC: [8] Undefined variable: ctitle E:\xampp\htdocs\smile\Application\Runtime\Cache\Home\5ff62f8010df336befcd4956bec1881f.php 第 65 行.
NOTIC: [8] Undefined variable: ctitle E:\xampp\htdocs\smile\Application\Runtime\Cache\Home\5ff62f8010df336befcd4956bec1881f.php 第 66 行.
NOTIC: [8] Undefined index: user E:\xampp\htdocs\smile\Application\Runtime\Cache\Home\5ff62f8010df336befcd4956bec1881f.php 第 83 行.
NOTIC: [8] Undefined variable: zuixin E:\xampp\htdocs\smile\Application\Runtime\Cache\Home\5ff62f8010df336befcd4956bec1881f.php 第 148 行.
INFO: Run Behavior\ParseTemplateBehavior [ RunTime:0.127953s ]
INFO: [ view_parse ] --END-- [ RunTime:0.128120s ]
INFO: [ view_filter ] --START--
INFO: Run Behavior\WriteHtmlCacheBehavior [ RunTime:0.001496s ]
INFO: [ view_filter ] --END-- [ RunTime:0.001614s ]
INFO: [ app_end ] --START--
INFO: Run Behavior\ShowPageTraceBehavior [ RunTime:0.001361s ]
INFO: [ app_end ] --END-- [ RunTime:0.001509s ]

[ 2017-01-11T23:20:37+08:00 ] ::1 /smile/index.php?m=Home&c=Index&a=Search
INFO: [ app_init ] --START--
INFO: Run Behavior\BuildLiteBehavior [ RunTime:0.000037s ]
INFO: [ app_init ] --END-- [ RunTime:0.001301s ]
INFO: [ app_begin ] --START--
INFO: Run Behavior\ReadHtmlCacheBehavior [ RunTime:0.001982s ]
INFO: [ app_begin ] --END-- [ RunTime:0.002292s ]
SQL: SHOW COLUMNS FROM `blog_setup` [ RunTime:0.0116s ]
SQL: SHOW COLUMNS FROM `blog_article` [ RunTime:0.0095s ]
SQL: SHOW COLUMNS FROM `blog_article` [ RunTime:0.0105s ]
SQL: SELECT `id`,`title`,`pic`,`indeximg` FROM `blog_article` WHERE ( isdel = 0 and indeximg = 1 ) ORDER BY sort asc  [ RunTime:0.0009s ]
SQL: SHOW COLUMNS FROM `blog_assets` [ RunTime:0.0113s ]
SQL: SHOW COLUMNS FROM `blog_assets` [ RunTime:0.0109s ]
SQL: SELECT `id`,`domain`,`savepath`,`savename` FROM `blog_assets` WHERE (  id in (23) and IsDel = 0  )  [ RunTime:0.0008s ]
SQL: SHOW COLUMNS FROM `blog_cate` [ RunTime:0.0089s ]
NOTIC: [8] Undefined index: cid E:\xampp\htdocs\smile\Application\Home\Model\ArticleModel.class.php 第 19 行.
SQL: SELECT `name` FROM `blog_cate` WHERE ( id = ''  ) LIMIT 1   [ RunTime:0.0005s ]
SQL: SHOW COLUMNS FROM `blog_users` [ RunTime:0.0110s ]
NOTIC: [8] Undefined index: uid E:\xampp\htdocs\smile\Application\Home\Model\ArticleModel.class.php 第 20 行.
SQL: SELECT `contact` FROM `blog_users` WHERE ( id='' ) LIMIT 1   [ RunTime:0.0007s ]
SQL: SELECT `id`,`domain`,`savepath`,`savename` FROM `blog_assets` WHERE (  id in (4) and IsDel = 0  )  [ RunTime:0.0009s ]
NOTIC: [8] Undefined index: cid E:\xampp\htdocs\smile\Application\Home\Model\ArticleModel.class.php 第 19 行.
SQL: SELECT `name` FROM `blog_cate` WHERE ( id = ''  ) LIMIT 1   [ RunTime:0.0009s ]
NOTIC: [8] Undefined index: uid E:\xampp\htdocs\smile\Application\Home\Model\ArticleModel.class.php 第 20 行.
SQL: SELECT `contact` FROM `blog_users` WHERE ( id='' ) LIMIT 1   [ RunTime:0.0012s ]
SQL: SELECT `id`,`domain`,`savepath`,`savename` FROM `blog_assets` WHERE (  id in (9) and IsDel = 0  )  [ RunTime:0.0007s ]
NOTIC: [8] Undefined index: cid E:\xampp\htdocs\smile\Application\Home\Model\ArticleModel.class.php 第 19 行.
SQL: SELECT `name` FROM `blog_cate` WHERE ( id = ''  ) LIMIT 1   [ RunTime:0.0006s ]
NOTIC: [8] Undefined index: uid E:\xampp\htdocs\smile\Application\Home\Model\ArticleModel.class.php 第 20 行.
SQL: SELECT `contact` FROM `blog_users` WHERE ( id='' ) LIMIT 1   [ RunTime:0.0007s ]
SQL: SELECT `id`,`domain`,`savepath`,`savename` FROM `blog_assets` WHERE (  id in (7) and IsDel = 0  )  [ RunTime:0.0009s ]
NOTIC: [8] Undefined index: cid E:\xampp\htdocs\smile\Application\Home\Model\ArticleModel.class.php 第 19 行.
SQL: SELECT `name` FROM `blog_cate` WHERE ( id = ''  ) LIMIT 1   [ RunTime:0.0007s ]
NOTIC: [8] Undefined index: uid E:\xampp\htdocs\smile\Application\Home\Model\ArticleModel.class.php 第 20 行.
SQL: SELECT `contact` FROM `blog_users` WHERE ( id='' ) LIMIT 1   [ RunTime:0.0006s ]
SQL: SELECT `id`,`domain`,`savepath`,`savename` FROM `blog_assets` WHERE (  id in (25) and IsDel = 0  )  [ RunTime:0.0007s ]
NOTIC: [8] Undefined index: cid E:\xampp\htdocs\smile\Application\Home\Model\ArticleModel.class.php 第 19 行.
SQL: SELECT `name` FROM `blog_cate` WHERE ( id = ''  ) LIMIT 1   [ RunTime:0.0005s ]
NOTIC: [8] Undefined index: uid E:\xampp\htdocs\smile\Application\Home\Model\ArticleModel.class.php 第 20 行.
SQL: SELECT `contact` FROM `blog_users` WHERE ( id='' ) LIMIT 1   [ RunTime:0.0010s ]
SQL: SELECT * FROM `blog_cate` WHERE ( isdel = 0 )  [ RunTime:0.0008s ]
SQL: SELECT COUNT(*) AS tp_count FROM `blog_article` WHERE ( cid = '1'  ) LIMIT 1   [ RunTime:0.0007s ]
SQL: SELECT COUNT(*) AS tp_count FROM `blog_article` WHERE ( cid = '2'  ) LIMIT 1   [ RunTime:0.0007s ]
SQL: SELECT COUNT(*) AS tp_count FROM `blog_article` WHERE ( cid = '3'  ) LIMIT 1   [ RunTime:0.0016s ]
SQL: SELECT COUNT(*) AS tp_count FROM `blog_article` WHERE ( cid = '4'  ) LIMIT 1   [ RunTime:0.0009s ]
SQL: SELECT COUNT(*) AS tp_count FROM `blog_article` WHERE ( cid = '5'  ) LIMIT 1   [ RunTime:0.0007s ]
SQL: SELECT COUNT(*) AS tp_count FROM `blog_article` WHERE ( cid = '6'  ) LIMIT 1   [ RunTime:0.0009s ]
SQL: SELECT COUNT(*) AS tp_count FROM `blog_article` WHERE ( cid = '7'  ) LIMIT 1   [ RunTime:0.0008s ]
SQL: SELECT COUNT(*) AS tp_count FROM `blog_article` WHERE ( cid = '8'  ) LIMIT 1   [ RunTime:0.0007s ]
SQL: SELECT COUNT(*) AS tp_count FROM `blog_article` WHERE ( cid = '9'  ) LIMIT 1   [ RunTime:0.0006s ]
SQL: SELECT COUNT(*) AS tp_count FROM `blog_article` WHERE ( cid = '10'  ) LIMIT 1   [ RunTime:0.0006s ]
SQL: SELECT COUNT(*) AS tp_count FROM `blog_article` WHERE ( cid = '11'  ) LIMIT 1   [ RunTime:0.0005s ]
SQL: SELECT `id`,`title`,`pic`,`viewnum`,`createtime` FROM `blog_article` WHERE ( isdel=0 ) ORDER BY createtime desc LIMIT 3   [ RunTime:0.0008s ]
SQL: SELECT `id`,`domain`,`savepath`,`savename` FROM `blog_assets` WHERE (  id in (13) and IsDel = 0  )  [ RunTime:0.0007s ]
NOTIC: [8] Undefined index: cid E:\xampp\htdocs\smile\Application\Home\Model\ArticleModel.class.php 第 19 行.
SQL: SELECT `name` FROM `blog_cate` WHERE ( id = ''  ) LIMIT 1   [ RunTime:0.0006s ]
NOTIC: [8] Undefined index: uid E:\xampp\htdocs\smile\Application\Home\Model\ArticleModel.class.php 第 20 行.
SQL: SELECT `contact` FROM `blog_users` WHERE ( id='' ) LIMIT 1   [ RunTime:0.0006s ]
SQL: SELECT `id`,`domain`,`savepath`,`savename` FROM `blog_assets` WHERE (  id in (15) and IsDel = 0  )  [ RunTime:0.0007s ]
NOTIC: [8] Undefined index: cid E:\xampp\htdocs\smile\Application\Home\Model\ArticleModel.class.php 第 19 行.
SQL: SELECT `name` FROM `blog_cate` WHERE ( id = ''  ) LIMIT 1   [ RunTime:0.0006s ]
NOTIC: [8] Undefined index: uid E:\xampp\htdocs\smile\Application\Home\Model\ArticleModel.class.php 第 20 行.
SQL: SELECT `contact` FROM `blog_users` WHERE ( id='' ) LIMIT 1   [ RunTime:0.0006s ]
SQL: SELECT `id`,`domain`,`savepath`,`savename` FROM `blog_assets` WHERE (  id in (12) and IsDel = 0  )  [ RunTime:0.0007s ]
NOTIC: [8] Undefined index: cid E:\xampp\htdocs\smile\Application\Home\Model\ArticleModel.class.php 第 19 行.
SQL: SELECT `name` FROM `blog_cate` WHERE ( id = ''  ) LIMIT 1   [ RunTime:0.0006s ]
NOTIC: [8] Undefined index: uid E:\xampp\htdocs\smile\Application\Home\Model\ArticleModel.class.php 第 20 行.
SQL: SELECT `contact` FROM `blog_users` WHERE ( id='' ) LIMIT 1   [ RunTime:0.0005s ]
SQL: SELECT * FROM `blog_article` WHERE ( isdel = 0 AND viewnum > 100  ) ORDER BY rand() LIMIT 4   [ RunTime:0.0149s ]
SQL: SELECT `id`,`domain`,`savepath`,`savename` FROM `blog_assets` WHERE (  id in (9) and IsDel = 0  )  [ RunTime:0.0008s ]
SQL: SELECT `name` FROM `blog_cate` WHERE ( id = '10'  ) LIMIT 1   [ RunTime:0.0007s ]
SQL: SELECT `contact` FROM `blog_users` WHERE ( id='1002' ) LIMIT 1   [ RunTime:0.0008s ]
SQL: SELECT `id`,`domain`,`savepath`,`savename` FROM `blog_assets` WHERE (  id in (10) and IsDel = 0  )  [ RunTime:0.0007s ]
SQL: SELECT `name` FROM `blog_cate` WHERE ( id = '2'  ) LIMIT 1   [ RunTime:0.0008s ]
SQL: SELECT `contact` FROM `blog_users` WHERE ( id='1002' ) LIMIT 1   [ RunTime:0.0007s ]
SQL: SELECT `id`,`domain`,`savepath`,`savename` FROM `blog_assets` WHERE (  id in (4) and IsDel = 0  )  [ RunTime:0.0008s ]
SQL: SELECT `name` FROM `blog_cate` WHERE ( id = '2'  ) LIMIT 1   [ RunTime:0.0007s ]
SQL: SELECT `contact` FROM `blog_users` WHERE ( id='1002' ) LIMIT 1   [ RunTime:0.0007s ]
SQL: SELECT `id`,`domain`,`savepath`,`savename` FROM `blog_assets` WHERE (  id in (3) and IsDel = 0  )  [ RunTime:0.0008s ]
SQL: SELECT `name` FROM `blog_cate` WHERE ( id = '5'  ) LIMIT 1   [ RunTime:0.0013s ]
SQL: SELECT `contact` FROM `blog_users` WHERE ( id='1002' ) LIMIT 1   [ RunTime:0.0009s ]
SQL: SHOW COLUMNS FROM `blog_frilink` [ RunTime:0.0112s ]
SQL: SHOW COLUMNS FROM `blog_cate` [ RunTime:0.0107s ]
SQL: SELECT `name` FROM `blog_cate` WHERE ( url like '%Index%'  ) LIMIT 1   [ RunTime:0.0007s ]

