[ 2017-02-23T22:55:54+08:00 ] ::1 /smile/
INFO: [ app_init ] --START--
INFO: Run Behavior\BuildLiteBehavior [ RunTime:0.000052s ]
INFO: [ app_init ] --END-- [ RunTime:0.033533s ]
INFO: [ app_begin ] --START--
INFO: Run Behavior\ReadHtmlCacheBehavior [ RunTime:0.005756s ]
INFO: [ app_begin ] --END-- [ RunTime:0.006004s ]
SQL: SHOW COLUMNS FROM `sml_setup` [ RunTime:0.4402s ]
SQL: SHOW COLUMNS FROM `sml_article` [ RunTime:0.1515s ]
SQL: SHOW COLUMNS FROM `sml_article` [ RunTime:0.0223s ]
SQL: SELECT `id`,`title`,`pic`,`indeximg` FROM `sml_article` WHERE ( isdel = 0 and indeximg = 1 ) ORDER BY sort asc  [ RunTime:0.0949s ]
SQL: SHOW COLUMNS FROM `sml_assets` [ RunTime:0.1289s ]
SQL: SHOW COLUMNS FROM `sml_assets` [ RunTime:0.0251s ]
SQL: SELECT `id`,`domain`,`savepath`,`savename` FROM `sml_assets` WHERE (  id in (3) and IsDel = 0  )  [ RunTime:0.0034s ]
SQL: SHOW COLUMNS FROM `sml_cate` [ RunTime:0.1447s ]
NOTIC: [8] Undefined index: cid E:\xampp\htdocs\smile\Application\Home\Model\ArticleModel.class.php 第 19 行.
SQL: SELECT `name` FROM `sml_cate` WHERE ( id = ''  ) LIMIT 1   [ RunTime:0.0119s ]
SQL: SHOW COLUMNS FROM `sml_users` [ RunTime:0.1333s ]
NOTIC: [8] Undefined index: uid E:\xampp\htdocs\smile\Application\Home\Model\ArticleModel.class.php 第 20 行.
SQL: SELECT `contact` FROM `sml_users` WHERE ( id='' ) LIMIT 1   [ RunTime:0.0018s ]
SQL: SELECT `id`,`domain`,`savepath`,`savename` FROM `sml_assets` WHERE (  id in (23) and IsDel = 0  )  [ RunTime:0.0037s ]
NOTIC: [8] Undefined index: cid E:\xampp\htdocs\smile\Application\Home\Model\ArticleModel.class.php 第 19 行.
SQL: SELECT `name` FROM `sml_cate` WHERE ( id = ''  ) LIMIT 1   [ RunTime:0.0013s ]
NOTIC: [8] Undefined index: uid E:\xampp\htdocs\smile\Application\Home\Model\ArticleModel.class.php 第 20 行.
SQL: SELECT `contact` FROM `sml_users` WHERE ( id='' ) LIMIT 1   [ RunTime:0.0011s ]
SQL: SELECT `id`,`domain`,`savepath`,`savename` FROM `sml_assets` WHERE (  id in (7) and IsDel = 0  )  [ RunTime:0.0021s ]
NOTIC: [8] Undefined index: cid E:\xampp\htdocs\smile\Application\Home\Model\ArticleModel.class.php 第 19 行.
SQL: SELECT `name` FROM `sml_cate` WHERE ( id = ''  ) LIMIT 1   [ RunTime:0.0019s ]
NOTIC: [8] Undefined index: uid E:\xampp\htdocs\smile\Application\Home\Model\ArticleModel.class.php 第 20 行.
SQL: SELECT `contact` FROM `sml_users` WHERE ( id='' ) LIMIT 1   [ RunTime:0.0021s ]
SQL: SELECT * FROM `sml_cate` WHERE ( isdel = 0 )  [ RunTime:0.0041s ]
SQL: SELECT COUNT(*) AS tp_count FROM `sml_article` WHERE ( cid = '1'  ) LIMIT 1   [ RunTime:0.0620s ]
SQL: SELECT COUNT(*) AS tp_count FROM `sml_article` WHERE ( cid = '2'  ) LIMIT 1   [ RunTime:0.0016s ]
SQL: SELECT COUNT(*) AS tp_count FROM `sml_article` WHERE ( cid = '3'  ) LIMIT 1   [ RunTime:0.0012s ]
SQL: SELECT COUNT(*) AS tp_count FROM `sml_article` WHERE ( cid = '4'  ) LIMIT 1   [ RunTime:0.0011s ]
SQL: SELECT COUNT(*) AS tp_count FROM `sml_article` WHERE ( cid = '5'  ) LIMIT 1   [ RunTime:0.0015s ]
SQL: SELECT COUNT(*) AS tp_count FROM `sml_article` WHERE ( cid = '6'  ) LIMIT 1   [ RunTime:0.0014s ]
SQL: SELECT COUNT(*) AS tp_count FROM `sml_article` WHERE ( cid = '7'  ) LIMIT 1   [ RunTime:0.0011s ]
SQL: SELECT COUNT(*) AS tp_count FROM `sml_article` WHERE ( cid = '8'  ) LIMIT 1   [ RunTime:0.0011s ]
SQL: SELECT COUNT(*) AS tp_count FROM `sml_article` WHERE ( cid = '9'  ) LIMIT 1   [ RunTime:0.0011s ]
SQL: SELECT COUNT(*) AS tp_count FROM `sml_article` WHERE ( cid = '10'  ) LIMIT 1   [ RunTime:0.0009s ]
SQL: SELECT COUNT(*) AS tp_count FROM `sml_article` WHERE ( cid = '11'  ) LIMIT 1   [ RunTime:0.0009s ]
SQL: SELECT `id`,`title`,`pic`,`viewnum`,`createtime` FROM `sml_article` WHERE ( isdel=0 ) ORDER BY createtime desc LIMIT 3   [ RunTime:0.0196s ]
SQL: SELECT `id`,`domain`,`savepath`,`savename` FROM `sml_assets` WHERE (  id in (13) and IsDel = 0  )  [ RunTime:0.0012s ]
NOTIC: [8] Undefined index: cid E:\xampp\htdocs\smile\Application\Home\Model\ArticleModel.class.php 第 19 行.
SQL: SELECT `name` FROM `sml_cate` WHERE ( id = ''  ) LIMIT 1   [ RunTime:0.0014s ]
NOTIC: [8] Undefined index: uid E:\xampp\htdocs\smile\Application\Home\Model\ArticleModel.class.php 第 20 行.
SQL: SELECT `contact` FROM `sml_users` WHERE ( id='' ) LIMIT 1   [ RunTime:0.0012s ]
SQL: SELECT `id`,`domain`,`savepath`,`savename` FROM `sml_assets` WHERE (  id in (15) and IsDel = 0  )  [ RunTime:0.0010s ]
NOTIC: [8] Undefined index: cid E:\xampp\htdocs\smile\Application\Home\Model\ArticleModel.class.php 第 19 行.
SQL: SELECT `name` FROM `sml_cate` WHERE ( id = ''  ) LIMIT 1   [ RunTime:0.0009s ]
NOTIC: [8] Undefined index: uid E:\xampp\htdocs\smile\Application\Home\Model\ArticleModel.class.php 第 20 行.
SQL: SELECT `contact` FROM `sml_users` WHERE ( id='' ) LIMIT 1   [ RunTime:0.0010s ]
SQL: SELECT `id`,`domain`,`savepath`,`savename` FROM `sml_assets` WHERE (  id in (12) and IsDel = 0  )  [ RunTime:0.0008s ]
NOTIC: [8] Undefined index: cid E:\xampp\htdocs\smile\Application\Home\Model\ArticleModel.class.php 第 19 行.
SQL: SELECT `name` FROM `sml_cate` WHERE ( id = ''  ) LIMIT 1   [ RunTime:0.0007s ]
NOTIC: [8] Undefined index: uid E:\xampp\htdocs\smile\Application\Home\Model\ArticleModel.class.php 第 20 行.
SQL: SELECT `contact` FROM `sml_users` WHERE ( id='' ) LIMIT 1   [ RunTime:0.0008s ]
SQL: SELECT * FROM `sml_article` WHERE ( isdel = 0 AND viewnum > 100  ) ORDER BY rand() LIMIT 4   [ RunTime:0.0251s ]
SQL: SELECT `id`,`domain`,`savepath`,`savename` FROM `sml_assets` WHERE (  id in (25) and IsDel = 0  )  [ RunTime:0.0011s ]
SQL: SELECT `name` FROM `sml_cate` WHERE ( id = '6'  ) LIMIT 1   [ RunTime:0.0013s ]
SQL: SELECT `contact` FROM `sml_users` WHERE ( id='1001' ) LIMIT 1   [ RunTime:0.0008s ]
SQL: SELECT `id`,`domain`,`savepath`,`savename` FROM `sml_assets` WHERE (  id in (3) and IsDel = 0  )  [ RunTime:0.0008s ]
SQL: SELECT `name` FROM `sml_cate` WHERE ( id = '5'  ) LIMIT 1   [ RunTime:0.0010s ]
SQL: SELECT `contact` FROM `sml_users` WHERE ( id='1002' ) LIMIT 1   [ RunTime:0.0009s ]
SQL: SELECT `id`,`domain`,`savepath`,`savename` FROM `sml_assets` WHERE (  id in (4) and IsDel = 0  )  [ RunTime:0.0010s ]
SQL: SELECT `name` FROM `sml_cate` WHERE ( id = '2'  ) LIMIT 1   [ RunTime:0.0009s ]
SQL: SELECT `contact` FROM `sml_users` WHERE ( id='1002' ) LIMIT 1   [ RunTime:0.0009s ]
SQL: SELECT `id`,`domain`,`savepath`,`savename` FROM `sml_assets` WHERE (  id in (7) and IsDel = 0  )  [ RunTime:0.0009s ]
SQL: SELECT `name` FROM `sml_cate` WHERE ( id = '11'  ) LIMIT 1   [ RunTime:0.0010s ]
SQL: SELECT `contact` FROM `sml_users` WHERE ( id='1002' ) LIMIT 1   [ RunTime:0.0007s ]
SQL: SHOW COLUMNS FROM `sml_frilink` [ RunTime:0.0504s ]
SQL: SHOW COLUMNS FROM `sml_cate` [ RunTime:0.0132s ]
SQL: SELECT `name` FROM `sml_cate` WHERE ( url like '%Index%'  ) LIMIT 1   [ RunTime:0.0299s ]
SQL: SELECT COUNT(*) AS tp_count FROM `sml_article` WHERE ( isdel=0 ) LIMIT 1   [ RunTime:0.0011s ]
SQL: SELECT * FROM `sml_article` WHERE ( isdel=0 ) ORDER BY istop desc LIMIT 0,8   [ RunTime:0.0306s ]
SQL: SELECT `id`,`domain`,`savepath`,`savename` FROM `sml_assets` WHERE (  id in (3) and IsDel = 0  )  [ RunTime:0.0038s ]
SQL: SELECT `name` FROM `sml_cate` WHERE ( id = '5'  ) LIMIT 1   [ RunTime:0.0010s ]
SQL: SELECT `contact` FROM `sml_users` WHERE ( id='1002' ) LIMIT 1   [ RunTime:0.0012s ]
SQL: SELECT `id`,`domain`,`savepath`,`savename` FROM `sml_assets` WHERE (  id in (25) and IsDel = 0  )  [ RunTime:0.0012s ]
SQL: SELECT `name` FROM `sml_cate` WHERE ( id = '6'  ) LIMIT 1   [ RunTime:0.0016s ]
SQL: SELECT `contact` FROM `sml_users` WHERE ( id='1001' ) LIMIT 1   [ RunTime:0.0016s ]
SQL: SELECT `id`,`domain`,`savepath`,`savename` FROM `sml_assets` WHERE (  id in (10) and IsDel = 0  )  [ RunTime:0.0022s ]
SQL: SELECT `name` FROM `sml_cate` WHERE ( id = '2'  ) LIMIT 1   [ RunTime:0.0060s ]
SQL: SELECT `contact` FROM `sml_users` WHERE ( id='1002' ) LIMIT 1   [ RunTime:0.0031s ]
SQL: SELECT `id`,`domain`,`savepath`,`savename` FROM `sml_assets` WHERE (  id in (23) and IsDel = 0  )  [ RunTime:0.0010s ]
SQL: SELECT `name` FROM `sml_cate` WHERE ( id = '8'  ) LIMIT 1   [ RunTime:0.0010s ]
SQL: SELECT `contact` FROM `sml_users` WHERE ( id='1001' ) LIMIT 1   [ RunTime:0.0013s ]
SQL: SELECT `id`,`domain`,`savepath`,`savename` FROM `sml_assets` WHERE (  id in (6) and IsDel = 0  )  [ RunTime:0.0033s ]
SQL: SELECT `name` FROM `sml_cate` WHERE ( id = '1'  ) LIMIT 1   [ RunTime:0.0111s ]
SQL: SELECT `contact` FROM `sml_users` WHERE ( id='1002' ) LIMIT 1   [ RunTime:0.0024s ]
SQL: SELECT `id`,`domain`,`savepath`,`savename` FROM `sml_assets` WHERE (  id in (4) and IsDel = 0  )  [ RunTime:0.0285s ]
SQL: SELECT `name` FROM `sml_cate` WHERE ( id = '2'  ) LIMIT 1   [ RunTime:0.0020s ]
SQL: SELECT `contact` FROM `sml_users` WHERE ( id='1002' ) LIMIT 1   [ RunTime:0.0010s ]
SQL: SELECT `id`,`domain`,`savepath`,`savename` FROM `sml_assets` WHERE (  id in (9) and IsDel = 0  )  [ RunTime:0.0011s ]
SQL: SELECT `name` FROM `sml_cate` WHERE ( id = '10'  ) LIMIT 1   [ RunTime:0.0041s ]
SQL: SELECT `contact` FROM `sml_users` WHERE ( id='1002' ) LIMIT 1   [ RunTime:0.0188s ]
SQL: SELECT `id`,`domain`,`savepath`,`savename` FROM `sml_assets` WHERE (  id in (7) and IsDel = 0  )  [ RunTime:0.0018s ]
SQL: SELECT `name` FROM `sml_cate` WHERE ( id = '11'  ) LIMIT 1   [ RunTime:0.0041s ]
SQL: SELECT `contact` FROM `sml_users` WHERE ( id='1002' ) LIMIT 1   [ RunTime:0.0090s ]
INFO: [ view_parse ] --START--
INFO: [ template_filter ] --START--
INFO: Run Behavior\ContentReplaceBehavior [ RunTime:0.001181s ]
INFO: [ template_filter ] --END-- [ RunTime:0.001718s ]
NOTIC: [8] Undefined index: child E:\xampp\htdocs\smile\Application\Runtime\Cache\Home\2a94b8bda04ff446dcedd42276fc99ee.php 第 69 行.
NOTIC: [8] Undefined index: child E:\xampp\htdocs\smile\Application\Runtime\Cache\Home\2a94b8bda04ff446dcedd42276fc99ee.php 第 70 行.
NOTIC: [8] Undefined index: child E:\xampp\htdocs\smile\Application\Runtime\Cache\Home\2a94b8bda04ff446dcedd42276fc99ee.php 第 72 行.
NOTIC: [8] Undefined index: child E:\xampp\htdocs\smile\Application\Runtime\Cache\Home\2a94b8bda04ff446dcedd42276fc99ee.php 第 69 行.
NOTIC: [8] Undefined index: child E:\xampp\htdocs\smile\Application\Runtime\Cache\Home\2a94b8bda04ff446dcedd42276fc99ee.php 第 70 行.
NOTIC: [8] Undefined index: child E:\xampp\htdocs\smile\Application\Runtime\Cache\Home\2a94b8bda04ff446dcedd42276fc99ee.php 第 72 行.
NOTIC: [8] Undefined index: child E:\xampp\htdocs\smile\Application\Runtime\Cache\Home\2a94b8bda04ff446dcedd42276fc99ee.php 第 69 行.
NOTIC: [8] Undefined index: child E:\xampp\htdocs\smile\Application\Runtime\Cache\Home\2a94b8bda04ff446dcedd42276fc99ee.php 第 70 行.
NOTIC: [8] Undefined index: child E:\xampp\htdocs\smile\Application\Runtime\Cache\Home\2a94b8bda04ff446dcedd42276fc99ee.php 第 72 行.
NOTIC: [8] Undefined index: user E:\xampp\htdocs\smile\Application\Runtime\Cache\Home\2a94b8bda04ff446dcedd42276fc99ee.php 第 86 行.
INFO: Run Behavior\ParseTemplateBehavior [ RunTime:0.471484s ]
INFO: [ view_parse ] --END-- [ RunTime:0.471753s ]
INFO: [ view_filter ] --START--
INFO: Run Behavior\WriteHtmlCacheBehavior [ RunTime:0.025376s ]
INFO: [ view_filter ] --END-- [ RunTime:0.027190s ]
INFO: [ app_end ] --START--
INFO: Run Behavior\ShowPageTraceBehavior [ RunTime:0.025093s ]
INFO: [ app_end ] --END-- [ RunTime:0.025258s ]

