[ 2017-02-17T22:37:47+08:00 ] 192.168.1.107 /smile/public/index.php
INFO: [ app_init ] --START--
INFO: Run Behavior\BuildLiteBehavior [ RunTime:0.000036s ]
INFO: [ app_init ] --END-- [ RunTime:0.018026s ]
INFO: [ app_begin ] --START--
INFO: Run Behavior\ReadHtmlCacheBehavior [ RunTime:0.003195s ]
INFO: [ app_begin ] --END-- [ RunTime:0.003355s ]
ERR: 无法加载控制器:Http:

[ 2017-02-17T22:38:00+08:00 ] 192.168.1.107 /smile/
INFO: [ app_init ] --START--
INFO: Run Behavior\BuildLiteBehavior [ RunTime:0.000035s ]
INFO: [ app_init ] --END-- [ RunTime:0.001248s ]
INFO: [ app_begin ] --START--
INFO: Run Behavior\ReadHtmlCacheBehavior [ RunTime:0.002075s ]
INFO: [ app_begin ] --END-- [ RunTime:0.002226s ]
SQL: SHOW COLUMNS FROM `sml_setup` [ RunTime:0.0459s ]
SQL: SHOW COLUMNS FROM `sml_article` [ RunTime:0.0948s ]
SQL: SHOW COLUMNS FROM `sml_article` [ RunTime:0.0096s ]
SQL: SELECT `id`,`title`,`pic`,`indeximg` FROM `sml_article` WHERE ( isdel = 0 and indeximg = 1 ) ORDER BY sort asc  [ RunTime:0.0259s ]
SQL: SHOW COLUMNS FROM `sml_assets` [ RunTime:0.0616s ]
SQL: SHOW COLUMNS FROM `sml_assets` [ RunTime:0.0094s ]
SQL: SELECT `id`,`domain`,`savepath`,`savename` FROM `sml_assets` WHERE (  id in (23) and IsDel = 0  )  [ RunTime:0.0008s ]
SQL: SHOW COLUMNS FROM `sml_cate` [ RunTime:0.0454s ]
NOTIC: [8] Undefined index: cid E:\xampp\htdocs\smile\Application\Home\Model\ArticleModel.class.php 第 19 行.
SQL: SELECT `name` FROM `sml_cate` WHERE ( id = ''  ) LIMIT 1   [ RunTime:0.0007s ]
SQL: SHOW COLUMNS FROM `sml_users` [ RunTime:0.0749s ]
NOTIC: [8] Undefined index: uid E:\xampp\htdocs\smile\Application\Home\Model\ArticleModel.class.php 第 20 行.
SQL: SELECT `contact` FROM `sml_users` WHERE ( id='' ) LIMIT 1   [ RunTime:0.0007s ]
SQL: SELECT `id`,`domain`,`savepath`,`savename` FROM `sml_assets` WHERE (  id in (4) and IsDel = 0  )  [ RunTime:0.0009s ]
NOTIC: [8] Undefined index: cid E:\xampp\htdocs\smile\Application\Home\Model\ArticleModel.class.php 第 19 行.
SQL: SELECT `name` FROM `sml_cate` WHERE ( id = ''  ) LIMIT 1   [ RunTime:0.0007s ]
NOTIC: [8] Undefined index: uid E:\xampp\htdocs\smile\Application\Home\Model\ArticleModel.class.php 第 20 行.
SQL: SELECT `contact` FROM `sml_users` WHERE ( id='' ) LIMIT 1   [ RunTime:0.0007s ]
SQL: SELECT `id`,`domain`,`savepath`,`savename` FROM `sml_assets` WHERE (  id in (9) and IsDel = 0  )  [ RunTime:0.0007s ]
NOTIC: [8] Undefined index: cid E:\xampp\htdocs\smile\Application\Home\Model\ArticleModel.class.php 第 19 行.
SQL: SELECT `name` FROM `sml_cate` WHERE ( id = ''  ) LIMIT 1   [ RunTime:0.0012s ]
NOTIC: [8] Undefined index: uid E:\xampp\htdocs\smile\Application\Home\Model\ArticleModel.class.php 第 20 行.
SQL: SELECT `contact` FROM `sml_users` WHERE ( id='' ) LIMIT 1   [ RunTime:0.0013s ]
SQL: SELECT `id`,`domain`,`savepath`,`savename` FROM `sml_assets` WHERE (  id in (7) and IsDel = 0  )  [ RunTime:0.0016s ]
NOTIC: [8] Undefined index: cid E:\xampp\htdocs\smile\Application\Home\Model\ArticleModel.class.php 第 19 行.
SQL: SELECT `name` FROM `sml_cate` WHERE ( id = ''  ) LIMIT 1   [ RunTime:0.0010s ]
NOTIC: [8] Undefined index: uid E:\xampp\htdocs\smile\Application\Home\Model\ArticleModel.class.php 第 20 行.
SQL: SELECT `contact` FROM `sml_users` WHERE ( id='' ) LIMIT 1   [ RunTime:0.0008s ]
SQL: SELECT `id`,`domain`,`savepath`,`savename` FROM `sml_assets` WHERE (  id in (25) and IsDel = 0  )  [ RunTime:0.0008s ]
NOTIC: [8] Undefined index: cid E:\xampp\htdocs\smile\Application\Home\Model\ArticleModel.class.php 第 19 行.
SQL: SELECT `name` FROM `sml_cate` WHERE ( id = ''  ) LIMIT 1   [ RunTime:0.0007s ]
NOTIC: [8] Undefined index: uid E:\xampp\htdocs\smile\Application\Home\Model\ArticleModel.class.php 第 20 行.
SQL: SELECT `contact` FROM `sml_users` WHERE ( id='' ) LIMIT 1   [ RunTime:0.0008s ]
SQL: SELECT * FROM `sml_cate` WHERE ( isdel = 0 )  [ RunTime:0.0008s ]
SQL: SELECT COUNT(*) AS tp_count FROM `sml_article` WHERE ( cid = '1'  ) LIMIT 1   [ RunTime:0.0009s ]
SQL: SELECT COUNT(*) AS tp_count FROM `sml_article` WHERE ( cid = '2'  ) LIMIT 1   [ RunTime:0.0007s ]
SQL: SELECT COUNT(*) AS tp_count FROM `sml_article` WHERE ( cid = '3'  ) LIMIT 1   [ RunTime:0.0011s ]
SQL: SELECT COUNT(*) AS tp_count FROM `sml_article` WHERE ( cid = '4'  ) LIMIT 1   [ RunTime:0.0008s ]
SQL: SELECT COUNT(*) AS tp_count FROM `sml_article` WHERE ( cid = '5'  ) LIMIT 1   [ RunTime:0.0007s ]
SQL: SELECT COUNT(*) AS tp_count FROM `sml_article` WHERE ( cid = '6'  ) LIMIT 1   [ RunTime:0.0007s ]
SQL: SELECT COUNT(*) AS tp_count FROM `sml_article` WHERE ( cid = '7'  ) LIMIT 1   [ RunTime:0.0007s ]
SQL: SELECT COUNT(*) AS tp_count FROM `sml_article` WHERE ( cid = '8'  ) LIMIT 1   [ RunTime:0.0007s ]
SQL: SELECT COUNT(*) AS tp_count FROM `sml_article` WHERE ( cid = '9'  ) LIMIT 1   [ RunTime:0.0008s ]
SQL: SELECT COUNT(*) AS tp_count FROM `sml_article` WHERE ( cid = '10'  ) LIMIT 1   [ RunTime:0.0008s ]
SQL: SELECT COUNT(*) AS tp_count FROM `sml_article` WHERE ( cid = '11'  ) LIMIT 1   [ RunTime:0.0008s ]
SQL: SELECT `id`,`title`,`pic`,`viewnum`,`createtime` FROM `sml_article` WHERE ( isdel=0 ) ORDER BY createtime desc LIMIT 3   [ RunTime:0.0010s ]
SQL: SELECT `id`,`domain`,`savepath`,`savename` FROM `sml_assets` WHERE (  id in (13) and IsDel = 0  )  [ RunTime:0.0008s ]
NOTIC: [8] Undefined index: cid E:\xampp\htdocs\smile\Application\Home\Model\ArticleModel.class.php 第 19 行.
SQL: SELECT `name` FROM `sml_cate` WHERE ( id = ''  ) LIMIT 1   [ RunTime:0.0006s ]
NOTIC: [8] Undefined index: uid E:\xampp\htdocs\smile\Application\Home\Model\ArticleModel.class.php 第 20 行.
SQL: SELECT `contact` FROM `sml_users` WHERE ( id='' ) LIMIT 1   [ RunTime:0.0006s ]
SQL: SELECT `id`,`domain`,`savepath`,`savename` FROM `sml_assets` WHERE (  id in (15) and IsDel = 0  )  [ RunTime:0.0013s ]
NOTIC: [8] Undefined index: cid E:\xampp\htdocs\smile\Application\Home\Model\ArticleModel.class.php 第 19 行.
SQL: SELECT `name` FROM `sml_cate` WHERE ( id = ''  ) LIMIT 1   [ RunTime:0.0009s ]
NOTIC: [8] Undefined index: uid E:\xampp\htdocs\smile\Application\Home\Model\ArticleModel.class.php 第 20 行.
SQL: SELECT `contact` FROM `sml_users` WHERE ( id='' ) LIMIT 1   [ RunTime:0.0011s ]
SQL: SELECT `id`,`domain`,`savepath`,`savename` FROM `sml_assets` WHERE (  id in (12) and IsDel = 0  )  [ RunTime:0.0023s ]
NOTIC: [8] Undefined index: cid E:\xampp\htdocs\smile\Application\Home\Model\ArticleModel.class.php 第 19 行.
SQL: SELECT `name` FROM `sml_cate` WHERE ( id = ''  ) LIMIT 1   [ RunTime:0.0010s ]
NOTIC: [8] Undefined index: uid E:\xampp\htdocs\smile\Application\Home\Model\ArticleModel.class.php 第 20 行.
SQL: SELECT `contact` FROM `sml_users` WHERE ( id='' ) LIMIT 1   [ RunTime:0.0008s ]
SQL: SELECT * FROM `sml_article` WHERE ( isdel = 0 AND viewnum > 100  ) ORDER BY rand() LIMIT 4   [ RunTime:0.0116s ]
SQL: SELECT `id`,`domain`,`savepath`,`savename` FROM `sml_assets` WHERE (  id in (7) and IsDel = 0  )  [ RunTime:0.0008s ]
SQL: SELECT `name` FROM `sml_cate` WHERE ( id = '11'  ) LIMIT 1   [ RunTime:0.0007s ]
SQL: SELECT `contact` FROM `sml_users` WHERE ( id='1002' ) LIMIT 1   [ RunTime:0.0007s ]
SQL: SELECT `id`,`domain`,`savepath`,`savename` FROM `sml_assets` WHERE (  id in (25) and IsDel = 0  )  [ RunTime:0.0011s ]
SQL: SELECT `name` FROM `sml_cate` WHERE ( id = '6'  ) LIMIT 1   [ RunTime:0.0007s ]
SQL: SELECT `contact` FROM `sml_users` WHERE ( id='1001' ) LIMIT 1   [ RunTime:0.0006s ]
SQL: SELECT `id`,`domain`,`savepath`,`savename` FROM `sml_assets` WHERE (  id in (10) and IsDel = 0  )  [ RunTime:0.0007s ]
SQL: SELECT `name` FROM `sml_cate` WHERE ( id = '2'  ) LIMIT 1   [ RunTime:0.0006s ]
SQL: SELECT `contact` FROM `sml_users` WHERE ( id='1002' ) LIMIT 1   [ RunTime:0.0011s ]
SQL: SELECT `id`,`domain`,`savepath`,`savename` FROM `sml_assets` WHERE (  id in (4) and IsDel = 0  )  [ RunTime:0.0009s ]
SQL: SELECT `name` FROM `sml_cate` WHERE ( id = '2'  ) LIMIT 1   [ RunTime:0.0011s ]
SQL: SELECT `contact` FROM `sml_users` WHERE ( id='1002' ) LIMIT 1   [ RunTime:0.0010s ]
SQL: SHOW COLUMNS FROM `sml_frilink` [ RunTime:0.0452s ]
SQL: SHOW COLUMNS FROM `sml_cate` [ RunTime:0.0102s ]
SQL: SELECT `name` FROM `sml_cate` WHERE ( url like '%Index%'  ) LIMIT 1   [ RunTime:0.0010s ]
SQL: SELECT COUNT(*) AS tp_count FROM `sml_article` WHERE ( isdel=0 ) LIMIT 1   [ RunTime:0.0010s ]
SQL: SELECT * FROM `sml_article` WHERE ( isdel=0 ) ORDER BY istop desc LIMIT 0,8   [ RunTime:0.0021s ]
SQL: SELECT `id`,`domain`,`savepath`,`savename` FROM `sml_assets` WHERE (  id in (3) and IsDel = 0  )  [ RunTime:0.0009s ]
SQL: SELECT `name` FROM `sml_cate` WHERE ( id = '5'  ) LIMIT 1   [ RunTime:0.0007s ]
SQL: SELECT `contact` FROM `sml_users` WHERE ( id='1002' ) LIMIT 1   [ RunTime:0.0007s ]
SQL: SELECT `id`,`domain`,`savepath`,`savename` FROM `sml_assets` WHERE (  id in (25) and IsDel = 0  )  [ RunTime:0.0008s ]
SQL: SELECT `name` FROM `sml_cate` WHERE ( id = '6'  ) LIMIT 1   [ RunTime:0.0007s ]
SQL: SELECT `contact` FROM `sml_users` WHERE ( id='1001' ) LIMIT 1   [ RunTime:0.0008s ]
SQL: SELECT `id`,`domain`,`savepath`,`savename` FROM `sml_assets` WHERE (  id in (10) and IsDel = 0  )  [ RunTime:0.0006s ]
SQL: SELECT `name` FROM `sml_cate` WHERE ( id = '2'  ) LIMIT 1   [ RunTime:0.0005s ]
SQL: SELECT `contact` FROM `sml_users` WHERE ( id='1002' ) LIMIT 1   [ RunTime:0.0005s ]
SQL: SELECT `id`,`domain`,`savepath`,`savename` FROM `sml_assets` WHERE (  id in (23) and IsDel = 0  )  [ RunTime:0.0005s ]
SQL: SELECT `name` FROM `sml_cate` WHERE ( id = '8'  ) LIMIT 1   [ RunTime:0.0004s ]
SQL: SELECT `contact` FROM `sml_users` WHERE ( id='1001' ) LIMIT 1   [ RunTime:0.0006s ]
SQL: SELECT `id`,`domain`,`savepath`,`savename` FROM `sml_assets` WHERE (  id in (6) and IsDel = 0  )  [ RunTime:0.0008s ]
SQL: SELECT `name` FROM `sml_cate` WHERE ( id = '1'  ) LIMIT 1   [ RunTime:0.0006s ]
SQL: SELECT `contact` FROM `sml_users` WHERE ( id='1002' ) LIMIT 1   [ RunTime:0.0007s ]
SQL: SELECT `id`,`domain`,`savepath`,`savename` FROM `sml_assets` WHERE (  id in (4) and IsDel = 0  )  [ RunTime:0.0006s ]
SQL: SELECT `name` FROM `sml_cate` WHERE ( id = '2'  ) LIMIT 1   [ RunTime:0.0005s ]
SQL: SELECT `contact` FROM `sml_users` WHERE ( id='1002' ) LIMIT 1   [ RunTime:0.0004s ]
SQL: SELECT `id`,`domain`,`savepath`,`savename` FROM `sml_assets` WHERE (  id in (9) and IsDel = 0  )  [ RunTime:0.0006s ]
SQL: SELECT `name` FROM `sml_cate` WHERE ( id = '10'  ) LIMIT 1   [ RunTime:0.0005s ]
SQL: SELECT `contact` FROM `sml_users` WHERE ( id='1002' ) LIMIT 1   [ RunTime:0.0004s ]
SQL: SELECT `id`,`domain`,`savepath`,`savename` FROM `sml_assets` WHERE (  id in (7) and IsDel = 0  )  [ RunTime:0.0007s ]
SQL: SELECT `name` FROM `sml_cate` WHERE ( id = '11'  ) LIMIT 1   [ RunTime:0.0012s ]
SQL: SELECT `contact` FROM `sml_users` WHERE ( id='1002' ) LIMIT 1   [ RunTime:0.0008s ]
INFO: [ view_parse ] --START--
INFO: [ template_filter ] --START--
INFO: Run Behavior\ContentReplaceBehavior [ RunTime:0.001885s ]
INFO: [ template_filter ] --END-- [ RunTime:0.002134s ]
NOTIC: [8] Undefined index: child E:\xampp\htdocs\smile\Application\Runtime\Cache\Home\2a94b8bda04ff446dcedd42276fc99ee.php 第 69 行.
NOTIC: [8] Undefined index: child E:\xampp\htdocs\smile\Application\Runtime\Cache\Home\2a94b8bda04ff446dcedd42276fc99ee.php 第 70 行.
NOTIC: [8] Undefined index: child E:\xampp\htdocs\smile\Application\Runtime\Cache\Home\2a94b8bda04ff446dcedd42276fc99ee.php 第 72 行.
NOTIC: [8] Undefined index: child E:\xampp\htdocs\smile\Application\Runtime\Cache\Home\2a94b8bda04ff446dcedd42276fc99ee.php 第 69 行.
NOTIC: [8] Undefined index: child E:\xampp\htdocs\smile\Application\Runtime\Cache\Home\2a94b8bda04ff446dcedd42276fc99ee.php 第 70 行.
NOTIC: [8] Undefined index: child E:\xampp\htdocs\smile\Application\Runtime\Cache\Home\2a94b8bda04ff446dcedd42276fc99ee.php 第 72 行.
NOTIC: [8] Undefined index: child E:\xampp\htdocs\smile\Application\Runtime\Cache\Home\2a94b8bda04ff446dcedd42276fc99ee.php 第 69 行.
NOTIC: [8] Undefined index: child E:\xampp\htdocs\smile\Application\Runtime\Cache\Home\2a94b8bda04ff446dcedd42276fc99ee.php 第 70 行.
NOTIC: [8] Undefined index: child E:\xampp\htdocs\smile\Application\Runtime\Cache\Home\2a94b8bda04ff446dcedd42276fc99ee.php 第 72 行.
NOTIC: [8] Undefined index: user E:\xampp\htdocs\smile\Application\Runtime\Cache\Home\2a94b8bda04ff446dcedd42276fc99ee.php 第 86 行.
INFO: Run Behavior\ParseTemplateBehavior [ RunTime:0.401487s ]
INFO: [ view_parse ] --END-- [ RunTime:0.401678s ]
INFO: [ view_filter ] --START--
INFO: Run Behavior\WriteHtmlCacheBehavior [ RunTime:0.065334s ]
INFO: [ view_filter ] --END-- [ RunTime:0.065465s ]
INFO: [ app_end ] --START--
INFO: Run Behavior\ShowPageTraceBehavior [ RunTime:0.007252s ]
INFO: [ app_end ] --END-- [ RunTime:0.007446s ]

[ 2017-02-17T22:41:54+08:00 ] 192.168.1.107 /smile/index.php?m=Home&c=Index&a=Search
INFO: [ app_init ] --START--
INFO: Run Behavior\BuildLiteBehavior [ RunTime:0.000037s ]
INFO: [ app_init ] --END-- [ RunTime:0.001754s ]
INFO: [ app_begin ] --START--
INFO: Run Behavior\ReadHtmlCacheBehavior [ RunTime:0.001937s ]
INFO: [ app_begin ] --END-- [ RunTime:0.002116s ]
SQL: SHOW COLUMNS FROM `sml_setup` [ RunTime:0.0093s ]
SQL: SHOW COLUMNS FROM `sml_article` [ RunTime:0.0121s ]
SQL: SHOW COLUMNS FROM `sml_article` [ RunTime:0.0110s ]
SQL: SELECT `id`,`title`,`pic`,`indeximg` FROM `sml_article` WHERE ( isdel = 0 and indeximg = 1 ) ORDER BY sort asc  [ RunTime:0.0012s ]
SQL: SHOW COLUMNS FROM `sml_assets` [ RunTime:0.0130s ]
SQL: SHOW COLUMNS FROM `sml_assets` [ RunTime:0.0110s ]
SQL: SELECT `id`,`domain`,`savepath`,`savename` FROM `sml_assets` WHERE (  id in (23) and IsDel = 0  )  [ RunTime:0.0009s ]
SQL: SHOW COLUMNS FROM `sml_cate` [ RunTime:0.0146s ]
NOTIC: [8] Undefined index: cid E:\xampp\htdocs\smile\Application\Home\Model\ArticleModel.class.php 第 19 行.
SQL: SELECT `name` FROM `sml_cate` WHERE ( id = ''  ) LIMIT 1   [ RunTime:0.0009s ]
SQL: SHOW COLUMNS FROM `sml_users` [ RunTime:0.0102s ]
NOTIC: [8] Undefined index: uid E:\xampp\htdocs\smile\Application\Home\Model\ArticleModel.class.php 第 20 行.
SQL: SELECT `contact` FROM `sml_users` WHERE ( id='' ) LIMIT 1   [ RunTime:0.0009s ]
SQL: SELECT `id`,`domain`,`savepath`,`savename` FROM `sml_assets` WHERE (  id in (4) and IsDel = 0  )  [ RunTime:0.0025s ]
NOTIC: [8] Undefined index: cid E:\xampp\htdocs\smile\Application\Home\Model\ArticleModel.class.php 第 19 行.
SQL: SELECT `name` FROM `sml_cate` WHERE ( id = ''  ) LIMIT 1   [ RunTime:0.0010s ]
NOTIC: [8] Undefined index: uid E:\xampp\htdocs\smile\Application\Home\Model\ArticleModel.class.php 第 20 行.
SQL: SELECT `contact` FROM `sml_users` WHERE ( id='' ) LIMIT 1   [ RunTime:0.0009s ]
SQL: SELECT `id`,`domain`,`savepath`,`savename` FROM `sml_assets` WHERE (  id in (9) and IsDel = 0  )  [ RunTime:0.0009s ]
NOTIC: [8] Undefined index: cid E:\xampp\htdocs\smile\Application\Home\Model\ArticleModel.class.php 第 19 行.
SQL: SELECT `name` FROM `sml_cate` WHERE ( id = ''  ) LIMIT 1   [ RunTime:0.0008s ]
NOTIC: [8] Undefined index: uid E:\xampp\htdocs\smile\Application\Home\Model\ArticleModel.class.php 第 20 行.
SQL: SELECT `contact` FROM `sml_users` WHERE ( id='' ) LIMIT 1   [ RunTime:0.0007s ]
SQL: SELECT `id`,`domain`,`savepath`,`savename` FROM `sml_assets` WHERE (  id in (7) and IsDel = 0  )  [ RunTime:0.0009s ]
NOTIC: [8] Undefined index: cid E:\xampp\htdocs\smile\Application\Home\Model\ArticleModel.class.php 第 19 行.
SQL: SELECT `name` FROM `sml_cate` WHERE ( id = ''  ) LIMIT 1   [ RunTime:0.0008s ]
NOTIC: [8] Undefined index: uid E:\xampp\htdocs\smile\Application\Home\Model\ArticleModel.class.php 第 20 行.
SQL: SELECT `contact` FROM `sml_users` WHERE ( id='' ) LIMIT 1   [ RunTime:0.0008s ]
SQL: SELECT `id`,`domain`,`savepath`,`savename` FROM `sml_assets` WHERE (  id in (25) and IsDel = 0  )  [ RunTime:0.0008s ]
NOTIC: [8] Undefined index: cid E:\xampp\htdocs\smile\Application\Home\Model\ArticleModel.class.php 第 19 行.
SQL: SELECT `name` FROM `sml_cate` WHERE ( id = ''  ) LIMIT 1   [ RunTime:0.0006s ]
NOTIC: [8] Undefined index: uid E:\xampp\htdocs\smile\Application\Home\Model\ArticleModel.class.php 第 20 行.
SQL: SELECT `contact` FROM `sml_users` WHERE ( id='' ) LIMIT 1   [ RunTime:0.0006s ]
SQL: SELECT * FROM `sml_cate` WHERE ( isdel = 0 )  [ RunTime:0.0010s ]
SQL: SELECT COUNT(*) AS tp_count FROM `sml_article` WHERE ( cid = '1'  ) LIMIT 1   [ RunTime:0.0009s ]
SQL: SELECT COUNT(*) AS tp_count FROM `sml_article` WHERE ( cid = '2'  ) LIMIT 1   [ RunTime:0.0009s ]
SQL: SELECT COUNT(*) AS tp_count FROM `sml_article` WHERE ( cid = '3'  ) LIMIT 1   [ RunTime:0.0008s ]
SQL: SELECT COUNT(*) AS tp_count FROM `sml_article` WHERE ( cid = '4'  ) LIMIT 1   [ RunTime:0.0008s ]
SQL: SELECT COUNT(*) AS tp_count FROM `sml_article` WHERE ( cid = '5'  ) LIMIT 1   [ RunTime:0.0007s ]
SQL: SELECT COUNT(*) AS tp_count FROM `sml_article` WHERE ( cid = '6'  ) LIMIT 1   [ RunTime:0.0007s ]
SQL: SELECT COUNT(*) AS tp_count FROM `sml_article` WHERE ( cid = '7'  ) LIMIT 1   [ RunTime:0.0007s ]
SQL: SELECT COUNT(*) AS tp_count FROM `sml_article` WHERE ( cid = '8'  ) LIMIT 1   [ RunTime:0.0007s ]
SQL: SELECT COUNT(*) AS tp_count FROM `sml_article` WHERE ( cid = '9'  ) LIMIT 1   [ RunTime:0.0009s ]
SQL: SELECT COUNT(*) AS tp_count FROM `sml_article` WHERE ( cid = '10'  ) LIMIT 1   [ RunTime:0.0011s ]
SQL: SELECT COUNT(*) AS tp_count FROM `sml_article` WHERE ( cid = '11'  ) LIMIT 1   [ RunTime:0.0023s ]
SQL: SELECT `id`,`title`,`pic`,`viewnum`,`createtime` FROM `sml_article` WHERE ( isdel=0 ) ORDER BY createtime desc LIMIT 3   [ RunTime:0.0012s ]
SQL: SELECT `id`,`domain`,`savepath`,`savename` FROM `sml_assets` WHERE (  id in (13) and IsDel = 0  )  [ RunTime:0.0010s ]
NOTIC: [8] Undefined index: cid E:\xampp\htdocs\smile\Application\Home\Model\ArticleModel.class.php 第 19 行.
SQL: SELECT `name` FROM `sml_cate` WHERE ( id = ''  ) LIMIT 1   [ RunTime:0.0009s ]
NOTIC: [8] Undefined index: uid E:\xampp\htdocs\smile\Application\Home\Model\ArticleModel.class.php 第 20 行.
SQL: SELECT `contact` FROM `sml_users` WHERE ( id='' ) LIMIT 1   [ RunTime:0.0007s ]
SQL: SELECT `id`,`domain`,`savepath`,`savename` FROM `sml_assets` WHERE (  id in (15) and IsDel = 0  )  [ RunTime:0.0008s ]
NOTIC: [8] Undefined index: cid E:\xampp\htdocs\smile\Application\Home\Model\ArticleModel.class.php 第 19 行.
SQL: SELECT `name` FROM `sml_cate` WHERE ( id = ''  ) LIMIT 1   [ RunTime:0.0006s ]
NOTIC: [8] Undefined index: uid E:\xampp\htdocs\smile\Application\Home\Model\ArticleModel.class.php 第 20 行.
SQL: SELECT `contact` FROM `sml_users` WHERE ( id='' ) LIMIT 1   [ RunTime:0.0009s ]
SQL: SELECT `id`,`domain`,`savepath`,`savename` FROM `sml_assets` WHERE (  id in (12) and IsDel = 0  )  [ RunTime:0.0014s ]
NOTIC: [8] Undefined index: cid E:\xampp\htdocs\smile\Application\Home\Model\ArticleModel.class.php 第 19 行.
SQL: SELECT `name` FROM `sml_cate` WHERE ( id = ''  ) LIMIT 1   [ RunTime:0.0008s ]
NOTIC: [8] Undefined index: uid E:\xampp\htdocs\smile\Application\Home\Model\ArticleModel.class.php 第 20 行.
SQL: SELECT `contact` FROM `sml_users` WHERE ( id='' ) LIMIT 1   [ RunTime:0.0007s ]
SQL: SELECT * FROM `sml_article` WHERE ( isdel = 0 AND viewnum > 100  ) ORDER BY rand() LIMIT 4   [ RunTime:0.0566s ]
SQL: SELECT `id`,`domain`,`savepath`,`savename` FROM `sml_assets` WHERE (  id in (10) and IsDel = 0  )  [ RunTime:0.0007s ]
SQL: SELECT `name` FROM `sml_cate` WHERE ( id = '2'  ) LIMIT 1   [ RunTime:0.0007s ]
SQL: SELECT `contact` FROM `sml_users` WHERE ( id='1002' ) LIMIT 1   [ RunTime:0.0011s ]
SQL: SELECT `id`,`domain`,`savepath`,`savename` FROM `sml_assets` WHERE (  id in (4) and IsDel = 0  )  [ RunTime:0.0008s ]
SQL: SELECT `name` FROM `sml_cate` WHERE ( id = '2'  ) LIMIT 1   [ RunTime:0.0007s ]
SQL: SELECT `contact` FROM `sml_users` WHERE ( id='1002' ) LIMIT 1   [ RunTime:0.0007s ]
SQL: SELECT `id`,`domain`,`savepath`,`savename` FROM `sml_assets` WHERE (  id in (25) and IsDel = 0  )  [ RunTime:0.0015s ]
SQL: SELECT `name` FROM `sml_cate` WHERE ( id = '6'  ) LIMIT 1   [ RunTime:0.0016s ]
SQL: SELECT `contact` FROM `sml_users` WHERE ( id='1001' ) LIMIT 1   [ RunTime:0.0008s ]
SQL: SELECT `id`,`domain`,`savepath`,`savename` FROM `sml_assets` WHERE (  id in (7) and IsDel = 0  )  [ RunTime:0.0007s ]
SQL: SELECT `name` FROM `sml_cate` WHERE ( id = '11'  ) LIMIT 1   [ RunTime:0.0006s ]
SQL: SELECT `contact` FROM `sml_users` WHERE ( id='1002' ) LIMIT 1   [ RunTime:0.0007s ]
SQL: SHOW COLUMNS FROM `sml_frilink` [ RunTime:0.0101s ]
SQL: SHOW COLUMNS FROM `sml_cate` [ RunTime:0.0107s ]
SQL: SELECT `name` FROM `sml_cate` WHERE ( url like '%Index%'  ) LIMIT 1   [ RunTime:0.0008s ]

[ 2017-02-17T22:41:59+08:00 ] 192.168.1.107 /smile/
INFO: [ app_init ] --START--
INFO: Run Behavior\BuildLiteBehavior [ RunTime:0.000036s ]
INFO: [ app_init ] --END-- [ RunTime:0.000953s ]
INFO: [ app_begin ] --START--
INFO: Run Behavior\ReadHtmlCacheBehavior [ RunTime:0.001114s ]
INFO: [ app_begin ] --END-- [ RunTime:0.001268s ]
SQL: SHOW COLUMNS FROM `sml_setup` [ RunTime:0.0096s ]
SQL: SHOW COLUMNS FROM `sml_article` [ RunTime:0.0095s ]
SQL: SHOW COLUMNS FROM `sml_article` [ RunTime:0.0107s ]
SQL: SELECT `id`,`title`,`pic`,`indeximg` FROM `sml_article` WHERE ( isdel = 0 and indeximg = 1 ) ORDER BY sort asc  [ RunTime:0.0014s ]
SQL: SHOW COLUMNS FROM `sml_assets` [ RunTime:0.0094s ]
SQL: SHOW COLUMNS FROM `sml_assets` [ RunTime:0.0085s ]
SQL: SELECT `id`,`domain`,`savepath`,`savename` FROM `sml_assets` WHERE (  id in (23) and IsDel = 0  )  [ RunTime:0.0015s ]
SQL: SHOW COLUMNS FROM `sml_cate` [ RunTime:0.0100s ]
NOTIC: [8] Undefined index: cid E:\xampp\htdocs\smile\Application\Home\Model\ArticleModel.class.php 第 19 行.
SQL: SELECT `name` FROM `sml_cate` WHERE ( id = ''  ) LIMIT 1   [ RunTime:0.0007s ]
SQL: SHOW COLUMNS FROM `sml_users` [ RunTime:0.0164s ]
NOTIC: [8] Undefined index: uid E:\xampp\htdocs\smile\Application\Home\Model\ArticleModel.class.php 第 20 行.
SQL: SELECT `contact` FROM `sml_users` WHERE ( id='' ) LIMIT 1   [ RunTime:0.0014s ]
SQL: SELECT `id`,`domain`,`savepath`,`savename` FROM `sml_assets` WHERE (  id in (4) and IsDel = 0  )  [ RunTime:0.0028s ]
NOTIC: [8] Undefined index: cid E:\xampp\htdocs\smile\Application\Home\Model\ArticleModel.class.php 第 19 行.
SQL: SELECT `name` FROM `sml_cate` WHERE ( id = ''  ) LIMIT 1   [ RunTime:0.0116s ]
NOTIC: [8] Undefined index: uid E:\xampp\htdocs\smile\Application\Home\Model\ArticleModel.class.php 第 20 行.
SQL: SELECT `contact` FROM `sml_users` WHERE ( id='' ) LIMIT 1   [ RunTime:0.0023s ]
SQL: SELECT `id`,`domain`,`savepath`,`savename` FROM `sml_assets` WHERE (  id in (9) and IsDel = 0  )  [ RunTime:0.0017s ]
NOTIC: [8] Undefined index: cid E:\xampp\htdocs\smile\Application\Home\Model\ArticleModel.class.php 第 19 行.
SQL: SELECT `name` FROM `sml_cate` WHERE ( id = ''  ) LIMIT 1   [ RunTime:0.0017s ]
NOTIC: [8] Undefined index: uid E:\xampp\htdocs\smile\Application\Home\Model\ArticleModel.class.php 第 20 行.
SQL: SELECT `contact` FROM `sml_users` WHERE ( id='' ) LIMIT 1   [ RunTime:0.0010s ]
SQL: SELECT `id`,`domain`,`savepath`,`savename` FROM `sml_assets` WHERE (  id in (7) and IsDel = 0  )  [ RunTime:0.0010s ]
NOTIC: [8] Undefined index: cid E:\xampp\htdocs\smile\Application\Home\Model\ArticleModel.class.php 第 19 行.
SQL: SELECT `name` FROM `sml_cate` WHERE ( id = ''  ) LIMIT 1   [ RunTime:0.0009s ]
NOTIC: [8] Undefined index: uid E:\xampp\htdocs\smile\Application\Home\Model\ArticleModel.class.php 第 20 行.
SQL: SELECT `contact` FROM `sml_users` WHERE ( id='' ) LIMIT 1   [ RunTime:0.0009s ]
SQL: SELECT `id`,`domain`,`savepath`,`savename` FROM `sml_assets` WHERE (  id in (25) and IsDel = 0  )  [ RunTime:0.0010s ]
NOTIC: [8] Undefined index: cid E:\xampp\htdocs\smile\Application\Home\Model\ArticleModel.class.php 第 19 行.
SQL: SELECT `name` FROM `sml_cate` WHERE ( id = ''  ) LIMIT 1   [ RunTime:0.0028s ]
NOTIC: [8] Undefined index: uid E:\xampp\htdocs\smile\Application\Home\Model\ArticleModel.class.php 第 20 行.
SQL: SELECT `contact` FROM `sml_users` WHERE ( id='' ) LIMIT 1   [ RunTime:0.0017s ]
SQL: SELECT * FROM `sml_cate` WHERE ( isdel = 0 )  [ RunTime:0.0015s ]
SQL: SELECT COUNT(*) AS tp_count FROM `sml_article` WHERE ( cid = '1'  ) LIMIT 1   [ RunTime:0.0011s ]
SQL: SELECT COUNT(*) AS tp_count FROM `sml_article` WHERE ( cid = '2'  ) LIMIT 1   [ RunTime:0.0010s ]
SQL: SELECT COUNT(*) AS tp_count FROM `sml_article` WHERE ( cid = '3'  ) LIMIT 1   [ RunTime:0.0012s ]
SQL: SELECT COUNT(*) AS tp_count FROM `sml_article` WHERE ( cid = '4'  ) LIMIT 1   [ RunTime:0.0013s ]
SQL: SELECT COUNT(*) AS tp_count FROM `sml_article` WHERE ( cid = '5'  ) LIMIT 1   [ RunTime:0.0011s ]
SQL: SELECT COUNT(*) AS tp_count FROM `sml_article` WHERE ( cid = '6'  ) LIMIT 1   [ RunTime:0.0016s ]
SQL: SELECT COUNT(*) AS tp_count FROM `sml_article` WHERE ( cid = '7'  ) LIMIT 1   [ RunTime:0.0010s ]
SQL: SELECT COUNT(*) AS tp_count FROM `sml_article` WHERE ( cid = '8'  ) LIMIT 1   [ RunTime:0.0010s ]
SQL: SELECT COUNT(*) AS tp_count FROM `sml_article` WHERE ( cid = '9'  ) LIMIT 1   [ RunTime:0.0009s ]
SQL: SELECT COUNT(*) AS tp_count FROM `sml_article` WHERE ( cid = '10'  ) LIMIT 1   [ RunTime:0.0016s ]
SQL: SELECT COUNT(*) AS tp_count FROM `sml_article` WHERE ( cid = '11'  ) LIMIT 1   [ RunTime:0.0014s ]
SQL: SELECT `id`,`title`,`pic`,`viewnum`,`createtime` FROM `sml_article` WHERE ( isdel=0 ) ORDER BY createtime desc LIMIT 3   [ RunTime:0.0016s ]
SQL: SELECT `id`,`domain`,`savepath`,`savename` FROM `sml_assets` WHERE (  id in (13) and IsDel = 0  )  [ RunTime:0.0010s ]
NOTIC: [8] Undefined index: cid E:\xampp\htdocs\smile\Application\Home\Model\ArticleModel.class.php 第 19 行.
SQL: SELECT `name` FROM `sml_cate` WHERE ( id = ''  ) LIMIT 1   [ RunTime:0.0009s ]
NOTIC: [8] Undefined index: uid E:\xampp\htdocs\smile\Application\Home\Model\ArticleModel.class.php 第 20 行.
SQL: SELECT `contact` FROM `sml_users` WHERE ( id='' ) LIMIT 1   [ RunTime:0.0011s ]
SQL: SELECT `id`,`domain`,`savepath`,`savename` FROM `sml_assets` WHERE (  id in (15) and IsDel = 0  )  [ RunTime:0.0011s ]
NOTIC: [8] Undefined index: cid E:\xampp\htdocs\smile\Application\Home\Model\ArticleModel.class.php 第 19 行.
SQL: SELECT `name` FROM `sml_cate` WHERE ( id = ''  ) LIMIT 1   [ RunTime:0.0008s ]
NOTIC: [8] Undefined index: uid E:\xampp\htdocs\smile\Application\Home\Model\ArticleModel.class.php 第 20 行.
SQL: SELECT `contact` FROM `sml_users` WHERE ( id='' ) LIMIT 1   [ RunTime:0.0007s ]
SQL: SELECT `id`,`domain`,`savepath`,`savename` FROM `sml_assets` WHERE (  id in (12) and IsDel = 0  )  [ RunTime:0.0008s ]
NOTIC: [8] Undefined index: cid E:\xampp\htdocs\smile\Application\Home\Model\ArticleModel.class.php 第 19 行.
SQL: SELECT `name` FROM `sml_cate` WHERE ( id = ''  ) LIMIT 1   [ RunTime:0.0006s ]
NOTIC: [8] Undefined index: uid E:\xampp\htdocs\smile\Application\Home\Model\ArticleModel.class.php 第 20 行.
SQL: SELECT `contact` FROM `sml_users` WHERE ( id='' ) LIMIT 1   [ RunTime:0.0006s ]
SQL: SELECT * FROM `sml_article` WHERE ( isdel = 0 AND viewnum > 100  ) ORDER BY rand() LIMIT 4   [ RunTime:0.0130s ]
SQL: SELECT `id`,`domain`,`savepath`,`savename` FROM `sml_assets` WHERE (  id in (3) and IsDel = 0  )  [ RunTime:0.0010s ]
SQL: SELECT `name` FROM `sml_cate` WHERE ( id = '5'  ) LIMIT 1   [ RunTime:0.0008s ]
SQL: SELECT `contact` FROM `sml_users` WHERE ( id='1002' ) LIMIT 1   [ RunTime:0.0008s ]
SQL: SELECT `id`,`domain`,`savepath`,`savename` FROM `sml_assets` WHERE (  id in (7) and IsDel = 0  )  [ RunTime:0.0008s ]
SQL: SELECT `name` FROM `sml_cate` WHERE ( id = '11'  ) LIMIT 1   [ RunTime:0.0009s ]
SQL: SELECT `contact` FROM `sml_users` WHERE ( id='1002' ) LIMIT 1   [ RunTime:0.0007s ]
SQL: SELECT `id`,`domain`,`savepath`,`savename` FROM `sml_assets` WHERE (  id in (25) and IsDel = 0  )  [ RunTime:0.0007s ]
SQL: SELECT `name` FROM `sml_cate` WHERE ( id = '6'  ) LIMIT 1   [ RunTime:0.0009s ]
SQL: SELECT `contact` FROM `sml_users` WHERE ( id='1001' ) LIMIT 1   [ RunTime:0.0014s ]
SQL: SELECT `id`,`domain`,`savepath`,`savename` FROM `sml_assets` WHERE (  id in (10) and IsDel = 0  )  [ RunTime:0.0009s ]
SQL: SELECT `name` FROM `sml_cate` WHERE ( id = '2'  ) LIMIT 1   [ RunTime:0.0009s ]
SQL: SELECT `contact` FROM `sml_users` WHERE ( id='1002' ) LIMIT 1   [ RunTime:0.0011s ]
SQL: SHOW COLUMNS FROM `sml_frilink` [ RunTime:0.0084s ]
SQL: SHOW COLUMNS FROM `sml_cate` [ RunTime:0.0355s ]
SQL: SELECT `name` FROM `sml_cate` WHERE ( url like '%Index%'  ) LIMIT 1   [ RunTime:0.0007s ]
SQL: SELECT COUNT(*) AS tp_count FROM `sml_article` WHERE ( isdel=0 ) LIMIT 1   [ RunTime:0.0006s ]
SQL: SELECT * FROM `sml_article` WHERE ( isdel=0 ) ORDER BY istop desc LIMIT 0,8   [ RunTime:0.0020s ]
SQL: SELECT `id`,`domain`,`savepath`,`savename` FROM `sml_assets` WHERE (  id in (3) and IsDel = 0  )  [ RunTime:0.0012s ]
SQL: SELECT `name` FROM `sml_cate` WHERE ( id = '5'  ) LIMIT 1   [ RunTime:0.0009s ]
SQL: SELECT `contact` FROM `sml_users` WHERE ( id='1002' ) LIMIT 1   [ RunTime:0.0008s ]
SQL: SELECT `id`,`domain`,`savepath`,`savename` FROM `sml_assets` WHERE (  id in (25) and IsDel = 0  )  [ RunTime:0.0009s ]
SQL: SELECT `name` FROM `sml_cate` WHERE ( id = '6'  ) LIMIT 1   [ RunTime:0.0008s ]
SQL: SELECT `contact` FROM `sml_users` WHERE ( id='1001' ) LIMIT 1   [ RunTime:0.0007s ]
SQL: SELECT `id`,`domain`,`savepath`,`savename` FROM `sml_assets` WHERE (  id in (10) and IsDel = 0  )  [ RunTime:0.0006s ]
SQL: SELECT `name` FROM `sml_cate` WHERE ( id = '2'  ) LIMIT 1   [ RunTime:0.0005s ]
SQL: SELECT `contact` FROM `sml_users` WHERE ( id='1002' ) LIMIT 1   [ RunTime:0.0005s ]
SQL: SELECT `id`,`domain`,`savepath`,`savename` FROM `sml_assets` WHERE (  id in (23) and IsDel = 0  )  [ RunTime:0.0005s ]
SQL: SELECT `name` FROM `sml_cate` WHERE ( id = '8'  ) LIMIT 1   [ RunTime:0.0004s ]
SQL: SELECT `contact` FROM `sml_users` WHERE ( id='1001' ) LIMIT 1   [ RunTime:0.0006s ]
SQL: SELECT `id`,`domain`,`savepath`,`savename` FROM `sml_assets` WHERE (  id in (6) and IsDel = 0  )  [ RunTime:0.0007s ]
SQL: SELECT `name` FROM `sml_cate` WHERE ( id = '1'  ) LIMIT 1   [ RunTime:0.0006s ]
SQL: SELECT `contact` FROM `sml_users` WHERE ( id='1002' ) LIMIT 1   [ RunTime:0.0031s ]
SQL: SELECT `id`,`domain`,`savepath`,`savename` FROM `sml_assets` WHERE (  id in (4) and IsDel = 0  )  [ RunTime:0.0008s ]
SQL: SELECT `name` FROM `sml_cate` WHERE ( id = '2'  ) LIMIT 1   [ RunTime:0.0007s ]
SQL: SELECT `contact` FROM `sml_users` WHERE ( id='1002' ) LIMIT 1   [ RunTime:0.0006s ]
SQL: SELECT `id`,`domain`,`savepath`,`savename` FROM `sml_assets` WHERE (  id in (9) and IsDel = 0  )  [ RunTime:0.0008s ]
SQL: SELECT `name` FROM `sml_cate` WHERE ( id = '10'  ) LIMIT 1   [ RunTime:0.0008s ]
SQL: SELECT `contact` FROM `sml_users` WHERE ( id='1002' ) LIMIT 1   [ RunTime:0.0007s ]
SQL: SELECT `id`,`domain`,`savepath`,`savename` FROM `sml_assets` WHERE (  id in (7) and IsDel = 0  )  [ RunTime:0.0008s ]
SQL: SELECT `name` FROM `sml_cate` WHERE ( id = '11'  ) LIMIT 1   [ RunTime:0.0007s ]
SQL: SELECT `contact` FROM `sml_users` WHERE ( id='1002' ) LIMIT 1   [ RunTime:0.0007s ]
INFO: [ view_parse ] --START--
INFO: [ template_filter ] --START--
INFO: Run Behavior\ContentReplaceBehavior [ RunTime:0.000561s ]
INFO: [ template_filter ] --END-- [ RunTime:0.000718s ]
NOTIC: [8] Undefined index: child E:\xampp\htdocs\smile\Application\Runtime\Cache\Home\2a94b8bda04ff446dcedd42276fc99ee.php 第 69 行.
NOTIC: [8] Undefined index: child E:\xampp\htdocs\smile\Application\Runtime\Cache\Home\2a94b8bda04ff446dcedd42276fc99ee.php 第 70 行.
NOTIC: [8] Undefined index: child E:\xampp\htdocs\smile\Application\Runtime\Cache\Home\2a94b8bda04ff446dcedd42276fc99ee.php 第 72 行.
NOTIC: [8] Undefined index: child E:\xampp\htdocs\smile\Application\Runtime\Cache\Home\2a94b8bda04ff446dcedd42276fc99ee.php 第 69 行.
NOTIC: [8] Undefined index: child E:\xampp\htdocs\smile\Application\Runtime\Cache\Home\2a94b8bda04ff446dcedd42276fc99ee.php 第 70 行.
NOTIC: [8] Undefined index: child E:\xampp\htdocs\smile\Application\Runtime\Cache\Home\2a94b8bda04ff446dcedd42276fc99ee.php 第 72 行.
NOTIC: [8] Undefined index: child E:\xampp\htdocs\smile\Application\Runtime\Cache\Home\2a94b8bda04ff446dcedd42276fc99ee.php 第 69 行.
NOTIC: [8] Undefined index: child E:\xampp\htdocs\smile\Application\Runtime\Cache\Home\2a94b8bda04ff446dcedd42276fc99ee.php 第 70 行.
NOTIC: [8] Undefined index: child E:\xampp\htdocs\smile\Application\Runtime\Cache\Home\2a94b8bda04ff446dcedd42276fc99ee.php 第 72 行.
NOTIC: [8] Undefined index: user E:\xampp\htdocs\smile\Application\Runtime\Cache\Home\2a94b8bda04ff446dcedd42276fc99ee.php 第 86 行.
INFO: Run Behavior\ParseTemplateBehavior [ RunTime:0.086609s ]
INFO: [ view_parse ] --END-- [ RunTime:0.086792s ]
INFO: [ view_filter ] --START--
INFO: Run Behavior\WriteHtmlCacheBehavior [ RunTime:0.003038s ]
INFO: [ view_filter ] --END-- [ RunTime:0.003238s ]
INFO: [ app_end ] --START--
INFO: Run Behavior\ShowPageTraceBehavior [ RunTime:0.006664s ]
INFO: [ app_end ] --END-- [ RunTime:0.006841s ]

