[ 2017-02-22T21:03:01+08:00 ] ::1 /smile/uploads/assets/2016-11-07/58201f089f4f2.jpg
INFO: [ app_init ] --START--
INFO: Run Behavior\BuildLiteBehavior [ RunTime:0.000038s ]
INFO: [ app_init ] --END-- [ RunTime:0.002006s ]

[ 2017-02-22T21:03:01+08:00 ] ::1 /smile/uploads/assets/2016-11-07/58201e7a4c450.jpg
INFO: [ app_init ] --START--
INFO: Run Behavior\BuildLiteBehavior [ RunTime:0.000036s ]
INFO: [ app_init ] --END-- [ RunTime:0.003316s ]

[ 2017-02-22T21:03:01+08:00 ] ::1 /smile/uploads/assets/2016-11-15/582a7c8d95f35.jpg
INFO: [ app_init ] --START--
INFO: Run Behavior\BuildLiteBehavior [ RunTime:0.000039s ]
INFO: [ app_init ] --END-- [ RunTime:0.006724s ]

[ 2017-02-22T21:03:01+08:00 ] ::1 /smile/uploads/assets/2016-11-07/58201efc3639e.jpg
INFO: [ app_init ] --START--
INFO: Run Behavior\BuildLiteBehavior [ RunTime:0.000041s ]
INFO: [ app_init ] --END-- [ RunTime:0.001624s ]

[ 2017-02-22T21:03:02+08:00 ] ::1 /smile/uploads/assets/2016-11-15/582a7cc505d40.jpg
INFO: [ app_init ] --START--
INFO: Run Behavior\BuildLiteBehavior [ RunTime:0.000036s ]
INFO: [ app_init ] --END-- [ RunTime:0.001138s ]

[ 2017-02-22T21:03:02+08:00 ] ::1 /smile/uploads/assets/2016-11-15/582a7ddfc8b46.jpg
INFO: [ app_init ] --START--
INFO: Run Behavior\BuildLiteBehavior [ RunTime:0.000041s ]
INFO: [ app_init ] --END-- [ RunTime:0.001586s ]

[ 2017-02-22T21:03:02+08:00 ] ::1 /smile/uploads/assets/2016-11-15/582a7d6312869.jpg
INFO: [ app_init ] --START--
INFO: Run Behavior\BuildLiteBehavior [ RunTime:0.000039s ]
INFO: [ app_init ] --END-- [ RunTime:0.003074s ]

[ 2017-02-22T21:03:02+08:00 ] ::1 /smile/uploads/assets/2016-11-15/582a7d99a9b23.jpg
INFO: [ app_init ] --START--
INFO: Run Behavior\BuildLiteBehavior [ RunTime:0.000039s ]
INFO: [ app_init ] --END-- [ RunTime:0.008588s ]

[ 2017-02-22T21:03:02+08:00 ] ::1 /smile/uploads/assets/2016-11-15/582a7e077ae15.jpg
INFO: [ app_init ] --START--
INFO: Run Behavior\BuildLiteBehavior [ RunTime:0.000038s ]
INFO: [ app_init ] --END-- [ RunTime:0.016183s ]

[ 2017-02-22T21:03:02+08:00 ] ::1 /smile/uploads/assets/2016-11-04/581c38f4cf403.jpg
INFO: [ app_init ] --START--
INFO: Run Behavior\BuildLiteBehavior [ RunTime:0.000038s ]
INFO: [ app_init ] --END-- [ RunTime:0.001900s ]

[ 2017-02-22T21:03:02+08:00 ] ::1 /smile/uploads/assets/2016-11-06/581ed8912e959.jpg
INFO: [ app_init ] --START--
INFO: Run Behavior\BuildLiteBehavior [ RunTime:0.000037s ]
INFO: [ app_init ] --END-- [ RunTime:0.001143s ]

[ 2017-02-22T21:03:02+08:00 ] ::1 /smile/uploads/assets/2016-11-04/581be03b7fee6.jpg
INFO: [ app_init ] --START--
INFO: Run Behavior\BuildLiteBehavior [ RunTime:0.000039s ]
INFO: [ app_init ] --END-- [ RunTime:0.001254s ]

[ 2017-02-22T21:03:02+08:00 ] ::1 /smile/uploads/assets/2016-11-04/581c3cdbc6a6c.jpg
INFO: [ app_init ] --START--
INFO: Run Behavior\BuildLiteBehavior [ RunTime:0.000043s ]
INFO: [ app_init ] --END-- [ RunTime:0.003011s ]

[ 2017-02-22T21:03:02+08:00 ] ::1 /smile/uploads/assets/2016-11-04/581c3a0f0634e.jpg
INFO: [ app_init ] --START--
INFO: Run Behavior\BuildLiteBehavior [ RunTime:0.000038s ]
INFO: [ app_init ] --END-- [ RunTime:0.001824s ]

[ 2017-02-22T21:03:02+08:00 ] ::1 /smile/uploads/assets/2016-11-04/581c3fe7ee04d.jpeg
INFO: [ app_init ] --START--
INFO: Run Behavior\BuildLiteBehavior [ RunTime:0.000032s ]
INFO: [ app_init ] --END-- [ RunTime:0.000881s ]
INFO: [ app_begin ] --START--
INFO: Run Behavior\ReadHtmlCacheBehavior [ RunTime:0.120318s ]
INFO: [ app_begin ] --END-- [ RunTime:0.120528s ]
ERR: 无法加载控制器:Http:

[ 2017-02-22T21:03:08+08:00 ] ::1 /smile/uploads/assets/2016-11-07/58201e7a4c450.jpg
INFO: [ app_init ] --START--
INFO: Run Behavior\BuildLiteBehavior [ RunTime:0.000038s ]
INFO: [ app_init ] --END-- [ RunTime:0.001248s ]

[ 2017-02-22T21:03:08+08:00 ] ::1 /smile/uploads/assets/2016-11-07/58201e5a148c2.jpg
INFO: [ app_init ] --START--
INFO: Run Behavior\BuildLiteBehavior [ RunTime:0.000038s ]
INFO: [ app_init ] --END-- [ RunTime:0.006937s ]

[ 2017-02-22T21:03:12+08:00 ] ::1 /smile/uploads/assets/2016-11-07/58201efc3639e.jpg
INFO: [ app_init ] --START--
INFO: Run Behavior\BuildLiteBehavior [ RunTime:0.000036s ]
INFO: [ app_init ] --END-- [ RunTime:0.000938s ]

[ 2017-02-22T21:03:12+08:00 ] ::1 /smile/uploads/assets/2016-11-07/58201e7a4c450.jpg
INFO: [ app_init ] --START--
INFO: Run Behavior\BuildLiteBehavior [ RunTime:0.000039s ]
INFO: [ app_init ] --END-- [ RunTime:0.001118s ]

[ 2017-02-22T21:03:19+08:00 ] ::1 /smile/uploads/assets/2016-11-07/58201f089f4f2.jpg
INFO: [ app_init ] --START--
INFO: Run Behavior\BuildLiteBehavior [ RunTime:0.000053s ]
INFO: [ app_init ] --END-- [ RunTime:0.001690s ]

[ 2017-02-22T21:03:19+08:00 ] ::1 /smile/uploads/assets/2016-11-07/58201efc3639e.jpg
INFO: [ app_init ] --START--
INFO: Run Behavior\BuildLiteBehavior [ RunTime:0.000035s ]
INFO: [ app_init ] --END-- [ RunTime:0.001198s ]

[ 2017-02-22T21:03:23+08:00 ] ::1 /smile/uploads/assets/2016-11-07/58201f089f4f2.jpg
INFO: [ app_init ] --START--
INFO: Run Behavior\BuildLiteBehavior [ RunTime:0.000038s ]
INFO: [ app_init ] --END-- [ RunTime:0.001054s ]

[ 2017-02-22T21:03:23+08:00 ] ::1 /smile/uploads/assets/2016-11-07/58201e5a148c2.jpg
INFO: [ app_init ] --START--
INFO: Run Behavior\BuildLiteBehavior [ RunTime:0.000039s ]
INFO: [ app_init ] --END-- [ RunTime:0.001217s ]

[ 2017-02-22T21:03:27+08:00 ] ::1 /smile/uploads/assets/2016-11-07/58201e7a4c450.jpg
INFO: [ app_init ] --START--
INFO: Run Behavior\BuildLiteBehavior [ RunTime:0.000037s ]
INFO: [ app_init ] --END-- [ RunTime:0.001147s ]

[ 2017-02-22T21:03:27+08:00 ] ::1 /smile/uploads/assets/2016-11-07/58201e5a148c2.jpg
INFO: [ app_init ] --START--
INFO: Run Behavior\BuildLiteBehavior [ RunTime:0.000037s ]
INFO: [ app_init ] --END-- [ RunTime:0.001284s ]

[ 2017-02-22T21:03:31+08:00 ] ::1 /smile/uploads/assets/2016-11-07/58201efc3639e.jpg
INFO: [ app_init ] --START--
INFO: Run Behavior\BuildLiteBehavior [ RunTime:0.000036s ]
INFO: [ app_init ] --END-- [ RunTime:0.001105s ]

[ 2017-02-22T21:03:31+08:00 ] ::1 /smile/uploads/assets/2016-11-07/58201e7a4c450.jpg
INFO: [ app_init ] --START--
INFO: Run Behavior\BuildLiteBehavior [ RunTime:0.000038s ]
INFO: [ app_init ] --END-- [ RunTime:0.001700s ]

[ 2017-02-22T21:03:36+08:00 ] ::1 /smile/uploads/assets/2016-11-07/58201f089f4f2.jpg
INFO: [ app_init ] --START--
INFO: Run Behavior\BuildLiteBehavior [ RunTime:0.000036s ]
INFO: [ app_init ] --END-- [ RunTime:0.001148s ]

[ 2017-02-22T21:03:36+08:00 ] ::1 /smile/uploads/assets/2016-11-07/58201efc3639e.jpg
INFO: [ app_init ] --START--
INFO: Run Behavior\BuildLiteBehavior [ RunTime:0.000177s ]
INFO: [ app_init ] --END-- [ RunTime:0.004617s ]

[ 2017-02-22T21:03:40+08:00 ] ::1 /smile/uploads/assets/2016-11-07/58201e5a148c2.jpg
INFO: [ app_init ] --START--
INFO: Run Behavior\BuildLiteBehavior [ RunTime:0.000041s ]
INFO: [ app_init ] --END-- [ RunTime:0.001422s ]

[ 2017-02-22T21:03:40+08:00 ] ::1 /smile/uploads/assets/2016-11-07/58201f089f4f2.jpg
INFO: [ app_init ] --START--
INFO: Run Behavior\BuildLiteBehavior [ RunTime:0.000040s ]
INFO: [ app_init ] --END-- [ RunTime:0.001156s ]

[ 2017-02-22T21:03:48+08:00 ] ::1 /smile/uploads/assets/2016-11-15/582a7c8d95f35.jpg
INFO: [ app_init ] --START--
INFO: Run Behavior\BuildLiteBehavior [ RunTime:0.000037s ]
INFO: [ app_init ] --END-- [ RunTime:0.001064s ]

[ 2017-02-22T21:03:48+08:00 ] ::1 /smile/uploads/assets/2016-11-15/582a7cc505d40.jpg
INFO: [ app_init ] --START--
INFO: Run Behavior\BuildLiteBehavior [ RunTime:0.000037s ]
INFO: [ app_init ] --END-- [ RunTime:0.001284s ]

[ 2017-02-22T21:03:48+08:00 ] ::1 /smile/uploads/assets/2016-11-15/582a7d6312869.jpg
INFO: [ app_init ] --START--
INFO: Run Behavior\BuildLiteBehavior [ RunTime:0.000038s ]
INFO: [ app_init ] --END-- [ RunTime:0.001040s ]

[ 2017-02-22T21:03:48+08:00 ] ::1 /smile/uploads/assets/2016-11-15/582a7d99a9b23.jpg
INFO: [ app_init ] --START--
INFO: Run Behavior\BuildLiteBehavior [ RunTime:0.000037s ]
INFO: [ app_init ] --END-- [ RunTime:0.001098s ]

[ 2017-02-22T21:03:49+08:00 ] ::1 /smile/uploads/assets/2016-11-15/582a7ddfc8b46.jpg
INFO: [ app_init ] --START--
INFO: Run Behavior\BuildLiteBehavior [ RunTime:0.000036s ]
INFO: [ app_init ] --END-- [ RunTime:0.001065s ]

[ 2017-02-22T21:03:49+08:00 ] ::1 /smile/uploads/assets/2016-11-15/582a7e2c206e4.jpg
INFO: [ app_init ] --START--
INFO: Run Behavior\BuildLiteBehavior [ RunTime:0.000035s ]
INFO: [ app_init ] --END-- [ RunTime:0.000943s ]

[ 2017-02-22T21:03:49+08:00 ] ::1 /smile/uploads/assets/2016-11-15/582a7e1a97c7f.jpg
INFO: [ app_init ] --START--
INFO: Run Behavior\BuildLiteBehavior [ RunTime:0.000039s ]
INFO: [ app_init ] --END-- [ RunTime:0.001105s ]

[ 2017-02-22T21:03:49+08:00 ] ::1 /smile/uploads/assets/2016-11-15/582a7e077ae15.jpg
INFO: [ app_init ] --START--
INFO: Run Behavior\BuildLiteBehavior [ RunTime:0.000103s ]
INFO: [ app_init ] --END-- [ RunTime:0.038164s ]

[ 2017-02-22T21:03:49+08:00 ] ::1 /smile/uploads/assets/2016-11-06/581ed8912e959.jpg
INFO: [ app_init ] --START--
INFO: Run Behavior\BuildLiteBehavior [ RunTime:0.000040s ]
INFO: [ app_init ] --END-- [ RunTime:0.001298s ]

[ 2017-02-22T21:03:49+08:00 ] ::1 /smile/uploads/assets/2016-11-15/582a7e3a5da3a.jpg
INFO: [ app_init ] --START--
INFO: Run Behavior\BuildLiteBehavior [ RunTime:0.000463s ]
INFO: [ app_init ] --END-- [ RunTime:0.002098s ]

[ 2017-02-22T21:03:49+08:00 ] ::1 /smile/uploads/assets/2016-11-07/58201e7a4c450.jpg
INFO: [ app_init ] --START--
INFO: Run Behavior\BuildLiteBehavior [ RunTime:0.000035s ]
INFO: [ app_init ] --END-- [ RunTime:0.001014s ]

[ 2017-02-22T21:03:49+08:00 ] ::1 /smile/uploads/assets/2016-11-04/581c3fe7ee04d.jpeg
INFO: [ app_init ] --START--
INFO: Run Behavior\BuildLiteBehavior [ RunTime:0.000182s ]
INFO: [ app_init ] --END-- [ RunTime:0.005623s ]
INFO: [ app_begin ] --START--
INFO: Run Behavior\ReadHtmlCacheBehavior [ RunTime:0.002420s ]
INFO: [ app_begin ] --END-- [ RunTime:0.002611s ]
ERR: 无法加载控制器:Http:

[ 2017-02-22T21:03:49+08:00 ] ::1 /smile/uploads/assets/2016-11-07/58201efc3639e.jpg
INFO: [ app_init ] --START--
INFO: Run Behavior\BuildLiteBehavior [ RunTime:0.000035s ]
INFO: [ app_init ] --END-- [ RunTime:0.001050s ]

[ 2017-02-22T21:03:49+08:00 ] ::1 /smile/uploads/assets/2016-11-07/58201e5a148c2.jpg
INFO: [ app_init ] --START--
INFO: Run Behavior\BuildLiteBehavior [ RunTime:0.000042s ]
INFO: [ app_init ] --END-- [ RunTime:0.001310s ]

[ 2017-02-22T21:03:49+08:00 ] ::1 /smile/uploads/assets/2016-11-07/58201f089f4f2.jpg
INFO: [ app_init ] --START--
INFO: Run Behavior\BuildLiteBehavior [ RunTime:0.000037s ]
INFO: [ app_init ] --END-- [ RunTime:0.001146s ]

[ 2017-02-22T21:03:49+08:00 ] ::1 /smile/uploads/assets/2016-11-04/581c38f4cf403.jpg
INFO: [ app_init ] --START--
INFO: Run Behavior\BuildLiteBehavior [ RunTime:0.000035s ]
INFO: [ app_init ] --END-- [ RunTime:0.001074s ]

[ 2017-02-22T21:03:49+08:00 ] ::1 /smile/uploads/assets/2016-11-04/581c3a0f0634e.jpg
INFO: [ app_init ] --START--
INFO: Run Behavior\BuildLiteBehavior [ RunTime:0.000040s ]
INFO: [ app_init ] --END-- [ RunTime:0.001494s ]

[ 2017-02-22T21:03:49+08:00 ] ::1 /smile/uploads/assets/2016-11-04/581be03b7fee6.jpg
INFO: [ app_init ] --START--
INFO: Run Behavior\BuildLiteBehavior [ RunTime:0.000037s ]
INFO: [ app_init ] --END-- [ RunTime:0.003092s ]

[ 2017-02-22T21:03:54+08:00 ] ::1 /smile/uploads/assets/2016-11-04/581c3fe7ee04d.jpeg
INFO: [ app_init ] --START--
INFO: Run Behavior\BuildLiteBehavior [ RunTime:0.000042s ]
INFO: [ app_init ] --END-- [ RunTime:0.001396s ]
INFO: [ app_begin ] --START--
INFO: Run Behavior\ReadHtmlCacheBehavior [ RunTime:0.001352s ]
INFO: [ app_begin ] --END-- [ RunTime:0.001522s ]
ERR: 无法加载控制器:Http:

[ 2017-02-22T21:03:54+08:00 ] ::1 /smile/uploads/assets/2016-11-06/581ed8912e959.jpg
INFO: [ app_init ] --START--
INFO: Run Behavior\BuildLiteBehavior [ RunTime:0.000038s ]
INFO: [ app_init ] --END-- [ RunTime:0.001290s ]

[ 2017-02-22T21:03:55+08:00 ] ::1 /smile/uploads/assets/2016-11-04/581c38f4cf403.jpg
INFO: [ app_init ] --START--
INFO: Run Behavior\BuildLiteBehavior [ RunTime:0.000282s ]
INFO: [ app_init ] --END-- [ RunTime:0.009582s ]

[ 2017-02-22T21:03:55+08:00 ] ::1 /smile/uploads/assets/2016-11-04/581be03b7fee6.jpg
INFO: [ app_init ] --START--
INFO: Run Behavior\BuildLiteBehavior [ RunTime:0.000038s ]
INFO: [ app_init ] --END-- [ RunTime:0.001177s ]

[ 2017-02-22T21:03:55+08:00 ] ::1 /smile/uploads/assets/2016-11-07/58201f089f4f2.jpg
INFO: [ app_init ] --START--
INFO: Run Behavior\BuildLiteBehavior [ RunTime:0.000036s ]
INFO: [ app_init ] --END-- [ RunTime:0.000978s ]

[ 2017-02-22T21:03:55+08:00 ] ::1 /smile/uploads/assets/2016-11-07/58201efc3639e.jpg
INFO: [ app_init ] --START--
INFO: Run Behavior\BuildLiteBehavior [ RunTime:0.000043s ]
INFO: [ app_init ] --END-- [ RunTime:0.001287s ]

[ 2017-02-22T21:03:55+08:00 ] ::1 /smile/uploads/assets/2016-11-04/581c3a0f0634e.jpg
INFO: [ app_init ] --START--
INFO: Run Behavior\BuildLiteBehavior [ RunTime:0.000036s ]
INFO: [ app_init ] --END-- [ RunTime:0.001067s ]

[ 2017-02-22T21:03:55+08:00 ] ::1 /smile/uploads/assets/2016-11-06/581ed8912e959.jpg
INFO: [ app_init ] --START--
INFO: Run Behavior\BuildLiteBehavior [ RunTime:0.000044s ]
INFO: [ app_init ] --END-- [ RunTime:0.001450s ]

[ 2017-02-22T21:03:55+08:00 ] ::1 /smile/uploads/assets/2016-11-07/58201e5a148c2.jpg
INFO: [ app_init ] --START--
INFO: Run Behavior\BuildLiteBehavior [ RunTime:0.000217s ]
INFO: [ app_init ] --END-- [ RunTime:0.001306s ]

[ 2017-02-22T21:03:55+08:00 ] ::1 /smile/uploads/assets/2016-11-04/581c3fe7ee04d.jpeg
INFO: [ app_init ] --START--
INFO: Run Behavior\BuildLiteBehavior [ RunTime:0.000036s ]
INFO: [ app_init ] --END-- [ RunTime:0.001052s ]
INFO: [ app_begin ] --START--
INFO: Run Behavior\ReadHtmlCacheBehavior [ RunTime:0.001238s ]
INFO: [ app_begin ] --END-- [ RunTime:0.001404s ]
ERR: 无法加载控制器:Http:

[ 2017-02-22T21:03:55+08:00 ] ::1 /smile/uploads/assets/2016-11-07/58201e7a4c450.jpg
INFO: [ app_init ] --START--
INFO: Run Behavior\BuildLiteBehavior [ RunTime:0.000038s ]
INFO: [ app_init ] --END-- [ RunTime:0.001722s ]

[ 2017-02-22T21:03:55+08:00 ] ::1 /smile/uploads/assets/2016-11-04/581c3cdbc6a6c.jpg
INFO: [ app_init ] --START--
INFO: Run Behavior\BuildLiteBehavior [ RunTime:0.000039s ]
INFO: [ app_init ] --END-- [ RunTime:0.001645s ]

[ 2017-02-22T21:03:59+08:00 ] ::1 /smile/uploads/assets/2016-11-04/581c3fe7ee04d.jpeg
INFO: [ app_init ] --START--
INFO: Run Behavior\BuildLiteBehavior [ RunTime:0.000037s ]
INFO: [ app_init ] --END-- [ RunTime:0.001237s ]
INFO: [ app_begin ] --START--
INFO: Run Behavior\ReadHtmlCacheBehavior [ RunTime:0.002212s ]
INFO: [ app_begin ] --END-- [ RunTime:0.002374s ]
ERR: 无法加载控制器:Http:

[ 2017-02-22T21:03:59+08:00 ] ::1 /smile/uploads/assets/2016-11-04/581c38f4cf403.jpg
INFO: [ app_init ] --START--
INFO: Run Behavior\BuildLiteBehavior [ RunTime:0.000037s ]
INFO: [ app_init ] --END-- [ RunTime:0.001061s ]

[ 2017-02-22T21:03:59+08:00 ] ::1 /smile/uploads/assets/2016-11-07/58201e5a148c2.jpg
INFO: [ app_init ] --START--
INFO: Run Behavior\BuildLiteBehavior [ RunTime:0.000036s ]
INFO: [ app_init ] --END-- [ RunTime:0.001197s ]

[ 2017-02-22T21:03:59+08:00 ] ::1 /smile/uploads/assets/2016-11-07/58201efc3639e.jpg
INFO: [ app_init ] --START--
INFO: Run Behavior\BuildLiteBehavior [ RunTime:0.000034s ]
INFO: [ app_init ] --END-- [ RunTime:0.000968s ]

[ 2017-02-22T21:03:59+08:00 ] ::1 /smile/uploads/assets/2016-11-07/58201e7a4c450.jpg
INFO: [ app_init ] --START--
INFO: Run Behavior\BuildLiteBehavior [ RunTime:0.000036s ]
INFO: [ app_init ] --END-- [ RunTime:0.001050s ]

[ 2017-02-22T21:03:59+08:00 ] ::1 /smile/uploads/assets/2016-11-06/581ed8912e959.jpg
INFO: [ app_init ] --START--
INFO: Run Behavior\BuildLiteBehavior [ RunTime:0.000036s ]
INFO: [ app_init ] --END-- [ RunTime:0.001469s ]

[ 2017-02-22T21:03:59+08:00 ] ::1 /smile/uploads/assets/2016-11-04/581c3cdbc6a6c.jpg
INFO: [ app_init ] --START--
INFO: Run Behavior\BuildLiteBehavior [ RunTime:0.000037s ]
INFO: [ app_init ] --END-- [ RunTime:0.001666s ]

[ 2017-02-22T21:04:00+08:00 ] ::1 /smile/uploads/assets/2016-11-04/581be03b7fee6.jpg
INFO: [ app_init ] --START--
INFO: Run Behavior\BuildLiteBehavior [ RunTime:0.000088s ]
INFO: [ app_init ] --END-- [ RunTime:0.002125s ]

[ 2017-02-22T21:04:00+08:00 ] ::1 /smile/uploads/assets/2016-11-04/581c3a0f0634e.jpg
INFO: [ app_init ] --START--
INFO: Run Behavior\BuildLiteBehavior [ RunTime:0.000036s ]
INFO: [ app_init ] --END-- [ RunTime:0.001054s ]

[ 2017-02-22T21:04:00+08:00 ] ::1 /smile/uploads/assets/2016-11-07/58201f089f4f2.jpg
INFO: [ app_init ] --START--
INFO: Run Behavior\BuildLiteBehavior [ RunTime:0.000037s ]
INFO: [ app_init ] --END-- [ RunTime:0.003355s ]

[ 2017-02-22T21:04:04+08:00 ] ::1 /smile/uploads/assets/2016-11-06/581ed82c2156c.jpg
INFO: [ app_init ] --START--
INFO: Run Behavior\BuildLiteBehavior [ RunTime:0.000034s ]
INFO: [ app_init ] --END-- [ RunTime:0.000900s ]

[ 2017-02-22T21:04:04+08:00 ] ::1 /smile/uploads/assets/2016-11-04/581c3fe7ee04d.jpeg
INFO: [ app_init ] --START--
INFO: Run Behavior\BuildLiteBehavior [ RunTime:0.000035s ]
INFO: [ app_init ] --END-- [ RunTime:0.001001s ]
INFO: [ app_begin ] --START--
INFO: Run Behavior\ReadHtmlCacheBehavior [ RunTime:0.006936s ]
INFO: [ app_begin ] --END-- [ RunTime:0.007086s ]
ERR: 无法加载控制器:Http:

[ 2017-02-22T21:04:04+08:00 ] ::1 /smile/uploads/assets/2016-11-04/581c38f4cf403.jpg
INFO: [ app_init ] --START--
INFO: Run Behavior\BuildLiteBehavior [ RunTime:0.000097s ]
INFO: [ app_init ] --END-- [ RunTime:0.005754s ]

[ 2017-02-22T21:04:04+08:00 ] ::1 /smile/uploads/assets/2016-11-04/581be03b7fee6.jpg
INFO: [ app_init ] --START--
INFO: Run Behavior\BuildLiteBehavior [ RunTime:0.000036s ]
INFO: [ app_init ] --END-- [ RunTime:0.001013s ]

[ 2017-02-22T21:04:04+08:00 ] ::1 /smile/uploads/assets/2016-11-07/58201efc3639e.jpg
INFO: [ app_init ] --START--
INFO: Run Behavior\BuildLiteBehavior [ RunTime:0.000038s ]
INFO: [ app_init ] --END-- [ RunTime:0.004769s ]

[ 2017-02-22T21:04:04+08:00 ] ::1 /smile/uploads/assets/2016-11-07/58201f089f4f2.jpg
INFO: [ app_init ] --START--
INFO: Run Behavior\BuildLiteBehavior [ RunTime:0.000035s ]
INFO: [ app_init ] --END-- [ RunTime:0.001068s ]

[ 2017-02-22T21:04:04+08:00 ] ::1 /smile/uploads/assets/2016-11-07/58201e7a4c450.jpg
INFO: [ app_init ] --START--
INFO: Run Behavior\BuildLiteBehavior [ RunTime:0.000037s ]
INFO: [ app_init ] --END-- [ RunTime:0.001178s ]

[ 2017-02-22T21:04:04+08:00 ] ::1 /smile/uploads/assets/2016-11-04/581c3a0f0634e.jpg
INFO: [ app_init ] --START--
INFO: Run Behavior\BuildLiteBehavior [ RunTime:0.000037s ]
INFO: [ app_init ] --END-- [ RunTime:0.000979s ]

[ 2017-02-22T21:04:04+08:00 ] ::1 /smile/uploads/assets/2016-11-06/581ed8912e959.jpg
INFO: [ app_init ] --START--
INFO: Run Behavior\BuildLiteBehavior [ RunTime:0.000037s ]
INFO: [ app_init ] --END-- [ RunTime:0.014335s ]

[ 2017-02-22T21:04:04+08:00 ] ::1 /smile/uploads/assets/2016-11-07/58201e5a148c2.jpg
INFO: [ app_init ] --START--
INFO: Run Behavior\BuildLiteBehavior [ RunTime:0.000039s ]
INFO: [ app_init ] --END-- [ RunTime:0.001209s ]

[ 2017-02-22T21:04:04+08:00 ] ::1 /smile/uploads/assets/2016-11-04/581c3cdbc6a6c.jpg
INFO: [ app_init ] --START--
INFO: Run Behavior\BuildLiteBehavior [ RunTime:0.000040s ]
INFO: [ app_init ] --END-- [ RunTime:0.001512s ]

[ 2017-02-22T21:04:04+08:00 ] ::1 /smile/uploads/assets/2016-11-06/581ed82c2156c.jpg
INFO: [ app_init ] --START--
INFO: Run Behavior\BuildLiteBehavior [ RunTime:0.000037s ]
INFO: [ app_init ] --END-- [ RunTime:0.001068s ]

[ 2017-02-22T21:04:04+08:00 ] ::1 /smile/uploads/assets/2016-11-07/58201efc3639e.jpg
INFO: [ app_init ] --START--
INFO: Run Behavior\BuildLiteBehavior [ RunTime:0.000035s ]
INFO: [ app_init ] --END-- [ RunTime:0.000948s ]

[ 2017-02-22T21:04:04+08:00 ] ::1 /smile/uploads/assets/2016-11-04/581be03b7fee6.jpg
INFO: [ app_init ] --START--
INFO: Run Behavior\BuildLiteBehavior [ RunTime:0.000037s ]
INFO: [ app_init ] --END-- [ RunTime:0.001208s ]

[ 2017-02-22T21:04:05+08:00 ] ::1 /smile/uploads/assets/2016-11-04/581c3fe7ee04d.jpeg
INFO: [ app_init ] --START--
INFO: Run Behavior\BuildLiteBehavior [ RunTime:0.000059s ]
INFO: [ app_init ] --END-- [ RunTime:0.003552s ]
INFO: [ app_begin ] --START--
INFO: Run Behavior\ReadHtmlCacheBehavior [ RunTime:0.001609s ]
INFO: [ app_begin ] --END-- [ RunTime:0.001777s ]
ERR: 无法加载控制器:Http:

[ 2017-02-22T21:04:05+08:00 ] ::1 /smile/uploads/assets/2016-11-04/581c38f4cf403.jpg
INFO: [ app_init ] --START--
INFO: Run Behavior\BuildLiteBehavior [ RunTime:0.000039s ]
INFO: [ app_init ] --END-- [ RunTime:0.003452s ]

[ 2017-02-22T21:55:59+08:00 ] ::1 /smile/uploads/assets/2016-11-15/582a7ddfc8b46.jpg
INFO: [ app_init ] --START--
INFO: Run Behavior\BuildLiteBehavior [ RunTime:0.000038s ]
INFO: [ app_init ] --END-- [ RunTime:0.001324s ]

[ 2017-02-22T21:55:59+08:00 ] ::1 /smile/uploads/assets/2016-11-15/582a7d6312869.jpg
INFO: [ app_init ] --START--
INFO: Run Behavior\BuildLiteBehavior [ RunTime:0.000037s ]
INFO: [ app_init ] --END-- [ RunTime:0.008092s ]

[ 2017-02-22T21:55:59+08:00 ] ::1 /smile/uploads/assets/2016-11-15/582a7e077ae15.jpg
INFO: [ app_init ] --START--
INFO: Run Behavior\BuildLiteBehavior [ RunTime:0.000038s ]
INFO: [ app_init ] --END-- [ RunTime:0.001237s ]

[ 2017-02-22T21:55:59+08:00 ] ::1 /smile/uploads/assets/2016-11-15/582a7e1a97c7f.jpg
INFO: [ app_init ] --START--
INFO: Run Behavior\BuildLiteBehavior [ RunTime:0.000038s ]
INFO: [ app_init ] --END-- [ RunTime:0.002214s ]

[ 2017-02-22T21:55:59+08:00 ] ::1 /smile/uploads/assets/2016-11-15/582a7e2c206e4.jpg
INFO: [ app_init ] --START--
INFO: Run Behavior\BuildLiteBehavior [ RunTime:0.000035s ]
INFO: [ app_init ] --END-- [ RunTime:0.001238s ]

[ 2017-02-22T21:55:59+08:00 ] ::1 /smile/uploads/assets/2016-11-15/582a7e77467fd.jpg
INFO: [ app_init ] --START--
INFO: Run Behavior\BuildLiteBehavior [ RunTime:0.000036s ]
INFO: [ app_init ] --END-- [ RunTime:0.001210s ]

[ 2017-02-22T21:55:59+08:00 ] ::1 /smile/uploads/assets/2016-11-15/582a7e64da0ea.jpg
INFO: [ app_init ] --START--
INFO: Run Behavior\BuildLiteBehavior [ RunTime:0.000036s ]
INFO: [ app_init ] --END-- [ RunTime:0.001100s ]

[ 2017-02-22T21:55:59+08:00 ] ::1 /smile/uploads/assets/2016-11-15/582a7eb8e8f33.jpg
INFO: [ app_init ] --START--
INFO: Run Behavior\BuildLiteBehavior [ RunTime:0.000038s ]
INFO: [ app_init ] --END-- [ RunTime:0.001658s ]

[ 2017-02-22T21:55:59+08:00 ] ::1 /smile/uploads/assets/2016-11-15/582a7e9636398.jpg
INFO: [ app_init ] --START--
INFO: Run Behavior\BuildLiteBehavior [ RunTime:0.000036s ]
INFO: [ app_init ] --END-- [ RunTime:0.001384s ]

[ 2017-02-22T21:55:59+08:00 ] ::1 /smile/uploads/assets/2016-11-15/582a7e3a5da3a.jpg
INFO: [ app_init ] --START--
INFO: Run Behavior\BuildLiteBehavior [ RunTime:0.000039s ]
INFO: [ app_init ] --END-- [ RunTime:0.001450s ]

[ 2017-02-22T21:55:59+08:00 ] ::1 /smile/uploads/assets/2016-11-15/582a7ed55be98.jpg
INFO: [ app_init ] --START--
INFO: Run Behavior\BuildLiteBehavior [ RunTime:0.000036s ]
INFO: [ app_init ] --END-- [ RunTime:0.001641s ]

[ 2017-02-22T21:55:59+08:00 ] ::1 /smile/uploads/assets/2016-11-15/582a7e4cb6dc5.jpg
INFO: [ app_init ] --START--
INFO: Run Behavior\BuildLiteBehavior [ RunTime:0.000279s ]
INFO: [ app_init ] --END-- [ RunTime:0.003057s ]

[ 2017-02-22T21:55:59+08:00 ] ::1 /smile/uploads/assets/2016-11-15/582a7ea95c789.jpg
INFO: [ app_init ] --START--
INFO: Run Behavior\BuildLiteBehavior [ RunTime:0.000051s ]
INFO: [ app_init ] --END-- [ RunTime:0.001859s ]

