[ 2017-01-15T20:20:18+08:00 ] 127.0.0.1 /smile/index.php/Hmin/Index/index
INFO: [ app_init ] --START--
INFO: Run Behavior\BuildLiteBehavior [ RunTime:0.000036s ]
INFO: [ app_init ] --END-- [ RunTime:0.038599s ]
INFO: [ app_begin ] --START--
INFO: Run Behavior\ReadHtmlCacheBehavior [ RunTime:0.002430s ]
INFO: [ app_begin ] --END-- [ RunTime:0.002601s ]
ERR: 无法加载控制器:Hmin

[ 2017-01-15T20:20:25+08:00 ] 127.0.0.1 /smile/index.php
INFO: [ app_init ] --START--
INFO: Run Behavior\BuildLiteBehavior [ RunTime:0.000034s ]
INFO: [ app_init ] --END-- [ RunTime:0.000993s ]
INFO: [ app_begin ] --START--
INFO: Run Behavior\ReadHtmlCacheBehavior [ RunTime:0.001217s ]
INFO: [ app_begin ] --END-- [ RunTime:0.001373s ]
SQL: SHOW COLUMNS FROM `sml_setup` [ RunTime:0.2322s ]
SQL: SHOW COLUMNS FROM `sml_article` [ RunTime:0.0108s ]
SQL: SHOW COLUMNS FROM `sml_article` [ RunTime:0.0092s ]
SQL: SELECT `id`,`title`,`pic`,`indeximg` FROM `sml_article` WHERE ( isdel = 0 and indeximg = 1 ) ORDER BY sort asc  [ RunTime:0.1002s ]
SQL: SHOW COLUMNS FROM `sml_assets` [ RunTime:0.0088s ]
SQL: SHOW COLUMNS FROM `sml_assets` [ RunTime:0.0101s ]
SQL: SELECT `id`,`domain`,`savepath`,`savename` FROM `sml_assets` WHERE (  id in (23) and IsDel = 0  )  [ RunTime:0.0180s ]
SQL: SHOW COLUMNS FROM `sml_cate` [ RunTime:0.0098s ]
NOTIC: [8] Undefined index: cid E:\xampp\htdocs\smile\Application\Home\Model\ArticleModel.class.php 第 19 行.
SQL: SELECT `name` FROM `sml_cate` WHERE ( id = ''  ) LIMIT 1   [ RunTime:0.0325s ]
SQL: SHOW COLUMNS FROM `sml_users` [ RunTime:0.0094s ]
NOTIC: [8] Undefined index: uid E:\xampp\htdocs\smile\Application\Home\Model\ArticleModel.class.php 第 20 行.
SQL: SELECT `contact` FROM `sml_users` WHERE ( id='' ) LIMIT 1   [ RunTime:0.0007s ]
SQL: SELECT `id`,`domain`,`savepath`,`savename` FROM `sml_assets` WHERE (  id in (4) and IsDel = 0  )  [ RunTime:0.0009s ]
NOTIC: [8] Undefined index: cid E:\xampp\htdocs\smile\Application\Home\Model\ArticleModel.class.php 第 19 行.
SQL: SELECT `name` FROM `sml_cate` WHERE ( id = ''  ) LIMIT 1   [ RunTime:0.0007s ]
NOTIC: [8] Undefined index: uid E:\xampp\htdocs\smile\Application\Home\Model\ArticleModel.class.php 第 20 行.
SQL: SELECT `contact` FROM `sml_users` WHERE ( id='' ) LIMIT 1   [ RunTime:0.0006s ]
SQL: SELECT `id`,`domain`,`savepath`,`savename` FROM `sml_assets` WHERE (  id in (9) and IsDel = 0  )  [ RunTime:0.0007s ]
NOTIC: [8] Undefined index: cid E:\xampp\htdocs\smile\Application\Home\Model\ArticleModel.class.php 第 19 行.
SQL: SELECT `name` FROM `sml_cate` WHERE ( id = ''  ) LIMIT 1   [ RunTime:0.0006s ]
NOTIC: [8] Undefined index: uid E:\xampp\htdocs\smile\Application\Home\Model\ArticleModel.class.php 第 20 行.
SQL: SELECT `contact` FROM `sml_users` WHERE ( id='' ) LIMIT 1   [ RunTime:0.0006s ]
SQL: SELECT `id`,`domain`,`savepath`,`savename` FROM `sml_assets` WHERE (  id in (7) and IsDel = 0  )  [ RunTime:0.0008s ]
NOTIC: [8] Undefined index: cid E:\xampp\htdocs\smile\Application\Home\Model\ArticleModel.class.php 第 19 行.
SQL: SELECT `name` FROM `sml_cate` WHERE ( id = ''  ) LIMIT 1   [ RunTime:0.0006s ]
NOTIC: [8] Undefined index: uid E:\xampp\htdocs\smile\Application\Home\Model\ArticleModel.class.php 第 20 行.
SQL: SELECT `contact` FROM `sml_users` WHERE ( id='' ) LIMIT 1   [ RunTime:0.0006s ]
SQL: SELECT `id`,`domain`,`savepath`,`savename` FROM `sml_assets` WHERE (  id in (1) and IsDel = 0  )  [ RunTime:0.0012s ]
NOTIC: [8] Undefined index: cid E:\xampp\htdocs\smile\Application\Home\Model\ArticleModel.class.php 第 19 行.
SQL: SELECT `name` FROM `sml_cate` WHERE ( id = ''  ) LIMIT 1   [ RunTime:0.0009s ]
NOTIC: [8] Undefined index: uid E:\xampp\htdocs\smile\Application\Home\Model\ArticleModel.class.php 第 20 行.
SQL: SELECT `contact` FROM `sml_users` WHERE ( id='' ) LIMIT 1   [ RunTime:0.0008s ]
SQL: SELECT * FROM `sml_cate` WHERE ( isdel = 0 )  [ RunTime:0.0008s ]
SQL: SELECT COUNT(*) AS tp_count FROM `sml_article` WHERE ( cid = '1'  ) LIMIT 1   [ RunTime:0.0311s ]
SQL: SELECT COUNT(*) AS tp_count FROM `sml_article` WHERE ( cid = '2'  ) LIMIT 1   [ RunTime:0.0008s ]
SQL: SELECT COUNT(*) AS tp_count FROM `sml_article` WHERE ( cid = '3'  ) LIMIT 1   [ RunTime:0.0008s ]
SQL: SELECT COUNT(*) AS tp_count FROM `sml_article` WHERE ( cid = '4'  ) LIMIT 1   [ RunTime:0.0008s ]
SQL: SELECT COUNT(*) AS tp_count FROM `sml_article` WHERE ( cid = '5'  ) LIMIT 1   [ RunTime:0.0008s ]
SQL: SELECT COUNT(*) AS tp_count FROM `sml_article` WHERE ( cid = '6'  ) LIMIT 1   [ RunTime:0.0009s ]
SQL: SELECT COUNT(*) AS tp_count FROM `sml_article` WHERE ( cid = '7'  ) LIMIT 1   [ RunTime:0.0007s ]
SQL: SELECT COUNT(*) AS tp_count FROM `sml_article` WHERE ( cid = '8'  ) LIMIT 1   [ RunTime:0.0007s ]
SQL: SELECT COUNT(*) AS tp_count FROM `sml_article` WHERE ( cid = '9'  ) LIMIT 1   [ RunTime:0.0007s ]
SQL: SELECT COUNT(*) AS tp_count FROM `sml_article` WHERE ( cid = '10'  ) LIMIT 1   [ RunTime:0.0020s ]
SQL: SELECT COUNT(*) AS tp_count FROM `sml_article` WHERE ( cid = '11'  ) LIMIT 1   [ RunTime:0.0009s ]
SQL: SELECT `id`,`title`,`pic`,`viewnum`,`createtime` FROM `sml_article` WHERE ( isdel=0 ) ORDER BY createtime desc LIMIT 3   [ RunTime:0.0011s ]
SQL: SELECT `id`,`domain`,`savepath`,`savename` FROM `sml_assets` WHERE (  id in (13) and IsDel = 0  )  [ RunTime:0.0008s ]
NOTIC: [8] Undefined index: cid E:\xampp\htdocs\smile\Application\Home\Model\ArticleModel.class.php 第 19 行.
SQL: SELECT `name` FROM `sml_cate` WHERE ( id = ''  ) LIMIT 1   [ RunTime:0.0007s ]
NOTIC: [8] Undefined index: uid E:\xampp\htdocs\smile\Application\Home\Model\ArticleModel.class.php 第 20 行.
SQL: SELECT `contact` FROM `sml_users` WHERE ( id='' ) LIMIT 1   [ RunTime:0.0006s ]
SQL: SELECT `id`,`domain`,`savepath`,`savename` FROM `sml_assets` WHERE (  id in (15) and IsDel = 0  )  [ RunTime:0.0007s ]
NOTIC: [8] Undefined index: cid E:\xampp\htdocs\smile\Application\Home\Model\ArticleModel.class.php 第 19 行.
SQL: SELECT `name` FROM `sml_cate` WHERE ( id = ''  ) LIMIT 1   [ RunTime:0.0006s ]
NOTIC: [8] Undefined index: uid E:\xampp\htdocs\smile\Application\Home\Model\ArticleModel.class.php 第 20 行.
SQL: SELECT `contact` FROM `sml_users` WHERE ( id='' ) LIMIT 1   [ RunTime:0.0006s ]
SQL: SELECT `id`,`domain`,`savepath`,`savename` FROM `sml_assets` WHERE (  id in (12) and IsDel = 0  )  [ RunTime:0.0007s ]
NOTIC: [8] Undefined index: cid E:\xampp\htdocs\smile\Application\Home\Model\ArticleModel.class.php 第 19 行.
SQL: SELECT `name` FROM `sml_cate` WHERE ( id = ''  ) LIMIT 1   [ RunTime:0.0006s ]
NOTIC: [8] Undefined index: uid E:\xampp\htdocs\smile\Application\Home\Model\ArticleModel.class.php 第 20 行.
SQL: SELECT `contact` FROM `sml_users` WHERE ( id='' ) LIMIT 1   [ RunTime:0.0005s ]
SQL: SELECT * FROM `sml_article` WHERE ( isdel = 0 AND viewnum > 100  ) ORDER BY rand() LIMIT 4   [ RunTime:0.0500s ]
SQL: SELECT `id`,`domain`,`savepath`,`savename` FROM `sml_assets` WHERE (  id in (3) and IsDel = 0  )  [ RunTime:0.0009s ]
SQL: SELECT `name` FROM `sml_cate` WHERE ( id = '5'  ) LIMIT 1   [ RunTime:0.0010s ]
SQL: SELECT `contact` FROM `sml_users` WHERE ( id='1002' ) LIMIT 1   [ RunTime:0.0007s ]
SQL: SELECT `id`,`domain`,`savepath`,`savename` FROM `sml_assets` WHERE (  id in (4) and IsDel = 0  )  [ RunTime:0.0006s ]
SQL: SELECT `name` FROM `sml_cate` WHERE ( id = '2'  ) LIMIT 1   [ RunTime:0.0006s ]
SQL: SELECT `contact` FROM `sml_users` WHERE ( id='1002' ) LIMIT 1   [ RunTime:0.0006s ]
SQL: SELECT `id`,`domain`,`savepath`,`savename` FROM `sml_assets` WHERE (  id in (7) and IsDel = 0  )  [ RunTime:0.0006s ]
SQL: SELECT `name` FROM `sml_cate` WHERE ( id = '11'  ) LIMIT 1   [ RunTime:0.0006s ]
SQL: SELECT `contact` FROM `sml_users` WHERE ( id='1002' ) LIMIT 1   [ RunTime:0.0006s ]
SQL: SELECT `id`,`domain`,`savepath`,`savename` FROM `sml_assets` WHERE (  id in (10) and IsDel = 0  )  [ RunTime:0.0007s ]
SQL: SELECT `name` FROM `sml_cate` WHERE ( id = '2'  ) LIMIT 1   [ RunTime:0.0007s ]
SQL: SELECT `contact` FROM `sml_users` WHERE ( id='1002' ) LIMIT 1   [ RunTime:0.0008s ]
SQL: SHOW COLUMNS FROM `sml_frilink` [ RunTime:0.0094s ]
SQL: SHOW COLUMNS FROM `sml_cate` [ RunTime:0.0109s ]
SQL: SELECT `name` FROM `sml_cate` WHERE ( url like '%Index%'  ) LIMIT 1   [ RunTime:0.0013s ]
SQL: SELECT COUNT(*) AS tp_count FROM `sml_article` WHERE ( isdel=0 ) LIMIT 1   [ RunTime:0.0007s ]
SQL: SELECT * FROM `sml_article` WHERE ( isdel=0 ) ORDER BY istop desc LIMIT 0,8   [ RunTime:0.0015s ]
SQL: SELECT `id`,`domain`,`savepath`,`savename` FROM `sml_assets` WHERE (  id in (3) and IsDel = 0  )  [ RunTime:0.0006s ]
SQL: SELECT `name` FROM `sml_cate` WHERE ( id = '5'  ) LIMIT 1   [ RunTime:0.0006s ]
SQL: SELECT `contact` FROM `sml_users` WHERE ( id='1002' ) LIMIT 1   [ RunTime:0.0006s ]
SQL: SELECT `id`,`domain`,`savepath`,`savename` FROM `sml_assets` WHERE (  id in (1) and IsDel = 0  )  [ RunTime:0.0007s ]
SQL: SELECT `name` FROM `sml_cate` WHERE ( id = '6'  ) LIMIT 1   [ RunTime:0.0261s ]
SQL: SELECT `contact` FROM `sml_users` WHERE ( id='1002' ) LIMIT 1   [ RunTime:0.0007s ]
SQL: SELECT `id`,`domain`,`savepath`,`savename` FROM `sml_assets` WHERE (  id in (10) and IsDel = 0  )  [ RunTime:0.0007s ]
SQL: SELECT `name` FROM `sml_cate` WHERE ( id = '2'  ) LIMIT 1   [ RunTime:0.0007s ]
SQL: SELECT `contact` FROM `sml_users` WHERE ( id='1002' ) LIMIT 1   [ RunTime:0.0009s ]
SQL: SELECT `id`,`domain`,`savepath`,`savename` FROM `sml_assets` WHERE (  id in (23) and IsDel = 0  )  [ RunTime:0.0008s ]
SQL: SELECT `name` FROM `sml_cate` WHERE ( id = '8'  ) LIMIT 1   [ RunTime:0.0007s ]
SQL: SELECT `contact` FROM `sml_users` WHERE ( id='1001' ) LIMIT 1   [ RunTime:0.0006s ]
SQL: SELECT `id`,`domain`,`savepath`,`savename` FROM `sml_assets` WHERE (  id in (6) and IsDel = 0  )  [ RunTime:0.0006s ]
SQL: SELECT `name` FROM `sml_cate` WHERE ( id = '1'  ) LIMIT 1   [ RunTime:0.0006s ]
SQL: SELECT `contact` FROM `sml_users` WHERE ( id='1002' ) LIMIT 1   [ RunTime:0.0007s ]
SQL: SELECT `id`,`domain`,`savepath`,`savename` FROM `sml_assets` WHERE (  id in (4) and IsDel = 0  )  [ RunTime:0.0007s ]
SQL: SELECT `name` FROM `sml_cate` WHERE ( id = '2'  ) LIMIT 1   [ RunTime:0.0006s ]
SQL: SELECT `contact` FROM `sml_users` WHERE ( id='1002' ) LIMIT 1   [ RunTime:0.0006s ]
SQL: SELECT `id`,`domain`,`savepath`,`savename` FROM `sml_assets` WHERE (  id in (9) and IsDel = 0  )  [ RunTime:0.0007s ]
SQL: SELECT `name` FROM `sml_cate` WHERE ( id = '10'  ) LIMIT 1   [ RunTime:0.0006s ]
SQL: SELECT `contact` FROM `sml_users` WHERE ( id='1002' ) LIMIT 1   [ RunTime:0.0006s ]
SQL: SELECT `id`,`domain`,`savepath`,`savename` FROM `sml_assets` WHERE (  id in (7) and IsDel = 0  )  [ RunTime:0.0006s ]
SQL: SELECT `name` FROM `sml_cate` WHERE ( id = '11'  ) LIMIT 1   [ RunTime:0.0010s ]
SQL: SELECT `contact` FROM `sml_users` WHERE ( id='1002' ) LIMIT 1   [ RunTime:0.0009s ]
INFO: [ view_parse ] --START--
INFO: [ template_filter ] --START--
INFO: Run Behavior\ContentReplaceBehavior [ RunTime:0.000705s ]
INFO: [ template_filter ] --END-- [ RunTime:0.000874s ]
NOTIC: [8] Undefined index: child E:\xampp\htdocs\smile\Application\Runtime\Cache\Home\2a94b8bda04ff446dcedd42276fc99ee.php 第 69 行.
NOTIC: [8] Undefined index: child E:\xampp\htdocs\smile\Application\Runtime\Cache\Home\2a94b8bda04ff446dcedd42276fc99ee.php 第 70 行.
NOTIC: [8] Undefined index: child E:\xampp\htdocs\smile\Application\Runtime\Cache\Home\2a94b8bda04ff446dcedd42276fc99ee.php 第 72 行.
NOTIC: [8] Undefined index: child E:\xampp\htdocs\smile\Application\Runtime\Cache\Home\2a94b8bda04ff446dcedd42276fc99ee.php 第 69 行.
NOTIC: [8] Undefined index: child E:\xampp\htdocs\smile\Application\Runtime\Cache\Home\2a94b8bda04ff446dcedd42276fc99ee.php 第 70 行.
NOTIC: [8] Undefined index: child E:\xampp\htdocs\smile\Application\Runtime\Cache\Home\2a94b8bda04ff446dcedd42276fc99ee.php 第 72 行.
NOTIC: [8] Undefined index: child E:\xampp\htdocs\smile\Application\Runtime\Cache\Home\2a94b8bda04ff446dcedd42276fc99ee.php 第 69 行.
NOTIC: [8] Undefined index: child E:\xampp\htdocs\smile\Application\Runtime\Cache\Home\2a94b8bda04ff446dcedd42276fc99ee.php 第 70 行.
NOTIC: [8] Undefined index: child E:\xampp\htdocs\smile\Application\Runtime\Cache\Home\2a94b8bda04ff446dcedd42276fc99ee.php 第 72 行.
NOTIC: [8] Undefined index: user E:\xampp\htdocs\smile\Application\Runtime\Cache\Home\2a94b8bda04ff446dcedd42276fc99ee.php 第 86 行.
INFO: Run Behavior\ParseTemplateBehavior [ RunTime:0.642284s ]
INFO: [ view_parse ] --END-- [ RunTime:0.642510s ]
INFO: [ view_filter ] --START--
INFO: Run Behavior\WriteHtmlCacheBehavior [ RunTime:0.102134s ]
INFO: [ view_filter ] --END-- [ RunTime:0.102298s ]
INFO: [ app_end ] --START--
INFO: Run Behavior\ShowPageTraceBehavior [ RunTime:0.004600s ]
INFO: [ app_end ] --END-- [ RunTime:0.004883s ]

[ 2017-01-15T20:20:26+08:00 ] 127.0.0.1 /smile/Public/Home/jb.js
INFO: [ app_init ] --START--
INFO: Run Behavior\BuildLiteBehavior [ RunTime:0.000036s ]
INFO: [ app_init ] --END-- [ RunTime:0.001362s ]
INFO: [ app_begin ] --START--
INFO: Run Behavior\ReadHtmlCacheBehavior [ RunTime:0.002283s ]
INFO: [ app_begin ] --END-- [ RunTime:0.002721s ]
ERR: 无法加载控制器:Http:

[ 2017-01-15T20:22:12+08:00 ] 127.0.0.1 /smile/
INFO: [ app_init ] --START--
INFO: Run Behavior\BuildLiteBehavior [ RunTime:0.000041s ]
INFO: [ app_init ] --END-- [ RunTime:0.001428s ]
INFO: [ app_begin ] --START--
INFO: Run Behavior\ReadHtmlCacheBehavior [ RunTime:0.001634s ]
INFO: [ app_begin ] --END-- [ RunTime:0.001795s ]
SQL: SHOW COLUMNS FROM `sml_setup` [ RunTime:0.0105s ]
SQL: SHOW COLUMNS FROM `sml_article` [ RunTime:0.0095s ]
SQL: SHOW COLUMNS FROM `sml_article` [ RunTime:0.0092s ]
SQL: SELECT `id`,`title`,`pic`,`indeximg` FROM `sml_article` WHERE ( isdel = 0 and indeximg = 1 ) ORDER BY sort asc  [ RunTime:0.0010s ]
SQL: SHOW COLUMNS FROM `sml_assets` [ RunTime:0.0093s ]
SQL: SHOW COLUMNS FROM `sml_assets` [ RunTime:0.0100s ]
SQL: SELECT `id`,`domain`,`savepath`,`savename` FROM `sml_assets` WHERE (  id in (23) and IsDel = 0  )  [ RunTime:0.0007s ]
SQL: SHOW COLUMNS FROM `sml_cate` [ RunTime:0.0091s ]
NOTIC: [8] Undefined index: cid E:\xampp\htdocs\smile\Application\Home\Model\ArticleModel.class.php 第 19 行.
SQL: SELECT `name` FROM `sml_cate` WHERE ( id = ''  ) LIMIT 1   [ RunTime:0.0008s ]
SQL: SHOW COLUMNS FROM `sml_users` [ RunTime:0.0099s ]
NOTIC: [8] Undefined index: uid E:\xampp\htdocs\smile\Application\Home\Model\ArticleModel.class.php 第 20 行.
SQL: SELECT `contact` FROM `sml_users` WHERE ( id='' ) LIMIT 1   [ RunTime:0.0008s ]
SQL: SELECT `id`,`domain`,`savepath`,`savename` FROM `sml_assets` WHERE (  id in (4) and IsDel = 0  )  [ RunTime:0.0009s ]
NOTIC: [8] Undefined index: cid E:\xampp\htdocs\smile\Application\Home\Model\ArticleModel.class.php 第 19 行.
SQL: SELECT `name` FROM `sml_cate` WHERE ( id = ''  ) LIMIT 1   [ RunTime:0.0010s ]
NOTIC: [8] Undefined index: uid E:\xampp\htdocs\smile\Application\Home\Model\ArticleModel.class.php 第 20 行.
SQL: SELECT `contact` FROM `sml_users` WHERE ( id='' ) LIMIT 1   [ RunTime:0.0008s ]
SQL: SELECT `id`,`domain`,`savepath`,`savename` FROM `sml_assets` WHERE (  id in (9) and IsDel = 0  )  [ RunTime:0.0009s ]
NOTIC: [8] Undefined index: cid E:\xampp\htdocs\smile\Application\Home\Model\ArticleModel.class.php 第 19 行.
SQL: SELECT `name` FROM `sml_cate` WHERE ( id = ''  ) LIMIT 1   [ RunTime:0.0008s ]
NOTIC: [8] Undefined index: uid E:\xampp\htdocs\smile\Application\Home\Model\ArticleModel.class.php 第 20 行.
SQL: SELECT `contact` FROM `sml_users` WHERE ( id='' ) LIMIT 1   [ RunTime:0.0008s ]
SQL: SELECT `id`,`domain`,`savepath`,`savename` FROM `sml_assets` WHERE (  id in (7) and IsDel = 0  )  [ RunTime:0.0009s ]
NOTIC: [8] Undefined index: cid E:\xampp\htdocs\smile\Application\Home\Model\ArticleModel.class.php 第 19 行.
SQL: SELECT `name` FROM `sml_cate` WHERE ( id = ''  ) LIMIT 1   [ RunTime:0.0008s ]
NOTIC: [8] Undefined index: uid E:\xampp\htdocs\smile\Application\Home\Model\ArticleModel.class.php 第 20 行.
SQL: SELECT `contact` FROM `sml_users` WHERE ( id='' ) LIMIT 1   [ RunTime:0.0007s ]
SQL: SELECT `id`,`domain`,`savepath`,`savename` FROM `sml_assets` WHERE (  id in (1) and IsDel = 0  )  [ RunTime:0.0009s ]
NOTIC: [8] Undefined index: cid E:\xampp\htdocs\smile\Application\Home\Model\ArticleModel.class.php 第 19 行.
SQL: SELECT `name` FROM `sml_cate` WHERE ( id = ''  ) LIMIT 1   [ RunTime:0.0008s ]
NOTIC: [8] Undefined index: uid E:\xampp\htdocs\smile\Application\Home\Model\ArticleModel.class.php 第 20 行.
SQL: SELECT `contact` FROM `sml_users` WHERE ( id='' ) LIMIT 1   [ RunTime:0.0008s ]
SQL: SELECT * FROM `sml_cate` WHERE ( isdel = 0 )  [ RunTime:0.0010s ]
SQL: SELECT COUNT(*) AS tp_count FROM `sml_article` WHERE ( cid = '1'  ) LIMIT 1   [ RunTime:0.0013s ]
SQL: SELECT COUNT(*) AS tp_count FROM `sml_article` WHERE ( cid = '2'  ) LIMIT 1   [ RunTime:0.0009s ]
SQL: SELECT COUNT(*) AS tp_count FROM `sml_article` WHERE ( cid = '3'  ) LIMIT 1   [ RunTime:0.0009s ]
SQL: SELECT COUNT(*) AS tp_count FROM `sml_article` WHERE ( cid = '4'  ) LIMIT 1   [ RunTime:0.0007s ]
SQL: SELECT COUNT(*) AS tp_count FROM `sml_article` WHERE ( cid = '5'  ) LIMIT 1   [ RunTime:0.0006s ]
SQL: SELECT COUNT(*) AS tp_count FROM `sml_article` WHERE ( cid = '6'  ) LIMIT 1   [ RunTime:0.0006s ]
SQL: SELECT COUNT(*) AS tp_count FROM `sml_article` WHERE ( cid = '7'  ) LIMIT 1   [ RunTime:0.0007s ]
SQL: SELECT COUNT(*) AS tp_count FROM `sml_article` WHERE ( cid = '8'  ) LIMIT 1   [ RunTime:0.0006s ]
SQL: SELECT COUNT(*) AS tp_count FROM `sml_article` WHERE ( cid = '9'  ) LIMIT 1   [ RunTime:0.0007s ]
SQL: SELECT COUNT(*) AS tp_count FROM `sml_article` WHERE ( cid = '10'  ) LIMIT 1   [ RunTime:0.0007s ]
SQL: SELECT COUNT(*) AS tp_count FROM `sml_article` WHERE ( cid = '11'  ) LIMIT 1   [ RunTime:0.0008s ]
SQL: SELECT `id`,`title`,`pic`,`viewnum`,`createtime` FROM `sml_article` WHERE ( isdel=0 ) ORDER BY createtime desc LIMIT 3   [ RunTime:0.0009s ]
SQL: SELECT `id`,`domain`,`savepath`,`savename` FROM `sml_assets` WHERE (  id in (13) and IsDel = 0  )  [ RunTime:0.0007s ]
NOTIC: [8] Undefined index: cid E:\xampp\htdocs\smile\Application\Home\Model\ArticleModel.class.php 第 19 行.
SQL: SELECT `name` FROM `sml_cate` WHERE ( id = ''  ) LIMIT 1   [ RunTime:0.0009s ]
NOTIC: [8] Undefined index: uid E:\xampp\htdocs\smile\Application\Home\Model\ArticleModel.class.php 第 20 行.
SQL: SELECT `contact` FROM `sml_users` WHERE ( id='' ) LIMIT 1   [ RunTime:0.0007s ]
SQL: SELECT `id`,`domain`,`savepath`,`savename` FROM `sml_assets` WHERE (  id in (15) and IsDel = 0  )  [ RunTime:0.0008s ]
NOTIC: [8] Undefined index: cid E:\xampp\htdocs\smile\Application\Home\Model\ArticleModel.class.php 第 19 行.
SQL: SELECT `name` FROM `sml_cate` WHERE ( id = ''  ) LIMIT 1   [ RunTime:0.0006s ]
NOTIC: [8] Undefined index: uid E:\xampp\htdocs\smile\Application\Home\Model\ArticleModel.class.php 第 20 行.
SQL: SELECT `contact` FROM `sml_users` WHERE ( id='' ) LIMIT 1   [ RunTime:0.0006s ]
SQL: SELECT `id`,`domain`,`savepath`,`savename` FROM `sml_assets` WHERE (  id in (12) and IsDel = 0  )  [ RunTime:0.0007s ]
NOTIC: [8] Undefined index: cid E:\xampp\htdocs\smile\Application\Home\Model\ArticleModel.class.php 第 19 行.
SQL: SELECT `name` FROM `sml_cate` WHERE ( id = ''  ) LIMIT 1   [ RunTime:0.0006s ]
NOTIC: [8] Undefined index: uid E:\xampp\htdocs\smile\Application\Home\Model\ArticleModel.class.php 第 20 行.
SQL: SELECT `contact` FROM `sml_users` WHERE ( id='' ) LIMIT 1   [ RunTime:0.0006s ]
SQL: SELECT * FROM `sml_article` WHERE ( isdel = 0 AND viewnum > 100  ) ORDER BY rand() LIMIT 4   [ RunTime:0.0093s ]
SQL: SELECT `id`,`domain`,`savepath`,`savename` FROM `sml_assets` WHERE (  id in (4) and IsDel = 0  )  [ RunTime:0.0010s ]
SQL: SELECT `name` FROM `sml_cate` WHERE ( id = '2'  ) LIMIT 1   [ RunTime:0.0007s ]
SQL: SELECT `contact` FROM `sml_users` WHERE ( id='1002' ) LIMIT 1   [ RunTime:0.0007s ]
SQL: SELECT `id`,`domain`,`savepath`,`savename` FROM `sml_assets` WHERE (  id in (1) and IsDel = 0  )  [ RunTime:0.0007s ]
SQL: SELECT `name` FROM `sml_cate` WHERE ( id = '6'  ) LIMIT 1   [ RunTime:0.0006s ]
SQL: SELECT `contact` FROM `sml_users` WHERE ( id='1002' ) LIMIT 1   [ RunTime:0.0006s ]
SQL: SELECT `id`,`domain`,`savepath`,`savename` FROM `sml_assets` WHERE (  id in (3) and IsDel = 0  )  [ RunTime:0.0006s ]
SQL: SELECT `name` FROM `sml_cate` WHERE ( id = '5'  ) LIMIT 1   [ RunTime:0.0007s ]
SQL: SELECT `contact` FROM `sml_users` WHERE ( id='1002' ) LIMIT 1   [ RunTime:0.0006s ]
SQL: SELECT `id`,`domain`,`savepath`,`savename` FROM `sml_assets` WHERE (  id in (7) and IsDel = 0  )  [ RunTime:0.0007s ]
SQL: SELECT `name` FROM `sml_cate` WHERE ( id = '11'  ) LIMIT 1   [ RunTime:0.0011s ]
SQL: SELECT `contact` FROM `sml_users` WHERE ( id='1002' ) LIMIT 1   [ RunTime:0.0012s ]
SQL: SHOW COLUMNS FROM `sml_frilink` [ RunTime:0.0091s ]
SQL: SHOW COLUMNS FROM `sml_cate` [ RunTime:0.0097s ]
SQL: SELECT `name` FROM `sml_cate` WHERE ( url like '%Index%'  ) LIMIT 1   [ RunTime:0.0007s ]
SQL: SELECT COUNT(*) AS tp_count FROM `sml_article` WHERE ( isdel=0 ) LIMIT 1   [ RunTime:0.0007s ]
SQL: SELECT * FROM `sml_article` WHERE ( isdel=0 ) ORDER BY istop desc LIMIT 0,8   [ RunTime:0.0015s ]
SQL: SELECT `id`,`domain`,`savepath`,`savename` FROM `sml_assets` WHERE (  id in (3) and IsDel = 0  )  [ RunTime:0.0007s ]
SQL: SELECT `name` FROM `sml_cate` WHERE ( id = '5'  ) LIMIT 1   [ RunTime:0.0006s ]
SQL: SELECT `contact` FROM `sml_users` WHERE ( id='1002' ) LIMIT 1   [ RunTime:0.0007s ]
SQL: SELECT `id`,`domain`,`savepath`,`savename` FROM `sml_assets` WHERE (  id in (1) and IsDel = 0  )  [ RunTime:0.0007s ]
SQL: SELECT `name` FROM `sml_cate` WHERE ( id = '6'  ) LIMIT 1   [ RunTime:0.0010s ]
SQL: SELECT `contact` FROM `sml_users` WHERE ( id='1002' ) LIMIT 1   [ RunTime:0.0008s ]
SQL: SELECT `id`,`domain`,`savepath`,`savename` FROM `sml_assets` WHERE (  id in (10) and IsDel = 0  )  [ RunTime:0.0007s ]
SQL: SELECT `name` FROM `sml_cate` WHERE ( id = '2'  ) LIMIT 1   [ RunTime:0.0006s ]
SQL: SELECT `contact` FROM `sml_users` WHERE ( id='1002' ) LIMIT 1   [ RunTime:0.0006s ]
SQL: SELECT `id`,`domain`,`savepath`,`savename` FROM `sml_assets` WHERE (  id in (23) and IsDel = 0  )  [ RunTime:0.0006s ]
SQL: SELECT `name` FROM `sml_cate` WHERE ( id = '8'  ) LIMIT 1   [ RunTime:0.0005s ]
SQL: SELECT `contact` FROM `sml_users` WHERE ( id='1001' ) LIMIT 1   [ RunTime:0.0004s ]
SQL: SELECT `id`,`domain`,`savepath`,`savename` FROM `sml_assets` WHERE (  id in (6) and IsDel = 0  )  [ RunTime:0.0004s ]
SQL: SELECT `name` FROM `sml_cate` WHERE ( id = '1'  ) LIMIT 1   [ RunTime:0.0003s ]
SQL: SELECT `contact` FROM `sml_users` WHERE ( id='1002' ) LIMIT 1   [ RunTime:0.0003s ]
SQL: SELECT `id`,`domain`,`savepath`,`savename` FROM `sml_assets` WHERE (  id in (4) and IsDel = 0  )  [ RunTime:0.0003s ]
SQL: SELECT `name` FROM `sml_cate` WHERE ( id = '2'  ) LIMIT 1   [ RunTime:0.0003s ]
SQL: SELECT `contact` FROM `sml_users` WHERE ( id='1002' ) LIMIT 1   [ RunTime:0.0003s ]
SQL: SELECT `id`,`domain`,`savepath`,`savename` FROM `sml_assets` WHERE (  id in (9) and IsDel = 0  )  [ RunTime:0.0010s ]
SQL: SELECT `name` FROM `sml_cate` WHERE ( id = '10'  ) LIMIT 1   [ RunTime:0.0009s ]
SQL: SELECT `contact` FROM `sml_users` WHERE ( id='1002' ) LIMIT 1   [ RunTime:0.0008s ]
SQL: SELECT `id`,`domain`,`savepath`,`savename` FROM `sml_assets` WHERE (  id in (7) and IsDel = 0  )  [ RunTime:0.0006s ]
SQL: SELECT `name` FROM `sml_cate` WHERE ( id = '11'  ) LIMIT 1   [ RunTime:0.0005s ]
SQL: SELECT `contact` FROM `sml_users` WHERE ( id='1002' ) LIMIT 1   [ RunTime:0.0007s ]
INFO: [ view_parse ] --START--
INFO: [ template_filter ] --START--
INFO: Run Behavior\ContentReplaceBehavior [ RunTime:0.000747s ]
INFO: [ template_filter ] --END-- [ RunTime:0.000944s ]
NOTIC: [8] Undefined index: child E:\xampp\htdocs\smile\Application\Runtime\Cache\Home\2a94b8bda04ff446dcedd42276fc99ee.php 第 69 行.
NOTIC: [8] Undefined index: child E:\xampp\htdocs\smile\Application\Runtime\Cache\Home\2a94b8bda04ff446dcedd42276fc99ee.php 第 70 行.
NOTIC: [8] Undefined index: child E:\xampp\htdocs\smile\Application\Runtime\Cache\Home\2a94b8bda04ff446dcedd42276fc99ee.php 第 72 行.
NOTIC: [8] Undefined index: child E:\xampp\htdocs\smile\Application\Runtime\Cache\Home\2a94b8bda04ff446dcedd42276fc99ee.php 第 69 行.
NOTIC: [8] Undefined index: child E:\xampp\htdocs\smile\Application\Runtime\Cache\Home\2a94b8bda04ff446dcedd42276fc99ee.php 第 70 行.
NOTIC: [8] Undefined index: child E:\xampp\htdocs\smile\Application\Runtime\Cache\Home\2a94b8bda04ff446dcedd42276fc99ee.php 第 72 行.
NOTIC: [8] Undefined index: child E:\xampp\htdocs\smile\Application\Runtime\Cache\Home\2a94b8bda04ff446dcedd42276fc99ee.php 第 69 行.
NOTIC: [8] Undefined index: child E:\xampp\htdocs\smile\Application\Runtime\Cache\Home\2a94b8bda04ff446dcedd42276fc99ee.php 第 70 行.
NOTIC: [8] Undefined index: child E:\xampp\htdocs\smile\Application\Runtime\Cache\Home\2a94b8bda04ff446dcedd42276fc99ee.php 第 72 行.
NOTIC: [8] Undefined index: user E:\xampp\htdocs\smile\Application\Runtime\Cache\Home\2a94b8bda04ff446dcedd42276fc99ee.php 第 86 行.
INFO: Run Behavior\ParseTemplateBehavior [ RunTime:0.065455s ]
INFO: [ view_parse ] --END-- [ RunTime:0.065607s ]
INFO: [ view_filter ] --START--
INFO: Run Behavior\WriteHtmlCacheBehavior [ RunTime:0.001751s ]
INFO: [ view_filter ] --END-- [ RunTime:0.001884s ]
INFO: [ app_end ] --START--
INFO: Run Behavior\ShowPageTraceBehavior [ RunTime:0.004251s ]
INFO: [ app_end ] --END-- [ RunTime:0.004661s ]

[ 2017-01-15T20:22:12+08:00 ] 127.0.0.1 /smile/Public/Home/jb.js
INFO: [ app_init ] --START--
INFO: Run Behavior\BuildLiteBehavior [ RunTime:0.000038s ]
INFO: [ app_init ] --END-- [ RunTime:0.001051s ]
INFO: [ app_begin ] --START--
INFO: Run Behavior\ReadHtmlCacheBehavior [ RunTime:0.001342s ]
INFO: [ app_begin ] --END-- [ RunTime:0.001508s ]
ERR: 无法加载控制器:Http:

[ 2017-01-15T20:22:13+08:00 ] 127.0.0.1 /smile/Public/Home/jb.js
INFO: [ app_init ] --START--
INFO: Run Behavior\BuildLiteBehavior [ RunTime:0.000041s ]
INFO: [ app_init ] --END-- [ RunTime:0.001196s ]
INFO: [ app_begin ] --START--
INFO: Run Behavior\ReadHtmlCacheBehavior [ RunTime:0.001575s ]
INFO: [ app_begin ] --END-- [ RunTime:0.001777s ]
ERR: 无法加载控制器:Http:

[ 2017-01-15T21:03:42+08:00 ] 127.0.0.1 /smile/index.php
INFO: [ app_init ] --START--
INFO: Run Behavior\BuildLiteBehavior [ RunTime:0.000034s ]
INFO: [ app_init ] --END-- [ RunTime:0.001401s ]
INFO: [ app_begin ] --START--
INFO: Run Behavior\ReadHtmlCacheBehavior [ RunTime:0.003041s ]
INFO: [ app_begin ] --END-- [ RunTime:0.003301s ]
SQL: SHOW COLUMNS FROM `sml_setup` [ RunTime:0.0147s ]
SQL: SHOW COLUMNS FROM `sml_article` [ RunTime:0.0104s ]
SQL: SHOW COLUMNS FROM `sml_article` [ RunTime:0.0105s ]
SQL: SELECT `id`,`title`,`pic`,`indeximg` FROM `sml_article` WHERE ( isdel = 0 and indeximg = 1 ) ORDER BY sort asc  [ RunTime:0.0022s ]
SQL: SHOW COLUMNS FROM `sml_assets` [ RunTime:0.0103s ]
SQL: SHOW COLUMNS FROM `sml_assets` [ RunTime:0.0098s ]
SQL: SELECT `id`,`domain`,`savepath`,`savename` FROM `sml_assets` WHERE (  id in (23) and IsDel = 0  )  [ RunTime:0.0012s ]
SQL: SHOW COLUMNS FROM `sml_cate` [ RunTime:0.0113s ]
NOTIC: [8] Undefined index: cid E:\xampp\htdocs\smile\Application\Home\Model\ArticleModel.class.php 第 19 行.
SQL: SELECT `name` FROM `sml_cate` WHERE ( id = ''  ) LIMIT 1   [ RunTime:0.0010s ]
SQL: SHOW COLUMNS FROM `sml_users` [ RunTime:0.0107s ]
NOTIC: [8] Undefined index: uid E:\xampp\htdocs\smile\Application\Home\Model\ArticleModel.class.php 第 20 行.
SQL: SELECT `contact` FROM `sml_users` WHERE ( id='' ) LIMIT 1   [ RunTime:0.0014s ]
SQL: SELECT `id`,`domain`,`savepath`,`savename` FROM `sml_assets` WHERE (  id in (4) and IsDel = 0  )  [ RunTime:0.0009s ]
NOTIC: [8] Undefined index: cid E:\xampp\htdocs\smile\Application\Home\Model\ArticleModel.class.php 第 19 行.
SQL: SELECT `name` FROM `sml_cate` WHERE ( id = ''  ) LIMIT 1   [ RunTime:0.0008s ]
NOTIC: [8] Undefined index: uid E:\xampp\htdocs\smile\Application\Home\Model\ArticleModel.class.php 第 20 行.
SQL: SELECT `contact` FROM `sml_users` WHERE ( id='' ) LIMIT 1   [ RunTime:0.0007s ]
SQL: SELECT `id`,`domain`,`savepath`,`savename` FROM `sml_assets` WHERE (  id in (9) and IsDel = 0  )  [ RunTime:0.0009s ]
NOTIC: [8] Undefined index: cid E:\xampp\htdocs\smile\Application\Home\Model\ArticleModel.class.php 第 19 行.
SQL: SELECT `name` FROM `sml_cate` WHERE ( id = ''  ) LIMIT 1   [ RunTime:0.0007s ]
NOTIC: [8] Undefined index: uid E:\xampp\htdocs\smile\Application\Home\Model\ArticleModel.class.php 第 20 行.
SQL: SELECT `contact` FROM `sml_users` WHERE ( id='' ) LIMIT 1   [ RunTime:0.0006s ]
SQL: SELECT `id`,`domain`,`savepath`,`savename` FROM `sml_assets` WHERE (  id in (7) and IsDel = 0  )  [ RunTime:0.0008s ]
NOTIC: [8] Undefined index: cid E:\xampp\htdocs\smile\Application\Home\Model\ArticleModel.class.php 第 19 行.
SQL: SELECT `name` FROM `sml_cate` WHERE ( id = ''  ) LIMIT 1   [ RunTime:0.0006s ]
NOTIC: [8] Undefined index: uid E:\xampp\htdocs\smile\Application\Home\Model\ArticleModel.class.php 第 20 行.
SQL: SELECT `contact` FROM `sml_users` WHERE ( id='' ) LIMIT 1   [ RunTime:0.0006s ]
SQL: SELECT `id`,`domain`,`savepath`,`savename` FROM `sml_assets` WHERE (  id in (1) and IsDel = 0  )  [ RunTime:0.0008s ]
NOTIC: [8] Undefined index: cid E:\xampp\htdocs\smile\Application\Home\Model\ArticleModel.class.php 第 19 行.
SQL: SELECT `name` FROM `sml_cate` WHERE ( id = ''  ) LIMIT 1   [ RunTime:0.0006s ]
NOTIC: [8] Undefined index: uid E:\xampp\htdocs\smile\Application\Home\Model\ArticleModel.class.php 第 20 行.
SQL: SELECT `contact` FROM `sml_users` WHERE ( id='' ) LIMIT 1   [ RunTime:0.0007s ]
SQL: SELECT * FROM `sml_cate` WHERE ( isdel = 0 )  [ RunTime:0.0014s ]
SQL: SELECT COUNT(*) AS tp_count FROM `sml_article` WHERE ( cid = '1'  ) LIMIT 1   [ RunTime:0.0011s ]
SQL: SELECT COUNT(*) AS tp_count FROM `sml_article` WHERE ( cid = '2'  ) LIMIT 1   [ RunTime:0.0008s ]
SQL: SELECT COUNT(*) AS tp_count FROM `sml_article` WHERE ( cid = '3'  ) LIMIT 1   [ RunTime:0.0008s ]
SQL: SELECT COUNT(*) AS tp_count FROM `sml_article` WHERE ( cid = '4'  ) LIMIT 1   [ RunTime:0.0008s ]
SQL: SELECT COUNT(*) AS tp_count FROM `sml_article` WHERE ( cid = '5'  ) LIMIT 1   [ RunTime:0.0006s ]
SQL: SELECT COUNT(*) AS tp_count FROM `sml_article` WHERE ( cid = '6'  ) LIMIT 1   [ RunTime:0.0007s ]
SQL: SELECT COUNT(*) AS tp_count FROM `sml_article` WHERE ( cid = '7'  ) LIMIT 1   [ RunTime:0.0007s ]
SQL: SELECT COUNT(*) AS tp_count FROM `sml_article` WHERE ( cid = '8'  ) LIMIT 1   [ RunTime:0.0007s ]
SQL: SELECT COUNT(*) AS tp_count FROM `sml_article` WHERE ( cid = '9'  ) LIMIT 1   [ RunTime:0.0007s ]
SQL: SELECT COUNT(*) AS tp_count FROM `sml_article` WHERE ( cid = '10'  ) LIMIT 1   [ RunTime:0.0007s ]
SQL: SELECT COUNT(*) AS tp_count FROM `sml_article` WHERE ( cid = '11'  ) LIMIT 1   [ RunTime:0.0007s ]
SQL: SELECT `id`,`title`,`pic`,`viewnum`,`createtime` FROM `sml_article` WHERE ( isdel=0 ) ORDER BY createtime desc LIMIT 3   [ RunTime:0.0009s ]
SQL: SELECT `id`,`domain`,`savepath`,`savename` FROM `sml_assets` WHERE (  id in (13) and IsDel = 0  )  [ RunTime:0.0012s ]
NOTIC: [8] Undefined index: cid E:\xampp\htdocs\smile\Application\Home\Model\ArticleModel.class.php 第 19 行.
SQL: SELECT `name` FROM `sml_cate` WHERE ( id = ''  ) LIMIT 1   [ RunTime:0.0008s ]
NOTIC: [8] Undefined index: uid E:\xampp\htdocs\smile\Application\Home\Model\ArticleModel.class.php 第 20 行.
SQL: SELECT `contact` FROM `sml_users` WHERE ( id='' ) LIMIT 1   [ RunTime:0.0007s ]
SQL: SELECT `id`,`domain`,`savepath`,`savename` FROM `sml_assets` WHERE (  id in (15) and IsDel = 0  )  [ RunTime:0.0007s ]
NOTIC: [8] Undefined index: cid E:\xampp\htdocs\smile\Application\Home\Model\ArticleModel.class.php 第 19 行.
SQL: SELECT `name` FROM `sml_cate` WHERE ( id = ''  ) LIMIT 1   [ RunTime:0.0006s ]
NOTIC: [8] Undefined index: uid E:\xampp\htdocs\smile\Application\Home\Model\ArticleModel.class.php 第 20 行.
SQL: SELECT `contact` FROM `sml_users` WHERE ( id='' ) LIMIT 1   [ RunTime:0.0006s ]
SQL: SELECT `id`,`domain`,`savepath`,`savename` FROM `sml_assets` WHERE (  id in (12) and IsDel = 0  )  [ RunTime:0.0008s ]
NOTIC: [8] Undefined index: cid E:\xampp\htdocs\smile\Application\Home\Model\ArticleModel.class.php 第 19 行.
SQL: SELECT `name` FROM `sml_cate` WHERE ( id = ''  ) LIMIT 1   [ RunTime:0.0006s ]
NOTIC: [8] Undefined index: uid E:\xampp\htdocs\smile\Application\Home\Model\ArticleModel.class.php 第 20 行.
SQL: SELECT `contact` FROM `sml_users` WHERE ( id='' ) LIMIT 1   [ RunTime:0.0006s ]
SQL: SELECT * FROM `sml_article` WHERE ( isdel = 0 AND viewnum > 100  ) ORDER BY rand() LIMIT 4   [ RunTime:0.0104s ]
SQL: SELECT `id`,`domain`,`savepath`,`savename` FROM `sml_assets` WHERE (  id in (3) and IsDel = 0  )  [ RunTime:0.0008s ]
SQL: SELECT `name` FROM `sml_cate` WHERE ( id = '5'  ) LIMIT 1   [ RunTime:0.0006s ]
SQL: SELECT `contact` FROM `sml_users` WHERE ( id='1002' ) LIMIT 1   [ RunTime:0.0006s ]
SQL: SELECT `id`,`domain`,`savepath`,`savename` FROM `sml_assets` WHERE (  id in (10) and IsDel = 0  )  [ RunTime:0.0006s ]
SQL: SELECT `name` FROM `sml_cate` WHERE ( id = '2'  ) LIMIT 1   [ RunTime:0.0006s ]
SQL: SELECT `contact` FROM `sml_users` WHERE ( id='1002' ) LIMIT 1   [ RunTime:0.0006s ]
SQL: SELECT `id`,`domain`,`savepath`,`savename` FROM `sml_assets` WHERE (  id in (7) and IsDel = 0  )  [ RunTime:0.0006s ]
SQL: SELECT `name` FROM `sml_cate` WHERE ( id = '11'  ) LIMIT 1   [ RunTime:0.0006s ]
SQL: SELECT `contact` FROM `sml_users` WHERE ( id='1002' ) LIMIT 1   [ RunTime:0.0006s ]
SQL: SELECT `id`,`domain`,`savepath`,`savename` FROM `sml_assets` WHERE (  id in (1) and IsDel = 0  )  [ RunTime:0.0006s ]
SQL: SELECT `name` FROM `sml_cate` WHERE ( id = '6'  ) LIMIT 1   [ RunTime:0.0009s ]
SQL: SELECT `contact` FROM `sml_users` WHERE ( id='1002' ) LIMIT 1   [ RunTime:0.0008s ]
SQL: SHOW COLUMNS FROM `sml_frilink` [ RunTime:0.0099s ]
SQL: SHOW COLUMNS FROM `sml_cate` [ RunTime:0.0107s ]
SQL: SELECT `name` FROM `sml_cate` WHERE ( url like '%Index%'  ) LIMIT 1   [ RunTime:0.0009s ]
SQL: SELECT COUNT(*) AS tp_count FROM `sml_article` WHERE ( isdel=0 ) LIMIT 1   [ RunTime:0.0014s ]
SQL: SELECT * FROM `sml_article` WHERE ( isdel=0 ) ORDER BY istop desc LIMIT 0,8   [ RunTime:0.0018s ]
SQL: SELECT `id`,`domain`,`savepath`,`savename` FROM `sml_assets` WHERE (  id in (3) and IsDel = 0  )  [ RunTime:0.0008s ]
SQL: SELECT `name` FROM `sml_cate` WHERE ( id = '5'  ) LIMIT 1   [ RunTime:0.0007s ]
SQL: SELECT `contact` FROM `sml_users` WHERE ( id='1002' ) LIMIT 1   [ RunTime:0.0007s ]
SQL: SELECT `id`,`domain`,`savepath`,`savename` FROM `sml_assets` WHERE (  id in (1) and IsDel = 0  )  [ RunTime:0.0007s ]
SQL: SELECT `name` FROM `sml_cate` WHERE ( id = '6'  ) LIMIT 1   [ RunTime:0.0008s ]
SQL: SELECT `contact` FROM `sml_users` WHERE ( id='1002' ) LIMIT 1   [ RunTime:0.0008s ]
SQL: SELECT `id`,`domain`,`savepath`,`savename` FROM `sml_assets` WHERE (  id in (10) and IsDel = 0  )  [ RunTime:0.0008s ]
SQL: SELECT `name` FROM `sml_cate` WHERE ( id = '2'  ) LIMIT 1   [ RunTime:0.0008s ]
SQL: SELECT `contact` FROM `sml_users` WHERE ( id='1002' ) LIMIT 1   [ RunTime:0.0008s ]
SQL: SELECT `id`,`domain`,`savepath`,`savename` FROM `sml_assets` WHERE (  id in (23) and IsDel = 0  )  [ RunTime:0.0011s ]
SQL: SELECT `name` FROM `sml_cate` WHERE ( id = '8'  ) LIMIT 1   [ RunTime:0.0009s ]
SQL: SELECT `contact` FROM `sml_users` WHERE ( id='1001' ) LIMIT 1   [ RunTime:0.0010s ]
SQL: SELECT `id`,`domain`,`savepath`,`savename` FROM `sml_assets` WHERE (  id in (6) and IsDel = 0  )  [ RunTime:0.0009s ]
SQL: SELECT `name` FROM `sml_cate` WHERE ( id = '1'  ) LIMIT 1   [ RunTime:0.0008s ]
SQL: SELECT `contact` FROM `sml_users` WHERE ( id='1002' ) LIMIT 1   [ RunTime:0.0009s ]
SQL: SELECT `id`,`domain`,`savepath`,`savename` FROM `sml_assets` WHERE (  id in (4) and IsDel = 0  )  [ RunTime:0.0008s ]
SQL: SELECT `name` FROM `sml_cate` WHERE ( id = '2'  ) LIMIT 1   [ RunTime:0.0007s ]
SQL: SELECT `contact` FROM `sml_users` WHERE ( id='1002' ) LIMIT 1   [ RunTime:0.0007s ]
SQL: SELECT `id`,`domain`,`savepath`,`savename` FROM `sml_assets` WHERE (  id in (9) and IsDel = 0  )  [ RunTime:0.0007s ]
SQL: SELECT `name` FROM `sml_cate` WHERE ( id = '10'  ) LIMIT 1   [ RunTime:0.0008s ]
SQL: SELECT `contact` FROM `sml_users` WHERE ( id='1002' ) LIMIT 1   [ RunTime:0.0015s ]
SQL: SELECT `id`,`domain`,`savepath`,`savename` FROM `sml_assets` WHERE (  id in (7) and IsDel = 0  )  [ RunTime:0.0008s ]
SQL: SELECT `name` FROM `sml_cate` WHERE ( id = '11'  ) LIMIT 1   [ RunTime:0.0007s ]
SQL: SELECT `contact` FROM `sml_users` WHERE ( id='1002' ) LIMIT 1   [ RunTime:0.0007s ]
INFO: [ view_parse ] --START--
INFO: [ template_filter ] --START--
INFO: Run Behavior\ContentReplaceBehavior [ RunTime:0.000447s ]
INFO: [ template_filter ] --END-- [ RunTime:0.000606s ]
NOTIC: [8] Undefined index: child E:\xampp\htdocs\smile\Application\Runtime\Cache\Home\2a94b8bda04ff446dcedd42276fc99ee.php 第 69 行.
NOTIC: [8] Undefined index: child E:\xampp\htdocs\smile\Application\Runtime\Cache\Home\2a94b8bda04ff446dcedd42276fc99ee.php 第 70 行.
NOTIC: [8] Undefined index: child E:\xampp\htdocs\smile\Application\Runtime\Cache\Home\2a94b8bda04ff446dcedd42276fc99ee.php 第 72 行.
NOTIC: [8] Undefined index: child E:\xampp\htdocs\smile\Application\Runtime\Cache\Home\2a94b8bda04ff446dcedd42276fc99ee.php 第 69 行.
NOTIC: [8] Undefined index: child E:\xampp\htdocs\smile\Application\Runtime\Cache\Home\2a94b8bda04ff446dcedd42276fc99ee.php 第 70 行.
NOTIC: [8] Undefined index: child E:\xampp\htdocs\smile\Application\Runtime\Cache\Home\2a94b8bda04ff446dcedd42276fc99ee.php 第 72 行.
NOTIC: [8] Undefined index: child E:\xampp\htdocs\smile\Application\Runtime\Cache\Home\2a94b8bda04ff446dcedd42276fc99ee.php 第 69 行.
NOTIC: [8] Undefined index: child E:\xampp\htdocs\smile\Application\Runtime\Cache\Home\2a94b8bda04ff446dcedd42276fc99ee.php 第 70 行.
NOTIC: [8] Undefined index: child E:\xampp\htdocs\smile\Application\Runtime\Cache\Home\2a94b8bda04ff446dcedd42276fc99ee.php 第 72 行.
NOTIC: [8] Undefined index: user E:\xampp\htdocs\smile\Application\Runtime\Cache\Home\2a94b8bda04ff446dcedd42276fc99ee.php 第 86 行.
INFO: Run Behavior\ParseTemplateBehavior [ RunTime:0.074080s ]
INFO: [ view_parse ] --END-- [ RunTime:0.074358s ]
INFO: [ view_filter ] --START--
INFO: Run Behavior\WriteHtmlCacheBehavior [ RunTime:0.002943s ]
INFO: [ view_filter ] --END-- [ RunTime:0.003261s ]
INFO: [ app_end ] --START--
INFO: Run Behavior\ShowPageTraceBehavior [ RunTime:0.003307s ]
INFO: [ app_end ] --END-- [ RunTime:0.003489s ]

[ 2017-01-15T21:03:42+08:00 ] 127.0.0.1 /smile/Public/Home/jb.js
INFO: [ app_init ] --START--
INFO: Run Behavior\BuildLiteBehavior [ RunTime:0.000036s ]
INFO: [ app_init ] --END-- [ RunTime:0.001385s ]
INFO: [ app_begin ] --START--
INFO: Run Behavior\ReadHtmlCacheBehavior [ RunTime:0.002131s ]
INFO: [ app_begin ] --END-- [ RunTime:0.002327s ]
ERR: 无法加载控制器:Http:

[ 2017-01-15T21:06:41+08:00 ] 127.0.0.1 /smile/index.php?m=Home&c=Index&a=Search
INFO: [ app_init ] --START--
INFO: Run Behavior\BuildLiteBehavior [ RunTime:0.000258s ]
INFO: [ app_init ] --END-- [ RunTime:0.001754s ]
INFO: [ app_begin ] --START--
INFO: Run Behavior\ReadHtmlCacheBehavior [ RunTime:0.001824s ]
INFO: [ app_begin ] --END-- [ RunTime:0.001998s ]
SQL: SHOW COLUMNS FROM `sml_setup` [ RunTime:0.0566s ]
SQL: SHOW COLUMNS FROM `sml_article` [ RunTime:0.0475s ]
SQL: SHOW COLUMNS FROM `sml_article` [ RunTime:0.0113s ]
SQL: SELECT `id`,`title`,`pic`,`indeximg` FROM `sml_article` WHERE ( isdel = 0 and indeximg = 1 ) ORDER BY sort asc  [ RunTime:0.0011s ]
SQL: SHOW COLUMNS FROM `sml_assets` [ RunTime:0.0115s ]
SQL: SHOW COLUMNS FROM `sml_assets` [ RunTime:0.0122s ]
SQL: SELECT `id`,`domain`,`savepath`,`savename` FROM `sml_assets` WHERE (  id in (23) and IsDel = 0  )  [ RunTime:0.0008s ]
SQL: SHOW COLUMNS FROM `sml_cate` [ RunTime:0.0152s ]
NOTIC: [8] Undefined index: cid E:\xampp\htdocs\smile\Application\Home\Model\ArticleModel.class.php 第 19 行.
SQL: SELECT `name` FROM `sml_cate` WHERE ( id = ''  ) LIMIT 1   [ RunTime:0.0006s ]
SQL: SHOW COLUMNS FROM `sml_users` [ RunTime:0.0157s ]
NOTIC: [8] Undefined index: uid E:\xampp\htdocs\smile\Application\Home\Model\ArticleModel.class.php 第 20 行.
SQL: SELECT `contact` FROM `sml_users` WHERE ( id='' ) LIMIT 1   [ RunTime:0.0008s ]
SQL: SELECT `id`,`domain`,`savepath`,`savename` FROM `sml_assets` WHERE (  id in (4) and IsDel = 0  )  [ RunTime:0.0014s ]
NOTIC: [8] Undefined index: cid E:\xampp\htdocs\smile\Application\Home\Model\ArticleModel.class.php 第 19 行.
SQL: SELECT `name` FROM `sml_cate` WHERE ( id = ''  ) LIMIT 1   [ RunTime:0.0019s ]
NOTIC: [8] Undefined index: uid E:\xampp\htdocs\smile\Application\Home\Model\ArticleModel.class.php 第 20 行.
SQL: SELECT `contact` FROM `sml_users` WHERE ( id='' ) LIMIT 1   [ RunTime:0.0012s ]
SQL: SELECT `id`,`domain`,`savepath`,`savename` FROM `sml_assets` WHERE (  id in (9) and IsDel = 0  )  [ RunTime:0.0022s ]
NOTIC: [8] Undefined index: cid E:\xampp\htdocs\smile\Application\Home\Model\ArticleModel.class.php 第 19 行.
SQL: SELECT `name` FROM `sml_cate` WHERE ( id = ''  ) LIMIT 1   [ RunTime:0.0010s ]
NOTIC: [8] Undefined index: uid E:\xampp\htdocs\smile\Application\Home\Model\ArticleModel.class.php 第 20 行.
SQL: SELECT `contact` FROM `sml_users` WHERE ( id='' ) LIMIT 1   [ RunTime:0.0010s ]
SQL: SELECT `id`,`domain`,`savepath`,`savename` FROM `sml_assets` WHERE (  id in (7) and IsDel = 0  )  [ RunTime:0.0018s ]
NOTIC: [8] Undefined index: cid E:\xampp\htdocs\smile\Application\Home\Model\ArticleModel.class.php 第 19 行.
SQL: SELECT `name` FROM `sml_cate` WHERE ( id = ''  ) LIMIT 1   [ RunTime:0.0008s ]
NOTIC: [8] Undefined index: uid E:\xampp\htdocs\smile\Application\Home\Model\ArticleModel.class.php 第 20 行.
SQL: SELECT `contact` FROM `sml_users` WHERE ( id='' ) LIMIT 1   [ RunTime:0.0013s ]
SQL: SELECT `id`,`domain`,`savepath`,`savename` FROM `sml_assets` WHERE (  id in (1) and IsDel = 0  )  [ RunTime:0.0015s ]
NOTIC: [8] Undefined index: cid E:\xampp\htdocs\smile\Application\Home\Model\ArticleModel.class.php 第 19 行.
SQL: SELECT `name` FROM `sml_cate` WHERE ( id = ''  ) LIMIT 1   [ RunTime:0.0011s ]
NOTIC: [8] Undefined index: uid E:\xampp\htdocs\smile\Application\Home\Model\ArticleModel.class.php 第 20 行.
SQL: SELECT `contact` FROM `sml_users` WHERE ( id='' ) LIMIT 1   [ RunTime:0.0008s ]
SQL: SELECT * FROM `sml_cate` WHERE ( isdel = 0 )  [ RunTime:0.0010s ]
SQL: SELECT COUNT(*) AS tp_count FROM `sml_article` WHERE ( cid = '1'  ) LIMIT 1   [ RunTime:0.0009s ]
SQL: SELECT COUNT(*) AS tp_count FROM `sml_article` WHERE ( cid = '2'  ) LIMIT 1   [ RunTime:0.0008s ]
SQL: SELECT COUNT(*) AS tp_count FROM `sml_article` WHERE ( cid = '3'  ) LIMIT 1   [ RunTime:0.0009s ]
SQL: SELECT COUNT(*) AS tp_count FROM `sml_article` WHERE ( cid = '4'  ) LIMIT 1   [ RunTime:0.0009s ]
SQL: SELECT COUNT(*) AS tp_count FROM `sml_article` WHERE ( cid = '5'  ) LIMIT 1   [ RunTime:0.0013s ]
SQL: SELECT COUNT(*) AS tp_count FROM `sml_article` WHERE ( cid = '6'  ) LIMIT 1   [ RunTime:0.0009s ]
SQL: SELECT COUNT(*) AS tp_count FROM `sml_article` WHERE ( cid = '7'  ) LIMIT 1   [ RunTime:0.0009s ]
SQL: SELECT COUNT(*) AS tp_count FROM `sml_article` WHERE ( cid = '8'  ) LIMIT 1   [ RunTime:0.0013s ]
SQL: SELECT COUNT(*) AS tp_count FROM `sml_article` WHERE ( cid = '9'  ) LIMIT 1   [ RunTime:0.0009s ]
SQL: SELECT COUNT(*) AS tp_count FROM `sml_article` WHERE ( cid = '10'  ) LIMIT 1   [ RunTime:0.0013s ]
SQL: SELECT COUNT(*) AS tp_count FROM `sml_article` WHERE ( cid = '11'  ) LIMIT 1   [ RunTime:0.0015s ]
SQL: SELECT `id`,`title`,`pic`,`viewnum`,`createtime` FROM `sml_article` WHERE ( isdel=0 ) ORDER BY createtime desc LIMIT 3   [ RunTime:0.0015s ]
SQL: SELECT `id`,`domain`,`savepath`,`savename` FROM `sml_assets` WHERE (  id in (13) and IsDel = 0  )  [ RunTime:0.0009s ]
NOTIC: [8] Undefined index: cid E:\xampp\htdocs\smile\Application\Home\Model\ArticleModel.class.php 第 19 行.
SQL: SELECT `name` FROM `sml_cate` WHERE ( id = ''  ) LIMIT 1   [ RunTime:0.0008s ]
NOTIC: [8] Undefined index: uid E:\xampp\htdocs\smile\Application\Home\Model\ArticleModel.class.php 第 20 行.
SQL: SELECT `contact` FROM `sml_users` WHERE ( id='' ) LIMIT 1   [ RunTime:0.0018s ]
SQL: SELECT `id`,`domain`,`savepath`,`savename` FROM `sml_assets` WHERE (  id in (15) and IsDel = 0  )  [ RunTime:0.0034s ]
NOTIC: [8] Undefined index: cid E:\xampp\htdocs\smile\Application\Home\Model\ArticleModel.class.php 第 19 行.
SQL: SELECT `name` FROM `sml_cate` WHERE ( id = ''  ) LIMIT 1   [ RunTime:0.0012s ]
NOTIC: [8] Undefined index: uid E:\xampp\htdocs\smile\Application\Home\Model\ArticleModel.class.php 第 20 行.
SQL: SELECT `contact` FROM `sml_users` WHERE ( id='' ) LIMIT 1   [ RunTime:0.0017s ]
SQL: SELECT `id`,`domain`,`savepath`,`savename` FROM `sml_assets` WHERE (  id in (12) and IsDel = 0  )  [ RunTime:0.0008s ]
NOTIC: [8] Undefined index: cid E:\xampp\htdocs\smile\Application\Home\Model\ArticleModel.class.php 第 19 行.
SQL: SELECT `name` FROM `sml_cate` WHERE ( id = ''  ) LIMIT 1   [ RunTime:0.0006s ]
NOTIC: [8] Undefined index: uid E:\xampp\htdocs\smile\Application\Home\Model\ArticleModel.class.php 第 20 行.
SQL: SELECT `contact` FROM `sml_users` WHERE ( id='' ) LIMIT 1   [ RunTime:0.0007s ]
SQL: SELECT * FROM `sml_article` WHERE ( isdel = 0 AND viewnum > 100  ) ORDER BY rand() LIMIT 4   [ RunTime:0.0144s ]
SQL: SELECT `id`,`domain`,`savepath`,`savename` FROM `sml_assets` WHERE (  id in (4) and IsDel = 0  )  [ RunTime:0.0007s ]
SQL: SELECT `name` FROM `sml_cate` WHERE ( id = '2'  ) LIMIT 1   [ RunTime:0.0006s ]
SQL: SELECT `contact` FROM `sml_users` WHERE ( id='1002' ) LIMIT 1   [ RunTime:0.0006s ]
SQL: SELECT `id`,`domain`,`savepath`,`savename` FROM `sml_assets` WHERE (  id in (7) and IsDel = 0  )  [ RunTime:0.0007s ]
SQL: SELECT `name` FROM `sml_cate` WHERE ( id = '11'  ) LIMIT 1   [ RunTime:0.0028s ]
SQL: SELECT `contact` FROM `sml_users` WHERE ( id='1002' ) LIMIT 1   [ RunTime:0.0012s ]
SQL: SELECT `id`,`domain`,`savepath`,`savename` FROM `sml_assets` WHERE (  id in (3) and IsDel = 0  )  [ RunTime:0.0007s ]
SQL: SELECT `name` FROM `sml_cate` WHERE ( id = '5'  ) LIMIT 1   [ RunTime:0.0008s ]
SQL: SELECT `contact` FROM `sml_users` WHERE ( id='1002' ) LIMIT 1   [ RunTime:0.0011s ]
SQL: SELECT `id`,`domain`,`savepath`,`savename` FROM `sml_assets` WHERE (  id in (10) and IsDel = 0  )  [ RunTime:0.0008s ]
SQL: SELECT `name` FROM `sml_cate` WHERE ( id = '2'  ) LIMIT 1   [ RunTime:0.0007s ]
SQL: SELECT `contact` FROM `sml_users` WHERE ( id='1002' ) LIMIT 1   [ RunTime:0.0007s ]
SQL: SHOW COLUMNS FROM `sml_frilink` [ RunTime:0.0122s ]
SQL: SHOW COLUMNS FROM `sml_cate` [ RunTime:0.0120s ]
SQL: SELECT `name` FROM `sml_cate` WHERE ( url like '%Index%'  ) LIMIT 1   [ RunTime:0.0007s ]

[ 2017-01-15T21:06:58+08:00 ] 127.0.0.1 /smile/index.php
INFO: [ app_init ] --START--
INFO: Run Behavior\BuildLiteBehavior [ RunTime:0.000036s ]
INFO: [ app_init ] --END-- [ RunTime:0.001502s ]
INFO: [ app_begin ] --START--
INFO: Run Behavior\ReadHtmlCacheBehavior [ RunTime:0.001863s ]
INFO: [ app_begin ] --END-- [ RunTime:0.002047s ]
SQL: SHOW COLUMNS FROM `sml_setup` [ RunTime:0.0117s ]
SQL: SHOW COLUMNS FROM `sml_article` [ RunTime:0.0139s ]
SQL: SHOW COLUMNS FROM `sml_article` [ RunTime:0.0154s ]
SQL: SELECT `id`,`title`,`pic`,`indeximg` FROM `sml_article` WHERE ( isdel = 0 and indeximg = 1 ) ORDER BY sort asc  [ RunTime:0.0011s ]
SQL: SHOW COLUMNS FROM `sml_assets` [ RunTime:0.0128s ]
SQL: SHOW COLUMNS FROM `sml_assets` [ RunTime:0.0119s ]
SQL: SELECT `id`,`domain`,`savepath`,`savename` FROM `sml_assets` WHERE (  id in (23) and IsDel = 0  )  [ RunTime:0.0009s ]
SQL: SHOW COLUMNS FROM `sml_cate` [ RunTime:0.1624s ]
NOTIC: [8] Undefined index: cid E:\xampp\htdocs\smile\Application\Home\Model\ArticleModel.class.php 第 19 行.
SQL: SELECT `name` FROM `sml_cate` WHERE ( id = ''  ) LIMIT 1   [ RunTime:0.0026s ]
SQL: SHOW COLUMNS FROM `sml_users` [ RunTime:0.0108s ]
NOTIC: [8] Undefined index: uid E:\xampp\htdocs\smile\Application\Home\Model\ArticleModel.class.php 第 20 行.
SQL: SELECT `contact` FROM `sml_users` WHERE ( id='' ) LIMIT 1   [ RunTime:0.0008s ]
SQL: SELECT `id`,`domain`,`savepath`,`savename` FROM `sml_assets` WHERE (  id in (4) and IsDel = 0  )  [ RunTime:0.0008s ]
NOTIC: [8] Undefined index: cid E:\xampp\htdocs\smile\Application\Home\Model\ArticleModel.class.php 第 19 行.
SQL: SELECT `name` FROM `sml_cate` WHERE ( id = ''  ) LIMIT 1   [ RunTime:0.0007s ]
NOTIC: [8] Undefined index: uid E:\xampp\htdocs\smile\Application\Home\Model\ArticleModel.class.php 第 20 行.
SQL: SELECT `contact` FROM `sml_users` WHERE ( id='' ) LIMIT 1   [ RunTime:0.0006s ]
SQL: SELECT `id`,`domain`,`savepath`,`savename` FROM `sml_assets` WHERE (  id in (9) and IsDel = 0  )  [ RunTime:0.0009s ]
NOTIC: [8] Undefined index: cid E:\xampp\htdocs\smile\Application\Home\Model\ArticleModel.class.php 第 19 行.
SQL: SELECT `name` FROM `sml_cate` WHERE ( id = ''  ) LIMIT 1   [ RunTime:0.0017s ]
NOTIC: [8] Undefined index: uid E:\xampp\htdocs\smile\Application\Home\Model\ArticleModel.class.php 第 20 行.
SQL: SELECT `contact` FROM `sml_users` WHERE ( id='' ) LIMIT 1   [ RunTime:0.0007s ]
SQL: SELECT `id`,`domain`,`savepath`,`savename` FROM `sml_assets` WHERE (  id in (7) and IsDel = 0  )  [ RunTime:0.0009s ]
NOTIC: [8] Undefined index: cid E:\xampp\htdocs\smile\Application\Home\Model\ArticleModel.class.php 第 19 行.
SQL: SELECT `name` FROM `sml_cate` WHERE ( id = ''  ) LIMIT 1   [ RunTime:0.0007s ]
NOTIC: [8] Undefined index: uid E:\xampp\htdocs\smile\Application\Home\Model\ArticleModel.class.php 第 20 行.
SQL: SELECT `contact` FROM `sml_users` WHERE ( id='' ) LIMIT 1   [ RunTime:0.0007s ]
SQL: SELECT `id`,`domain`,`savepath`,`savename` FROM `sml_assets` WHERE (  id in (1) and IsDel = 0  )  [ RunTime:0.0010s ]
NOTIC: [8] Undefined index: cid E:\xampp\htdocs\smile\Application\Home\Model\ArticleModel.class.php 第 19 行.
SQL: SELECT `name` FROM `sml_cate` WHERE ( id = ''  ) LIMIT 1   [ RunTime:0.0018s ]
NOTIC: [8] Undefined index: uid E:\xampp\htdocs\smile\Application\Home\Model\ArticleModel.class.php 第 20 行.
SQL: SELECT `contact` FROM `sml_users` WHERE ( id='' ) LIMIT 1   [ RunTime:0.0009s ]
SQL: SELECT * FROM `sml_cate` WHERE ( isdel = 0 )  [ RunTime:0.0011s ]
SQL: SELECT COUNT(*) AS tp_count FROM `sml_article` WHERE ( cid = '1'  ) LIMIT 1   [ RunTime:0.0008s ]
SQL: SELECT COUNT(*) AS tp_count FROM `sml_article` WHERE ( cid = '2'  ) LIMIT 1   [ RunTime:0.0008s ]
SQL: SELECT COUNT(*) AS tp_count FROM `sml_article` WHERE ( cid = '3'  ) LIMIT 1   [ RunTime:0.0008s ]
SQL: SELECT COUNT(*) AS tp_count FROM `sml_article` WHERE ( cid = '4'  ) LIMIT 1   [ RunTime:0.0009s ]
SQL: SELECT COUNT(*) AS tp_count FROM `sml_article` WHERE ( cid = '5'  ) LIMIT 1   [ RunTime:0.0007s ]
SQL: SELECT COUNT(*) AS tp_count FROM `sml_article` WHERE ( cid = '6'  ) LIMIT 1   [ RunTime:0.0008s ]
SQL: SELECT COUNT(*) AS tp_count FROM `sml_article` WHERE ( cid = '7'  ) LIMIT 1   [ RunTime:0.0009s ]
SQL: SELECT COUNT(*) AS tp_count FROM `sml_article` WHERE ( cid = '8'  ) LIMIT 1   [ RunTime:0.0008s ]
SQL: SELECT COUNT(*) AS tp_count FROM `sml_article` WHERE ( cid = '9'  ) LIMIT 1   [ RunTime:0.0009s ]
SQL: SELECT COUNT(*) AS tp_count FROM `sml_article` WHERE ( cid = '10'  ) LIMIT 1   [ RunTime:0.0008s ]
SQL: SELECT COUNT(*) AS tp_count FROM `sml_article` WHERE ( cid = '11'  ) LIMIT 1   [ RunTime:0.0008s ]
SQL: SELECT `id`,`title`,`pic`,`viewnum`,`createtime` FROM `sml_article` WHERE ( isdel=0 ) ORDER BY createtime desc LIMIT 3   [ RunTime:0.0015s ]
SQL: SELECT `id`,`domain`,`savepath`,`savename` FROM `sml_assets` WHERE (  id in (13) and IsDel = 0  )  [ RunTime:0.0012s ]
NOTIC: [8] Undefined index: cid E:\xampp\htdocs\smile\Application\Home\Model\ArticleModel.class.php 第 19 行.
SQL: SELECT `name` FROM `sml_cate` WHERE ( id = ''  ) LIMIT 1   [ RunTime:0.0008s ]
NOTIC: [8] Undefined index: uid E:\xampp\htdocs\smile\Application\Home\Model\ArticleModel.class.php 第 20 行.
SQL: SELECT `contact` FROM `sml_users` WHERE ( id='' ) LIMIT 1   [ RunTime:0.0008s ]
SQL: SELECT `id`,`domain`,`savepath`,`savename` FROM `sml_assets` WHERE (  id in (15) and IsDel = 0  )  [ RunTime:0.0010s ]
NOTIC: [8] Undefined index: cid E:\xampp\htdocs\smile\Application\Home\Model\ArticleModel.class.php 第 19 行.
SQL: SELECT `name` FROM `sml_cate` WHERE ( id = ''  ) LIMIT 1   [ RunTime:0.0008s ]
NOTIC: [8] Undefined index: uid E:\xampp\htdocs\smile\Application\Home\Model\ArticleModel.class.php 第 20 行.
SQL: SELECT `contact` FROM `sml_users` WHERE ( id='' ) LIMIT 1   [ RunTime:0.0008s ]
SQL: SELECT `id`,`domain`,`savepath`,`savename` FROM `sml_assets` WHERE (  id in (12) and IsDel = 0  )  [ RunTime:0.0010s ]
NOTIC: [8] Undefined index: cid E:\xampp\htdocs\smile\Application\Home\Model\ArticleModel.class.php 第 19 行.
SQL: SELECT `name` FROM `sml_cate` WHERE ( id = ''  ) LIMIT 1   [ RunTime:0.0008s ]
NOTIC: [8] Undefined index: uid E:\xampp\htdocs\smile\Application\Home\Model\ArticleModel.class.php 第 20 行.
SQL: SELECT `contact` FROM `sml_users` WHERE ( id='' ) LIMIT 1   [ RunTime:0.0008s ]
SQL: SELECT * FROM `sml_article` WHERE ( isdel = 0 AND viewnum > 100  ) ORDER BY rand() LIMIT 4   [ RunTime:0.0130s ]
SQL: SELECT `id`,`domain`,`savepath`,`savename` FROM `sml_assets` WHERE (  id in (10) and IsDel = 0  )  [ RunTime:0.0008s ]
SQL: SELECT `name` FROM `sml_cate` WHERE ( id = '2'  ) LIMIT 1   [ RunTime:0.0008s ]
SQL: SELECT `contact` FROM `sml_users` WHERE ( id='1002' ) LIMIT 1   [ RunTime:0.0008s ]
SQL: SELECT `id`,`domain`,`savepath`,`savename` FROM `sml_assets` WHERE (  id in (7) and IsDel = 0  )  [ RunTime:0.0007s ]
SQL: SELECT `name` FROM `sml_cate` WHERE ( id = '11'  ) LIMIT 1   [ RunTime:0.0020s ]
SQL: SELECT `contact` FROM `sml_users` WHERE ( id='1002' ) LIMIT 1   [ RunTime:0.0030s ]
SQL: SELECT `id`,`domain`,`savepath`,`savename` FROM `sml_assets` WHERE (  id in (3) and IsDel = 0  )  [ RunTime:0.0055s ]
SQL: SELECT `name` FROM `sml_cate` WHERE ( id = '5'  ) LIMIT 1   [ RunTime:0.0028s ]
SQL: SELECT `contact` FROM `sml_users` WHERE ( id='1002' ) LIMIT 1   [ RunTime:0.0009s ]
SQL: SELECT `id`,`domain`,`savepath`,`savename` FROM `sml_assets` WHERE (  id in (4) and IsDel = 0  )  [ RunTime:0.0007s ]
SQL: SELECT `name` FROM `sml_cate` WHERE ( id = '2'  ) LIMIT 1   [ RunTime:0.0007s ]
SQL: SELECT `contact` FROM `sml_users` WHERE ( id='1002' ) LIMIT 1   [ RunTime:0.0008s ]
SQL: SHOW COLUMNS FROM `sml_frilink` [ RunTime:0.0357s ]
SQL: SHOW COLUMNS FROM `sml_cate` [ RunTime:0.0112s ]
SQL: SELECT `name` FROM `sml_cate` WHERE ( url like '%Index%'  ) LIMIT 1   [ RunTime:0.0007s ]
SQL: SELECT COUNT(*) AS tp_count FROM `sml_article` WHERE ( isdel=0 ) LIMIT 1   [ RunTime:0.0009s ]
SQL: SELECT * FROM `sml_article` WHERE ( isdel=0 ) ORDER BY istop desc LIMIT 0,8   [ RunTime:0.0020s ]
SQL: SELECT `id`,`domain`,`savepath`,`savename` FROM `sml_assets` WHERE (  id in (3) and IsDel = 0  )  [ RunTime:0.0008s ]
SQL: SELECT `name` FROM `sml_cate` WHERE ( id = '5'  ) LIMIT 1   [ RunTime:0.0007s ]
SQL: SELECT `contact` FROM `sml_users` WHERE ( id='1002' ) LIMIT 1   [ RunTime:0.0007s ]
SQL: SELECT `id`,`domain`,`savepath`,`savename` FROM `sml_assets` WHERE (  id in (1) and IsDel = 0  )  [ RunTime:0.0008s ]
SQL: SELECT `name` FROM `sml_cate` WHERE ( id = '6'  ) LIMIT 1   [ RunTime:0.0007s ]
SQL: SELECT `contact` FROM `sml_users` WHERE ( id='1002' ) LIMIT 1   [ RunTime:0.0007s ]
SQL: SELECT `id`,`domain`,`savepath`,`savename` FROM `sml_assets` WHERE (  id in (10) and IsDel = 0  )  [ RunTime:0.0011s ]
SQL: SELECT `name` FROM `sml_cate` WHERE ( id = '2'  ) LIMIT 1   [ RunTime:0.0007s ]
SQL: SELECT `contact` FROM `sml_users` WHERE ( id='1002' ) LIMIT 1   [ RunTime:0.0012s ]
SQL: SELECT `id`,`domain`,`savepath`,`savename` FROM `sml_assets` WHERE (  id in (23) and IsDel = 0  )  [ RunTime:0.0030s ]
SQL: SELECT `name` FROM `sml_cate` WHERE ( id = '8'  ) LIMIT 1   [ RunTime:0.0007s ]
SQL: SELECT `contact` FROM `sml_users` WHERE ( id='1001' ) LIMIT 1   [ RunTime:0.0007s ]
SQL: SELECT `id`,`domain`,`savepath`,`savename` FROM `sml_assets` WHERE (  id in (6) and IsDel = 0  )  [ RunTime:0.0008s ]
SQL: SELECT `name` FROM `sml_cate` WHERE ( id = '1'  ) LIMIT 1   [ RunTime:0.0007s ]
SQL: SELECT `contact` FROM `sml_users` WHERE ( id='1002' ) LIMIT 1   [ RunTime:0.0007s ]
SQL: SELECT `id`,`domain`,`savepath`,`savename` FROM `sml_assets` WHERE (  id in (4) and IsDel = 0  )  [ RunTime:0.0007s ]
SQL: SELECT `name` FROM `sml_cate` WHERE ( id = '2'  ) LIMIT 1   [ RunTime:0.0007s ]
SQL: SELECT `contact` FROM `sml_users` WHERE ( id='1002' ) LIMIT 1   [ RunTime:0.0007s ]
SQL: SELECT `id`,`domain`,`savepath`,`savename` FROM `sml_assets` WHERE (  id in (9) and IsDel = 0  )  [ RunTime:0.0007s ]
SQL: SELECT `name` FROM `sml_cate` WHERE ( id = '10'  ) LIMIT 1   [ RunTime:0.0007s ]
SQL: SELECT `contact` FROM `sml_users` WHERE ( id='1002' ) LIMIT 1   [ RunTime:0.0007s ]
SQL: SELECT `id`,`domain`,`savepath`,`savename` FROM `sml_assets` WHERE (  id in (7) and IsDel = 0  )  [ RunTime:0.0007s ]
SQL: SELECT `name` FROM `sml_cate` WHERE ( id = '11'  ) LIMIT 1   [ RunTime:0.0007s ]
SQL: SELECT `contact` FROM `sml_users` WHERE ( id='1002' ) LIMIT 1   [ RunTime:0.0007s ]
INFO: [ view_parse ] --START--
INFO: [ template_filter ] --START--
INFO: Run Behavior\ContentReplaceBehavior [ RunTime:0.000427s ]
INFO: [ template_filter ] --END-- [ RunTime:0.000578s ]
NOTIC: [8] Undefined index: child E:\xampp\htdocs\smile\Application\Runtime\Cache\Home\2a94b8bda04ff446dcedd42276fc99ee.php 第 69 行.
NOTIC: [8] Undefined index: child E:\xampp\htdocs\smile\Application\Runtime\Cache\Home\2a94b8bda04ff446dcedd42276fc99ee.php 第 70 行.
NOTIC: [8] Undefined index: child E:\xampp\htdocs\smile\Application\Runtime\Cache\Home\2a94b8bda04ff446dcedd42276fc99ee.php 第 72 行.
NOTIC: [8] Undefined index: child E:\xampp\htdocs\smile\Application\Runtime\Cache\Home\2a94b8bda04ff446dcedd42276fc99ee.php 第 69 行.
NOTIC: [8] Undefined index: child E:\xampp\htdocs\smile\Application\Runtime\Cache\Home\2a94b8bda04ff446dcedd42276fc99ee.php 第 70 行.
NOTIC: [8] Undefined index: child E:\xampp\htdocs\smile\Application\Runtime\Cache\Home\2a94b8bda04ff446dcedd42276fc99ee.php 第 72 行.
NOTIC: [8] Undefined index: child E:\xampp\htdocs\smile\Application\Runtime\Cache\Home\2a94b8bda04ff446dcedd42276fc99ee.php 第 69 行.
NOTIC: [8] Undefined index: child E:\xampp\htdocs\smile\Application\Runtime\Cache\Home\2a94b8bda04ff446dcedd42276fc99ee.php 第 70 行.
NOTIC: [8] Undefined index: child E:\xampp\htdocs\smile\Application\Runtime\Cache\Home\2a94b8bda04ff446dcedd42276fc99ee.php 第 72 行.
NOTIC: [8] Undefined index: user E:\xampp\htdocs\smile\Application\Runtime\Cache\Home\2a94b8bda04ff446dcedd42276fc99ee.php 第 86 行.
INFO: Run Behavior\ParseTemplateBehavior [ RunTime:0.074402s ]
INFO: [ view_parse ] --END-- [ RunTime:0.074599s ]
INFO: [ view_filter ] --START--
INFO: Run Behavior\WriteHtmlCacheBehavior [ RunTime:0.002934s ]
INFO: [ view_filter ] --END-- [ RunTime:0.003172s ]
INFO: [ app_end ] --START--
INFO: Run Behavior\ShowPageTraceBehavior [ RunTime:0.006386s ]
INFO: [ app_end ] --END-- [ RunTime:0.006710s ]

[ 2017-01-15T21:06:59+08:00 ] 127.0.0.1 /smile/Public/Home/jb.js
INFO: [ app_init ] --START--
INFO: Run Behavior\BuildLiteBehavior [ RunTime:0.000038s ]
INFO: [ app_init ] --END-- [ RunTime:0.001481s ]
INFO: [ app_begin ] --START--
INFO: Run Behavior\ReadHtmlCacheBehavior [ RunTime:0.001532s ]
INFO: [ app_begin ] --END-- [ RunTime:0.001717s ]
ERR: 无法加载控制器:Http:

[ 2017-01-15T21:07:03+08:00 ] 127.0.0.1 /smile/index.php?m=Home&c=Index&a=Search
INFO: [ app_init ] --START--
INFO: Run Behavior\BuildLiteBehavior [ RunTime:0.000038s ]
INFO: [ app_init ] --END-- [ RunTime:0.001235s ]
INFO: [ app_begin ] --START--
INFO: Run Behavior\ReadHtmlCacheBehavior [ RunTime:0.001375s ]
INFO: [ app_begin ] --END-- [ RunTime:0.001544s ]
SQL: SHOW COLUMNS FROM `sml_setup` [ RunTime:0.0274s ]
SQL: SHOW COLUMNS FROM `sml_article` [ RunTime:0.0677s ]
SQL: SHOW COLUMNS FROM `sml_article` [ RunTime:0.0597s ]
SQL: SELECT `id`,`title`,`pic`,`indeximg` FROM `sml_article` WHERE ( isdel = 0 and indeximg = 1 ) ORDER BY sort asc  [ RunTime:0.0013s ]
SQL: SHOW COLUMNS FROM `sml_assets` [ RunTime:0.0091s ]
SQL: SHOW COLUMNS FROM `sml_assets` [ RunTime:0.0116s ]
SQL: SELECT `id`,`domain`,`savepath`,`savename` FROM `sml_assets` WHERE (  id in (23) and IsDel = 0  )  [ RunTime:0.0009s ]
SQL: SHOW COLUMNS FROM `sml_cate` [ RunTime:0.0110s ]
NOTIC: [8] Undefined index: cid E:\xampp\htdocs\smile\Application\Home\Model\ArticleModel.class.php 第 19 行.
SQL: SELECT `name` FROM `sml_cate` WHERE ( id = ''  ) LIMIT 1   [ RunTime:0.0007s ]
SQL: SHOW COLUMNS FROM `sml_users` [ RunTime:0.0104s ]
NOTIC: [8] Undefined index: uid E:\xampp\htdocs\smile\Application\Home\Model\ArticleModel.class.php 第 20 行.
SQL: SELECT `contact` FROM `sml_users` WHERE ( id='' ) LIMIT 1   [ RunTime:0.0007s ]
SQL: SELECT `id`,`domain`,`savepath`,`savename` FROM `sml_assets` WHERE (  id in (4) and IsDel = 0  )  [ RunTime:0.0009s ]
NOTIC: [8] Undefined index: cid E:\xampp\htdocs\smile\Application\Home\Model\ArticleModel.class.php 第 19 行.
SQL: SELECT `name` FROM `sml_cate` WHERE ( id = ''  ) LIMIT 1   [ RunTime:0.0007s ]
NOTIC: [8] Undefined index: uid E:\xampp\htdocs\smile\Application\Home\Model\ArticleModel.class.php 第 20 行.
SQL: SELECT `contact` FROM `sml_users` WHERE ( id='' ) LIMIT 1   [ RunTime:0.0009s ]
SQL: SELECT `id`,`domain`,`savepath`,`savename` FROM `sml_assets` WHERE (  id in (9) and IsDel = 0  )  [ RunTime:0.0009s ]
NOTIC: [8] Undefined index: cid E:\xampp\htdocs\smile\Application\Home\Model\ArticleModel.class.php 第 19 行.
SQL: SELECT `name` FROM `sml_cate` WHERE ( id = ''  ) LIMIT 1   [ RunTime:0.0006s ]
NOTIC: [8] Undefined index: uid E:\xampp\htdocs\smile\Application\Home\Model\ArticleModel.class.php 第 20 行.
SQL: SELECT `contact` FROM `sml_users` WHERE ( id='' ) LIMIT 1   [ RunTime:0.0007s ]
SQL: SELECT `id`,`domain`,`savepath`,`savename` FROM `sml_assets` WHERE (  id in (7) and IsDel = 0  )  [ RunTime:0.0008s ]
NOTIC: [8] Undefined index: cid E:\xampp\htdocs\smile\Application\Home\Model\ArticleModel.class.php 第 19 行.
SQL: SELECT `name` FROM `sml_cate` WHERE ( id = ''  ) LIMIT 1   [ RunTime:0.0006s ]
NOTIC: [8] Undefined index: uid E:\xampp\htdocs\smile\Application\Home\Model\ArticleModel.class.php 第 20 行.
SQL: SELECT `contact` FROM `sml_users` WHERE ( id='' ) LIMIT 1   [ RunTime:0.0006s ]
SQL: SELECT `id`,`domain`,`savepath`,`savename` FROM `sml_assets` WHERE (  id in (1) and IsDel = 0  )  [ RunTime:0.0009s ]
NOTIC: [8] Undefined index: cid E:\xampp\htdocs\smile\Application\Home\Model\ArticleModel.class.php 第 19 行.
SQL: SELECT `name` FROM `sml_cate` WHERE ( id = ''  ) LIMIT 1   [ RunTime:0.0008s ]
NOTIC: [8] Undefined index: uid E:\xampp\htdocs\smile\Application\Home\Model\ArticleModel.class.php 第 20 行.
SQL: SELECT `contact` FROM `sml_users` WHERE ( id='' ) LIMIT 1   [ RunTime:0.0007s ]
SQL: SELECT * FROM `sml_cate` WHERE ( isdel = 0 )  [ RunTime:0.0010s ]
SQL: SELECT COUNT(*) AS tp_count FROM `sml_article` WHERE ( cid = '1'  ) LIMIT 1   [ RunTime:0.0007s ]
SQL: SELECT COUNT(*) AS tp_count FROM `sml_article` WHERE ( cid = '2'  ) LIMIT 1   [ RunTime:0.0007s ]
SQL: SELECT COUNT(*) AS tp_count FROM `sml_article` WHERE ( cid = '3'  ) LIMIT 1   [ RunTime:0.0007s ]
SQL: SELECT COUNT(*) AS tp_count FROM `sml_article` WHERE ( cid = '4'  ) LIMIT 1   [ RunTime:0.0007s ]
SQL: SELECT COUNT(*) AS tp_count FROM `sml_article` WHERE ( cid = '5'  ) LIMIT 1   [ RunTime:0.0006s ]
SQL: SELECT COUNT(*) AS tp_count FROM `sml_article` WHERE ( cid = '6'  ) LIMIT 1   [ RunTime:0.0007s ]
SQL: SELECT COUNT(*) AS tp_count FROM `sml_article` WHERE ( cid = '7'  ) LIMIT 1   [ RunTime:0.0006s ]
SQL: SELECT COUNT(*) AS tp_count FROM `sml_article` WHERE ( cid = '8'  ) LIMIT 1   [ RunTime:0.0008s ]
SQL: SELECT COUNT(*) AS tp_count FROM `sml_article` WHERE ( cid = '9'  ) LIMIT 1   [ RunTime:0.0007s ]
SQL: SELECT COUNT(*) AS tp_count FROM `sml_article` WHERE ( cid = '10'  ) LIMIT 1   [ RunTime:0.0009s ]
SQL: SELECT COUNT(*) AS tp_count FROM `sml_article` WHERE ( cid = '11'  ) LIMIT 1   [ RunTime:0.0008s ]
SQL: SELECT `id`,`title`,`pic`,`viewnum`,`createtime` FROM `sml_article` WHERE ( isdel=0 ) ORDER BY createtime desc LIMIT 3   [ RunTime:0.0011s ]
SQL: SELECT `id`,`domain`,`savepath`,`savename` FROM `sml_assets` WHERE (  id in (13) and IsDel = 0  )  [ RunTime:0.0008s ]
NOTIC: [8] Undefined index: cid E:\xampp\htdocs\smile\Application\Home\Model\ArticleModel.class.php 第 19 行.
SQL: SELECT `name` FROM `sml_cate` WHERE ( id = ''  ) LIMIT 1   [ RunTime:0.0006s ]
NOTIC: [8] Undefined index: uid E:\xampp\htdocs\smile\Application\Home\Model\ArticleModel.class.php 第 20 行.
SQL: SELECT `contact` FROM `sml_users` WHERE ( id='' ) LIMIT 1   [ RunTime:0.0006s ]
SQL: SELECT `id`,`domain`,`savepath`,`savename` FROM `sml_assets` WHERE (  id in (15) and IsDel = 0  )  [ RunTime:0.0007s ]
NOTIC: [8] Undefined index: cid E:\xampp\htdocs\smile\Application\Home\Model\ArticleModel.class.php 第 19 行.
SQL: SELECT `name` FROM `sml_cate` WHERE ( id = ''  ) LIMIT 1   [ RunTime:0.0005s ]
NOTIC: [8] Undefined index: uid E:\xampp\htdocs\smile\Application\Home\Model\ArticleModel.class.php 第 20 行.
SQL: SELECT `contact` FROM `sml_users` WHERE ( id='' ) LIMIT 1   [ RunTime:0.0005s ]
SQL: SELECT `id`,`domain`,`savepath`,`savename` FROM `sml_assets` WHERE (  id in (12) and IsDel = 0  )  [ RunTime:0.0005s ]
NOTIC: [8] Undefined index: cid E:\xampp\htdocs\smile\Application\Home\Model\ArticleModel.class.php 第 19 行.
SQL: SELECT `name` FROM `sml_cate` WHERE ( id = ''  ) LIMIT 1   [ RunTime:0.0003s ]
NOTIC: [8] Undefined index: uid E:\xampp\htdocs\smile\Application\Home\Model\ArticleModel.class.php 第 20 行.
SQL: SELECT `contact` FROM `sml_users` WHERE ( id='' ) LIMIT 1   [ RunTime:0.0004s ]
SQL: SELECT * FROM `sml_article` WHERE ( isdel = 0 AND viewnum > 100  ) ORDER BY rand() LIMIT 4   [ RunTime:0.0097s ]
SQL: SELECT `id`,`domain`,`savepath`,`savename` FROM `sml_assets` WHERE (  id in (4) and IsDel = 0  )  [ RunTime:0.0008s ]
SQL: SELECT `name` FROM `sml_cate` WHERE ( id = '2'  ) LIMIT 1   [ RunTime:0.0006s ]
SQL: SELECT `contact` FROM `sml_users` WHERE ( id='1002' ) LIMIT 1   [ RunTime:0.0007s ]
SQL: SELECT `id`,`domain`,`savepath`,`savename` FROM `sml_assets` WHERE (  id in (7) and IsDel = 0  )  [ RunTime:0.0006s ]
SQL: SELECT `name` FROM `sml_cate` WHERE ( id = '11'  ) LIMIT 1   [ RunTime:0.0006s ]
SQL: SELECT `contact` FROM `sml_users` WHERE ( id='1002' ) LIMIT 1   [ RunTime:0.0006s ]
SQL: SELECT `id`,`domain`,`savepath`,`savename` FROM `sml_assets` WHERE (  id in (10) and IsDel = 0  )  [ RunTime:0.0006s ]
SQL: SELECT `name` FROM `sml_cate` WHERE ( id = '2'  ) LIMIT 1   [ RunTime:0.0006s ]
SQL: SELECT `contact` FROM `sml_users` WHERE ( id='1002' ) LIMIT 1   [ RunTime:0.0008s ]
SQL: SELECT `id`,`domain`,`savepath`,`savename` FROM `sml_assets` WHERE (  id in (1) and IsDel = 0  )  [ RunTime:0.0007s ]
SQL: SELECT `name` FROM `sml_cate` WHERE ( id = '6'  ) LIMIT 1   [ RunTime:0.0006s ]
SQL: SELECT `contact` FROM `sml_users` WHERE ( id='1002' ) LIMIT 1   [ RunTime:0.0006s ]
SQL: SHOW COLUMNS FROM `sml_frilink` [ RunTime:0.0106s ]
SQL: SHOW COLUMNS FROM `sml_cate` [ RunTime:0.0087s ]
SQL: SELECT `name` FROM `sml_cate` WHERE ( url like '%Index%'  ) LIMIT 1   [ RunTime:0.0007s ]

[ 2017-01-15T21:10:37+08:00 ] 127.0.0.1 /smile/Public/Home/jb.js
INFO: [ app_init ] --START--
INFO: Run Behavior\BuildLiteBehavior [ RunTime:0.000037s ]
INFO: [ app_init ] --END-- [ RunTime:0.002838s ]
INFO: [ app_begin ] --START--
INFO: Run Behavior\ReadHtmlCacheBehavior [ RunTime:0.002767s ]
INFO: [ app_begin ] --END-- [ RunTime:0.002953s ]
ERR: 无法加载控制器:Http:

[ 2017-01-15T21:10:41+08:00 ] 127.0.0.1 /smile/index.php?m=Home&c=Index&a=Search
INFO: [ app_init ] --START--
INFO: Run Behavior\BuildLiteBehavior [ RunTime:0.000037s ]
INFO: [ app_init ] --END-- [ RunTime:0.001085s ]
INFO: [ app_begin ] --START--
INFO: Run Behavior\ReadHtmlCacheBehavior [ RunTime:0.001303s ]
INFO: [ app_begin ] --END-- [ RunTime:0.001483s ]
SQL: SHOW COLUMNS FROM `sml_setup` [ RunTime:0.0368s ]
SQL: SHOW COLUMNS FROM `sml_article` [ RunTime:0.0687s ]
SQL: SHOW COLUMNS FROM `sml_article` [ RunTime:0.0890s ]
SQL: SELECT `id`,`title`,`pic`,`indeximg` FROM `sml_article` WHERE ( isdel = 0 and indeximg = 1 ) ORDER BY sort asc  [ RunTime:0.0022s ]
SQL: SHOW COLUMNS FROM `sml_assets` [ RunTime:0.1374s ]
SQL: SHOW COLUMNS FROM `sml_assets` [ RunTime:0.0129s ]
SQL: SELECT `id`,`domain`,`savepath`,`savename` FROM `sml_assets` WHERE (  id in (23) and IsDel = 0  )  [ RunTime:0.0010s ]
SQL: SHOW COLUMNS FROM `sml_cate` [ RunTime:0.0111s ]
NOTIC: [8] Undefined index: cid E:\xampp\htdocs\smile\Application\Home\Model\ArticleModel.class.php 第 19 行.
SQL: SELECT `name` FROM `sml_cate` WHERE ( id = ''  ) LIMIT 1   [ RunTime:0.0019s ]
SQL: SHOW COLUMNS FROM `sml_users` [ RunTime:0.0154s ]
NOTIC: [8] Undefined index: uid E:\xampp\htdocs\smile\Application\Home\Model\ArticleModel.class.php 第 20 行.
SQL: SELECT `contact` FROM `sml_users` WHERE ( id='' ) LIMIT 1   [ RunTime:0.0010s ]
SQL: SELECT `id`,`domain`,`savepath`,`savename` FROM `sml_assets` WHERE (  id in (4) and IsDel = 0  )  [ RunTime:0.0007s ]
NOTIC: [8] Undefined index: cid E:\xampp\htdocs\smile\Application\Home\Model\ArticleModel.class.php 第 19 行.
SQL: SELECT `name` FROM `sml_cate` WHERE ( id = ''  ) LIMIT 1   [ RunTime:0.0006s ]
NOTIC: [8] Undefined index: uid E:\xampp\htdocs\smile\Application\Home\Model\ArticleModel.class.php 第 20 行.
SQL: SELECT `contact` FROM `sml_users` WHERE ( id='' ) LIMIT 1   [ RunTime:0.0007s ]
SQL: SELECT `id`,`domain`,`savepath`,`savename` FROM `sml_assets` WHERE (  id in (9) and IsDel = 0  )  [ RunTime:0.0007s ]
NOTIC: [8] Undefined index: cid E:\xampp\htdocs\smile\Application\Home\Model\ArticleModel.class.php 第 19 行.
SQL: SELECT `name` FROM `sml_cate` WHERE ( id = ''  ) LIMIT 1   [ RunTime:0.0007s ]
NOTIC: [8] Undefined index: uid E:\xampp\htdocs\smile\Application\Home\Model\ArticleModel.class.php 第 20 行.
SQL: SELECT `contact` FROM `sml_users` WHERE ( id='' ) LIMIT 1   [ RunTime:0.0006s ]
SQL: SELECT `id`,`domain`,`savepath`,`savename` FROM `sml_assets` WHERE (  id in (7) and IsDel = 0  )  [ RunTime:0.0008s ]
NOTIC: [8] Undefined index: cid E:\xampp\htdocs\smile\Application\Home\Model\ArticleModel.class.php 第 19 行.
SQL: SELECT `name` FROM `sml_cate` WHERE ( id = ''  ) LIMIT 1   [ RunTime:0.0010s ]
NOTIC: [8] Undefined index: uid E:\xampp\htdocs\smile\Application\Home\Model\ArticleModel.class.php 第 20 行.
SQL: SELECT `contact` FROM `sml_users` WHERE ( id='' ) LIMIT 1   [ RunTime:0.0011s ]
SQL: SELECT `id`,`domain`,`savepath`,`savename` FROM `sml_assets` WHERE (  id in (1) and IsDel = 0  )  [ RunTime:0.0012s ]
NOTIC: [8] Undefined index: cid E:\xampp\htdocs\smile\Application\Home\Model\ArticleModel.class.php 第 19 行.
SQL: SELECT `name` FROM `sml_cate` WHERE ( id = ''  ) LIMIT 1   [ RunTime:0.0008s ]
NOTIC: [8] Undefined index: uid E:\xampp\htdocs\smile\Application\Home\Model\ArticleModel.class.php 第 20 行.
SQL: SELECT `contact` FROM `sml_users` WHERE ( id='' ) LIMIT 1   [ RunTime:0.0007s ]
SQL: SELECT * FROM `sml_cate` WHERE ( isdel = 0 )  [ RunTime:0.0010s ]
SQL: SELECT COUNT(*) AS tp_count FROM `sml_article` WHERE ( cid = '1'  ) LIMIT 1   [ RunTime:0.0009s ]
SQL: SELECT COUNT(*) AS tp_count FROM `sml_article` WHERE ( cid = '2'  ) LIMIT 1   [ RunTime:0.0011s ]
SQL: SELECT COUNT(*) AS tp_count FROM `sml_article` WHERE ( cid = '3'  ) LIMIT 1   [ RunTime:0.0015s ]
SQL: SELECT COUNT(*) AS tp_count FROM `sml_article` WHERE ( cid = '4'  ) LIMIT 1   [ RunTime:0.0009s ]
SQL: SELECT COUNT(*) AS tp_count FROM `sml_article` WHERE ( cid = '5'  ) LIMIT 1   [ RunTime:0.0009s ]
SQL: SELECT COUNT(*) AS tp_count FROM `sml_article` WHERE ( cid = '6'  ) LIMIT 1   [ RunTime:0.0017s ]
SQL: SELECT COUNT(*) AS tp_count FROM `sml_article` WHERE ( cid = '7'  ) LIMIT 1   [ RunTime:0.0012s ]
SQL: SELECT COUNT(*) AS tp_count FROM `sml_article` WHERE ( cid = '8'  ) LIMIT 1   [ RunTime:0.0011s ]
SQL: SELECT COUNT(*) AS tp_count FROM `sml_article` WHERE ( cid = '9'  ) LIMIT 1   [ RunTime:0.0010s ]
SQL: SELECT COUNT(*) AS tp_count FROM `sml_article` WHERE ( cid = '10'  ) LIMIT 1   [ RunTime:0.0009s ]
SQL: SELECT COUNT(*) AS tp_count FROM `sml_article` WHERE ( cid = '11'  ) LIMIT 1   [ RunTime:0.0008s ]
SQL: SELECT `id`,`title`,`pic`,`viewnum`,`createtime` FROM `sml_article` WHERE ( isdel=0 ) ORDER BY createtime desc LIMIT 3   [ RunTime:0.0012s ]
SQL: SELECT `id`,`domain`,`savepath`,`savename` FROM `sml_assets` WHERE (  id in (13) and IsDel = 0  )  [ RunTime:0.0009s ]
NOTIC: [8] Undefined index: cid E:\xampp\htdocs\smile\Application\Home\Model\ArticleModel.class.php 第 19 行.
SQL: SELECT `name` FROM `sml_cate` WHERE ( id = ''  ) LIMIT 1   [ RunTime:0.0008s ]
NOTIC: [8] Undefined index: uid E:\xampp\htdocs\smile\Application\Home\Model\ArticleModel.class.php 第 20 行.
SQL: SELECT `contact` FROM `sml_users` WHERE ( id='' ) LIMIT 1   [ RunTime:0.0010s ]
SQL: SELECT `id`,`domain`,`savepath`,`savename` FROM `sml_assets` WHERE (  id in (15) and IsDel = 0  )  [ RunTime:0.0009s ]
NOTIC: [8] Undefined index: cid E:\xampp\htdocs\smile\Application\Home\Model\ArticleModel.class.php 第 19 行.
SQL: SELECT `name` FROM `sml_cate` WHERE ( id = ''  ) LIMIT 1   [ RunTime:0.0009s ]
NOTIC: [8] Undefined index: uid E:\xampp\htdocs\smile\Application\Home\Model\ArticleModel.class.php 第 20 行.
SQL: SELECT `contact` FROM `sml_users` WHERE ( id='' ) LIMIT 1   [ RunTime:0.0008s ]
SQL: SELECT `id`,`domain`,`savepath`,`savename` FROM `sml_assets` WHERE (  id in (12) and IsDel = 0  )  [ RunTime:0.0010s ]
NOTIC: [8] Undefined index: cid E:\xampp\htdocs\smile\Application\Home\Model\ArticleModel.class.php 第 19 行.
SQL: SELECT `name` FROM `sml_cate` WHERE ( id = ''  ) LIMIT 1   [ RunTime:0.0010s ]
NOTIC: [8] Undefined index: uid E:\xampp\htdocs\smile\Application\Home\Model\ArticleModel.class.php 第 20 行.
SQL: SELECT `contact` FROM `sml_users` WHERE ( id='' ) LIMIT 1   [ RunTime:0.0009s ]
SQL: SELECT * FROM `sml_article` WHERE ( isdel = 0 AND viewnum > 100  ) ORDER BY rand() LIMIT 4   [ RunTime:0.0127s ]
SQL: SELECT `id`,`domain`,`savepath`,`savename` FROM `sml_assets` WHERE (  id in (4) and IsDel = 0  )  [ RunTime:0.0008s ]
SQL: SELECT `name` FROM `sml_cate` WHERE ( id = '2'  ) LIMIT 1   [ RunTime:0.0007s ]
SQL: SELECT `contact` FROM `sml_users` WHERE ( id='1002' ) LIMIT 1   [ RunTime:0.0007s ]
SQL: SELECT `id`,`domain`,`savepath`,`savename` FROM `sml_assets` WHERE (  id in (3) and IsDel = 0  )  [ RunTime:0.0007s ]
SQL: SELECT `name` FROM `sml_cate` WHERE ( id = '5'  ) LIMIT 1   [ RunTime:0.0007s ]
SQL: SELECT `contact` FROM `sml_users` WHERE ( id='1002' ) LIMIT 1   [ RunTime:0.0006s ]
SQL: SELECT `id`,`domain`,`savepath`,`savename` FROM `sml_assets` WHERE (  id in (10) and IsDel = 0  )  [ RunTime:0.0007s ]
SQL: SELECT `name` FROM `sml_cate` WHERE ( id = '2'  ) LIMIT 1   [ RunTime:0.0007s ]
SQL: SELECT `contact` FROM `sml_users` WHERE ( id='1002' ) LIMIT 1   [ RunTime:0.0007s ]
SQL: SELECT `id`,`domain`,`savepath`,`savename` FROM `sml_assets` WHERE (  id in (1) and IsDel = 0  )  [ RunTime:0.0009s ]
SQL: SELECT `name` FROM `sml_cate` WHERE ( id = '6'  ) LIMIT 1   [ RunTime:0.0007s ]
SQL: SELECT `contact` FROM `sml_users` WHERE ( id='1002' ) LIMIT 1   [ RunTime:0.0007s ]
SQL: SHOW COLUMNS FROM `sml_frilink` [ RunTime:0.0113s ]
SQL: SHOW COLUMNS FROM `sml_cate` [ RunTime:0.0093s ]
SQL: SELECT `name` FROM `sml_cate` WHERE ( url like '%Index%'  ) LIMIT 1   [ RunTime:0.0008s ]

[ 2017-01-15T21:51:09+08:00 ] 127.0.0.1 /smile/Install/Public/bs/images/logo.png
INFO: [ app_init ] --START--
INFO: Run Behavior\BuildLiteBehavior [ RunTime:0.000036s ]
INFO: [ app_init ] --END-- [ RunTime:0.001934s ]

[ 2017-01-15T21:53:04+08:00 ] 127.0.0.1 /smile/Install/images/logo1.png
INFO: [ app_init ] --START--
INFO: Run Behavior\BuildLiteBehavior [ RunTime:0.000041s ]
INFO: [ app_init ] --END-- [ RunTime:0.001357s ]

[ 2017-01-15T21:53:08+08:00 ] 127.0.0.1 /smile/index.php
INFO: [ app_init ] --START--
INFO: Run Behavior\BuildLiteBehavior [ RunTime:0.000035s ]
INFO: [ app_init ] --END-- [ RunTime:0.001031s ]
INFO: [ app_begin ] --START--
INFO: Run Behavior\ReadHtmlCacheBehavior [ RunTime:0.002043s ]
INFO: [ app_begin ] --END-- [ RunTime:0.002221s ]
SQL: SHOW COLUMNS FROM `sml_setup` [ RunTime:0.0103s ]
SQL: SHOW COLUMNS FROM `sml_article` [ RunTime:0.0101s ]
SQL: SHOW COLUMNS FROM `sml_article` [ RunTime:0.0101s ]
SQL: SELECT `id`,`title`,`pic`,`indeximg` FROM `sml_article` WHERE ( isdel = 0 and indeximg = 1 ) ORDER BY sort asc  [ RunTime:0.0012s ]
SQL: SHOW COLUMNS FROM `sml_assets` [ RunTime:0.0091s ]
SQL: SHOW COLUMNS FROM `sml_assets` [ RunTime:0.0102s ]
SQL: SELECT `id`,`domain`,`savepath`,`savename` FROM `sml_assets` WHERE (  id in (23) and IsDel = 0  )  [ RunTime:0.0432s ]
SQL: SHOW COLUMNS FROM `sml_cate` [ RunTime:0.0119s ]
NOTIC: [8] Undefined index: cid E:\xampp\htdocs\smile\Application\Home\Model\ArticleModel.class.php 第 19 行.
SQL: SELECT `name` FROM `sml_cate` WHERE ( id = ''  ) LIMIT 1   [ RunTime:0.0249s ]
SQL: SHOW COLUMNS FROM `sml_users` [ RunTime:0.0103s ]
NOTIC: [8] Undefined index: uid E:\xampp\htdocs\smile\Application\Home\Model\ArticleModel.class.php 第 20 行.
SQL: SELECT `contact` FROM `sml_users` WHERE ( id='' ) LIMIT 1   [ RunTime:0.0011s ]
SQL: SELECT `id`,`domain`,`savepath`,`savename` FROM `sml_assets` WHERE (  id in (4) and IsDel = 0  )  [ RunTime:0.0009s ]
NOTIC: [8] Undefined index: cid E:\xampp\htdocs\smile\Application\Home\Model\ArticleModel.class.php 第 19 行.
SQL: SELECT `name` FROM `sml_cate` WHERE ( id = ''  ) LIMIT 1   [ RunTime:0.0007s ]
NOTIC: [8] Undefined index: uid E:\xampp\htdocs\smile\Application\Home\Model\ArticleModel.class.php 第 20 行.
SQL: SELECT `contact` FROM `sml_users` WHERE ( id='' ) LIMIT 1   [ RunTime:0.0007s ]
SQL: SELECT `id`,`domain`,`savepath`,`savename` FROM `sml_assets` WHERE (  id in (9) and IsDel = 0  )  [ RunTime:0.0007s ]
NOTIC: [8] Undefined index: cid E:\xampp\htdocs\smile\Application\Home\Model\ArticleModel.class.php 第 19 行.
SQL: SELECT `name` FROM `sml_cate` WHERE ( id = ''  ) LIMIT 1   [ RunTime:0.0006s ]
NOTIC: [8] Undefined index: uid E:\xampp\htdocs\smile\Application\Home\Model\ArticleModel.class.php 第 20 行.
SQL: SELECT `contact` FROM `sml_users` WHERE ( id='' ) LIMIT 1   [ RunTime:0.0006s ]
SQL: SELECT `id`,`domain`,`savepath`,`savename` FROM `sml_assets` WHERE (  id in (7) and IsDel = 0  )  [ RunTime:0.0008s ]
NOTIC: [8] Undefined index: cid E:\xampp\htdocs\smile\Application\Home\Model\ArticleModel.class.php 第 19 行.
SQL: SELECT `name` FROM `sml_cate` WHERE ( id = ''  ) LIMIT 1   [ RunTime:0.0006s ]
NOTIC: [8] Undefined index: uid E:\xampp\htdocs\smile\Application\Home\Model\ArticleModel.class.php 第 20 行.
SQL: SELECT `contact` FROM `sml_users` WHERE ( id='' ) LIMIT 1   [ RunTime:0.0006s ]
SQL: SELECT `id`,`domain`,`savepath`,`savename` FROM `sml_assets` WHERE (  id in (1) and IsDel = 0  )  [ RunTime:0.0007s ]
NOTIC: [8] Undefined index: cid E:\xampp\htdocs\smile\Application\Home\Model\ArticleModel.class.php 第 19 行.
SQL: SELECT `name` FROM `sml_cate` WHERE ( id = ''  ) LIMIT 1   [ RunTime:0.0006s ]
NOTIC: [8] Undefined index: uid E:\xampp\htdocs\smile\Application\Home\Model\ArticleModel.class.php 第 20 行.
SQL: SELECT `contact` FROM `sml_users` WHERE ( id='' ) LIMIT 1   [ RunTime:0.0006s ]
SQL: SELECT * FROM `sml_cate` WHERE ( isdel = 0 )  [ RunTime:0.0008s ]
SQL: SELECT COUNT(*) AS tp_count FROM `sml_article` WHERE ( cid = '1'  ) LIMIT 1   [ RunTime:0.0008s ]
SQL: SELECT COUNT(*) AS tp_count FROM `sml_article` WHERE ( cid = '2'  ) LIMIT 1   [ RunTime:0.0008s ]
SQL: SELECT COUNT(*) AS tp_count FROM `sml_article` WHERE ( cid = '3'  ) LIMIT 1   [ RunTime:0.0007s ]
SQL: SELECT COUNT(*) AS tp_count FROM `sml_article` WHERE ( cid = '4'  ) LIMIT 1   [ RunTime:0.0006s ]
SQL: SELECT COUNT(*) AS tp_count FROM `sml_article` WHERE ( cid = '5'  ) LIMIT 1   [ RunTime:0.0008s ]
SQL: SELECT COUNT(*) AS tp_count FROM `sml_article` WHERE ( cid = '6'  ) LIMIT 1   [ RunTime:0.0008s ]
SQL: SELECT COUNT(*) AS tp_count FROM `sml_article` WHERE ( cid = '7'  ) LIMIT 1   [ RunTime:0.0009s ]
SQL: SELECT COUNT(*) AS tp_count FROM `sml_article` WHERE ( cid = '8'  ) LIMIT 1   [ RunTime:0.0008s ]
SQL: SELECT COUNT(*) AS tp_count FROM `sml_article` WHERE ( cid = '9'  ) LIMIT 1   [ RunTime:0.0008s ]
SQL: SELECT COUNT(*) AS tp_count FROM `sml_article` WHERE ( cid = '10'  ) LIMIT 1   [ RunTime:0.0010s ]
SQL: SELECT COUNT(*) AS tp_count FROM `sml_article` WHERE ( cid = '11'  ) LIMIT 1   [ RunTime:0.0007s ]
SQL: SELECT `id`,`title`,`pic`,`viewnum`,`createtime` FROM `sml_article` WHERE ( isdel=0 ) ORDER BY createtime desc LIMIT 3   [ RunTime:0.0009s ]
SQL: SELECT `id`,`domain`,`savepath`,`savename` FROM `sml_assets` WHERE (  id in (13) and IsDel = 0  )  [ RunTime:0.0007s ]
NOTIC: [8] Undefined index: cid E:\xampp\htdocs\smile\Application\Home\Model\ArticleModel.class.php 第 19 行.
SQL: SELECT `name` FROM `sml_cate` WHERE ( id = ''  ) LIMIT 1   [ RunTime:0.0007s ]
NOTIC: [8] Undefined index: uid E:\xampp\htdocs\smile\Application\Home\Model\ArticleModel.class.php 第 20 行.
SQL: SELECT `contact` FROM `sml_users` WHERE ( id='' ) LIMIT 1   [ RunTime:0.0015s ]
SQL: SELECT `id`,`domain`,`savepath`,`savename` FROM `sml_assets` WHERE (  id in (15) and IsDel = 0  )  [ RunTime:0.0011s ]
NOTIC: [8] Undefined index: cid E:\xampp\htdocs\smile\Application\Home\Model\ArticleModel.class.php 第 19 行.
SQL: SELECT `name` FROM `sml_cate` WHERE ( id = ''  ) LIMIT 1   [ RunTime:0.0007s ]
NOTIC: [8] Undefined index: uid E:\xampp\htdocs\smile\Application\Home\Model\ArticleModel.class.php 第 20 行.
SQL: SELECT `contact` FROM `sml_users` WHERE ( id='' ) LIMIT 1   [ RunTime:0.0007s ]
SQL: SELECT `id`,`domain`,`savepath`,`savename` FROM `sml_assets` WHERE (  id in (12) and IsDel = 0  )  [ RunTime:0.0008s ]
NOTIC: [8] Undefined index: cid E:\xampp\htdocs\smile\Application\Home\Model\ArticleModel.class.php 第 19 行.
SQL: SELECT `name` FROM `sml_cate` WHERE ( id = ''  ) LIMIT 1   [ RunTime:0.0007s ]
NOTIC: [8] Undefined index: uid E:\xampp\htdocs\smile\Application\Home\Model\ArticleModel.class.php 第 20 行.
SQL: SELECT `contact` FROM `sml_users` WHERE ( id='' ) LIMIT 1   [ RunTime:0.0007s ]
SQL: SELECT * FROM `sml_article` WHERE ( isdel = 0 AND viewnum > 100  ) ORDER BY rand() LIMIT 4   [ RunTime:0.0126s ]
SQL: SELECT `id`,`domain`,`savepath`,`savename` FROM `sml_assets` WHERE (  id in (10) and IsDel = 0  )  [ RunTime:0.0006s ]
SQL: SELECT `name` FROM `sml_cate` WHERE ( id = '2'  ) LIMIT 1   [ RunTime:0.0006s ]
SQL: SELECT `contact` FROM `sml_users` WHERE ( id='1002' ) LIMIT 1   [ RunTime:0.0006s ]
SQL: SELECT `id`,`domain`,`savepath`,`savename` FROM `sml_assets` WHERE (  id in (3) and IsDel = 0  )  [ RunTime:0.0007s ]
SQL: SELECT `name` FROM `sml_cate` WHERE ( id = '5'  ) LIMIT 1   [ RunTime:0.0008s ]
SQL: SELECT `contact` FROM `sml_users` WHERE ( id='1002' ) LIMIT 1   [ RunTime:0.0006s ]
SQL: SELECT `id`,`domain`,`savepath`,`savename` FROM `sml_assets` WHERE (  id in (4) and IsDel = 0  )  [ RunTime:0.0006s ]
SQL: SELECT `name` FROM `sml_cate` WHERE ( id = '2'  ) LIMIT 1   [ RunTime:0.0006s ]
SQL: SELECT `contact` FROM `sml_users` WHERE ( id='1002' ) LIMIT 1   [ RunTime:0.0007s ]
SQL: SELECT `id`,`domain`,`savepath`,`savename` FROM `sml_assets` WHERE (  id in (1) and IsDel = 0  )  [ RunTime:0.0011s ]
SQL: SELECT `name` FROM `sml_cate` WHERE ( id = '6'  ) LIMIT 1   [ RunTime:0.0007s ]
SQL: SELECT `contact` FROM `sml_users` WHERE ( id='1002' ) LIMIT 1   [ RunTime:0.0007s ]
SQL: SHOW COLUMNS FROM `sml_frilink` [ RunTime:0.0103s ]
SQL: SHOW COLUMNS FROM `sml_cate` [ RunTime:0.0098s ]
SQL: SELECT `name` FROM `sml_cate` WHERE ( url like '%Index%'  ) LIMIT 1   [ RunTime:0.0010s ]
SQL: SELECT COUNT(*) AS tp_count FROM `sml_article` WHERE ( isdel=0 ) LIMIT 1   [ RunTime:0.0008s ]
SQL: SELECT * FROM `sml_article` WHERE ( isdel=0 ) ORDER BY istop desc LIMIT 0,8   [ RunTime:0.0018s ]
SQL: SELECT `id`,`domain`,`savepath`,`savename` FROM `sml_assets` WHERE (  id in (3) and IsDel = 0  )  [ RunTime:0.0007s ]
SQL: SELECT `name` FROM `sml_cate` WHERE ( id = '5'  ) LIMIT 1   [ RunTime:0.0006s ]
SQL: SELECT `contact` FROM `sml_users` WHERE ( id='1002' ) LIMIT 1   [ RunTime:0.0006s ]
SQL: SELECT `id`,`domain`,`savepath`,`savename` FROM `sml_assets` WHERE (  id in (1) and IsDel = 0  )  [ RunTime:0.0006s ]
SQL: SELECT `name` FROM `sml_cate` WHERE ( id = '6'  ) LIMIT 1   [ RunTime:0.0007s ]
SQL: SELECT `contact` FROM `sml_users` WHERE ( id='1002' ) LIMIT 1   [ RunTime:0.0007s ]
SQL: SELECT `id`,`domain`,`savepath`,`savename` FROM `sml_assets` WHERE (  id in (10) and IsDel = 0  )  [ RunTime:0.0006s ]
SQL: SELECT `name` FROM `sml_cate` WHERE ( id = '2'  ) LIMIT 1   [ RunTime:0.0007s ]
SQL: SELECT `contact` FROM `sml_users` WHERE ( id='1002' ) LIMIT 1   [ RunTime:0.0010s ]
SQL: SELECT `id`,`domain`,`savepath`,`savename` FROM `sml_assets` WHERE (  id in (23) and IsDel = 0  )  [ RunTime:0.0010s ]
SQL: SELECT `name` FROM `sml_cate` WHERE ( id = '8'  ) LIMIT 1   [ RunTime:0.0008s ]
SQL: SELECT `contact` FROM `sml_users` WHERE ( id='1001' ) LIMIT 1   [ RunTime:0.0006s ]
SQL: SELECT `id`,`domain`,`savepath`,`savename` FROM `sml_assets` WHERE (  id in (6) and IsDel = 0  )  [ RunTime:0.0007s ]
SQL: SELECT `name` FROM `sml_cate` WHERE ( id = '1'  ) LIMIT 1   [ RunTime:0.0006s ]
SQL: SELECT `contact` FROM `sml_users` WHERE ( id='1002' ) LIMIT 1   [ RunTime:0.0006s ]
SQL: SELECT `id`,`domain`,`savepath`,`savename` FROM `sml_assets` WHERE (  id in (4) and IsDel = 0  )  [ RunTime:0.0006s ]
SQL: SELECT `name` FROM `sml_cate` WHERE ( id = '2'  ) LIMIT 1   [ RunTime:0.0006s ]
SQL: SELECT `contact` FROM `sml_users` WHERE ( id='1002' ) LIMIT 1   [ RunTime:0.0007s ]
SQL: SELECT `id`,`domain`,`savepath`,`savename` FROM `sml_assets` WHERE (  id in (9) and IsDel = 0  )  [ RunTime:0.0008s ]
SQL: SELECT `name` FROM `sml_cate` WHERE ( id = '10'  ) LIMIT 1   [ RunTime:0.0007s ]
SQL: SELECT `contact` FROM `sml_users` WHERE ( id='1002' ) LIMIT 1   [ RunTime:0.0007s ]
SQL: SELECT `id`,`domain`,`savepath`,`savename` FROM `sml_assets` WHERE (  id in (7) and IsDel = 0  )  [ RunTime:0.0007s ]
SQL: SELECT `name` FROM `sml_cate` WHERE ( id = '11'  ) LIMIT 1   [ RunTime:0.0012s ]
SQL: SELECT `contact` FROM `sml_users` WHERE ( id='1002' ) LIMIT 1   [ RunTime:0.0007s ]
INFO: [ view_parse ] --START--
INFO: [ template_filter ] --START--
INFO: Run Behavior\ContentReplaceBehavior [ RunTime:0.000867s ]
INFO: [ template_filter ] --END-- [ RunTime:0.001070s ]
NOTIC: [8] Undefined index: child E:\xampp\htdocs\smile\Application\Runtime\Cache\Home\2a94b8bda04ff446dcedd42276fc99ee.php 第 69 行.
NOTIC: [8] Undefined index: child E:\xampp\htdocs\smile\Application\Runtime\Cache\Home\2a94b8bda04ff446dcedd42276fc99ee.php 第 70 行.
NOTIC: [8] Undefined index: child E:\xampp\htdocs\smile\Application\Runtime\Cache\Home\2a94b8bda04ff446dcedd42276fc99ee.php 第 72 行.
NOTIC: [8] Undefined index: child E:\xampp\htdocs\smile\Application\Runtime\Cache\Home\2a94b8bda04ff446dcedd42276fc99ee.php 第 69 行.
NOTIC: [8] Undefined index: child E:\xampp\htdocs\smile\Application\Runtime\Cache\Home\2a94b8bda04ff446dcedd42276fc99ee.php 第 70 行.
NOTIC: [8] Undefined index: child E:\xampp\htdocs\smile\Application\Runtime\Cache\Home\2a94b8bda04ff446dcedd42276fc99ee.php 第 72 行.
NOTIC: [8] Undefined index: child E:\xampp\htdocs\smile\Application\Runtime\Cache\Home\2a94b8bda04ff446dcedd42276fc99ee.php 第 69 行.
NOTIC: [8] Undefined index: child E:\xampp\htdocs\smile\Application\Runtime\Cache\Home\2a94b8bda04ff446dcedd42276fc99ee.php 第 70 行.
NOTIC: [8] Undefined index: child E:\xampp\htdocs\smile\Application\Runtime\Cache\Home\2a94b8bda04ff446dcedd42276fc99ee.php 第 72 行.
NOTIC: [8] Undefined index: user E:\xampp\htdocs\smile\Application\Runtime\Cache\Home\2a94b8bda04ff446dcedd42276fc99ee.php 第 86 行.
INFO: Run Behavior\ParseTemplateBehavior [ RunTime:0.070594s ]
INFO: [ view_parse ] --END-- [ RunTime:0.071101s ]
INFO: [ view_filter ] --START--
INFO: Run Behavior\WriteHtmlCacheBehavior [ RunTime:0.002215s ]
INFO: [ view_filter ] --END-- [ RunTime:0.002349s ]
INFO: [ app_end ] --START--
INFO: Run Behavior\ShowPageTraceBehavior [ RunTime:0.003736s ]
INFO: [ app_end ] --END-- [ RunTime:0.003949s ]

[ 2017-01-15T21:53:08+08:00 ] 127.0.0.1 /smile/Public/Home/jb.js
INFO: [ app_init ] --START--
INFO: Run Behavior\BuildLiteBehavior [ RunTime:0.000062s ]
INFO: [ app_init ] --END-- [ RunTime:0.001411s ]
INFO: [ app_begin ] --START--
INFO: Run Behavior\ReadHtmlCacheBehavior [ RunTime:0.001947s ]
INFO: [ app_begin ] --END-- [ RunTime:0.002114s ]
ERR: 无法加载控制器:Http:

[ 2017-01-15T21:53:20+08:00 ] 127.0.0.1 /smile/index.php?m=Home&c=Index&a=Search
INFO: [ app_init ] --START--
INFO: Run Behavior\BuildLiteBehavior [ RunTime:0.000046s ]
INFO: [ app_init ] --END-- [ RunTime:0.001373s ]
INFO: [ app_begin ] --START--
INFO: Run Behavior\ReadHtmlCacheBehavior [ RunTime:0.002056s ]
INFO: [ app_begin ] --END-- [ RunTime:0.002233s ]
SQL: SHOW COLUMNS FROM `sml_setup` [ RunTime:0.0112s ]
SQL: SHOW COLUMNS FROM `sml_article` [ RunTime:0.0095s ]
SQL: SHOW COLUMNS FROM `sml_article` [ RunTime:0.0107s ]
SQL: SELECT `id`,`title`,`pic`,`indeximg` FROM `sml_article` WHERE ( isdel = 0 and indeximg = 1 ) ORDER BY sort asc  [ RunTime:0.0010s ]
SQL: SHOW COLUMNS FROM `sml_assets` [ RunTime:0.0120s ]
SQL: SHOW COLUMNS FROM `sml_assets` [ RunTime:0.0099s ]
SQL: SELECT `id`,`domain`,`savepath`,`savename` FROM `sml_assets` WHERE (  id in (23) and IsDel = 0  )  [ RunTime:0.0009s ]
SQL: SHOW COLUMNS FROM `sml_cate` [ RunTime:0.0088s ]
NOTIC: [8] Undefined index: cid E:\xampp\htdocs\smile\Application\Home\Model\ArticleModel.class.php 第 19 行.
SQL: SELECT `name` FROM `sml_cate` WHERE ( id = ''  ) LIMIT 1   [ RunTime:0.0006s ]
SQL: SHOW COLUMNS FROM `sml_users` [ RunTime:0.0118s ]
NOTIC: [8] Undefined index: uid E:\xampp\htdocs\smile\Application\Home\Model\ArticleModel.class.php 第 20 行.
SQL: SELECT `contact` FROM `sml_users` WHERE ( id='' ) LIMIT 1   [ RunTime:0.0007s ]
SQL: SELECT `id`,`domain`,`savepath`,`savename` FROM `sml_assets` WHERE (  id in (4) and IsDel = 0  )  [ RunTime:0.0011s ]
NOTIC: [8] Undefined index: cid E:\xampp\htdocs\smile\Application\Home\Model\ArticleModel.class.php 第 19 行.
SQL: SELECT `name` FROM `sml_cate` WHERE ( id = ''  ) LIMIT 1   [ RunTime:0.0008s ]
NOTIC: [8] Undefined index: uid E:\xampp\htdocs\smile\Application\Home\Model\ArticleModel.class.php 第 20 行.
SQL: SELECT `contact` FROM `sml_users` WHERE ( id='' ) LIMIT 1   [ RunTime:0.0008s ]
SQL: SELECT `id`,`domain`,`savepath`,`savename` FROM `sml_assets` WHERE (  id in (9) and IsDel = 0  )  [ RunTime:0.0009s ]
NOTIC: [8] Undefined index: cid E:\xampp\htdocs\smile\Application\Home\Model\ArticleModel.class.php 第 19 行.
SQL: SELECT `name` FROM `sml_cate` WHERE ( id = ''  ) LIMIT 1   [ RunTime:0.0006s ]
NOTIC: [8] Undefined index: uid E:\xampp\htdocs\smile\Application\Home\Model\ArticleModel.class.php 第 20 行.
SQL: SELECT `contact` FROM `sml_users` WHERE ( id='' ) LIMIT 1   [ RunTime:0.0006s ]
SQL: SELECT `id`,`domain`,`savepath`,`savename` FROM `sml_assets` WHERE (  id in (7) and IsDel = 0  )  [ RunTime:0.0008s ]
NOTIC: [8] Undefined index: cid E:\xampp\htdocs\smile\Application\Home\Model\ArticleModel.class.php 第 19 行.
SQL: SELECT `name` FROM `sml_cate` WHERE ( id = ''  ) LIMIT 1   [ RunTime:0.0006s ]
NOTIC: [8] Undefined index: uid E:\xampp\htdocs\smile\Application\Home\Model\ArticleModel.class.php 第 20 行.
SQL: SELECT `contact` FROM `sml_users` WHERE ( id='' ) LIMIT 1   [ RunTime:0.0006s ]
SQL: SELECT `id`,`domain`,`savepath`,`savename` FROM `sml_assets` WHERE (  id in (1) and IsDel = 0  )  [ RunTime:0.0007s ]
NOTIC: [8] Undefined index: cid E:\xampp\htdocs\smile\Application\Home\Model\ArticleModel.class.php 第 19 行.
SQL: SELECT `name` FROM `sml_cate` WHERE ( id = ''  ) LIMIT 1   [ RunTime:0.0006s ]
NOTIC: [8] Undefined index: uid E:\xampp\htdocs\smile\Application\Home\Model\ArticleModel.class.php 第 20 行.
SQL: SELECT `contact` FROM `sml_users` WHERE ( id='' ) LIMIT 1   [ RunTime:0.0006s ]
SQL: SELECT * FROM `sml_cate` WHERE ( isdel = 0 )  [ RunTime:0.0008s ]
SQL: SELECT COUNT(*) AS tp_count FROM `sml_article` WHERE ( cid = '1'  ) LIMIT 1   [ RunTime:0.0007s ]
SQL: SELECT COUNT(*) AS tp_count FROM `sml_article` WHERE ( cid = '2'  ) LIMIT 1   [ RunTime:0.0011s ]
SQL: SELECT COUNT(*) AS tp_count FROM `sml_article` WHERE ( cid = '3'  ) LIMIT 1   [ RunTime:0.0009s ]
SQL: SELECT COUNT(*) AS tp_count FROM `sml_article` WHERE ( cid = '4'  ) LIMIT 1   [ RunTime:0.0009s ]
SQL: SELECT COUNT(*) AS tp_count FROM `sml_article` WHERE ( cid = '5'  ) LIMIT 1   [ RunTime:0.0008s ]
SQL: SELECT COUNT(*) AS tp_count FROM `sml_article` WHERE ( cid = '6'  ) LIMIT 1   [ RunTime:0.0009s ]
SQL: SELECT COUNT(*) AS tp_count FROM `sml_article` WHERE ( cid = '7'  ) LIMIT 1   [ RunTime:0.0008s ]
SQL: SELECT COUNT(*) AS tp_count FROM `sml_article` WHERE ( cid = '8'  ) LIMIT 1   [ RunTime:0.0008s ]
SQL: SELECT COUNT(*) AS tp_count FROM `sml_article` WHERE ( cid = '9'  ) LIMIT 1   [ RunTime:0.0009s ]
SQL: SELECT COUNT(*) AS tp_count FROM `sml_article` WHERE ( cid = '10'  ) LIMIT 1   [ RunTime:0.0008s ]
SQL: SELECT COUNT(*) AS tp_count FROM `sml_article` WHERE ( cid = '11'  ) LIMIT 1   [ RunTime:0.0008s ]
SQL: SELECT `id`,`title`,`pic`,`viewnum`,`createtime` FROM `sml_article` WHERE ( isdel=0 ) ORDER BY createtime desc LIMIT 3   [ RunTime:0.0010s ]
SQL: SELECT `id`,`domain`,`savepath`,`savename` FROM `sml_assets` WHERE (  id in (13) and IsDel = 0  )  [ RunTime:0.0009s ]
NOTIC: [8] Undefined index: cid E:\xampp\htdocs\smile\Application\Home\Model\ArticleModel.class.php 第 19 行.
SQL: SELECT `name` FROM `sml_cate` WHERE ( id = ''  ) LIMIT 1   [ RunTime:0.0013s ]
NOTIC: [8] Undefined index: uid E:\xampp\htdocs\smile\Application\Home\Model\ArticleModel.class.php 第 20 行.
SQL: SELECT `contact` FROM `sml_users` WHERE ( id='' ) LIMIT 1   [ RunTime:0.0010s ]
SQL: SELECT `id`,`domain`,`savepath`,`savename` FROM `sml_assets` WHERE (  id in (15) and IsDel = 0  )  [ RunTime:0.0009s ]
NOTIC: [8] Undefined index: cid E:\xampp\htdocs\smile\Application\Home\Model\ArticleModel.class.php 第 19 行.
SQL: SELECT `name` FROM `sml_cate` WHERE ( id = ''  ) LIMIT 1   [ RunTime:0.0007s ]
NOTIC: [8] Undefined index: uid E:\xampp\htdocs\smile\Application\Home\Model\ArticleModel.class.php 第 20 行.
SQL: SELECT `contact` FROM `sml_users` WHERE ( id='' ) LIMIT 1   [ RunTime:0.0008s ]
SQL: SELECT `id`,`domain`,`savepath`,`savename` FROM `sml_assets` WHERE (  id in (12) and IsDel = 0  )  [ RunTime:0.0008s ]
NOTIC: [8] Undefined index: cid E:\xampp\htdocs\smile\Application\Home\Model\ArticleModel.class.php 第 19 行.
SQL: SELECT `name` FROM `sml_cate` WHERE ( id = ''  ) LIMIT 1   [ RunTime:0.0007s ]
NOTIC: [8] Undefined index: uid E:\xampp\htdocs\smile\Application\Home\Model\ArticleModel.class.php 第 20 行.
SQL: SELECT `contact` FROM `sml_users` WHERE ( id='' ) LIMIT 1   [ RunTime:0.0007s ]
SQL: SELECT * FROM `sml_article` WHERE ( isdel = 0 AND viewnum > 100  ) ORDER BY rand() LIMIT 4   [ RunTime:0.0106s ]
SQL: SELECT `id`,`domain`,`savepath`,`savename` FROM `sml_assets` WHERE (  id in (3) and IsDel = 0  )  [ RunTime:0.0011s ]
SQL: SELECT `name` FROM `sml_cate` WHERE ( id = '5'  ) LIMIT 1   [ RunTime:0.0006s ]
SQL: SELECT `contact` FROM `sml_users` WHERE ( id='1002' ) LIMIT 1   [ RunTime:0.0007s ]
SQL: SELECT `id`,`domain`,`savepath`,`savename` FROM `sml_assets` WHERE (  id in (4) and IsDel = 0  )  [ RunTime:0.0006s ]
SQL: SELECT `name` FROM `sml_cate` WHERE ( id = '2'  ) LIMIT 1   [ RunTime:0.0006s ]
SQL: SELECT `contact` FROM `sml_users` WHERE ( id='1002' ) LIMIT 1   [ RunTime:0.0007s ]
SQL: SELECT `id`,`domain`,`savepath`,`savename` FROM `sml_assets` WHERE (  id in (1) and IsDel = 0  )  [ RunTime:0.0007s ]
SQL: SELECT `name` FROM `sml_cate` WHERE ( id = '6'  ) LIMIT 1   [ RunTime:0.0010s ]
SQL: SELECT `contact` FROM `sml_users` WHERE ( id='1002' ) LIMIT 1   [ RunTime:0.0009s ]
SQL: SELECT `id`,`domain`,`savepath`,`savename` FROM `sml_assets` WHERE (  id in (10) and IsDel = 0  )  [ RunTime:0.0009s ]
SQL: SELECT `name` FROM `sml_cate` WHERE ( id = '2'  ) LIMIT 1   [ RunTime:0.0006s ]
SQL: SELECT `contact` FROM `sml_users` WHERE ( id='1002' ) LIMIT 1   [ RunTime:0.0006s ]
SQL: SHOW COLUMNS FROM `sml_frilink` [ RunTime:0.0090s ]
SQL: SHOW COLUMNS FROM `sml_cate` [ RunTime:0.0092s ]
SQL: SELECT `name` FROM `sml_cate` WHERE ( url like '%Index%'  ) LIMIT 1   [ RunTime:0.0007s ]

