[ 2017-01-10T12:36:56+08:00 ] 127.0.0.1 /smile/indin.php
INFO: [ app_init ] --START--
INFO: Run Behavior\BuildLiteBehavior [ RunTime:0.000036s ]
INFO: [ app_init ] --END-- [ RunTime:0.001312s ]
INFO: [ app_begin ] --START--
INFO: Run Behavior\ReadHtmlCacheBehavior [ RunTime:0.002382s ]
INFO: [ app_begin ] --END-- [ RunTime:0.002556s ]
SQL: SHOW COLUMNS FROM `blog_action` [ RunTime:0.0160s ]
SQL: SELECT `name` FROM `blog_action` WHERE ( public='log' ) LIMIT 1   [ RunTime:0.1448s ]
INFO: [ view_parse ] --START--
INFO: [ template_filter ] --START--
INFO: Run Behavior\ContentReplaceBehavior [ RunTime:0.000145s ]
INFO: [ template_filter ] --END-- [ RunTime:0.000284s ]
INFO: Run Behavior\ParseTemplateBehavior [ RunTime:0.159674s ]
INFO: [ view_parse ] --END-- [ RunTime:0.159846s ]
INFO: [ view_filter ] --START--
INFO: Run Behavior\WriteHtmlCacheBehavior [ RunTime:0.001437s ]
INFO: [ view_filter ] --END-- [ RunTime:0.001574s ]
INFO: [ app_end ] --START--
INFO: Run Behavior\ShowPageTraceBehavior [ RunTime:0.001829s ]
INFO: [ app_end ] --END-- [ RunTime:0.001973s ]

[ 2017-01-10T12:36:58+08:00 ] 127.0.0.1 /smile/indin.php?m=Hmin&c=Index&a=getVerify
INFO: [ app_init ] --START--
INFO: Run Behavior\BuildLiteBehavior [ RunTime:0.000041s ]
INFO: [ app_init ] --END-- [ RunTime:0.001306s ]
INFO: [ app_begin ] --START--
INFO: Run Behavior\ReadHtmlCacheBehavior [ RunTime:0.001950s ]
INFO: [ app_begin ] --END-- [ RunTime:0.002130s ]
INFO: [ app_end ] --START--
INFO: Run Behavior\ShowPageTraceBehavior [ RunTime:0.003171s ]
INFO: [ app_end ] --END-- [ RunTime:0.003370s ]

[ 2017-01-10T12:36:58+08:00 ] 127.0.0.1 /smile/indin.php?m=Hmin&c=Index&a=getVerify&random=0.2531271902537158
INFO: [ app_init ] --START--
INFO: Run Behavior\BuildLiteBehavior [ RunTime:0.000059s ]
INFO: [ app_init ] --END-- [ RunTime:0.002218s ]
INFO: [ app_begin ] --START--
INFO: Run Behavior\ReadHtmlCacheBehavior [ RunTime:0.005632s ]
INFO: [ app_begin ] --END-- [ RunTime:0.006077s ]
INFO: [ app_end ] --START--
INFO: Run Behavior\ShowPageTraceBehavior [ RunTime:0.001922s ]
INFO: [ app_end ] --END-- [ RunTime:0.002115s ]

[ 2017-01-10T12:37:23+08:00 ] 127.0.0.1 /smile/indin.php
INFO: [ app_init ] --START--
INFO: Run Behavior\BuildLiteBehavior [ RunTime:0.000036s ]
INFO: [ app_init ] --END-- [ RunTime:0.001054s ]
INFO: [ app_begin ] --START--
INFO: Run Behavior\ReadHtmlCacheBehavior [ RunTime:0.001339s ]
INFO: [ app_begin ] --END-- [ RunTime:0.001521s ]
SQL: SHOW COLUMNS FROM `blog_action` [ RunTime:0.0131s ]
SQL: SELECT `name` FROM `blog_action` WHERE ( public='log' ) LIMIT 1   [ RunTime:0.0012s ]
INFO: [ view_parse ] --START--
INFO: [ template_filter ] --START--
INFO: Run Behavior\ContentReplaceBehavior [ RunTime:0.000160s ]
INFO: [ template_filter ] --END-- [ RunTime:0.000313s ]
INFO: Run Behavior\ParseTemplateBehavior [ RunTime:0.020764s ]
INFO: [ view_parse ] --END-- [ RunTime:0.020944s ]
INFO: [ view_filter ] --START--
INFO: Run Behavior\WriteHtmlCacheBehavior [ RunTime:0.001270s ]
INFO: [ view_filter ] --END-- [ RunTime:0.001400s ]
INFO: [ app_end ] --START--
INFO: Run Behavior\ShowPageTraceBehavior [ RunTime:0.002470s ]
INFO: [ app_end ] --END-- [ RunTime:0.002605s ]

[ 2017-01-10T12:37:24+08:00 ] 127.0.0.1 /smile/indin.php?m=Hmin&c=Index&a=getVerify
INFO: [ app_init ] --START--
INFO: Run Behavior\BuildLiteBehavior [ RunTime:0.000038s ]
INFO: [ app_init ] --END-- [ RunTime:0.001512s ]
INFO: [ app_begin ] --START--
INFO: Run Behavior\ReadHtmlCacheBehavior [ RunTime:0.002215s ]
INFO: [ app_begin ] --END-- [ RunTime:0.002418s ]
INFO: [ app_end ] --START--
INFO: Run Behavior\ShowPageTraceBehavior [ RunTime:0.052718s ]
INFO: [ app_end ] --END-- [ RunTime:0.052910s ]

[ 2017-01-10T12:37:24+08:00 ] 127.0.0.1 /smile/indin.php?m=Hmin&c=Index&a=getVerify&random=0.06074109859127175
INFO: [ app_init ] --START--
INFO: Run Behavior\BuildLiteBehavior [ RunTime:0.000045s ]
INFO: [ app_init ] --END-- [ RunTime:0.001325s ]
INFO: [ app_begin ] --START--
INFO: Run Behavior\ReadHtmlCacheBehavior [ RunTime:0.001891s ]
INFO: [ app_begin ] --END-- [ RunTime:0.002102s ]
INFO: [ app_end ] --START--
INFO: Run Behavior\ShowPageTraceBehavior [ RunTime:0.001495s ]
INFO: [ app_end ] --END-- [ RunTime:0.001790s ]

[ 2017-01-10T14:13:34+08:00 ] 127.0.0.1 /smile/indin.php
INFO: [ app_init ] --START--
INFO: Run Behavior\BuildLiteBehavior [ RunTime:0.000036s ]
INFO: [ app_init ] --END-- [ RunTime:0.004475s ]
INFO: [ app_begin ] --START--
INFO: Run Behavior\ReadHtmlCacheBehavior [ RunTime:0.005858s ]
INFO: [ app_begin ] --END-- [ RunTime:0.006031s ]
SQL: SHOW COLUMNS FROM `blog_action` [ RunTime:0.0942s ]
SQL: SELECT `name` FROM `blog_action` WHERE ( public='log' ) LIMIT 1   [ RunTime:0.0598s ]
INFO: [ view_parse ] --START--
INFO: [ template_filter ] --START--
INFO: Run Behavior\ContentReplaceBehavior [ RunTime:0.000147s ]
INFO: [ template_filter ] --END-- [ RunTime:0.000283s ]
INFO: Run Behavior\ParseTemplateBehavior [ RunTime:0.141074s ]
INFO: [ view_parse ] --END-- [ RunTime:0.141245s ]
INFO: [ view_filter ] --START--
INFO: Run Behavior\WriteHtmlCacheBehavior [ RunTime:0.024775s ]
INFO: [ view_filter ] --END-- [ RunTime:0.024905s ]
INFO: [ app_end ] --START--
INFO: Run Behavior\ShowPageTraceBehavior [ RunTime:0.003528s ]
INFO: [ app_end ] --END-- [ RunTime:0.004486s ]

[ 2017-01-10T14:13:35+08:00 ] 127.0.0.1 /smile/indin.php?m=Hmin&c=Index&a=getVerify
INFO: [ app_init ] --START--
INFO: Run Behavior\BuildLiteBehavior [ RunTime:0.000037s ]
INFO: [ app_init ] --END-- [ RunTime:0.001328s ]
INFO: [ app_begin ] --START--
INFO: Run Behavior\ReadHtmlCacheBehavior [ RunTime:0.004252s ]
INFO: [ app_begin ] --END-- [ RunTime:0.005771s ]
INFO: [ app_end ] --START--
INFO: Run Behavior\ShowPageTraceBehavior [ RunTime:0.004542s ]
INFO: [ app_end ] --END-- [ RunTime:0.004740s ]

[ 2017-01-10T14:13:36+08:00 ] 127.0.0.1 /smile/indin.php?m=Hmin&c=Index&a=getVerify&random=0.6659216578345932
INFO: [ app_init ] --START--
INFO: Run Behavior\BuildLiteBehavior [ RunTime:0.000036s ]
INFO: [ app_init ] --END-- [ RunTime:0.021532s ]
INFO: [ app_begin ] --START--
INFO: Run Behavior\ReadHtmlCacheBehavior [ RunTime:0.003154s ]
INFO: [ app_begin ] --END-- [ RunTime:0.003385s ]
INFO: [ app_end ] --START--
INFO: Run Behavior\ShowPageTraceBehavior [ RunTime:0.003560s ]
INFO: [ app_end ] --END-- [ RunTime:0.003827s ]

