[ 2017-01-28T13:17:42+08:00 ] 127.0.0.1 /smile/indin.php
INFO: [ app_init ] --START--
INFO: Run Behavior\BuildLiteBehavior [ RunTime:0.000077s ]
INFO: [ app_init ] --END-- [ RunTime:0.001718s ]
INFO: [ app_begin ] --START--
INFO: Run Behavior\ReadHtmlCacheBehavior [ RunTime:0.003570s ]
INFO: [ app_begin ] --END-- [ RunTime:0.003733s ]
SQL: SHOW COLUMNS FROM `sml_action` [ RunTime:0.0444s ]
SQL: SELECT `name` FROM `sml_action` WHERE ( public='log' ) LIMIT 1   [ RunTime:0.0161s ]
INFO: [ view_parse ] --START--
INFO: [ template_filter ] --START--
INFO: Run Behavior\ContentReplaceBehavior [ RunTime:0.000122s ]
INFO: [ template_filter ] --END-- [ RunTime:0.000248s ]
INFO: Run Behavior\ParseTemplateBehavior [ RunTime:0.075364s ]
INFO: [ view_parse ] --END-- [ RunTime:0.075527s ]
INFO: [ view_filter ] --START--
INFO: Run Behavior\WriteHtmlCacheBehavior [ RunTime:0.003654s ]
INFO: [ view_filter ] --END-- [ RunTime:0.003781s ]
INFO: [ app_end ] --START--
INFO: Run Behavior\ShowPageTraceBehavior [ RunTime:0.002609s ]
INFO: [ app_end ] --END-- [ RunTime:0.002758s ]

[ 2017-01-28T13:17:42+08:00 ] 127.0.0.1 /smile/indin.php?m=Hmin&c=Index&a=getVerify
INFO: [ app_init ] --START--
INFO: Run Behavior\BuildLiteBehavior [ RunTime:0.000037s ]
INFO: [ app_init ] --END-- [ RunTime:0.001366s ]
INFO: [ app_begin ] --START--
INFO: Run Behavior\ReadHtmlCacheBehavior [ RunTime:0.004258s ]
INFO: [ app_begin ] --END-- [ RunTime:0.004459s ]
INFO: [ app_end ] --START--
INFO: Run Behavior\ShowPageTraceBehavior [ RunTime:0.001921s ]
INFO: [ app_end ] --END-- [ RunTime:0.002110s ]

[ 2017-01-28T13:17:42+08:00 ] 127.0.0.1 /smile/indin.php?m=Hmin&c=Index&a=getVerify&random=0.4063469147319595
INFO: [ app_init ] --START--
INFO: Run Behavior\BuildLiteBehavior [ RunTime:0.000033s ]
INFO: [ app_init ] --END-- [ RunTime:0.000997s ]
INFO: [ app_begin ] --START--
INFO: Run Behavior\ReadHtmlCacheBehavior [ RunTime:0.001327s ]
INFO: [ app_begin ] --END-- [ RunTime:0.001512s ]
INFO: [ app_end ] --START--
INFO: Run Behavior\ShowPageTraceBehavior [ RunTime:0.001242s ]
INFO: [ app_end ] --END-- [ RunTime:0.001388s ]

[ 2017-01-28T13:17:58+08:00 ] 127.0.0.1 /smile/indin.php?m=Hmin&c=Index&a=getVerify&random=0.4063469147319595&random=0.553982236673352
INFO: [ app_init ] --START--
INFO: Run Behavior\BuildLiteBehavior [ RunTime:0.000036s ]
INFO: [ app_init ] --END-- [ RunTime:0.000969s ]
INFO: [ app_begin ] --START--
INFO: Run Behavior\ReadHtmlCacheBehavior [ RunTime:0.001411s ]
INFO: [ app_begin ] --END-- [ RunTime:0.001569s ]
INFO: [ app_end ] --START--
INFO: Run Behavior\ShowPageTraceBehavior [ RunTime:0.001675s ]
INFO: [ app_end ] --END-- [ RunTime:0.001889s ]

[ 2017-01-28T13:18:07+08:00 ] 127.0.0.1 /smile/indin.php?m=Hmin&c=Index&a=logindo
INFO: [ app_init ] --START--
INFO: Run Behavior\BuildLiteBehavior [ RunTime:0.000037s ]
INFO: [ app_init ] --END-- [ RunTime:0.001069s ]
INFO: [ app_begin ] --START--
INFO: Run Behavior\ReadHtmlCacheBehavior [ RunTime:0.001372s ]
INFO: [ app_begin ] --END-- [ RunTime:0.001537s ]
SQL: SHOW COLUMNS FROM `sml_users` [ RunTime:0.0817s ]
SQL: SELECT * FROM `sml_users` WHERE ( (tel='963249783' OR qq='963249783') AND password='4b8af08e011c961d9e86a11ab12b673f' ) LIMIT 1   [ RunTime:0.0011s ]
INFO: [ app_end ] --START--
INFO: Run Behavior\ShowPageTraceBehavior [ RunTime:0.001360s ]
INFO: [ app_end ] --END-- [ RunTime:0.001484s ]

[ 2017-01-28T13:18:07+08:00 ] 127.0.0.1 /smile/indin.php?m=Hmin&c=Index&a=getVerify&random=0.4063469147319595&random=0.553982236673352&random=0.7652347357372442
INFO: [ app_init ] --START--
INFO: Run Behavior\BuildLiteBehavior [ RunTime:0.000040s ]
INFO: [ app_init ] --END-- [ RunTime:0.001455s ]
INFO: [ app_begin ] --START--
INFO: Run Behavior\ReadHtmlCacheBehavior [ RunTime:0.001207s ]
INFO: [ app_begin ] --END-- [ RunTime:0.001366s ]
INFO: [ app_end ] --START--
INFO: Run Behavior\ShowPageTraceBehavior [ RunTime:0.001697s ]
INFO: [ app_end ] --END-- [ RunTime:0.001883s ]

[ 2017-01-28T13:18:13+08:00 ] 127.0.0.1 /smile/indin.php?m=Hmin&c=Index&a=getVerify&random=0.4063469147319595&random=0.553982236673352&random=0.7652347357372442&random=0.42129443493154245
INFO: [ app_init ] --START--
INFO: Run Behavior\BuildLiteBehavior [ RunTime:0.000037s ]
INFO: [ app_init ] --END-- [ RunTime:0.001305s ]
INFO: [ app_begin ] --START--
INFO: Run Behavior\ReadHtmlCacheBehavior [ RunTime:0.001942s ]
INFO: [ app_begin ] --END-- [ RunTime:0.002116s ]
INFO: [ app_end ] --START--
INFO: Run Behavior\ShowPageTraceBehavior [ RunTime:0.001736s ]
INFO: [ app_end ] --END-- [ RunTime:0.001884s ]

[ 2017-01-28T13:18:53+08:00 ] 127.0.0.1 /smile/indin.php?m=Hmin&c=Index&a=logindo
INFO: [ app_init ] --START--
INFO: Run Behavior\BuildLiteBehavior [ RunTime:0.000036s ]
INFO: [ app_init ] --END-- [ RunTime:0.001168s ]
INFO: [ app_begin ] --START--
INFO: Run Behavior\ReadHtmlCacheBehavior [ RunTime:0.001374s ]
INFO: [ app_begin ] --END-- [ RunTime:0.001546s ]
SQL: SHOW COLUMNS FROM `sml_users` [ RunTime:0.0106s ]
SQL: SELECT * FROM `sml_users` WHERE ( (tel='15827474907' OR qq='15827474907') AND password='4b8af08e011c961d9e86a11ab12b673f' ) LIMIT 1   [ RunTime:0.0008s ]
INFO: [ app_end ] --START--
INFO: Run Behavior\ShowPageTraceBehavior [ RunTime:0.001301s ]
INFO: [ app_end ] --END-- [ RunTime:0.001442s ]

[ 2017-01-28T13:18:53+08:00 ] 127.0.0.1 /smile/indin.php?m=Hmin&c=Index&a=getVerify&random=0.4063469147319595&random=0.553982236673352&random=0.7652347357372442&random=0.42129443493154245&random=0.7582262631869059
INFO: [ app_init ] --START--
INFO: Run Behavior\BuildLiteBehavior [ RunTime:0.000038s ]
INFO: [ app_init ] --END-- [ RunTime:0.001132s ]
INFO: [ app_begin ] --START--
INFO: Run Behavior\ReadHtmlCacheBehavior [ RunTime:0.001773s ]
INFO: [ app_begin ] --END-- [ RunTime:0.002018s ]
INFO: [ app_end ] --START--
INFO: Run Behavior\ShowPageTraceBehavior [ RunTime:0.001361s ]
INFO: [ app_end ] --END-- [ RunTime:0.001523s ]

[ 2017-01-28T13:18:59+08:00 ] 127.0.0.1 /smile/indin.php?m=Hmin&c=Index&a=getVerify&random=0.4063469147319595&random=0.553982236673352&random=0.7652347357372442&random=0.42129443493154245&random=0.7582262631869059&random=0.5383632879887632
INFO: [ app_init ] --START--
INFO: Run Behavior\BuildLiteBehavior [ RunTime:0.000042s ]
INFO: [ app_init ] --END-- [ RunTime:0.001156s ]
INFO: [ app_begin ] --START--
INFO: Run Behavior\ReadHtmlCacheBehavior [ RunTime:0.001316s ]
INFO: [ app_begin ] --END-- [ RunTime:0.001500s ]
INFO: [ app_end ] --START--
INFO: Run Behavior\ShowPageTraceBehavior [ RunTime:0.002164s ]
INFO: [ app_end ] --END-- [ RunTime:0.002334s ]

[ 2017-01-28T13:19:00+08:00 ] 127.0.0.1 /smile/indin.php?m=Hmin&c=Index&a=getVerify&random=0.4063469147319595&random=0.553982236673352&random=0.7652347357372442&random=0.42129443493154245&random=0.7582262631869059&random=0.5383632879887632&random=0.8111351682336687
INFO: [ app_init ] --START--
INFO: Run Behavior\BuildLiteBehavior [ RunTime:0.000033s ]
INFO: [ app_init ] --END-- [ RunTime:0.000940s ]
INFO: [ app_begin ] --START--
INFO: Run Behavior\ReadHtmlCacheBehavior [ RunTime:0.001121s ]
INFO: [ app_begin ] --END-- [ RunTime:0.001268s ]
INFO: [ app_end ] --START--
INFO: Run Behavior\ShowPageTraceBehavior [ RunTime:0.001331s ]
INFO: [ app_end ] --END-- [ RunTime:0.001511s ]

[ 2017-01-28T13:20:04+08:00 ] 127.0.0.1 /smile/indin.php?m=Hmin&c=Index&a=logindo
INFO: [ app_init ] --START--
INFO: Run Behavior\BuildLiteBehavior [ RunTime:0.000036s ]
INFO: [ app_init ] --END-- [ RunTime:0.001362s ]
INFO: [ app_begin ] --START--
INFO: Run Behavior\ReadHtmlCacheBehavior [ RunTime:0.001317s ]
INFO: [ app_begin ] --END-- [ RunTime:0.001485s ]
SQL: SHOW COLUMNS FROM `sml_users` [ RunTime:0.0156s ]
SQL: SELECT * FROM `sml_users` WHERE ( (tel='admin' OR qq='admin') AND password='4b8af08e011c961d9e86a11ab12b673f' ) LIMIT 1   [ RunTime:0.0010s ]
SQL: SHOW COLUMNS FROM `sml_group` [ RunTime:0.0298s ]
SQL: SELECT `title` FROM `sml_group` WHERE ( id=1 ) LIMIT 1   [ RunTime:0.0007s ]
SQL: SHOW COLUMNS FROM `sml_users_sign` [ RunTime:0.0394s ]
SQL: SELECT `sign_score` FROM `sml_users_sign` WHERE ( id=1001 AND sign_mon=201701 ) LIMIT 1   [ RunTime:0.0007s ]
SQL: UPDATE `sml_users` SET `ip`='127.0.0.1' WHERE ( id=1001 ) [ RunTime:0.0986s ]
SQL: UPDATE `sml_users` SET `lastdate`='2017-01-28 13:20:03' WHERE ( id=1001 ) [ RunTime:0.0646s ]
SQL: SHOW COLUMNS FROM `sml_log_logins` [ RunTime:0.0138s ]
SQL: INSERT INTO `sml_log_logins` (`loginip`,`logintime`,`userid`) VALUES ('127.0.0.1','2017-01-28 13:20:03','1001') [ RunTime:0.1381s ]
SQL: select version() as ver [ RunTime:0.0008s ]
SQL: SHOW TABLE STATUS FROM smile LIKE 'sml_%' [ RunTime:0.6258s ]
INFO: [ app_end ] --START--
INFO: Run Behavior\ShowPageTraceBehavior [ RunTime:0.001310s ]
INFO: [ app_end ] --END-- [ RunTime:0.001459s ]

[ 2017-01-28T13:20:06+08:00 ] 127.0.0.1 /smile/indin.php?m=Hmin&c=Admin&a=index
INFO: [ app_init ] --START--
INFO: Run Behavior\BuildLiteBehavior [ RunTime:0.000036s ]
INFO: [ app_init ] --END-- [ RunTime:0.001085s ]
INFO: [ app_begin ] --START--
INFO: Run Behavior\ReadHtmlCacheBehavior [ RunTime:0.001308s ]
INFO: [ app_begin ] --END-- [ RunTime:0.001499s ]
SQL: SHOW COLUMNS FROM `sml_users_sign` [ RunTime:0.0425s ]
SQL: SELECT `sign_day` FROM `sml_users_sign` WHERE ( sign_uid=1001 AND sign_mon=201701 ) LIMIT 1   [ RunTime:0.0008s ]
SQL: SHOW COLUMNS FROM `sml_action` [ RunTime:0.0219s ]
SQL: SELECT `id` FROM `sml_action` WHERE ( url='Admin/index' ) LIMIT 1   [ RunTime:0.0007s ]
SQL: SHOW COLUMNS FROM `sml_group` [ RunTime:0.0091s ]
SQL: SELECT `rules` FROM `sml_group` WHERE ( id=1 ) LIMIT 1   [ RunTime:0.0007s ]
SQL: SHOW COLUMNS FROM `sml_areas` [ RunTime:0.0117s ]
SQL: SELECT * FROM `sml_areas` WHERE ( pid=0 )  [ RunTime:0.0320s ]
SQL: SHOW COLUMNS FROM `sml_setup` [ RunTime:0.0107s ]
SQL: SELECT * FROM `sml_setup` WHERE ( id=1 ) LIMIT 1   [ RunTime:0.0007s ]
SQL: SHOW COLUMNS FROM `sml_cate` [ RunTime:0.0100s ]
SQL: SELECT * FROM `sml_cate` WHERE ( isdel=0 )  [ RunTime:0.0010s ]
SQL: SHOW COLUMNS FROM `sml_news` [ RunTime:0.0084s ]
SQL: SELECT * FROM `sml_news` WHERE ( isread = 0 )  [ RunTime:0.0013s ]
SQL: SELECT COUNT(*) AS tp_count FROM `sml_news` WHERE ( isread = 0 ) LIMIT 1   [ RunTime:0.0008s ]
SQL: SELECT * FROM `sml_action` WHERE ( isdel=0 AND public='0' ) ORDER BY sort asc  [ RunTime:0.0022s ]
SQL: SELECT `name` FROM `sml_action` WHERE ( public='main' ) LIMIT 1   [ RunTime:0.0010s ]
INFO: [ view_parse ] --START--
INFO: [ template_filter ] --START--
INFO: Run Behavior\ContentReplaceBehavior [ RunTime:0.000252s ]
INFO: [ template_filter ] --END-- [ RunTime:0.000398s ]
NOTIC: [8] Undefined variable: Sis E:\xampp\htdocs\smile\Application\Runtime\Cache\Hmin\98b26f1438958b5703a522529ece4894.php 第 102 行.
INFO: Run Behavior\ParseTemplateBehavior [ RunTime:0.127388s ]
INFO: [ view_parse ] --END-- [ RunTime:0.127545s ]
INFO: [ view_filter ] --START--
INFO: Run Behavior\WriteHtmlCacheBehavior [ RunTime:0.001320s ]
INFO: [ view_filter ] --END-- [ RunTime:0.001442s ]
INFO: [ app_end ] --START--
INFO: Run Behavior\ShowPageTraceBehavior [ RunTime:0.002290s ]
INFO: [ app_end ] --END-- [ RunTime:0.002546s ]

[ 2017-01-28T13:20:07+08:00 ] 127.0.0.1 /smile/indin.php?m=Hmin&c=Admin&a=index
INFO: [ app_init ] --START--
INFO: Run Behavior\BuildLiteBehavior [ RunTime:0.000033s ]
INFO: [ app_init ] --END-- [ RunTime:0.001265s ]
INFO: [ app_begin ] --START--
INFO: Run Behavior\ReadHtmlCacheBehavior [ RunTime:0.002911s ]
INFO: [ app_begin ] --END-- [ RunTime:0.003090s ]
NOTIC: [8] Undefined index: SML_USER E:\xampp\htdocs\smile\Application\Hmin\Controller\SmileController.class.php 第 7 行.

[ 2017-01-28T13:20:08+08:00 ] 127.0.0.1 /smile/indin.php?m=Hmin&c=Admin&a=home
INFO: [ app_init ] --START--
INFO: Run Behavior\BuildLiteBehavior [ RunTime:0.000039s ]
INFO: [ app_init ] --END-- [ RunTime:0.004409s ]
INFO: [ app_begin ] --START--
INFO: Run Behavior\ReadHtmlCacheBehavior [ RunTime:0.003578s ]
INFO: [ app_begin ] --END-- [ RunTime:0.003786s ]
SQL: SHOW COLUMNS FROM `sml_users_sign` [ RunTime:0.0095s ]
SQL: SELECT `sign_day` FROM `sml_users_sign` WHERE ( sign_uid=1001 AND sign_mon=201701 ) LIMIT 1   [ RunTime:0.0008s ]
SQL: SHOW COLUMNS FROM `sml_action` [ RunTime:0.0106s ]
SQL: SELECT `id` FROM `sml_action` WHERE ( url='Admin/home' ) LIMIT 1   [ RunTime:0.0008s ]
SQL: SHOW COLUMNS FROM `sml_group` [ RunTime:0.0320s ]
SQL: SELECT `rules` FROM `sml_group` WHERE ( id=1 ) LIMIT 1   [ RunTime:0.0008s ]
SQL: SHOW COLUMNS FROM `sml_areas` [ RunTime:0.0104s ]
SQL: SELECT * FROM `sml_areas` WHERE ( pid=0 )  [ RunTime:0.0069s ]
SQL: SHOW COLUMNS FROM `sml_setup` [ RunTime:0.0102s ]
SQL: SELECT * FROM `sml_setup` WHERE ( id=1 ) LIMIT 1   [ RunTime:0.0009s ]
SQL: SHOW COLUMNS FROM `sml_cate` [ RunTime:0.0105s ]
SQL: SELECT * FROM `sml_cate` WHERE ( isdel=0 )  [ RunTime:0.0008s ]
SQL: SHOW COLUMNS FROM `sml_news` [ RunTime:0.0086s ]
SQL: SELECT * FROM `sml_news` WHERE ( isread = 0 )  [ RunTime:0.0010s ]
SQL: SELECT COUNT(*) AS tp_count FROM `sml_news` WHERE ( isread = 0 ) LIMIT 1   [ RunTime:0.0007s ]
SQL: SHOW COLUMNS FROM `sml_assets` [ RunTime:0.0089s ]
SQL: SELECT COUNT(*) AS tp_count FROM `sml_assets` WHERE ( isdel=0 ) LIMIT 1   [ RunTime:0.0007s ]
SQL: SELECT * FROM `sml_assets` ORDER BY id desc LIMIT 0,12   [ RunTime:0.0012s ]
INFO: [ view_parse ] --START--
INFO: [ template_filter ] --START--
INFO: Run Behavior\ContentReplaceBehavior [ RunTime:0.000272s ]
INFO: [ template_filter ] --END-- [ RunTime:0.000398s ]
INFO: Run Behavior\ParseTemplateBehavior [ RunTime:0.234093s ]
INFO: [ view_parse ] --END-- [ RunTime:0.234244s ]
INFO: [ view_filter ] --START--
INFO: Run Behavior\WriteHtmlCacheBehavior [ RunTime:0.004264s ]
INFO: [ view_filter ] --END-- [ RunTime:0.004395s ]
INFO: [ app_end ] --START--
INFO: Run Behavior\ShowPageTraceBehavior [ RunTime:0.002715s ]
INFO: [ app_end ] --END-- [ RunTime:0.002878s ]

[ 2017-01-28T13:20:19+08:00 ] 127.0.0.1 /smile/indin.php?m=Hmin&c=Infor&a=sign
INFO: [ app_init ] --START--
INFO: Run Behavior\BuildLiteBehavior [ RunTime:0.000084s ]
INFO: [ app_init ] --END-- [ RunTime:0.001746s ]
INFO: [ app_begin ] --START--
INFO: Run Behavior\ReadHtmlCacheBehavior [ RunTime:0.001654s ]
INFO: [ app_begin ] --END-- [ RunTime:0.001811s ]
SQL: SHOW COLUMNS FROM `sml_users_sign` [ RunTime:0.0098s ]
SQL: SELECT `sign_day` FROM `sml_users_sign` WHERE ( sign_uid=1001 AND sign_mon=201701 ) LIMIT 1   [ RunTime:0.0007s ]
SQL: SHOW COLUMNS FROM `sml_action` [ RunTime:0.0086s ]
SQL: SELECT `id` FROM `sml_action` WHERE ( url='Infor/sign' ) LIMIT 1   [ RunTime:0.0009s ]
SQL: SHOW COLUMNS FROM `sml_group` [ RunTime:0.0088s ]
SQL: SELECT `rules` FROM `sml_group` WHERE ( id=1 ) LIMIT 1   [ RunTime:0.0006s ]
SQL: SHOW COLUMNS FROM `sml_areas` [ RunTime:0.0095s ]
SQL: SELECT * FROM `sml_areas` WHERE ( pid=0 )  [ RunTime:0.0070s ]
SQL: SHOW COLUMNS FROM `sml_setup` [ RunTime:0.0103s ]
SQL: SELECT * FROM `sml_setup` WHERE ( id=1 ) LIMIT 1   [ RunTime:0.0007s ]
SQL: SHOW COLUMNS FROM `sml_cate` [ RunTime:0.0086s ]
SQL: SELECT * FROM `sml_cate` WHERE ( isdel=0 )  [ RunTime:0.0011s ]
SQL: SHOW COLUMNS FROM `sml_news` [ RunTime:0.0101s ]
SQL: SELECT * FROM `sml_news` WHERE ( isread = 0 )  [ RunTime:0.0008s ]
SQL: SELECT COUNT(*) AS tp_count FROM `sml_news` WHERE ( isread = 0 ) LIMIT 1   [ RunTime:0.0008s ]
SQL: SELECT * FROM `sml_users_sign` WHERE ( sign_uid=1001 AND sign_mon =201701 ) LIMIT 1   [ RunTime:0.0008s ]
SQL: INSERT INTO `sml_users_sign` (`sign_uid`,`sign_mon`,`sign_day`,`sign_score`,`sign_num`,`sign_date`,`sign_days`) VALUES ('1001','201701','28','2','1','2017-01-28 13:20:19',',28') [ RunTime:0.1514s ]
INFO: [ app_end ] --START--
INFO: Run Behavior\ShowPageTraceBehavior [ RunTime:0.002134s ]
INFO: [ app_end ] --END-- [ RunTime:0.002294s ]

[ 2017-01-28T13:20:24+08:00 ] 127.0.0.1 /smile/indin.php?m=Hmin&c=Admin&a=index
INFO: [ app_init ] --START--
INFO: Run Behavior\BuildLiteBehavior [ RunTime:0.000035s ]
INFO: [ app_init ] --END-- [ RunTime:0.000968s ]
INFO: [ app_begin ] --START--
INFO: Run Behavior\ReadHtmlCacheBehavior [ RunTime:0.001184s ]
INFO: [ app_begin ] --END-- [ RunTime:0.001336s ]
SQL: SHOW COLUMNS FROM `sml_users_sign` [ RunTime:0.0148s ]
SQL: SELECT `sign_day` FROM `sml_users_sign` WHERE ( sign_uid=1001 AND sign_mon=201701 ) LIMIT 1   [ RunTime:0.0007s ]
SQL: SHOW COLUMNS FROM `sml_action` [ RunTime:0.0222s ]
SQL: SELECT `id` FROM `sml_action` WHERE ( url='Admin/index' ) LIMIT 1   [ RunTime:0.0007s ]
SQL: SHOW COLUMNS FROM `sml_group` [ RunTime:0.0156s ]
SQL: SELECT `rules` FROM `sml_group` WHERE ( id=1 ) LIMIT 1   [ RunTime:0.0008s ]
SQL: SHOW COLUMNS FROM `sml_areas` [ RunTime:0.0150s ]
SQL: SELECT * FROM `sml_areas` WHERE ( pid=0 )  [ RunTime:0.0068s ]
SQL: SHOW COLUMNS FROM `sml_setup` [ RunTime:0.0264s ]
SQL: SELECT * FROM `sml_setup` WHERE ( id=1 ) LIMIT 1   [ RunTime:0.0007s ]
SQL: SHOW COLUMNS FROM `sml_cate` [ RunTime:0.0139s ]
SQL: SELECT * FROM `sml_cate` WHERE ( isdel=0 )  [ RunTime:0.0010s ]
SQL: SHOW COLUMNS FROM `sml_news` [ RunTime:0.0152s ]
SQL: SELECT * FROM `sml_news` WHERE ( isread = 0 )  [ RunTime:0.0007s ]
SQL: SELECT COUNT(*) AS tp_count FROM `sml_news` WHERE ( isread = 0 ) LIMIT 1   [ RunTime:0.0007s ]
SQL: SELECT * FROM `sml_action` WHERE ( isdel=0 AND public='0' ) ORDER BY sort asc  [ RunTime:0.0019s ]
SQL: SELECT `name` FROM `sml_action` WHERE ( public='main' ) LIMIT 1   [ RunTime:0.0007s ]
INFO: [ view_parse ] --START--
INFO: [ template_filter ] --START--
INFO: Run Behavior\ContentReplaceBehavior [ RunTime:0.000244s ]
INFO: [ template_filter ] --END-- [ RunTime:0.000420s ]
INFO: Run Behavior\ParseTemplateBehavior [ RunTime:0.036159s ]
INFO: [ view_parse ] --END-- [ RunTime:0.036308s ]
INFO: [ view_filter ] --START--
INFO: Run Behavior\WriteHtmlCacheBehavior [ RunTime:0.001227s ]
INFO: [ view_filter ] --END-- [ RunTime:0.001351s ]
INFO: [ app_end ] --START--
INFO: Run Behavior\ShowPageTraceBehavior [ RunTime:0.001365s ]
INFO: [ app_end ] --END-- [ RunTime:0.001529s ]

[ 2017-01-28T13:20:24+08:00 ] 127.0.0.1 /smile/indin.php?m=Hmin&c=Admin&a=home
INFO: [ app_init ] --START--
INFO: Run Behavior\BuildLiteBehavior [ RunTime:0.000038s ]
INFO: [ app_init ] --END-- [ RunTime:0.001138s ]
INFO: [ app_begin ] --START--
INFO: Run Behavior\ReadHtmlCacheBehavior [ RunTime:0.001620s ]
INFO: [ app_begin ] --END-- [ RunTime:0.001815s ]
SQL: SHOW COLUMNS FROM `sml_users_sign` [ RunTime:0.0089s ]
SQL: SELECT `sign_day` FROM `sml_users_sign` WHERE ( sign_uid=1001 AND sign_mon=201701 ) LIMIT 1   [ RunTime:0.0008s ]
SQL: SHOW COLUMNS FROM `sml_action` [ RunTime:0.0099s ]
SQL: SELECT `id` FROM `sml_action` WHERE ( url='Admin/home' ) LIMIT 1   [ RunTime:0.0008s ]
SQL: SHOW COLUMNS FROM `sml_group` [ RunTime:0.0094s ]
SQL: SELECT `rules` FROM `sml_group` WHERE ( id=1 ) LIMIT 1   [ RunTime:0.0008s ]
SQL: SHOW COLUMNS FROM `sml_areas` [ RunTime:0.0093s ]
SQL: SELECT * FROM `sml_areas` WHERE ( pid=0 )  [ RunTime:0.0103s ]
SQL: SHOW COLUMNS FROM `sml_setup` [ RunTime:0.0107s ]
SQL: SELECT * FROM `sml_setup` WHERE ( id=1 ) LIMIT 1   [ RunTime:0.0008s ]
SQL: SHOW COLUMNS FROM `sml_cate` [ RunTime:0.0089s ]
SQL: SELECT * FROM `sml_cate` WHERE ( isdel=0 )  [ RunTime:0.0020s ]
SQL: SHOW COLUMNS FROM `sml_news` [ RunTime:0.0106s ]
SQL: SELECT * FROM `sml_news` WHERE ( isread = 0 )  [ RunTime:0.0008s ]
SQL: SELECT COUNT(*) AS tp_count FROM `sml_news` WHERE ( isread = 0 ) LIMIT 1   [ RunTime:0.0009s ]
SQL: SHOW COLUMNS FROM `sml_assets` [ RunTime:0.0119s ]
SQL: SELECT COUNT(*) AS tp_count FROM `sml_assets` WHERE ( isdel=0 ) LIMIT 1   [ RunTime:0.0008s ]
SQL: SELECT * FROM `sml_assets` ORDER BY id desc LIMIT 0,12   [ RunTime:0.0010s ]
INFO: [ view_parse ] --START--
INFO: [ template_filter ] --START--
INFO: Run Behavior\ContentReplaceBehavior [ RunTime:0.000291s ]
INFO: [ template_filter ] --END-- [ RunTime:0.000428s ]
INFO: Run Behavior\ParseTemplateBehavior [ RunTime:0.038984s ]
INFO: [ view_parse ] --END-- [ RunTime:0.039233s ]
INFO: [ view_filter ] --START--
INFO: Run Behavior\WriteHtmlCacheBehavior [ RunTime:0.000853s ]
INFO: [ view_filter ] --END-- [ RunTime:0.000993s ]
INFO: [ app_end ] --START--
INFO: Run Behavior\ShowPageTraceBehavior [ RunTime:0.001866s ]
INFO: [ app_end ] --END-- [ RunTime:0.002026s ]

[ 2017-01-28T13:20:40+08:00 ] 127.0.0.1 /smile/indin.php/Admin/visit
INFO: [ app_init ] --START--
INFO: Run Behavior\BuildLiteBehavior [ RunTime:0.000036s ]
INFO: [ app_init ] --END-- [ RunTime:0.001260s ]
INFO: [ app_begin ] --START--
INFO: Run Behavior\ReadHtmlCacheBehavior [ RunTime:0.002383s ]
INFO: [ app_begin ] --END-- [ RunTime:0.002560s ]
SQL: SHOW COLUMNS FROM `sml_users_sign` [ RunTime:0.0094s ]
SQL: SELECT `sign_day` FROM `sml_users_sign` WHERE ( sign_uid=1001 AND sign_mon=201701 ) LIMIT 1   [ RunTime:0.0008s ]
SQL: SHOW COLUMNS FROM `sml_action` [ RunTime:0.0093s ]
SQL: SELECT `id` FROM `sml_action` WHERE ( url='Admin/visit' ) LIMIT 1   [ RunTime:0.0007s ]
SQL: SHOW COLUMNS FROM `sml_group` [ RunTime:0.0091s ]
SQL: SELECT `rules` FROM `sml_group` WHERE ( id=1 ) LIMIT 1   [ RunTime:0.0007s ]
SQL: SHOW COLUMNS FROM `sml_areas` [ RunTime:0.0088s ]
SQL: SELECT * FROM `sml_areas` WHERE ( pid=0 )  [ RunTime:0.0068s ]
SQL: SHOW COLUMNS FROM `sml_setup` [ RunTime:0.0099s ]
SQL: SELECT * FROM `sml_setup` WHERE ( id=1 ) LIMIT 1   [ RunTime:0.0008s ]
SQL: SHOW COLUMNS FROM `sml_cate` [ RunTime:0.0098s ]
SQL: SELECT * FROM `sml_cate` WHERE ( isdel=0 )  [ RunTime:0.0008s ]
SQL: SHOW COLUMNS FROM `sml_news` [ RunTime:0.0082s ]
SQL: SELECT * FROM `sml_news` WHERE ( isread = 0 )  [ RunTime:0.0010s ]
SQL: SELECT COUNT(*) AS tp_count FROM `sml_news` WHERE ( isread = 0 ) LIMIT 1   [ RunTime:0.0008s ]
SQL: SHOW COLUMNS FROM `sml_visit` [ RunTime:0.0095s ]
SQL: SELECT COUNT(*) AS tp_count FROM `sml_visit` LIMIT 1   [ RunTime:0.0245s ]
SQL: SELECT * FROM `sml_visit` LIMIT 0,15   [ RunTime:0.0010s ]
INFO: [ view_parse ] --START--
INFO: [ template_filter ] --START--
INFO: Run Behavior\ContentReplaceBehavior [ RunTime:0.000165s ]
INFO: [ template_filter ] --END-- [ RunTime:0.000297s ]
INFO: Run Behavior\ParseTemplateBehavior [ RunTime:0.077894s ]
INFO: [ view_parse ] --END-- [ RunTime:0.078065s ]
INFO: [ view_filter ] --START--
INFO: Run Behavior\WriteHtmlCacheBehavior [ RunTime:0.002693s ]
INFO: [ view_filter ] --END-- [ RunTime:0.002848s ]
INFO: [ app_end ] --START--
INFO: Run Behavior\ShowPageTraceBehavior [ RunTime:0.002396s ]
INFO: [ app_end ] --END-- [ RunTime:0.002555s ]

[ 2017-01-28T13:20:47+08:00 ] 127.0.0.1 /smile/indin.php?m=Hmin&c=Admin&a=visit
INFO: [ app_init ] --START--
INFO: Run Behavior\BuildLiteBehavior [ RunTime:0.000033s ]
INFO: [ app_init ] --END-- [ RunTime:0.001128s ]
INFO: [ app_begin ] --START--
INFO: Run Behavior\ReadHtmlCacheBehavior [ RunTime:0.002631s ]
INFO: [ app_begin ] --END-- [ RunTime:0.002828s ]
SQL: SHOW COLUMNS FROM `sml_users_sign` [ RunTime:0.0118s ]
SQL: SELECT `sign_day` FROM `sml_users_sign` WHERE ( sign_uid=1001 AND sign_mon=201701 ) LIMIT 1   [ RunTime:0.0007s ]
SQL: SHOW COLUMNS FROM `sml_action` [ RunTime:0.0110s ]
SQL: SELECT `id` FROM `sml_action` WHERE ( url='Admin/visit' ) LIMIT 1   [ RunTime:0.0007s ]
SQL: SHOW COLUMNS FROM `sml_group` [ RunTime:0.0095s ]
SQL: SELECT `rules` FROM `sml_group` WHERE ( id=1 ) LIMIT 1   [ RunTime:0.0008s ]
SQL: SHOW COLUMNS FROM `sml_areas` [ RunTime:0.0082s ]
SQL: SELECT * FROM `sml_areas` WHERE ( pid=0 )  [ RunTime:0.0073s ]
SQL: SHOW COLUMNS FROM `sml_setup` [ RunTime:0.0094s ]
SQL: SELECT * FROM `sml_setup` WHERE ( id=1 ) LIMIT 1   [ RunTime:0.0010s ]
SQL: SHOW COLUMNS FROM `sml_cate` [ RunTime:0.0093s ]
SQL: SELECT * FROM `sml_cate` WHERE ( isdel=0 )  [ RunTime:0.0010s ]
SQL: SHOW COLUMNS FROM `sml_news` [ RunTime:0.0094s ]
SQL: SELECT * FROM `sml_news` WHERE ( isread = 0 )  [ RunTime:0.0007s ]
SQL: SELECT COUNT(*) AS tp_count FROM `sml_news` WHERE ( isread = 0 ) LIMIT 1   [ RunTime:0.0006s ]
SQL: SHOW COLUMNS FROM `sml_visit` [ RunTime:0.0105s ]
SQL: SELECT * FROM `sml_visit` WHERE ( 1=1 AND 1=1 AND(1=1 AND 1=1) )  [ RunTime:0.0012s ]
INFO: [ view_parse ] --START--
INFO: [ template_filter ] --START--
INFO: Run Behavior\ContentReplaceBehavior [ RunTime:0.000155s ]
INFO: [ template_filter ] --END-- [ RunTime:0.000293s ]
NOTIC: [8] Undefined variable: page E:\xampp\htdocs\smile\Application\Runtime\Cache\Hmin\f5dce923cc5ceb363ce48f67b37ea159.php 第 60 行.
NOTIC: [8] Undefined variable: firstRow E:\xampp\htdocs\smile\Application\Runtime\Cache\Hmin\f5dce923cc5ceb363ce48f67b37ea159.php 第 64 行.
NOTIC: [8] Undefined variable: listRows E:\xampp\htdocs\smile\Application\Runtime\Cache\Hmin\f5dce923cc5ceb363ce48f67b37ea159.php 第 64 行.
NOTIC: [8] Undefined variable: count E:\xampp\htdocs\smile\Application\Runtime\Cache\Hmin\f5dce923cc5ceb363ce48f67b37ea159.php 第 64 行.
INFO: Run Behavior\ParseTemplateBehavior [ RunTime:0.029235s ]
INFO: [ view_parse ] --END-- [ RunTime:0.029400s ]
INFO: [ view_filter ] --START--
INFO: Run Behavior\WriteHtmlCacheBehavior [ RunTime:0.003186s ]
INFO: [ view_filter ] --END-- [ RunTime:0.003326s ]

[ 2017-01-28T13:20:50+08:00 ] 127.0.0.1 /smile/indin.php?m=Hmin&c=Admin&a=visit
INFO: [ app_init ] --START--
INFO: Run Behavior\BuildLiteBehavior [ RunTime:0.000035s ]
INFO: [ app_init ] --END-- [ RunTime:0.001220s ]
INFO: [ app_begin ] --START--
INFO: Run Behavior\ReadHtmlCacheBehavior [ RunTime:0.002270s ]
INFO: [ app_begin ] --END-- [ RunTime:0.002475s ]
SQL: SHOW COLUMNS FROM `sml_users_sign` [ RunTime:0.0108s ]
SQL: SELECT `sign_day` FROM `sml_users_sign` WHERE ( sign_uid=1001 AND sign_mon=201701 ) LIMIT 1   [ RunTime:0.0007s ]
SQL: SHOW COLUMNS FROM `sml_action` [ RunTime:0.0084s ]
SQL: SELECT `id` FROM `sml_action` WHERE ( url='Admin/visit' ) LIMIT 1   [ RunTime:0.0007s ]
SQL: SHOW COLUMNS FROM `sml_group` [ RunTime:0.0094s ]
SQL: SELECT `rules` FROM `sml_group` WHERE ( id=1 ) LIMIT 1   [ RunTime:0.0007s ]
SQL: SHOW COLUMNS FROM `sml_areas` [ RunTime:0.0097s ]
SQL: SELECT * FROM `sml_areas` WHERE ( pid=0 )  [ RunTime:0.0068s ]
SQL: SHOW COLUMNS FROM `sml_setup` [ RunTime:0.0101s ]
SQL: SELECT * FROM `sml_setup` WHERE ( id=1 ) LIMIT 1   [ RunTime:0.0007s ]
SQL: SHOW COLUMNS FROM `sml_cate` [ RunTime:0.0088s ]
SQL: SELECT * FROM `sml_cate` WHERE ( isdel=0 )  [ RunTime:0.0009s ]
SQL: SHOW COLUMNS FROM `sml_news` [ RunTime:0.0108s ]
SQL: SELECT * FROM `sml_news` WHERE ( isread = 0 )  [ RunTime:0.0007s ]
SQL: SELECT COUNT(*) AS tp_count FROM `sml_news` WHERE ( isread = 0 ) LIMIT 1   [ RunTime:0.0007s ]
SQL: SHOW COLUMNS FROM `sml_visit` [ RunTime:0.0090s ]
SQL: SELECT * FROM `sml_visit` WHERE ( 1=1 AND 1=1 AND(1=1 AND 1=1) )  [ RunTime:0.0011s ]
INFO: [ view_parse ] --START--
INFO: [ template_filter ] --START--
INFO: Run Behavior\ContentReplaceBehavior [ RunTime:0.000165s ]
INFO: [ template_filter ] --END-- [ RunTime:0.000317s ]
NOTIC: [8] Undefined variable: page E:\xampp\htdocs\smile\Application\Runtime\Cache\Hmin\f5dce923cc5ceb363ce48f67b37ea159.php 第 60 行.
NOTIC: [8] Undefined variable: firstRow E:\xampp\htdocs\smile\Application\Runtime\Cache\Hmin\f5dce923cc5ceb363ce48f67b37ea159.php 第 64 行.
NOTIC: [8] Undefined variable: listRows E:\xampp\htdocs\smile\Application\Runtime\Cache\Hmin\f5dce923cc5ceb363ce48f67b37ea159.php 第 64 行.
NOTIC: [8] Undefined variable: count E:\xampp\htdocs\smile\Application\Runtime\Cache\Hmin\f5dce923cc5ceb363ce48f67b37ea159.php 第 64 行.
INFO: Run Behavior\ParseTemplateBehavior [ RunTime:0.032666s ]
INFO: [ view_parse ] --END-- [ RunTime:0.032828s ]
INFO: [ view_filter ] --START--
INFO: Run Behavior\WriteHtmlCacheBehavior [ RunTime:0.002653s ]
INFO: [ view_filter ] --END-- [ RunTime:0.002797s ]

