[ 2017-01-31T12:40:02+08:00 ] 127.0.0.1 /smile/indin.php
INFO: [ app_init ] --START--
INFO: Run Behavior\BuildLiteBehavior [ RunTime:0.000035s ]
INFO: [ app_init ] --END-- [ RunTime:0.001171s ]
INFO: [ app_begin ] --START--
INFO: Run Behavior\ReadHtmlCacheBehavior [ RunTime:0.003275s ]
INFO: [ app_begin ] --END-- [ RunTime:0.003456s ]
SQL: SHOW COLUMNS FROM `sml_action` [ RunTime:0.0775s ]
SQL: SELECT `name` FROM `sml_action` WHERE ( public='log' ) LIMIT 1   [ RunTime:0.0071s ]
INFO: [ view_parse ] --START--
INFO: [ template_filter ] --START--
INFO: Run Behavior\ContentReplaceBehavior [ RunTime:0.000133s ]
INFO: [ template_filter ] --END-- [ RunTime:0.000281s ]
INFO: Run Behavior\ParseTemplateBehavior [ RunTime:0.049405s ]
INFO: [ view_parse ] --END-- [ RunTime:0.049568s ]
INFO: [ view_filter ] --START--
INFO: Run Behavior\WriteHtmlCacheBehavior [ RunTime:0.002378s ]
INFO: [ view_filter ] --END-- [ RunTime:0.002501s ]
INFO: [ app_end ] --START--
INFO: Run Behavior\ShowPageTraceBehavior [ RunTime:0.002441s ]
INFO: [ app_end ] --END-- [ RunTime:0.002707s ]

[ 2017-01-31T12:40:03+08:00 ] 127.0.0.1 /smile/indin.php?m=Hmin&c=Index&a=getVerify
INFO: [ app_init ] --START--
INFO: Run Behavior\BuildLiteBehavior [ RunTime:0.000036s ]
INFO: [ app_init ] --END-- [ RunTime:0.001278s ]
INFO: [ app_begin ] --START--
INFO: Run Behavior\ReadHtmlCacheBehavior [ RunTime:0.003062s ]
INFO: [ app_begin ] --END-- [ RunTime:0.003300s ]
INFO: [ app_end ] --START--
INFO: Run Behavior\ShowPageTraceBehavior [ RunTime:0.002387s ]
INFO: [ app_end ] --END-- [ RunTime:0.002577s ]

[ 2017-01-31T12:40:03+08:00 ] 127.0.0.1 /smile/indin.php?m=Hmin&c=Index&a=getVerify&random=0.4867009495946967
INFO: [ app_init ] --START--
INFO: Run Behavior\BuildLiteBehavior [ RunTime:0.000035s ]
INFO: [ app_init ] --END-- [ RunTime:0.001261s ]
INFO: [ app_begin ] --START--
INFO: Run Behavior\ReadHtmlCacheBehavior [ RunTime:0.006205s ]
INFO: [ app_begin ] --END-- [ RunTime:0.006424s ]
INFO: [ app_end ] --START--
INFO: Run Behavior\ShowPageTraceBehavior [ RunTime:0.002734s ]
INFO: [ app_end ] --END-- [ RunTime:0.002927s ]

[ 2017-01-31T12:40:23+08:00 ] 127.0.0.1 /smile/indin.php?m=Hmin&c=Index&a=logindo
INFO: [ app_init ] --START--
INFO: Run Behavior\BuildLiteBehavior [ RunTime:0.000037s ]
INFO: [ app_init ] --END-- [ RunTime:0.001237s ]
INFO: [ app_begin ] --START--
INFO: Run Behavior\ReadHtmlCacheBehavior [ RunTime:0.002742s ]
INFO: [ app_begin ] --END-- [ RunTime:0.002921s ]
SQL: SHOW COLUMNS FROM `sml_users` [ RunTime:0.0110s ]
SQL: SELECT * FROM `sml_users` WHERE ( (tel='963249783' OR qq='963249783') AND password='4b8af08e011c961d9e86a11ab12b673f' ) LIMIT 1   [ RunTime:0.0011s ]
INFO: [ app_end ] --START--
INFO: Run Behavior\ShowPageTraceBehavior [ RunTime:0.002382s ]
INFO: [ app_end ] --END-- [ RunTime:0.002543s ]

[ 2017-01-31T12:40:23+08:00 ] 127.0.0.1 /smile/indin.php?m=Hmin&c=Index&a=getVerify&random=0.4867009495946967&random=0.9982701960672669
INFO: [ app_init ] --START--
INFO: Run Behavior\BuildLiteBehavior [ RunTime:0.000036s ]
INFO: [ app_init ] --END-- [ RunTime:0.001431s ]
INFO: [ app_begin ] --START--
INFO: Run Behavior\ReadHtmlCacheBehavior [ RunTime:0.002523s ]
INFO: [ app_begin ] --END-- [ RunTime:0.002708s ]
INFO: [ app_end ] --START--
INFO: Run Behavior\ShowPageTraceBehavior [ RunTime:0.004366s ]
INFO: [ app_end ] --END-- [ RunTime:0.004559s ]

[ 2017-01-31T12:40:50+08:00 ] 127.0.0.1 /smile/indin.php?m=Hmin&c=Index&a=logindo
INFO: [ app_init ] --START--
INFO: Run Behavior\BuildLiteBehavior [ RunTime:0.000038s ]
INFO: [ app_init ] --END-- [ RunTime:0.001292s ]
INFO: [ app_begin ] --START--
INFO: Run Behavior\ReadHtmlCacheBehavior [ RunTime:0.004387s ]
INFO: [ app_begin ] --END-- [ RunTime:0.004568s ]

[ 2017-01-31T12:40:50+08:00 ] 127.0.0.1 /smile/indin.php?m=Hmin&c=Index&a=getVerify&random=0.4867009495946967&random=0.9982701960672669&random=0.5647810751707155
INFO: [ app_init ] --START--
INFO: Run Behavior\BuildLiteBehavior [ RunTime:0.000038s ]
INFO: [ app_init ] --END-- [ RunTime:0.001389s ]
INFO: [ app_begin ] --START--
INFO: Run Behavior\ReadHtmlCacheBehavior [ RunTime:0.004065s ]
INFO: [ app_begin ] --END-- [ RunTime:0.004814s ]
INFO: [ app_end ] --START--
INFO: Run Behavior\ShowPageTraceBehavior [ RunTime:0.002620s ]
INFO: [ app_end ] --END-- [ RunTime:0.002813s ]

[ 2017-01-31T12:40:53+08:00 ] 127.0.0.1 /smile/indin.php?m=Hmin&c=Index&a=getVerify&random=0.4867009495946967&random=0.9982701960672669&random=0.5647810751707155&random=0.6854386409930062
INFO: [ app_init ] --START--
INFO: Run Behavior\BuildLiteBehavior [ RunTime:0.000037s ]
INFO: [ app_init ] --END-- [ RunTime:0.001297s ]
INFO: [ app_begin ] --START--
INFO: Run Behavior\ReadHtmlCacheBehavior [ RunTime:0.003184s ]
INFO: [ app_begin ] --END-- [ RunTime:0.003374s ]
INFO: [ app_end ] --START--
INFO: Run Behavior\ShowPageTraceBehavior [ RunTime:0.002655s ]
INFO: [ app_end ] --END-- [ RunTime:0.002827s ]

[ 2017-01-31T12:40:58+08:00 ] 127.0.0.1 /smile/indin.php?m=Hmin&c=Index&a=logindo
INFO: [ app_init ] --START--
INFO: Run Behavior\BuildLiteBehavior [ RunTime:0.000037s ]
INFO: [ app_init ] --END-- [ RunTime:0.001344s ]
INFO: [ app_begin ] --START--
INFO: Run Behavior\ReadHtmlCacheBehavior [ RunTime:0.002651s ]
INFO: [ app_begin ] --END-- [ RunTime:0.002821s ]
SQL: SHOW COLUMNS FROM `sml_users` [ RunTime:0.0134s ]
SQL: SELECT * FROM `sml_users` WHERE ( (tel='15827474907' OR qq='15827474907') AND password='4b8af08e011c961d9e86a11ab12b673f' ) LIMIT 1   [ RunTime:0.0009s ]
INFO: [ app_end ] --START--
INFO: Run Behavior\ShowPageTraceBehavior [ RunTime:0.003541s ]
INFO: [ app_end ] --END-- [ RunTime:0.003689s ]

[ 2017-01-31T12:40:58+08:00 ] 127.0.0.1 /smile/indin.php?m=Hmin&c=Index&a=getVerify&random=0.4867009495946967&random=0.9982701960672669&random=0.5647810751707155&random=0.6854386409930062&random=0.8444351744767082
INFO: [ app_init ] --START--
INFO: Run Behavior\BuildLiteBehavior [ RunTime:0.000037s ]
INFO: [ app_init ] --END-- [ RunTime:0.001375s ]
INFO: [ app_begin ] --START--
INFO: Run Behavior\ReadHtmlCacheBehavior [ RunTime:0.002782s ]
INFO: [ app_begin ] --END-- [ RunTime:0.003014s ]
INFO: [ app_end ] --START--
INFO: Run Behavior\ShowPageTraceBehavior [ RunTime:0.002603s ]
INFO: [ app_end ] --END-- [ RunTime:0.002776s ]

[ 2017-01-31T12:41:15+08:00 ] 127.0.0.1 /smile/indin.php?m=Hmin&c=Index&a=logindo
INFO: [ app_init ] --START--
INFO: Run Behavior\BuildLiteBehavior [ RunTime:0.000040s ]
INFO: [ app_init ] --END-- [ RunTime:0.001600s ]
INFO: [ app_begin ] --START--
INFO: Run Behavior\ReadHtmlCacheBehavior [ RunTime:0.004266s ]
INFO: [ app_begin ] --END-- [ RunTime:0.004443s ]
SQL: SHOW COLUMNS FROM `sml_users` [ RunTime:0.0128s ]
SQL: SELECT * FROM `sml_users` WHERE ( (tel='13886247474' OR qq='13886247474') AND password='466d4a1803d3b263c3ce8d0cbe808566' ) LIMIT 1   [ RunTime:0.0010s ]
SQL: SHOW COLUMNS FROM `sml_group` [ RunTime:0.0581s ]
SQL: SELECT `title` FROM `sml_group` WHERE ( id=1 ) LIMIT 1   [ RunTime:0.0008s ]
SQL: SHOW COLUMNS FROM `sml_users_sign` [ RunTime:0.0523s ]
SQL: SELECT `sign_score` FROM `sml_users_sign` WHERE ( id=1003 AND sign_mon=201701 ) LIMIT 1   [ RunTime:0.0009s ]
SQL: UPDATE `sml_users` SET `ip`='127.0.0.1' WHERE ( id=1003 ) [ RunTime:0.1197s ]
SQL: UPDATE `sml_users` SET `lastdate`='2017-01-31 12:41:14' WHERE ( id=1003 ) [ RunTime:0.0661s ]
SQL: SHOW COLUMNS FROM `sml_log_logins` [ RunTime:0.0341s ]
SQL: INSERT INTO `sml_log_logins` (`loginip`,`logintime`,`userid`) VALUES ('127.0.0.1','2017-01-31 12:41:14','1003') [ RunTime:0.0864s ]
SQL: select version() as ver [ RunTime:0.0007s ]
SQL: SHOW TABLE STATUS FROM smile LIKE 'sml_%' [ RunTime:0.9427s ]
INFO: [ app_end ] --START--
INFO: Run Behavior\ShowPageTraceBehavior [ RunTime:0.003900s ]
INFO: [ app_end ] --END-- [ RunTime:0.004064s ]

[ 2017-01-31T12:41:18+08:00 ] 127.0.0.1 /smile/indin.php?m=Hmin&c=Admin&a=index
INFO: [ app_init ] --START--
INFO: Run Behavior\BuildLiteBehavior [ RunTime:0.000038s ]
INFO: [ app_init ] --END-- [ RunTime:0.001576s ]
INFO: [ app_begin ] --START--
INFO: Run Behavior\ReadHtmlCacheBehavior [ RunTime:0.002373s ]
INFO: [ app_begin ] --END-- [ RunTime:0.002557s ]
SQL: SHOW COLUMNS FROM `sml_users_sign` [ RunTime:0.0130s ]
SQL: SELECT `sign_day` FROM `sml_users_sign` WHERE ( sign_uid=1003 AND sign_mon=201701 ) LIMIT 1   [ RunTime:0.0010s ]
SQL: SHOW COLUMNS FROM `sml_action` [ RunTime:0.0122s ]
SQL: SELECT `id` FROM `sml_action` WHERE ( url='Admin/index' ) LIMIT 1   [ RunTime:0.0010s ]
SQL: SHOW COLUMNS FROM `sml_group` [ RunTime:0.0101s ]
SQL: SELECT `rules` FROM `sml_group` WHERE ( id=1 ) LIMIT 1   [ RunTime:0.0010s ]
SQL: SHOW COLUMNS FROM `sml_areas` [ RunTime:0.0121s ]
SQL: SELECT * FROM `sml_areas` WHERE ( pid=0 )  [ RunTime:0.0394s ]
SQL: SHOW COLUMNS FROM `sml_setup` [ RunTime:0.0109s ]
SQL: SELECT * FROM `sml_setup` WHERE ( id=1 ) LIMIT 1   [ RunTime:0.0018s ]
SQL: SHOW COLUMNS FROM `sml_cate` [ RunTime:0.0104s ]
SQL: SELECT * FROM `sml_cate` WHERE ( isdel=0 )  [ RunTime:0.0104s ]
SQL: SHOW COLUMNS FROM `sml_news` [ RunTime:0.0096s ]
SQL: SELECT * FROM `sml_news` WHERE ( isread = 0 )  [ RunTime:0.0357s ]
SQL: SELECT COUNT(*) AS tp_count FROM `sml_news` WHERE ( isread = 0 ) LIMIT 1   [ RunTime:0.0008s ]
SQL: SELECT * FROM `sml_action` WHERE ( isdel=0 AND public='0' ) ORDER BY sort asc  [ RunTime:0.0024s ]
SQL: SELECT `name` FROM `sml_action` WHERE ( public='main' ) LIMIT 1   [ RunTime:0.0007s ]
INFO: [ view_parse ] --START--
INFO: [ template_filter ] --START--
INFO: Run Behavior\ContentReplaceBehavior [ RunTime:0.000269s ]
INFO: [ template_filter ] --END-- [ RunTime:0.000411s ]
NOTIC: [8] Undefined variable: Sis E:\xampp\htdocs\smile\Application\Runtime\Cache\Hmin\98b26f1438958b5703a522529ece4894.php 第 102 行.
INFO: Run Behavior\ParseTemplateBehavior [ RunTime:0.096120s ]
INFO: [ view_parse ] --END-- [ RunTime:0.096292s ]
INFO: [ view_filter ] --START--
INFO: Run Behavior\WriteHtmlCacheBehavior [ RunTime:0.001953s ]
INFO: [ view_filter ] --END-- [ RunTime:0.002078s ]
INFO: [ app_end ] --START--
INFO: Run Behavior\ShowPageTraceBehavior [ RunTime:0.002265s ]
INFO: [ app_end ] --END-- [ RunTime:0.002429s ]

[ 2017-01-31T12:41:18+08:00 ] 127.0.0.1 /smile/indin.php?m=Hmin&c=Admin&a=index
INFO: [ app_init ] --START--
INFO: Run Behavior\BuildLiteBehavior [ RunTime:0.000039s ]
INFO: [ app_init ] --END-- [ RunTime:0.001378s ]
INFO: [ app_begin ] --START--
INFO: Run Behavior\ReadHtmlCacheBehavior [ RunTime:0.001239s ]
INFO: [ app_begin ] --END-- [ RunTime:0.001394s ]
NOTIC: [8] Undefined index: SML_USER E:\xampp\htdocs\smile\Application\Hmin\Controller\SmileController.class.php 第 7 行.

[ 2017-01-31T12:41:18+08:00 ] 127.0.0.1 /smile/indin.php?m=Hmin&c=Admin&a=home
INFO: [ app_init ] --START--
INFO: Run Behavior\BuildLiteBehavior [ RunTime:0.000038s ]
INFO: [ app_init ] --END-- [ RunTime:0.001388s ]
INFO: [ app_begin ] --START--
INFO: Run Behavior\ReadHtmlCacheBehavior [ RunTime:0.004137s ]
INFO: [ app_begin ] --END-- [ RunTime:0.004360s ]
SQL: SHOW COLUMNS FROM `sml_users_sign` [ RunTime:0.0092s ]
SQL: SELECT `sign_day` FROM `sml_users_sign` WHERE ( sign_uid=1003 AND sign_mon=201701 ) LIMIT 1   [ RunTime:0.0008s ]
SQL: SHOW COLUMNS FROM `sml_action` [ RunTime:0.0118s ]
SQL: SELECT `id` FROM `sml_action` WHERE ( url='Admin/home' ) LIMIT 1   [ RunTime:0.0014s ]
SQL: SHOW COLUMNS FROM `sml_group` [ RunTime:0.0093s ]
SQL: SELECT `rules` FROM `sml_group` WHERE ( id=1 ) LIMIT 1   [ RunTime:0.0008s ]
SQL: SHOW COLUMNS FROM `sml_areas` [ RunTime:0.0098s ]
SQL: SELECT * FROM `sml_areas` WHERE ( pid=0 )  [ RunTime:0.0104s ]
SQL: SHOW COLUMNS FROM `sml_setup` [ RunTime:0.0104s ]
SQL: SELECT * FROM `sml_setup` WHERE ( id=1 ) LIMIT 1   [ RunTime:0.0009s ]
SQL: SHOW COLUMNS FROM `sml_cate` [ RunTime:0.0119s ]
SQL: SELECT * FROM `sml_cate` WHERE ( isdel=0 )  [ RunTime:0.0009s ]
SQL: SHOW COLUMNS FROM `sml_news` [ RunTime:0.0111s ]
SQL: SELECT * FROM `sml_news` WHERE ( isread = 0 )  [ RunTime:0.0007s ]
SQL: SELECT COUNT(*) AS tp_count FROM `sml_news` WHERE ( isread = 0 ) LIMIT 1   [ RunTime:0.0007s ]
SQL: SHOW COLUMNS FROM `sml_assets` [ RunTime:0.0115s ]
SQL: SELECT COUNT(*) AS tp_count FROM `sml_assets` WHERE ( isdel=0 ) LIMIT 1   [ RunTime:0.0214s ]
SQL: SELECT * FROM `sml_assets` ORDER BY id desc LIMIT 0,12   [ RunTime:0.0009s ]
INFO: [ view_parse ] --START--
INFO: [ template_filter ] --START--
INFO: Run Behavior\ContentReplaceBehavior [ RunTime:0.000302s ]
INFO: [ template_filter ] --END-- [ RunTime:0.000457s ]
INFO: Run Behavior\ParseTemplateBehavior [ RunTime:0.126196s ]
INFO: [ view_parse ] --END-- [ RunTime:0.126349s ]
INFO: [ view_filter ] --START--
INFO: Run Behavior\WriteHtmlCacheBehavior [ RunTime:0.001800s ]
INFO: [ view_filter ] --END-- [ RunTime:0.001928s ]
INFO: [ app_end ] --START--
INFO: Run Behavior\ShowPageTraceBehavior [ RunTime:0.002688s ]
INFO: [ app_end ] --END-- [ RunTime:0.002845s ]

[ 2017-01-31T12:41:23+08:00 ] 127.0.0.1 /smile/indin.php?m=Hmin&c=Infor&a=toFontIcon
INFO: [ app_init ] --START--
INFO: Run Behavior\BuildLiteBehavior [ RunTime:0.000069s ]
INFO: [ app_init ] --END-- [ RunTime:0.001611s ]
INFO: [ app_begin ] --START--
INFO: Run Behavior\ReadHtmlCacheBehavior [ RunTime:0.003115s ]
INFO: [ app_begin ] --END-- [ RunTime:0.003302s ]
SQL: SHOW COLUMNS FROM `sml_users_sign` [ RunTime:0.0095s ]
SQL: SELECT `sign_day` FROM `sml_users_sign` WHERE ( sign_uid=1003 AND sign_mon=201701 ) LIMIT 1   [ RunTime:0.0009s ]
SQL: SHOW COLUMNS FROM `sml_action` [ RunTime:0.0099s ]
SQL: SELECT `id` FROM `sml_action` WHERE ( url='Infor/toFontIcon' ) LIMIT 1   [ RunTime:0.0011s ]
SQL: SHOW COLUMNS FROM `sml_group` [ RunTime:0.0098s ]
SQL: SELECT `rules` FROM `sml_group` WHERE ( id=1 ) LIMIT 1   [ RunTime:0.0007s ]
SQL: SHOW COLUMNS FROM `sml_areas` [ RunTime:0.0108s ]
SQL: SELECT * FROM `sml_areas` WHERE ( pid=0 )  [ RunTime:0.0071s ]
SQL: SHOW COLUMNS FROM `sml_setup` [ RunTime:0.0295s ]
SQL: SELECT * FROM `sml_setup` WHERE ( id=1 ) LIMIT 1   [ RunTime:0.0010s ]
SQL: SHOW COLUMNS FROM `sml_cate` [ RunTime:0.0098s ]
SQL: SELECT * FROM `sml_cate` WHERE ( isdel=0 )  [ RunTime:0.0250s ]
SQL: SHOW COLUMNS FROM `sml_news` [ RunTime:0.0093s ]
SQL: SELECT * FROM `sml_news` WHERE ( isread = 0 )  [ RunTime:0.0010s ]
SQL: SELECT COUNT(*) AS tp_count FROM `sml_news` WHERE ( isread = 0 ) LIMIT 1   [ RunTime:0.0009s ]

[ 2017-01-31T12:41:27+08:00 ] 127.0.0.1 /smile/indin.php?m=Hmin&c=Infor&a=toFontFa
INFO: [ app_init ] --START--
INFO: Run Behavior\BuildLiteBehavior [ RunTime:0.000038s ]
INFO: [ app_init ] --END-- [ RunTime:0.001507s ]
INFO: [ app_begin ] --START--
INFO: Run Behavior\ReadHtmlCacheBehavior [ RunTime:0.003562s ]
INFO: [ app_begin ] --END-- [ RunTime:0.003830s ]
SQL: SHOW COLUMNS FROM `sml_users_sign` [ RunTime:0.0162s ]
SQL: SELECT `sign_day` FROM `sml_users_sign` WHERE ( sign_uid=1003 AND sign_mon=201701 ) LIMIT 1   [ RunTime:0.0009s ]
SQL: SHOW COLUMNS FROM `sml_action` [ RunTime:0.0095s ]
SQL: SELECT `id` FROM `sml_action` WHERE ( url='Infor/toFontFa' ) LIMIT 1   [ RunTime:0.0012s ]
SQL: SHOW COLUMNS FROM `sml_group` [ RunTime:0.0102s ]
SQL: SELECT `rules` FROM `sml_group` WHERE ( id=1 ) LIMIT 1   [ RunTime:0.0007s ]
SQL: SHOW COLUMNS FROM `sml_areas` [ RunTime:0.0111s ]
SQL: SELECT * FROM `sml_areas` WHERE ( pid=0 )  [ RunTime:0.0069s ]
SQL: SHOW COLUMNS FROM `sml_setup` [ RunTime:0.0111s ]
SQL: SELECT * FROM `sml_setup` WHERE ( id=1 ) LIMIT 1   [ RunTime:0.0007s ]
SQL: SHOW COLUMNS FROM `sml_cate` [ RunTime:0.0108s ]
SQL: SELECT * FROM `sml_cate` WHERE ( isdel=0 )  [ RunTime:0.0009s ]
SQL: SHOW COLUMNS FROM `sml_news` [ RunTime:0.0122s ]
SQL: SELECT * FROM `sml_news` WHERE ( isread = 0 )  [ RunTime:0.0008s ]
SQL: SELECT COUNT(*) AS tp_count FROM `sml_news` WHERE ( isread = 0 ) LIMIT 1   [ RunTime:0.0008s ]
INFO: [ view_parse ] --START--
INFO: [ template_filter ] --START--
INFO: Run Behavior\ContentReplaceBehavior [ RunTime:0.000891s ]
INFO: [ template_filter ] --END-- [ RunTime:0.001068s ]
INFO: Run Behavior\ParseTemplateBehavior [ RunTime:0.087028s ]
INFO: [ view_parse ] --END-- [ RunTime:0.087282s ]
INFO: [ view_filter ] --START--
INFO: Run Behavior\WriteHtmlCacheBehavior [ RunTime:0.001911s ]
INFO: [ view_filter ] --END-- [ RunTime:0.002059s ]
INFO: [ app_end ] --START--
INFO: Run Behavior\ShowPageTraceBehavior [ RunTime:0.003394s ]
INFO: [ app_end ] --END-- [ RunTime:0.003669s ]

